#
# There is insufficient memory for the Java Runtime Environment to continue.
# Native memory allocation (malloc) failed to allocate 100176 bytes for Chunk::new
# Possible reasons:
#   The system is out of physical RAM or swap space
#   The process is running with CompressedOops enabled, and the Java Heap may be blocking the growth of the native heap
# Possible solutions:
#   Reduce memory load on the system
#   Increase physical memory or swap space
#   Check if swap backing store is full
#   Decrease Java heap size (-Xmx/-Xms)
#   Decrease number of Java threads
#   Decrease Java thread stack sizes (-Xss)
#   Set larger code cache with -XX:ReservedCodeCacheSize=
#   JVM is running with Unscaled Compressed Oops mode in which the Java heap is
#     placed in the first 4GB address space. The Java Heap base address is the
#     maximum limit for the native heap growth. Please use -XX:HeapBaseMinAddress
#     to set the Java Heap base and to place the Java Heap above 4GB virtual address.
# This output file may be truncated or incomplete.
#
#  Out of Memory Error (./src/hotspot/share/memory/arena.cpp:197), pid=11712, tid=11860
#
# JRE version: OpenJDK Runtime Environment (11.0.10) (build 11.0.10+0-b96-7249189)
# Java VM: OpenJDK 64-Bit Server VM (11.0.10+0-b96-7249189, mixed mode, tiered, compressed oops, g1 gc, windows-amd64)
# No core dump will be written. Minidumps are not enabled by default on client versions of Windows
#

---------------  S U M M A R Y ------------

Command Line: --add-opens=java.base/java.util=ALL-UNNAMED --add-opens=java.base/java.lang=ALL-UNNAMED --add-opens=java.base/java.lang.invoke=ALL-UNNAMED --add-opens=java.base/java.util=ALL-UNNAMED --add-opens=java.prefs/java.util.prefs=ALL-UNNAMED --add-opens=java.prefs/java.util.prefs=ALL-UNNAMED --add-opens=java.base/java.nio.charset=ALL-UNNAMED --add-opens=java.base/java.net=ALL-UNNAMED --add-opens=java.base/java.util.concurrent.atomic=ALL-UNNAMED -Xmx1536m -Dfile.encoding=windows-1252 -Duser.country=US -Duser.language=en -Duser.variant org.gradle.launcher.daemon.bootstrap.GradleDaemon 7.0.2

Host: Intel(R) Core(TM) i7-8750H CPU @ 2.20GHz, 12 cores, 15G,  Windows 10 , 64 bit Build 19041 (10.0.19041.1151)
Time: Wed Aug 25 17:54:21 2021 Turkey Standard Time elapsed time: 134.108186 seconds (0d 0h 2m 14s)

---------------  T H R E A D  ---------------

Current thread (0x000002236c55c000):  JavaThread "C2 CompilerThread0" daemon [_thread_in_native, id=11860, stack(0x000000c126f00000,0x000000c127000000)]


Current CompileTask:
C2: 134108 17955       4       java.util.zip.ZipFile$Source::getEntryPos (206 bytes)

Stack: [0x000000c126f00000,0x000000c127000000]
Native frames: (J=compiled Java code, j=interpreted, Vv=VM code, C=native code)
V  [jvm.dll+0x5ecfaa]
V  [jvm.dll+0x722bd5]
V  [jvm.dll+0x72412d]
V  [jvm.dll+0x7247e3]
V  [jvm.dll+0x242928]
V  [jvm.dll+0xbc4fc]
V  [jvm.dll+0xbca0c]
V  [jvm.dll+0x352d7d]
V  [jvm.dll+0x19800c]
V  [jvm.dll+0x1fb70e]
V  [jvm.dll+0x1fa7f4]
V  [jvm.dll+0x18354c]
V  [jvm.dll+0x208ee7]
V  [jvm.dll+0x207731]
V  [jvm.dll+0x6eb1cf]
V  [jvm.dll+0x6e3d45]
V  [jvm.dll+0x5ebe96]
C  [ucrtbase.dll+0x21bb2]
C  [KERNEL32.DLL+0x17034]
C  [ntdll.dll+0x52651]


---------------  P R O C E S S  ---------------

Threads class SMR info:
_java_thread_list=0x0000022374656040, length=58, elements={
0x00000223506dd800, 0x000002236c4f1000, 0x000002236c4fc000, 0x000002236c555800,
0x000002236c55a000, 0x000002236c55b000, 0x000002236c55c000, 0x000002236c55d000,
0x000002236c571800, 0x000002236c6cf800, 0x000002236e0e6000, 0x000002236c895800,
0x000002236e659800, 0x000002236e5de800, 0x000002236f03f000, 0x000002236ef01800,
0x000002236e69d800, 0x000002236f7dd000, 0x000002236e0ac800, 0x000002236e0ad800,
0x000002236e0ac000, 0x000002236e0a8800, 0x000002236e0ae000, 0x000002236e0af000,
0x000002236e0ab000, 0x000002236e0a9800, 0x000002236e0aa000, 0x000002236f64f800,
0x000002236f64e000, 0x000002236f64c800, 0x000002236f64d000, 0x000002236f64a000,
0x000002236f64f000, 0x000002236f650800, 0x000002236f64a800, 0x000002236f651800,
0x000002236f64b800, 0x000002236f653800, 0x000002236f654800, 0x000002236f657000,
0x000002236f655800, 0x000002236f658000, 0x0000022374569000, 0x000002237456a800,
0x000002237456b000, 0x000002237456c000, 0x000002237456d000, 0x000002237456d800,
0x0000022374569800, 0x0000022374568000, 0x0000022374570000, 0x000002237456f800,
0x0000022374574000, 0x0000022374572800, 0x0000022374571000, 0x000002237456e800,
0x0000022374571800, 0x00000223703be800
}

Java Threads: ( => current thread )
  0x00000223506dd800 JavaThread "main" [_thread_blocked, id=8200, stack(0x000000c126300000,0x000000c126400000)]
  0x000002236c4f1000 JavaThread "Reference Handler" daemon [_thread_blocked, id=19280, stack(0x000000c126a00000,0x000000c126b00000)]
  0x000002236c4fc000 JavaThread "Finalizer" daemon [_thread_blocked, id=2424, stack(0x000000c126b00000,0x000000c126c00000)]
  0x000002236c555800 JavaThread "Signal Dispatcher" daemon [_thread_blocked, id=17468, stack(0x000000c126c00000,0x000000c126d00000)]
  0x000002236c55a000 JavaThread "Attach Listener" daemon [_thread_blocked, id=19216, stack(0x000000c126d00000,0x000000c126e00000)]
  0x000002236c55b000 JavaThread "Service Thread" daemon [_thread_blocked, id=13128, stack(0x000000c126e00000,0x000000c126f00000)]
=>0x000002236c55c000 JavaThread "C2 CompilerThread0" daemon [_thread_in_native, id=11860, stack(0x000000c126f00000,0x000000c127000000)]
  0x000002236c55d000 JavaThread "C1 CompilerThread0" daemon [_thread_in_native, id=7508, stack(0x000000c127000000,0x000000c127100000)]
  0x000002236c571800 JavaThread "Sweeper thread" daemon [_thread_blocked, id=3748, stack(0x000000c127100000,0x000000c127200000)]
  0x000002236c6cf800 JavaThread "Common-Cleaner" daemon [_thread_blocked, id=10152, stack(0x000000c127200000,0x000000c127300000)]
  0x000002236e0e6000 JavaThread "Daemon health stats" [_thread_blocked, id=13076, stack(0x000000c127b00000,0x000000c127c00000)]
  0x000002236c895800 JavaThread "Incoming local TCP Connector on port 55010" [_thread_in_native, id=6728, stack(0x000000c127400000,0x000000c127500000)]
  0x000002236e659800 JavaThread "Daemon periodic checks" [_thread_blocked, id=17720, stack(0x000000c127a00000,0x000000c127b00000)]
  0x000002236e5de800 JavaThread "Daemon" [_thread_blocked, id=2484, stack(0x000000c127c00000,0x000000c127d00000)]
  0x000002236f03f000 JavaThread "Handler for socket connection from /127.0.0.1:55010 to /127.0.0.1:55011" [_thread_in_native, id=2664, stack(0x000000c127d00000,0x000000c127e00000)]
  0x000002236ef01800 JavaThread "Cancel handler" [_thread_blocked, id=6208, stack(0x000000c127e00000,0x000000c127f00000)]
  0x000002236e69d800 JavaThread "Daemon worker" [_thread_in_Java, id=20544, stack(0x000000c127f00000,0x000000c128000000)]
  0x000002236f7dd000 JavaThread "Asynchronous log dispatcher for DefaultDaemonConnection: socket connection from /127.0.0.1:55010 to /127.0.0.1:55011" [_thread_blocked, id=13860, stack(0x000000c128100000,0x000000c128200000)]
  0x000002236e0ac800 JavaThread "Daemon client event forwarder" [_thread_blocked, id=15400, stack(0x000000c128300000,0x000000c128400000)]
  0x000002236e0ad800 JavaThread "Cache worker for file hash cache (C:\Users\gorke\.gradle\caches\7.0.2\fileHashes)" [_thread_blocked, id=3524, stack(0x000000c128400000,0x000000c128500000)]
  0x000002236e0ac000 JavaThread "File lock request listener" [_thread_in_native, id=3688, stack(0x000000c128500000,0x000000c128600000)]
  0x000002236e0a8800 JavaThread "Cache worker for journal cache (C:\Users\gorke\.gradle\caches\journal-1)" [_thread_blocked, id=2116, stack(0x000000c128c00000,0x000000c128d00000)]
  0x000002236e0ae000 JavaThread "Cache worker for file hash cache (D:\Capstone\MyApp01\MyApp01\.gradle\7.0.2\fileHashes)" [_thread_blocked, id=12836, stack(0x000000c128d00000,0x000000c128e00000)]
  0x000002236e0af000 JavaThread "File watcher server" daemon [_thread_in_native, id=2568, stack(0x000000c128e00000,0x000000c128f00000)]
  0x000002236e0ab000 JavaThread "File watcher consumer" daemon [_thread_blocked, id=9636, stack(0x000000c128f00000,0x000000c129000000)]
  0x000002236e0a9800 JavaThread "jar transforms" [_thread_blocked, id=8512, stack(0x000000c128000000,0x000000c128100000)]
  0x000002236e0aa000 JavaThread "jar transforms Thread 2" [_thread_blocked, id=12536, stack(0x000000c129000000,0x000000c129100000)]
  0x000002236f64f800 JavaThread "jar transforms Thread 3" [_thread_blocked, id=1480, stack(0x000000c129100000,0x000000c129200000)]
  0x000002236f64e000 JavaThread "jar transforms Thread 4" [_thread_blocked, id=1988, stack(0x000000c129200000,0x000000c129300000)]
  0x000002236f64c800 JavaThread "jar transforms Thread 5" [_thread_blocked, id=20312, stack(0x000000c129300000,0x000000c129400000)]
  0x000002236f64d000 JavaThread "jar transforms Thread 6" [_thread_blocked, id=1528, stack(0x000000c129400000,0x000000c129500000)]
  0x000002236f64a000 JavaThread "jar transforms Thread 7" [_thread_blocked, id=14272, stack(0x000000c129500000,0x000000c129600000)]
  0x000002236f64f000 JavaThread "jar transforms Thread 8" [_thread_blocked, id=15148, stack(0x000000c129600000,0x000000c129700000)]
  0x000002236f650800 JavaThread "jar transforms Thread 9" [_thread_blocked, id=13536, stack(0x000000c129700000,0x000000c129800000)]
  0x000002236f64a800 JavaThread "jar transforms Thread 10" [_thread_blocked, id=19524, stack(0x000000c129800000,0x000000c129900000)]
  0x000002236f651800 JavaThread "jar transforms Thread 11" [_thread_blocked, id=17120, stack(0x000000c129900000,0x000000c129a00000)]
  0x000002236f64b800 JavaThread "jar transforms Thread 12" [_thread_blocked, id=10464, stack(0x000000c129a00000,0x000000c129b00000)]
  0x000002236f653800 JavaThread "Cache worker for checksums cache (D:\Capstone\MyApp01\MyApp01\.gradle\checksums)" [_thread_blocked, id=18148, stack(0x000000c129c00000,0x000000c129d00000)]
  0x000002236f654800 JavaThread "Cache worker for cache directory md-supplier (C:\Users\gorke\.gradle\caches\7.0.2\md-supplier)" [_thread_blocked, id=5728, stack(0x000000c129d00000,0x000000c129e00000)]
  0x000002236f657000 JavaThread "Cache worker for cache directory md-rule (C:\Users\gorke\.gradle\caches\7.0.2\md-rule)" [_thread_blocked, id=12052, stack(0x000000c129e00000,0x000000c129f00000)]
  0x000002236f655800 JavaThread "Cache worker for execution history cache (C:\Users\gorke\.gradle\caches\7.0.2\executionHistory)" [_thread_blocked, id=19160, stack(0x000000c129f00000,0x000000c12a000000)]
  0x000002236f658000 JavaThread "Cache worker for file content cache (C:\Users\gorke\.gradle\caches\7.0.2\fileContent)" [_thread_blocked, id=8116, stack(0x000000c12a000000,0x000000c12a100000)]
  0x0000022374569000 JavaThread "Cache worker for dependencies-accessors (D:\Capstone\MyApp01\MyApp01\.gradle\7.0.2\dependencies-accessors)" [_thread_blocked, id=13112, stack(0x000000c12a200000,0x000000c12a300000)]
  0x000002237456a800 JavaThread "Cache worker for Build Output Cleanup Cache (D:\Capstone\MyApp01\MyApp01\.gradle\buildOutputCleanup)" [_thread_blocked, id=1124, stack(0x000000c12a300000,0x000000c12a400000)]
  0x000002237456b000 JavaThread "Build operations" [_thread_blocked, id=18940, stack(0x000000c12a500000,0x000000c12a600000)]
  0x000002237456c000 JavaThread "Build operations Thread 2" [_thread_blocked, id=10668, stack(0x000000c12a600000,0x000000c12a700000)]
  0x000002237456d000 JavaThread "Build operations Thread 3" [_thread_blocked, id=17204, stack(0x000000c12a700000,0x000000c12a800000)]
  0x000002237456d800 JavaThread "Build operations Thread 4" [_thread_blocked, id=13992, stack(0x000000c12a800000,0x000000c12a900000)]
  0x0000022374569800 JavaThread "Build operations Thread 5" [_thread_blocked, id=16792, stack(0x000000c12a900000,0x000000c12aa00000)]
  0x0000022374568000 JavaThread "Build operations Thread 6" [_thread_blocked, id=17952, stack(0x000000c12aa00000,0x000000c12ab00000)]
  0x0000022374570000 JavaThread "Build operations Thread 7" [_thread_blocked, id=19616, stack(0x000000c12ab00000,0x000000c12ac00000)]
  0x000002237456f800 JavaThread "Build operations Thread 8" [_thread_blocked, id=13168, stack(0x000000c12ac00000,0x000000c12ad00000)]
  0x0000022374574000 JavaThread "Build operations Thread 9" [_thread_blocked, id=5188, stack(0x000000c12ad00000,0x000000c12ae00000)]
  0x0000022374572800 JavaThread "Build operations Thread 10" [_thread_blocked, id=7216, stack(0x000000c12ae00000,0x000000c12af00000)]
  0x0000022374571000 JavaThread "Build operations Thread 11" [_thread_blocked, id=9068, stack(0x000000c12af00000,0x000000c12b000000)]
  0x000002237456e800 JavaThread "Build operations Thread 12" [_thread_blocked, id=2888, stack(0x000000c12b000000,0x000000c12b100000)]
  0x0000022374571800 JavaThread "Memory manager" [_thread_blocked, id=1604, stack(0x000000c12b200000,0x000000c12b300000)]
  0x00000223703be800 JavaThread "C2 CompilerThread1" daemon [_thread_in_native, id=14480, stack(0x000000c126000000,0x000000c126100000)]

Other Threads:
  0x000002236c4cf000 VMThread "VM Thread" [stack: 0x000000c126900000,0x000000c126a00000] [id=2732]
  0x000002236c704000 WatcherThread [stack: 0x000000c127300000,0x000000c127400000] [id=12012]
  0x00000223506f6800 GCTaskThread "GC Thread#0" [stack: 0x000000c126400000,0x000000c126500000] [id=20076]
  0x000002236d6ae800 GCTaskThread "GC Thread#1" [stack: 0x000000c127500000,0x000000c127600000] [id=14636]
  0x000002236d4ee800 GCTaskThread "GC Thread#2" [stack: 0x000000c127600000,0x000000c127700000] [id=2372]
  0x000002236d4ad800 GCTaskThread "GC Thread#3" [stack: 0x000000c127700000,0x000000c127800000] [id=7280]
  0x000002236d4ae800 GCTaskThread "GC Thread#4" [stack: 0x000000c127800000,0x000000c127900000] [id=12424]
  0x000002236d6f1800 GCTaskThread "GC Thread#5" [stack: 0x000000c127900000,0x000000c127a00000] [id=16908]
  0x000002236d6f0800 GCTaskThread "GC Thread#6" [stack: 0x000000c128600000,0x000000c128700000] [id=7288]
  0x000002236d6f2000 GCTaskThread "GC Thread#7" [stack: 0x000000c128700000,0x000000c128800000] [id=3708]
  0x000002236d6f3000 GCTaskThread "GC Thread#8" [stack: 0x000000c128800000,0x000000c128900000] [id=4328]
  0x000002236d6ef000 GCTaskThread "GC Thread#9" [stack: 0x000000c128900000,0x000000c128a00000] [id=21120]
  0x000002235071f000 ConcurrentGCThread "G1 Main Marker" [stack: 0x000000c126500000,0x000000c126600000] [id=2752]
  0x0000022350721000 ConcurrentGCThread "G1 Conc#0" [stack: 0x000000c126600000,0x000000c126700000] [id=7676]
  0x000002236d6f3800 ConcurrentGCThread "G1 Conc#1" [stack: 0x000000c128a00000,0x000000c128b00000] [id=888]
  0x000002236d6f4800 ConcurrentGCThread "G1 Conc#2" [stack: 0x000000c128b00000,0x000000c128c00000] [id=7600]
  0x000002236bb38800 ConcurrentGCThread "G1 Refine#0" [stack: 0x000000c126700000,0x000000c126800000] [id=10768]
  0x000002236bb39800 ConcurrentGCThread "G1 Young RemSet Sampling" [stack: 0x000000c126800000,0x000000c126900000] [id=13156]

Threads with active compile tasks:
C2 CompilerThread0 134132 17955       4       java.util.zip.ZipFile$Source::getEntryPos (206 bytes)
C2 CompilerThread1 134132 17970       4       org.codehaus.groovy.runtime.metaclass.MetaMethodIndex::addMethodToList (131 bytes)

VM state:not at safepoint (normal execution)

VM Mutex/Monitor currently owned by a thread: None

Heap address: 0x00000000a0000000, size: 1536 MB, Compressed Oops mode: 32-bit
Narrow klass base: 0x0000000000000000, Narrow klass shift: 3
Compressed class space size: 1073741824 Address: 0x0000000100000000

Heap:
 garbage-first heap   total 260096K, used 149710K [0x00000000a0000000, 0x0000000100000000)
  region size 1024K, 47 young (48128K), 6 survivors (6144K)
 Metaspace       used 111410K, capacity 114422K, committed 114496K, reserved 1148928K
  class space    used 13924K, capacity 15004K, committed 15052K, reserved 1048576K
Heap Regions: E=young(eden), S=young(survivor), O=old, HS=humongous(starts), HC=humongous(continues), CS=collection set, F=free, A=archive, TAMS=top-at-mark-start (previous, next)
|   0|0x00000000a0000000, 0x00000000a0100000, 0x00000000a0100000|100%| O|  |TAMS 0x00000000a0100000, 0x00000000a0000000| Untracked 
|   1|0x00000000a0100000, 0x00000000a0200000, 0x00000000a0200000|100%| O|  |TAMS 0x00000000a0200000, 0x00000000a0100000| Untracked 
|   2|0x00000000a0200000, 0x00000000a0300000, 0x00000000a0300000|100%| O|  |TAMS 0x00000000a0300000, 0x00000000a0200000| Untracked 
|   3|0x00000000a0300000, 0x00000000a0400000, 0x00000000a0400000|100%|HS|  |TAMS 0x00000000a0400000, 0x00000000a0300000| Complete 
|   4|0x00000000a0400000, 0x00000000a0500000, 0x00000000a0500000|100%|HC|  |TAMS 0x00000000a0500000, 0x00000000a0400000| Complete 
|   5|0x00000000a0500000, 0x00000000a0600000, 0x00000000a0600000|100%|HC|  |TAMS 0x00000000a0600000, 0x00000000a0500000| Complete 
|   6|0x00000000a0600000, 0x00000000a0700000, 0x00000000a0700000|100%| O|  |TAMS 0x00000000a0700000, 0x00000000a0600000| Untracked 
|   7|0x00000000a0700000, 0x00000000a0800000, 0x00000000a0800000|100%| O|  |TAMS 0x00000000a0800000, 0x00000000a0700000| Untracked 
|   8|0x00000000a0800000, 0x00000000a0900000, 0x00000000a0900000|100%| O|  |TAMS 0x00000000a0900000, 0x00000000a0800000| Untracked 
|   9|0x00000000a0900000, 0x00000000a0a00000, 0x00000000a0a00000|100%| O|  |TAMS 0x00000000a0a00000, 0x00000000a0900000| Untracked 
|  10|0x00000000a0a00000, 0x00000000a0b00000, 0x00000000a0b00000|100%| O|  |TAMS 0x00000000a0b00000, 0x00000000a0a00000| Untracked 
|  11|0x00000000a0b00000, 0x00000000a0c00000, 0x00000000a0c00000|100%| O|  |TAMS 0x00000000a0c00000, 0x00000000a0b00000| Untracked 
|  12|0x00000000a0c00000, 0x00000000a0d00000, 0x00000000a0d00000|100%| O|  |TAMS 0x00000000a0d00000, 0x00000000a0c00000| Untracked 
|  13|0x00000000a0d00000, 0x00000000a0e00000, 0x00000000a0e00000|100%| O|  |TAMS 0x00000000a0e00000, 0x00000000a0d00000| Untracked 
|  14|0x00000000a0e00000, 0x00000000a0f00000, 0x00000000a0f00000|100%| O|  |TAMS 0x00000000a0f00000, 0x00000000a0e00000| Untracked 
|  15|0x00000000a0f00000, 0x00000000a1000000, 0x00000000a1000000|100%| O|  |TAMS 0x00000000a1000000, 0x00000000a0f00000| Untracked 
|  16|0x00000000a1000000, 0x00000000a1100000, 0x00000000a1100000|100%| O|  |TAMS 0x00000000a1100000, 0x00000000a1000000| Untracked 
|  17|0x00000000a1100000, 0x00000000a1200000, 0x00000000a1200000|100%|HS|  |TAMS 0x00000000a1200000, 0x00000000a1100000| Complete 
|  18|0x00000000a1200000, 0x00000000a1300000, 0x00000000a1300000|100%|HC|  |TAMS 0x00000000a1300000, 0x00000000a1200000| Complete 
|  19|0x00000000a1300000, 0x00000000a1400000, 0x00000000a1400000|100%|HS|  |TAMS 0x00000000a1400000, 0x00000000a1300000| Complete 
|  20|0x00000000a1400000, 0x00000000a1500000, 0x00000000a1500000|100%|HC|  |TAMS 0x00000000a1500000, 0x00000000a1400000| Complete 
|  21|0x00000000a1500000, 0x00000000a1600000, 0x00000000a1600000|100%|HC|  |TAMS 0x00000000a1600000, 0x00000000a1500000| Complete 
|  22|0x00000000a1600000, 0x00000000a1700000, 0x00000000a1700000|100%|HS|  |TAMS 0x00000000a1700000, 0x00000000a1600000| Complete 
|  23|0x00000000a1700000, 0x00000000a1800000, 0x00000000a1800000|100%|HC|  |TAMS 0x00000000a1800000, 0x00000000a1700000| Complete 
|  24|0x00000000a1800000, 0x00000000a1900000, 0x00000000a1900000|100%|HC|  |TAMS 0x00000000a1900000, 0x00000000a1800000| Complete 
|  25|0x00000000a1900000, 0x00000000a1a00000, 0x00000000a1a00000|100%|HC|  |TAMS 0x00000000a1a00000, 0x00000000a1900000| Complete 
|  26|0x00000000a1a00000, 0x00000000a1b00000, 0x00000000a1b00000|100%|HC|  |TAMS 0x00000000a1b00000, 0x00000000a1a00000| Complete 
|  27|0x00000000a1b00000, 0x00000000a1c00000, 0x00000000a1c00000|100%| O|  |TAMS 0x00000000a1c00000, 0x00000000a1b00000| Untracked 
|  28|0x00000000a1c00000, 0x00000000a1d00000, 0x00000000a1d00000|100%| O|  |TAMS 0x00000000a1d00000, 0x00000000a1c00000| Untracked 
|  29|0x00000000a1d00000, 0x00000000a1e00000, 0x00000000a1e00000|100%| O|  |TAMS 0x00000000a1e00000, 0x00000000a1d00000| Untracked 
|  30|0x00000000a1e00000, 0x00000000a1f00000, 0x00000000a1f00000|100%| O|  |TAMS 0x00000000a1f00000, 0x00000000a1e00000| Untracked 
|  31|0x00000000a1f00000, 0x00000000a2000000, 0x00000000a2000000|100%| O|  |TAMS 0x00000000a2000000, 0x00000000a1f00000| Untracked 
|  32|0x00000000a2000000, 0x00000000a2100000, 0x00000000a2100000|100%| O|  |TAMS 0x00000000a2100000, 0x00000000a2000000| Untracked 
|  33|0x00000000a2100000, 0x00000000a2200000, 0x00000000a2200000|100%| O|  |TAMS 0x00000000a2200000, 0x00000000a2100000| Untracked 
|  34|0x00000000a2200000, 0x00000000a2300000, 0x00000000a2300000|100%| O|  |TAMS 0x00000000a2300000, 0x00000000a2200000| Untracked 
|  35|0x00000000a2300000, 0x00000000a2400000, 0x00000000a2400000|100%|HS|  |TAMS 0x00000000a2400000, 0x00000000a2300000| Complete 
|  36|0x00000000a2400000, 0x00000000a2500000, 0x00000000a2500000|100%|HC|  |TAMS 0x00000000a2500000, 0x00000000a2400000| Complete 
|  37|0x00000000a2500000, 0x00000000a2600000, 0x00000000a2600000|100%|HC|  |TAMS 0x00000000a2600000, 0x00000000a2500000| Complete 
|  38|0x00000000a2600000, 0x00000000a2700000, 0x00000000a2700000|100%|HC|  |TAMS 0x00000000a2700000, 0x00000000a2600000| Complete 
|  39|0x00000000a2700000, 0x00000000a2800000, 0x00000000a2800000|100%|HC|  |TAMS 0x00000000a2800000, 0x00000000a2700000| Complete 
|  40|0x00000000a2800000, 0x00000000a2900000, 0x00000000a2900000|100%| O|  |TAMS 0x00000000a2900000, 0x00000000a2800000| Untracked 
|  41|0x00000000a2900000, 0x00000000a2a00000, 0x00000000a2a00000|100%| O|  |TAMS 0x00000000a2a00000, 0x00000000a2900000| Untracked 
|  42|0x00000000a2a00000, 0x00000000a2b00000, 0x00000000a2b00000|100%| O|  |TAMS 0x00000000a2b00000, 0x00000000a2a00000| Untracked 
|  43|0x00000000a2b00000, 0x00000000a2c00000, 0x00000000a2c00000|100%| O|  |TAMS 0x00000000a2c00000, 0x00000000a2b00000| Untracked 
|  44|0x00000000a2c00000, 0x00000000a2d00000, 0x00000000a2d00000|100%| O|  |TAMS 0x00000000a2d00000, 0x00000000a2c00000| Untracked 
|  45|0x00000000a2d00000, 0x00000000a2e00000, 0x00000000a2e00000|100%| O|  |TAMS 0x00000000a2e00000, 0x00000000a2d00000| Untracked 
|  46|0x00000000a2e00000, 0x00000000a2f00000, 0x00000000a2f00000|100%| O|  |TAMS 0x00000000a2f00000, 0x00000000a2e00000| Untracked 
|  47|0x00000000a2f00000, 0x00000000a3000000, 0x00000000a3000000|100%| O|  |TAMS 0x00000000a3000000, 0x00000000a2f00000| Untracked 
|  48|0x00000000a3000000, 0x00000000a3100000, 0x00000000a3100000|100%| O|  |TAMS 0x00000000a3100000, 0x00000000a3000000| Untracked 
|  49|0x00000000a3100000, 0x00000000a3200000, 0x00000000a3200000|100%| O|  |TAMS 0x00000000a3200000, 0x00000000a3100000| Untracked 
|  50|0x00000000a3200000, 0x00000000a3300000, 0x00000000a3300000|100%|HS|  |TAMS 0x00000000a3300000, 0x00000000a3200000| Complete 
|  51|0x00000000a3300000, 0x00000000a3400000, 0x00000000a3400000|100%|HC|  |TAMS 0x00000000a3400000, 0x00000000a3300000| Complete 
|  52|0x00000000a3400000, 0x00000000a3500000, 0x00000000a3500000|100%|HC|  |TAMS 0x00000000a3500000, 0x00000000a3400000| Complete 
|  53|0x00000000a3500000, 0x00000000a3600000, 0x00000000a3600000|100%| O|  |TAMS 0x00000000a3600000, 0x00000000a3500000| Untracked 
|  54|0x00000000a3600000, 0x00000000a3700000, 0x00000000a3700000|100%| O|  |TAMS 0x00000000a3700000, 0x00000000a3600000| Untracked 
|  55|0x00000000a3700000, 0x00000000a3800000, 0x00000000a3800000|100%| O|  |TAMS 0x00000000a3800000, 0x00000000a3700000| Untracked 
|  56|0x00000000a3800000, 0x00000000a3900000, 0x00000000a3900000|100%| O|  |TAMS 0x00000000a3900000, 0x00000000a3800000| Untracked 
|  57|0x00000000a3900000, 0x00000000a3a00000, 0x00000000a3a00000|100%| O|  |TAMS 0x00000000a3a00000, 0x00000000a3900000| Untracked 
|  58|0x00000000a3a00000, 0x00000000a3b00000, 0x00000000a3b00000|100%| O|  |TAMS 0x00000000a3b00000, 0x00000000a3a00000| Untracked 
|  59|0x00000000a3b00000, 0x00000000a3c00000, 0x00000000a3c00000|100%| O|  |TAMS 0x00000000a3c00000, 0x00000000a3b00000| Untracked 
|  60|0x00000000a3c00000, 0x00000000a3d00000, 0x00000000a3d00000|100%| O|  |TAMS 0x00000000a3d00000, 0x00000000a3c00000| Untracked 
|  61|0x00000000a3d00000, 0x00000000a3e00000, 0x00000000a3e00000|100%| O|  |TAMS 0x00000000a3e00000, 0x00000000a3d00000| Untracked 
|  62|0x00000000a3e00000, 0x00000000a3f00000, 0x00000000a3f00000|100%|HS|  |TAMS 0x00000000a3f00000, 0x00000000a3e00000| Complete 
|  63|0x00000000a3f00000, 0x00000000a4000000, 0x00000000a4000000|100%|HS|  |TAMS 0x00000000a4000000, 0x00000000a3f00000| Complete 
|  64|0x00000000a4000000, 0x00000000a4100000, 0x00000000a4100000|100%| O|  |TAMS 0x00000000a4100000, 0x00000000a4000000| Untracked 
|  65|0x00000000a4100000, 0x00000000a4200000, 0x00000000a4200000|100%| O|  |TAMS 0x00000000a4200000, 0x00000000a4100000| Untracked 
|  66|0x00000000a4200000, 0x00000000a4300000, 0x00000000a4300000|100%| O|  |TAMS 0x00000000a4300000, 0x00000000a4200000| Untracked 
|  67|0x00000000a4300000, 0x00000000a4400000, 0x00000000a4400000|100%| O|  |TAMS 0x00000000a4400000, 0x00000000a4300000| Untracked 
|  68|0x00000000a4400000, 0x00000000a4500000, 0x00000000a4500000|100%|HS|  |TAMS 0x00000000a4500000, 0x00000000a4400000| Complete 
|  69|0x00000000a4500000, 0x00000000a4600000, 0x00000000a4600000|100%|HC|  |TAMS 0x00000000a4600000, 0x00000000a4500000| Complete 
|  70|0x00000000a4600000, 0x00000000a4700000, 0x00000000a4700000|100%| O|  |TAMS 0x00000000a4600000, 0x00000000a4600000| Untracked 
|  71|0x00000000a4700000, 0x00000000a4800000, 0x00000000a4800000|100%| O|  |TAMS 0x00000000a4800000, 0x00000000a4700000| Untracked 
|  72|0x00000000a4800000, 0x00000000a4900000, 0x00000000a4900000|100%| O|  |TAMS 0x00000000a4900000, 0x00000000a4800000| Untracked 
|  73|0x00000000a4900000, 0x00000000a4a00000, 0x00000000a4a00000|100%| O|  |TAMS 0x00000000a4a00000, 0x00000000a4900000| Untracked 
|  74|0x00000000a4a00000, 0x00000000a4b00000, 0x00000000a4b00000|100%| O|  |TAMS 0x00000000a4b00000, 0x00000000a4a00000| Untracked 
|  75|0x00000000a4b00000, 0x00000000a4c00000, 0x00000000a4c00000|100%| O|  |TAMS 0x00000000a4c00000, 0x00000000a4b00000| Untracked 
|  76|0x00000000a4c00000, 0x00000000a4d00000, 0x00000000a4d00000|100%| O|  |TAMS 0x00000000a4d00000, 0x00000000a4c00000| Untracked 
|  77|0x00000000a4d00000, 0x00000000a4e00000, 0x00000000a4e00000|100%| O|  |TAMS 0x00000000a4e00000, 0x00000000a4d00000| Untracked 
|  78|0x00000000a4e00000, 0x00000000a4f00000, 0x00000000a4f00000|100%| O|  |TAMS 0x00000000a4f00000, 0x00000000a4e00000| Untracked 
|  79|0x00000000a4f00000, 0x00000000a5000000, 0x00000000a5000000|100%| O|  |TAMS 0x00000000a5000000, 0x00000000a4f00000| Untracked 
|  80|0x00000000a5000000, 0x00000000a5100000, 0x00000000a5100000|100%| O|  |TAMS 0x00000000a5100000, 0x00000000a5000000| Untracked 
|  81|0x00000000a5100000, 0x00000000a5200000, 0x00000000a5200000|100%| O|  |TAMS 0x00000000a5200000, 0x00000000a5100000| Untracked 
|  82|0x00000000a5200000, 0x00000000a5300000, 0x00000000a5300000|100%| O|  |TAMS 0x00000000a5300000, 0x00000000a5200000| Untracked 
|  83|0x00000000a5300000, 0x00000000a5400000, 0x00000000a5400000|100%| O|  |TAMS 0x00000000a5400000, 0x00000000a5300000| Untracked 
|  84|0x00000000a5400000, 0x00000000a5500000, 0x00000000a5500000|100%| O|  |TAMS 0x00000000a5500000, 0x00000000a5400000| Untracked 
|  85|0x00000000a5500000, 0x00000000a5600000, 0x00000000a5600000|100%| O|  |TAMS 0x00000000a5600000, 0x00000000a5500000| Untracked 
|  86|0x00000000a5600000, 0x00000000a5700000, 0x00000000a5700000|100%| O|  |TAMS 0x00000000a5700000, 0x00000000a5600000| Untracked 
|  87|0x00000000a5700000, 0x00000000a5800000, 0x00000000a5800000|100%| O|  |TAMS 0x00000000a5800000, 0x00000000a5700000| Untracked 
|  88|0x00000000a5800000, 0x00000000a5900000, 0x00000000a5900000|100%| O|  |TAMS 0x00000000a5900000, 0x00000000a5800000| Untracked 
|  89|0x00000000a5900000, 0x00000000a5a00000, 0x00000000a5a00000|100%| O|  |TAMS 0x00000000a5a00000, 0x00000000a5900000| Untracked 
|  90|0x00000000a5a00000, 0x00000000a5b00000, 0x00000000a5b00000|100%| O|  |TAMS 0x00000000a5ae4e00, 0x00000000a5a00000| Untracked 
|  91|0x00000000a5b00000, 0x00000000a5c00000, 0x00000000a5c00000|100%| O|  |TAMS 0x00000000a5b00000, 0x00000000a5b00000| Untracked 
|  92|0x00000000a5c00000, 0x00000000a5d00000, 0x00000000a5d00000|100%| O|  |TAMS 0x00000000a5c00000, 0x00000000a5c00000| Untracked 
|  93|0x00000000a5d00000, 0x00000000a5e00000, 0x00000000a5e00000|100%| O|  |TAMS 0x00000000a5d00000, 0x00000000a5d00000| Untracked 
|  94|0x00000000a5e00000, 0x00000000a5f00000, 0x00000000a5f00000|100%| O|  |TAMS 0x00000000a5e00000, 0x00000000a5e00000| Untracked 
|  95|0x00000000a5f00000, 0x00000000a6000000, 0x00000000a6000000|100%| O|  |TAMS 0x00000000a5f00000, 0x00000000a5f00000| Untracked 
|  96|0x00000000a6000000, 0x00000000a6100000, 0x00000000a6100000|100%| O|  |TAMS 0x00000000a6000000, 0x00000000a6000000| Untracked 
|  97|0x00000000a6100000, 0x00000000a6200000, 0x00000000a6200000|100%| O|  |TAMS 0x00000000a6100000, 0x00000000a6100000| Untracked 
|  98|0x00000000a6200000, 0x00000000a6200000, 0x00000000a6300000|  0%| F|  |TAMS 0x00000000a6200000, 0x00000000a6200000| Untracked 
|  99|0x00000000a6300000, 0x00000000a6300000, 0x00000000a6400000|  0%| F|  |TAMS 0x00000000a6300000, 0x00000000a6300000| Untracked 
| 100|0x00000000a6400000, 0x00000000a6500000, 0x00000000a6500000|100%| O|  |TAMS 0x00000000a6400000, 0x00000000a6400000| Untracked 
| 101|0x00000000a6500000, 0x00000000a6600000, 0x00000000a6600000|100%| O|  |TAMS 0x00000000a6500000, 0x00000000a6500000| Untracked 
| 102|0x00000000a6600000, 0x00000000a6633a00, 0x00000000a6700000| 20%| O|  |TAMS 0x00000000a6600000, 0x00000000a6600000| Untracked 
| 103|0x00000000a6700000, 0x00000000a6700000, 0x00000000a6800000|  0%| F|  |TAMS 0x00000000a6700000, 0x00000000a6700000| Untracked 
| 104|0x00000000a6800000, 0x00000000a6800000, 0x00000000a6900000|  0%| F|  |TAMS 0x00000000a6800000, 0x00000000a6800000| Untracked 
| 105|0x00000000a6900000, 0x00000000a6900000, 0x00000000a6a00000|  0%| F|  |TAMS 0x00000000a6900000, 0x00000000a6900000| Untracked 
| 106|0x00000000a6a00000, 0x00000000a6a00000, 0x00000000a6b00000|  0%| F|  |TAMS 0x00000000a6a00000, 0x00000000a6a00000| Untracked 
| 107|0x00000000a6b00000, 0x00000000a6b00000, 0x00000000a6c00000|  0%| F|  |TAMS 0x00000000a6b00000, 0x00000000a6b00000| Untracked 
| 108|0x00000000a6c00000, 0x00000000a6c00000, 0x00000000a6d00000|  0%| F|  |TAMS 0x00000000a6c00000, 0x00000000a6c00000| Untracked 
| 109|0x00000000a6d00000, 0x00000000a6d00000, 0x00000000a6e00000|  0%| F|  |TAMS 0x00000000a6d00000, 0x00000000a6d00000| Untracked 
| 110|0x00000000a6e00000, 0x00000000a6e00000, 0x00000000a6f00000|  0%| F|  |TAMS 0x00000000a6e00000, 0x00000000a6e00000| Untracked 
| 111|0x00000000a6f00000, 0x00000000a6f00000, 0x00000000a7000000|  0%| F|  |TAMS 0x00000000a6f00000, 0x00000000a6f00000| Untracked 
| 112|0x00000000a7000000, 0x00000000a7000000, 0x00000000a7100000|  0%| F|  |TAMS 0x00000000a7000000, 0x00000000a7000000| Untracked 
| 113|0x00000000a7100000, 0x00000000a7100000, 0x00000000a7200000|  0%| F|  |TAMS 0x00000000a7100000, 0x00000000a7100000| Untracked 
| 114|0x00000000a7200000, 0x00000000a7200000, 0x00000000a7300000|  0%| F|  |TAMS 0x00000000a7200000, 0x00000000a7200000| Untracked 
| 115|0x00000000a7300000, 0x00000000a7300000, 0x00000000a7400000|  0%| F|  |TAMS 0x00000000a7300000, 0x00000000a7300000| Untracked 
| 116|0x00000000a7400000, 0x00000000a7400000, 0x00000000a7500000|  0%| F|  |TAMS 0x00000000a7400000, 0x00000000a7400000| Untracked 
| 117|0x00000000a7500000, 0x00000000a7500000, 0x00000000a7600000|  0%| F|  |TAMS 0x00000000a7500000, 0x00000000a7500000| Untracked 
| 118|0x00000000a7600000, 0x00000000a7600000, 0x00000000a7700000|  0%| F|  |TAMS 0x00000000a7600000, 0x00000000a7600000| Untracked 
| 119|0x00000000a7700000, 0x00000000a7700000, 0x00000000a7800000|  0%| F|  |TAMS 0x00000000a7700000, 0x00000000a7700000| Untracked 
| 120|0x00000000a7800000, 0x00000000a7800000, 0x00000000a7900000|  0%| F|  |TAMS 0x00000000a7800000, 0x00000000a7800000| Untracked 
| 121|0x00000000a7900000, 0x00000000a7900000, 0x00000000a7a00000|  0%| F|  |TAMS 0x00000000a7900000, 0x00000000a7900000| Untracked 
| 122|0x00000000a7a00000, 0x00000000a7a00000, 0x00000000a7b00000|  0%| F|  |TAMS 0x00000000a7a00000, 0x00000000a7a00000| Untracked 
| 123|0x00000000a7b00000, 0x00000000a7b00000, 0x00000000a7c00000|  0%| F|  |TAMS 0x00000000a7b00000, 0x00000000a7b00000| Untracked 
| 124|0x00000000a7c00000, 0x00000000a7c00000, 0x00000000a7d00000|  0%| F|  |TAMS 0x00000000a7c00000, 0x00000000a7c00000| Untracked 
| 125|0x00000000a7d00000, 0x00000000a7d00000, 0x00000000a7e00000|  0%| F|  |TAMS 0x00000000a7d00000, 0x00000000a7d00000| Untracked 
| 126|0x00000000a7e00000, 0x00000000a7e00000, 0x00000000a7f00000|  0%| F|  |TAMS 0x00000000a7e00000, 0x00000000a7e00000| Untracked 
| 127|0x00000000a7f00000, 0x00000000a7f00000, 0x00000000a8000000|  0%| F|  |TAMS 0x00000000a7f00000, 0x00000000a7f00000| Untracked 
| 128|0x00000000a8000000, 0x00000000a8000000, 0x00000000a8100000|  0%| F|  |TAMS 0x00000000a8000000, 0x00000000a8000000| Untracked 
| 129|0x00000000a8100000, 0x00000000a8100000, 0x00000000a8200000|  0%| F|  |TAMS 0x00000000a8100000, 0x00000000a8100000| Untracked 
| 130|0x00000000a8200000, 0x00000000a8200000, 0x00000000a8300000|  0%| F|  |TAMS 0x00000000a8200000, 0x00000000a8200000| Untracked 
| 131|0x00000000a8300000, 0x00000000a8400000, 0x00000000a8400000|100%| S|CS|TAMS 0x00000000a8300000, 0x00000000a8300000| Complete 
| 132|0x00000000a8400000, 0x00000000a8500000, 0x00000000a8500000|100%| S|CS|TAMS 0x00000000a8400000, 0x00000000a8400000| Complete 
| 133|0x00000000a8500000, 0x00000000a8600000, 0x00000000a8600000|100%| S|CS|TAMS 0x00000000a8500000, 0x00000000a8500000| Complete 
| 134|0x00000000a8600000, 0x00000000a8700000, 0x00000000a8700000|100%| S|CS|TAMS 0x00000000a8600000, 0x00000000a8600000| Complete 
| 135|0x00000000a8700000, 0x00000000a8800000, 0x00000000a8800000|100%| S|CS|TAMS 0x00000000a8700000, 0x00000000a8700000| Complete 
| 136|0x00000000a8800000, 0x00000000a8900000, 0x00000000a8900000|100%| S|CS|TAMS 0x00000000a8800000, 0x00000000a8800000| Complete 
| 137|0x00000000a8900000, 0x00000000a8900000, 0x00000000a8a00000|  0%| F|  |TAMS 0x00000000a8900000, 0x00000000a8900000| Untracked 
| 138|0x00000000a8a00000, 0x00000000a8a00000, 0x00000000a8b00000|  0%| F|  |TAMS 0x00000000a8a00000, 0x00000000a8a00000| Untracked 
| 139|0x00000000a8b00000, 0x00000000a8b00000, 0x00000000a8c00000|  0%| F|  |TAMS 0x00000000a8b00000, 0x00000000a8b00000| Untracked 
| 140|0x00000000a8c00000, 0x00000000a8c00000, 0x00000000a8d00000|  0%| F|  |TAMS 0x00000000a8c00000, 0x00000000a8c00000| Untracked 
| 141|0x00000000a8d00000, 0x00000000a8d00000, 0x00000000a8e00000|  0%| F|  |TAMS 0x00000000a8d00000, 0x00000000a8d00000| Untracked 
| 142|0x00000000a8e00000, 0x00000000a8e00000, 0x00000000a8f00000|  0%| F|  |TAMS 0x00000000a8e00000, 0x00000000a8e00000| Untracked 
| 143|0x00000000a8f00000, 0x00000000a8f00000, 0x00000000a9000000|  0%| F|  |TAMS 0x00000000a8f00000, 0x00000000a8f00000| Untracked 
| 144|0x00000000a9000000, 0x00000000a9000000, 0x00000000a9100000|  0%| F|  |TAMS 0x00000000a9000000, 0x00000000a9000000| Untracked 
| 145|0x00000000a9100000, 0x00000000a9100000, 0x00000000a9200000|  0%| F|  |TAMS 0x00000000a9100000, 0x00000000a9100000| Untracked 
| 146|0x00000000a9200000, 0x00000000a9200000, 0x00000000a9300000|  0%| F|  |TAMS 0x00000000a9200000, 0x00000000a9200000| Untracked 
| 147|0x00000000a9300000, 0x00000000a9300000, 0x00000000a9400000|  0%| F|  |TAMS 0x00000000a9300000, 0x00000000a9300000| Untracked 
| 148|0x00000000a9400000, 0x00000000a9400000, 0x00000000a9500000|  0%| F|  |TAMS 0x00000000a9400000, 0x00000000a9400000| Untracked 
| 149|0x00000000a9500000, 0x00000000a9500000, 0x00000000a9600000|  0%| F|  |TAMS 0x00000000a9500000, 0x00000000a9500000| Untracked 
| 150|0x00000000a9600000, 0x00000000a9600000, 0x00000000a9700000|  0%| F|  |TAMS 0x00000000a9600000, 0x00000000a9600000| Untracked 
| 151|0x00000000a9700000, 0x00000000a9700000, 0x00000000a9800000|  0%| F|  |TAMS 0x00000000a9700000, 0x00000000a9700000| Untracked 
| 152|0x00000000a9800000, 0x00000000a9800000, 0x00000000a9900000|  0%| F|  |TAMS 0x00000000a9800000, 0x00000000a9800000| Untracked 
| 153|0x00000000a9900000, 0x00000000a9900000, 0x00000000a9a00000|  0%| F|  |TAMS 0x00000000a9900000, 0x00000000a9900000| Untracked 
| 154|0x00000000a9a00000, 0x00000000a9a00000, 0x00000000a9b00000|  0%| F|  |TAMS 0x00000000a9a00000, 0x00000000a9a00000| Untracked 
| 155|0x00000000a9b00000, 0x00000000a9b00000, 0x00000000a9c00000|  0%| F|  |TAMS 0x00000000a9b00000, 0x00000000a9b00000| Untracked 
| 156|0x00000000a9c00000, 0x00000000a9c00000, 0x00000000a9d00000|  0%| F|  |TAMS 0x00000000a9c00000, 0x00000000a9c00000| Untracked 
| 157|0x00000000a9d00000, 0x00000000a9d00000, 0x00000000a9e00000|  0%| F|  |TAMS 0x00000000a9d00000, 0x00000000a9d00000| Untracked 
| 158|0x00000000a9e00000, 0x00000000a9e00000, 0x00000000a9f00000|  0%| F|  |TAMS 0x00000000a9e00000, 0x00000000a9e00000| Untracked 
| 159|0x00000000a9f00000, 0x00000000a9f00000, 0x00000000aa000000|  0%| F|  |TAMS 0x00000000a9f00000, 0x00000000a9f00000| Untracked 
| 160|0x00000000aa000000, 0x00000000aa000000, 0x00000000aa100000|  0%| F|  |TAMS 0x00000000aa000000, 0x00000000aa000000| Untracked 
| 161|0x00000000aa100000, 0x00000000aa100000, 0x00000000aa200000|  0%| F|  |TAMS 0x00000000aa100000, 0x00000000aa100000| Untracked 
| 162|0x00000000aa200000, 0x00000000aa200000, 0x00000000aa300000|  0%| F|  |TAMS 0x00000000aa200000, 0x00000000aa200000| Untracked 
| 163|0x00000000aa300000, 0x00000000aa300000, 0x00000000aa400000|  0%| F|  |TAMS 0x00000000aa300000, 0x00000000aa300000| Untracked 
| 164|0x00000000aa400000, 0x00000000aa400000, 0x00000000aa500000|  0%| F|  |TAMS 0x00000000aa400000, 0x00000000aa400000| Untracked 
| 165|0x00000000aa500000, 0x00000000aa500000, 0x00000000aa600000|  0%| F|  |TAMS 0x00000000aa500000, 0x00000000aa500000| Untracked 
| 166|0x00000000aa600000, 0x00000000aa600000, 0x00000000aa700000|  0%| F|  |TAMS 0x00000000aa600000, 0x00000000aa600000| Untracked 
| 167|0x00000000aa700000, 0x00000000aa700000, 0x00000000aa800000|  0%| F|  |TAMS 0x00000000aa700000, 0x00000000aa700000| Untracked 
| 168|0x00000000aa800000, 0x00000000aa800000, 0x00000000aa900000|  0%| F|  |TAMS 0x00000000aa800000, 0x00000000aa800000| Untracked 
| 169|0x00000000aa900000, 0x00000000aa900000, 0x00000000aaa00000|  0%| F|  |TAMS 0x00000000aa900000, 0x00000000aa900000| Untracked 
| 170|0x00000000aaa00000, 0x00000000aaa00000, 0x00000000aab00000|  0%| F|  |TAMS 0x00000000aaa00000, 0x00000000aaa00000| Untracked 
| 171|0x00000000aab00000, 0x00000000aab00000, 0x00000000aac00000|  0%| F|  |TAMS 0x00000000aab00000, 0x00000000aab00000| Untracked 
| 172|0x00000000aac00000, 0x00000000aac00000, 0x00000000aad00000|  0%| F|  |TAMS 0x00000000aac00000, 0x00000000aac00000| Untracked 
| 173|0x00000000aad00000, 0x00000000aad00000, 0x00000000aae00000|  0%| F|  |TAMS 0x00000000aad00000, 0x00000000aad00000| Untracked 
| 174|0x00000000aae00000, 0x00000000aae00000, 0x00000000aaf00000|  0%| F|  |TAMS 0x00000000aae00000, 0x00000000aae00000| Untracked 
| 175|0x00000000aaf00000, 0x00000000aaf00000, 0x00000000ab000000|  0%| F|  |TAMS 0x00000000aaf00000, 0x00000000aaf00000| Untracked 
| 176|0x00000000ab000000, 0x00000000ab000000, 0x00000000ab100000|  0%| F|  |TAMS 0x00000000ab000000, 0x00000000ab000000| Untracked 
| 177|0x00000000ab100000, 0x00000000ab100000, 0x00000000ab200000|  0%| F|  |TAMS 0x00000000ab100000, 0x00000000ab100000| Untracked 
| 178|0x00000000ab200000, 0x00000000ab200000, 0x00000000ab300000|  0%| F|  |TAMS 0x00000000ab200000, 0x00000000ab200000| Untracked 
| 179|0x00000000ab300000, 0x00000000ab300000, 0x00000000ab400000|  0%| F|  |TAMS 0x00000000ab300000, 0x00000000ab300000| Untracked 
| 180|0x00000000ab400000, 0x00000000ab400000, 0x00000000ab500000|  0%| F|  |TAMS 0x00000000ab400000, 0x00000000ab400000| Untracked 
| 181|0x00000000ab500000, 0x00000000ab500000, 0x00000000ab600000|  0%| F|  |TAMS 0x00000000ab500000, 0x00000000ab500000| Untracked 
| 182|0x00000000ab600000, 0x00000000ab600000, 0x00000000ab700000|  0%| F|  |TAMS 0x00000000ab600000, 0x00000000ab600000| Untracked 
| 183|0x00000000ab700000, 0x00000000ab700000, 0x00000000ab800000|  0%| F|  |TAMS 0x00000000ab700000, 0x00000000ab700000| Untracked 
| 184|0x00000000ab800000, 0x00000000ab800000, 0x00000000ab900000|  0%| F|  |TAMS 0x00000000ab800000, 0x00000000ab800000| Untracked 
| 185|0x00000000ab900000, 0x00000000ab900000, 0x00000000aba00000|  0%| F|  |TAMS 0x00000000ab900000, 0x00000000ab900000| Untracked 
| 186|0x00000000aba00000, 0x00000000aba00000, 0x00000000abb00000|  0%| F|  |TAMS 0x00000000aba00000, 0x00000000aba00000| Untracked 
| 187|0x00000000abb00000, 0x00000000abb00000, 0x00000000abc00000|  0%| F|  |TAMS 0x00000000abb00000, 0x00000000abb00000| Untracked 
| 188|0x00000000abc00000, 0x00000000abc00000, 0x00000000abd00000|  0%| F|  |TAMS 0x00000000abc00000, 0x00000000abc00000| Untracked 
| 189|0x00000000abd00000, 0x00000000abd00000, 0x00000000abe00000|  0%| F|  |TAMS 0x00000000abd00000, 0x00000000abd00000| Untracked 
| 190|0x00000000abe00000, 0x00000000abe00000, 0x00000000abf00000|  0%| F|  |TAMS 0x00000000abe00000, 0x00000000abe00000| Untracked 
| 191|0x00000000abf00000, 0x00000000abf00000, 0x00000000ac000000|  0%| F|  |TAMS 0x00000000abf00000, 0x00000000abf00000| Untracked 
| 192|0x00000000ac000000, 0x00000000ac000000, 0x00000000ac100000|  0%| F|  |TAMS 0x00000000ac000000, 0x00000000ac000000| Untracked 
| 193|0x00000000ac100000, 0x00000000ac100000, 0x00000000ac200000|  0%| F|  |TAMS 0x00000000ac100000, 0x00000000ac100000| Untracked 
| 194|0x00000000ac200000, 0x00000000ac200000, 0x00000000ac300000|  0%| F|  |TAMS 0x00000000ac200000, 0x00000000ac200000| Untracked 
| 195|0x00000000ac300000, 0x00000000ac300000, 0x00000000ac400000|  0%| F|  |TAMS 0x00000000ac300000, 0x00000000ac300000| Untracked 
| 196|0x00000000ac400000, 0x00000000ac400000, 0x00000000ac500000|  0%| F|  |TAMS 0x00000000ac400000, 0x00000000ac400000| Untracked 
| 197|0x00000000ac500000, 0x00000000ac500000, 0x00000000ac600000|  0%| F|  |TAMS 0x00000000ac500000, 0x00000000ac500000| Untracked 
| 198|0x00000000ac600000, 0x00000000ac600000, 0x00000000ac700000|  0%| F|  |TAMS 0x00000000ac600000, 0x00000000ac600000| Untracked 
| 199|0x00000000ac700000, 0x00000000ac700000, 0x00000000ac800000|  0%| F|  |TAMS 0x00000000ac700000, 0x00000000ac700000| Untracked 
| 200|0x00000000ac800000, 0x00000000ac800000, 0x00000000ac900000|  0%| F|  |TAMS 0x00000000ac800000, 0x00000000ac800000| Untracked 
| 201|0x00000000ac900000, 0x00000000ac900000, 0x00000000aca00000|  0%| F|  |TAMS 0x00000000ac900000, 0x00000000ac900000| Untracked 
| 202|0x00000000aca00000, 0x00000000aca00000, 0x00000000acb00000|  0%| F|  |TAMS 0x00000000aca00000, 0x00000000aca00000| Untracked 
| 203|0x00000000acb00000, 0x00000000acb00000, 0x00000000acc00000|  0%| F|  |TAMS 0x00000000acb00000, 0x00000000acb00000| Untracked 
| 204|0x00000000acc00000, 0x00000000acc00000, 0x00000000acd00000|  0%| F|  |TAMS 0x00000000acc00000, 0x00000000acc00000| Untracked 
| 205|0x00000000acd00000, 0x00000000acd00000, 0x00000000ace00000|  0%| F|  |TAMS 0x00000000acd00000, 0x00000000acd00000| Untracked 
| 206|0x00000000ace00000, 0x00000000ace00000, 0x00000000acf00000|  0%| F|  |TAMS 0x00000000ace00000, 0x00000000ace00000| Untracked 
| 207|0x00000000acf00000, 0x00000000acf00000, 0x00000000ad000000|  0%| F|  |TAMS 0x00000000acf00000, 0x00000000acf00000| Untracked 
| 208|0x00000000ad000000, 0x00000000ad000000, 0x00000000ad100000|  0%| F|  |TAMS 0x00000000ad000000, 0x00000000ad000000| Untracked 
| 209|0x00000000ad100000, 0x00000000ad100000, 0x00000000ad200000|  0%| F|  |TAMS 0x00000000ad100000, 0x00000000ad100000| Untracked 
| 210|0x00000000ad200000, 0x00000000ad200000, 0x00000000ad300000|  0%| F|  |TAMS 0x00000000ad200000, 0x00000000ad200000| Untracked 
| 211|0x00000000ad300000, 0x00000000ad300000, 0x00000000ad400000|  0%| F|  |TAMS 0x00000000ad300000, 0x00000000ad300000| Untracked 
| 212|0x00000000ad400000, 0x00000000ad400000, 0x00000000ad500000|  0%| F|  |TAMS 0x00000000ad400000, 0x00000000ad400000| Untracked 
| 213|0x00000000ad500000, 0x00000000ad580800, 0x00000000ad600000| 50%| E|  |TAMS 0x00000000ad500000, 0x00000000ad500000| Complete 
| 214|0x00000000ad600000, 0x00000000ad700000, 0x00000000ad700000|100%| E|CS|TAMS 0x00000000ad600000, 0x00000000ad600000| Complete 
| 215|0x00000000ad700000, 0x00000000ad800000, 0x00000000ad800000|100%| E|CS|TAMS 0x00000000ad700000, 0x00000000ad700000| Complete 
| 216|0x00000000ad800000, 0x00000000ad900000, 0x00000000ad900000|100%| E|CS|TAMS 0x00000000ad800000, 0x00000000ad800000| Complete 
| 217|0x00000000ad900000, 0x00000000ada00000, 0x00000000ada00000|100%| E|CS|TAMS 0x00000000ad900000, 0x00000000ad900000| Complete 
| 218|0x00000000ada00000, 0x00000000adb00000, 0x00000000adb00000|100%| E|CS|TAMS 0x00000000ada00000, 0x00000000ada00000| Complete 
| 219|0x00000000adb00000, 0x00000000adc00000, 0x00000000adc00000|100%| E|CS|TAMS 0x00000000adb00000, 0x00000000adb00000| Complete 
| 220|0x00000000adc00000, 0x00000000add00000, 0x00000000add00000|100%| E|CS|TAMS 0x00000000adc00000, 0x00000000adc00000| Complete 
| 221|0x00000000add00000, 0x00000000ade00000, 0x00000000ade00000|100%| E|CS|TAMS 0x00000000add00000, 0x00000000add00000| Complete 
| 222|0x00000000ade00000, 0x00000000adf00000, 0x00000000adf00000|100%| E|CS|TAMS 0x00000000ade00000, 0x00000000ade00000| Complete 
| 223|0x00000000adf00000, 0x00000000ae000000, 0x00000000ae000000|100%| E|CS|TAMS 0x00000000adf00000, 0x00000000adf00000| Complete 
| 224|0x00000000ae000000, 0x00000000ae100000, 0x00000000ae100000|100%| E|CS|TAMS 0x00000000ae000000, 0x00000000ae000000| Complete 
| 225|0x00000000ae100000, 0x00000000ae200000, 0x00000000ae200000|100%| E|CS|TAMS 0x00000000ae100000, 0x00000000ae100000| Complete 
| 226|0x00000000ae200000, 0x00000000ae300000, 0x00000000ae300000|100%| E|CS|TAMS 0x00000000ae200000, 0x00000000ae200000| Complete 
| 227|0x00000000ae300000, 0x00000000ae400000, 0x00000000ae400000|100%| E|CS|TAMS 0x00000000ae300000, 0x00000000ae300000| Complete 
| 228|0x00000000ae400000, 0x00000000ae500000, 0x00000000ae500000|100%| E|CS|TAMS 0x00000000ae400000, 0x00000000ae400000| Complete 
| 229|0x00000000ae500000, 0x00000000ae600000, 0x00000000ae600000|100%| E|CS|TAMS 0x00000000ae500000, 0x00000000ae500000| Complete 
| 230|0x00000000ae600000, 0x00000000ae700000, 0x00000000ae700000|100%| E|CS|TAMS 0x00000000ae600000, 0x00000000ae600000| Complete 
| 231|0x00000000ae700000, 0x00000000ae800000, 0x00000000ae800000|100%| E|CS|TAMS 0x00000000ae700000, 0x00000000ae700000| Complete 
| 232|0x00000000ae800000, 0x00000000ae900000, 0x00000000ae900000|100%| E|CS|TAMS 0x00000000ae800000, 0x00000000ae800000| Complete 
| 233|0x00000000ae900000, 0x00000000aea00000, 0x00000000aea00000|100%| E|CS|TAMS 0x00000000ae900000, 0x00000000ae900000| Complete 
| 234|0x00000000aea00000, 0x00000000aeb00000, 0x00000000aeb00000|100%| E|CS|TAMS 0x00000000aea00000, 0x00000000aea00000| Complete 
| 235|0x00000000aeb00000, 0x00000000aec00000, 0x00000000aec00000|100%| E|CS|TAMS 0x00000000aeb00000, 0x00000000aeb00000| Complete 
| 236|0x00000000aec00000, 0x00000000aed00000, 0x00000000aed00000|100%| E|CS|TAMS 0x00000000aec00000, 0x00000000aec00000| Complete 
| 237|0x00000000aed00000, 0x00000000aee00000, 0x00000000aee00000|100%| E|CS|TAMS 0x00000000aed00000, 0x00000000aed00000| Complete 
| 238|0x00000000aee00000, 0x00000000aef00000, 0x00000000aef00000|100%| E|CS|TAMS 0x00000000aee00000, 0x00000000aee00000| Complete 
| 239|0x00000000aef00000, 0x00000000af000000, 0x00000000af000000|100%| E|CS|TAMS 0x00000000aef00000, 0x00000000aef00000| Complete 
| 240|0x00000000af000000, 0x00000000af100000, 0x00000000af100000|100%| E|CS|TAMS 0x00000000af000000, 0x00000000af000000| Complete 
| 241|0x00000000af100000, 0x00000000af200000, 0x00000000af200000|100%| E|CS|TAMS 0x00000000af100000, 0x00000000af100000| Complete 
| 242|0x00000000af200000, 0x00000000af300000, 0x00000000af300000|100%| E|CS|TAMS 0x00000000af200000, 0x00000000af200000| Complete 
| 243|0x00000000af300000, 0x00000000af400000, 0x00000000af400000|100%| E|CS|TAMS 0x00000000af300000, 0x00000000af300000| Complete 
| 244|0x00000000af400000, 0x00000000af500000, 0x00000000af500000|100%| E|CS|TAMS 0x00000000af400000, 0x00000000af400000| Complete 
| 245|0x00000000af500000, 0x00000000af600000, 0x00000000af600000|100%| E|CS|TAMS 0x00000000af500000, 0x00000000af500000| Complete 
| 246|0x00000000af600000, 0x00000000af700000, 0x00000000af700000|100%| E|CS|TAMS 0x00000000af600000, 0x00000000af600000| Complete 
| 247|0x00000000af700000, 0x00000000af800000, 0x00000000af800000|100%| E|CS|TAMS 0x00000000af700000, 0x00000000af700000| Complete 
| 248|0x00000000af800000, 0x00000000af900000, 0x00000000af900000|100%| E|CS|TAMS 0x00000000af800000, 0x00000000af800000| Complete 
| 249|0x00000000af900000, 0x00000000afa00000, 0x00000000afa00000|100%| E|CS|TAMS 0x00000000af900000, 0x00000000af900000| Complete 
| 250|0x00000000afa00000, 0x00000000afb00000, 0x00000000afb00000|100%| E|CS|TAMS 0x00000000afa00000, 0x00000000afa00000| Complete 
| 251|0x00000000afb00000, 0x00000000afc00000, 0x00000000afc00000|100%| E|CS|TAMS 0x00000000afb00000, 0x00000000afb00000| Complete 
| 252|0x00000000afc00000, 0x00000000afd00000, 0x00000000afd00000|100%| E|CS|TAMS 0x00000000afc00000, 0x00000000afc00000| Complete 
| 253|0x00000000afd00000, 0x00000000afe00000, 0x00000000afe00000|100%| E|CS|TAMS 0x00000000afd00000, 0x00000000afd00000| Complete 

Card table byte_map: [0x0000022365990000,0x0000022365c90000] _byte_map_base: 0x0000022365490000

Marking Bits (Prev, Next): (CMBitMap*) 0x0000022350718238, (CMBitMap*) 0x0000022350718270
 Prev Bits: [0x0000022365f90000, 0x0000022367790000)
 Next Bits: [0x0000022367790000, 0x0000022368f90000)

Polling page: 0x00000223507c0000

Metaspace:

Usage:
  Non-class:     97.21 MB capacity,    95.28 MB ( 98%) used,     1.61 MB (  2%) free+waste,   324.94 KB ( <1%) overhead. 
      Class:     14.65 MB capacity,    13.60 MB ( 93%) used,   924.14 KB (  6%) free+waste,   149.06 KB ( <1%) overhead. 
       Both:    111.87 MB capacity,   108.89 MB ( 97%) used,     2.52 MB (  2%) free+waste,   474.00 KB ( <1%) overhead. 

Virtual space:
  Non-class space:       98.00 MB reserved,      97.36 MB (>99%) committed 
      Class space:        1.00 GB reserved,      14.70 MB (  1%) committed 
             Both:        1.10 GB reserved,     112.06 MB ( 10%) committed 

Chunk freelists:
   Non-Class:  26.00 KB
       Class:  4.00 KB
        Both:  30.00 KB

MaxMetaspaceSize: 17179869184.00 GB
CompressedClassSpaceSize: 1.00 GB

CodeHeap 'non-profiled nmethods': size=120000Kb used=14346Kb max_used=14433Kb free=105653Kb
 bounds [0x000002235d4d0000, 0x000002235e300000, 0x0000022364a00000]
CodeHeap 'profiled nmethods': size=120000Kb used=34417Kb max_used=35606Kb free=85582Kb
 bounds [0x0000022355fa0000, 0x0000022358280000, 0x000002235d4d0000]
CodeHeap 'non-nmethods': size=5760Kb used=2351Kb max_used=2418Kb free=3408Kb
 bounds [0x0000022355a00000, 0x0000022355c70000, 0x0000022355fa0000]
 total_blobs=16410 nmethods=15439 adapters=879
 compilation: enabled
              stopped_count=0, restarted_count=0
 full_count=0

Compilation events (20 events):
Event: 132.622 Thread 0x000002236c55d000 17946       3       com.sun.crypto.provider.AESCipher$General::<init> (6 bytes)
Event: 132.623 Thread 0x000002236c55d000 nmethod 17946 0x0000022356fdc410 code [0x0000022356fdc600, 0x0000022356fdc9f8]
Event: 132.623 Thread 0x000002236c55d000 17947       3       com.sun.crypto.provider.AESCipher::<init> (35 bytes)
Event: 132.623 Thread 0x000002236c55d000 nmethod 17947 0x0000022357011910 code [0x0000022357011b00, 0x0000022357011f88]
Event: 132.623 Thread 0x000002236c55d000 17948       3       com.sun.crypto.provider.CipherCore::setMode (369 bytes)
Event: 132.628 Thread 0x000002236c55d000 nmethod 17948 0x0000022357060190 code [0x0000022357060640, 0x0000022357062398]
Event: 132.651 Thread 0x000002236c55c000 nmethod 17945 0x000002235dc64d90 code [0x000002235dc64f60, 0x000002235dc65568]
Event: 132.657 Thread 0x000002236c55d000 17949       3       javax.net.ssl.ExtendedSSLSession::<init> (5 bytes)
Event: 132.658 Thread 0x000002236c55d000 nmethod 17949 0x0000022356f5e810 code [0x0000022356f5e9c0, 0x0000022356f5eb18]
Event: 133.073 Thread 0x000002236c55c000 17950   !   4       org.apache.http.impl.io.AbstractMessageParser::parseHeaders (339 bytes)
Event: 133.177 Thread 0x000002236c55c000 nmethod 17950 0x000002235dd26790 code [0x000002235dd26a00, 0x000002235dd28a98]
Event: 133.278 Thread 0x000002236c55c000 17951       4       org.gradle.internal.serialize.kryo.KryoBackedEncoder::writeNullableString (9 bytes)
Event: 133.292 Thread 0x000002236c55c000 nmethod 17951 0x000002235dc79390 code [0x000002235dc79560, 0x000002235dc79c58]
Event: 133.292 Thread 0x000002236c55c000 17952       4       java.util.LinkedList::toArray (81 bytes)
Event: 133.297 Thread 0x000002236c55c000 nmethod 17952 0x000002235dc3f310 code [0x000002235dc3f4c0, 0x000002235dc3f898]
Event: 133.354 Thread 0x000002236c55d000 17953   !   3       org.gradle.api.internal.artifacts.ivyservice.ivyresolve.ErrorHandlingArtifactResolver::resolveArtifact (39 bytes)
Event: 133.355 Thread 0x000002236c55d000 nmethod 17953 0x0000022357014910 code [0x0000022357014b00, 0x0000022357014f78]
Event: 133.539 Thread 0x000002236c55c000 17954       4       java.lang.Long::getChars (208 bytes)
Event: 133.547 Thread 0x000002236c55c000 nmethod 17954 0x000002235dc78810 code [0x000002235dc789c0, 0x000002235dc79058]
Event: 134.094 Thread 0x000002236c55c000 17955       4       java.util.zip.ZipFile$Source::getEntryPos (206 bytes)

GC Heap History (20 events):
Event: 86.120 GC heap before
{Heap before GC invocations=61 (full 0):
 garbage-first heap   total 260096K, used 221808K [0x00000000a0000000, 0x0000000100000000)
  region size 1024K, 134 young (137216K), 11 survivors (11264K)
 Metaspace       used 97021K, capacity 99727K, committed 99884K, reserved 1136640K
  class space    used 12242K, capacity 13111K, committed 13184K, reserved 1048576K
}
Event: 86.130 GC heap after
{Heap after GC invocations=62 (full 0):
 garbage-first heap   total 260096K, used 100987K [0x00000000a0000000, 0x0000000100000000)
  region size 1024K, 9 young (9216K), 9 survivors (9216K)
 Metaspace       used 97021K, capacity 99727K, committed 99884K, reserved 1136640K
  class space    used 12242K, capacity 13111K, committed 13184K, reserved 1048576K
}
Event: 86.707 GC heap before
{Heap before GC invocations=62 (full 0):
 garbage-first heap   total 260096K, used 215675K [0x00000000a0000000, 0x0000000100000000)
  region size 1024K, 123 young (125952K), 9 survivors (9216K)
 Metaspace       used 97508K, capacity 100269K, committed 100340K, reserved 1136640K
  class space    used 12268K, capacity 13184K, committed 13184K, reserved 1048576K
}
Event: 86.715 GC heap after
{Heap after GC invocations=63 (full 0):
 garbage-first heap   total 260096K, used 101050K [0x00000000a0000000, 0x0000000100000000)
  region size 1024K, 9 young (9216K), 9 survivors (9216K)
 Metaspace       used 97508K, capacity 100269K, committed 100340K, reserved 1136640K
  class space    used 12268K, capacity 13184K, committed 13184K, reserved 1048576K
}
Event: 98.655 GC heap before
{Heap before GC invocations=64 (full 0):
 garbage-first heap   total 260096K, used 220858K [0x00000000a0000000, 0x0000000100000000)
  region size 1024K, 126 young (129024K), 9 survivors (9216K)
 Metaspace       used 97952K, capacity 100580K, committed 100928K, reserved 1136640K
  class space    used 12295K, capacity 13135K, committed 13260K, reserved 1048576K
}
Event: 98.660 GC heap after
{Heap after GC invocations=65 (full 0):
 garbage-first heap   total 260096K, used 100811K [0x00000000a0000000, 0x0000000100000000)
  region size 1024K, 7 young (7168K), 7 survivors (7168K)
 Metaspace       used 97952K, capacity 100580K, committed 100928K, reserved 1136640K
  class space    used 12295K, capacity 13135K, committed 13260K, reserved 1048576K
}
Event: 105.806 GC heap before
{Heap before GC invocations=65 (full 0):
 garbage-first heap   total 260096K, used 222667K [0x00000000a0000000, 0x0000000100000000)
  region size 1024K, 126 young (129024K), 7 survivors (7168K)
 Metaspace       used 104085K, capacity 106863K, committed 106944K, reserved 1142784K
  class space    used 12993K, capacity 13886K, committed 13900K, reserved 1048576K
}
Event: 105.813 GC heap after
{Heap after GC invocations=66 (full 0):
 garbage-first heap   total 260096K, used 103987K [0x00000000a0000000, 0x0000000100000000)
  region size 1024K, 10 young (10240K), 10 survivors (10240K)
 Metaspace       used 104085K, capacity 106863K, committed 106944K, reserved 1142784K
  class space    used 12993K, capacity 13886K, committed 13900K, reserved 1048576K
}
Event: 107.384 GC heap before
{Heap before GC invocations=66 (full 0):
 garbage-first heap   total 260096K, used 222771K [0x00000000a0000000, 0x0000000100000000)
  region size 1024K, 126 young (129024K), 10 survivors (10240K)
 Metaspace       used 105538K, capacity 108382K, committed 108608K, reserved 1144832K
  class space    used 13215K, capacity 14171K, committed 14284K, reserved 1048576K
}
Event: 107.392 GC heap after
{Heap after GC invocations=67 (full 0):
 garbage-first heap   total 260096K, used 106780K [0x00000000a0000000, 0x0000000100000000)
  region size 1024K, 9 young (9216K), 9 survivors (9216K)
 Metaspace       used 105538K, capacity 108382K, committed 108608K, reserved 1144832K
  class space    used 13215K, capacity 14171K, committed 14284K, reserved 1048576K
}
Event: 111.974 GC heap before
{Heap before GC invocations=67 (full 0):
 garbage-first heap   total 260096K, used 220444K [0x00000000a0000000, 0x0000000100000000)
  region size 1024K, 121 young (123904K), 9 survivors (9216K)
 Metaspace       used 106423K, capacity 109296K, committed 109376K, reserved 1144832K
  class space    used 13287K, capacity 14231K, committed 14284K, reserved 1048576K
}
Event: 111.981 GC heap after
{Heap after GC invocations=68 (full 0):
 garbage-first heap   total 260096K, used 109850K [0x00000000a0000000, 0x0000000100000000)
  region size 1024K, 12 young (12288K), 12 survivors (12288K)
 Metaspace       used 106423K, capacity 109296K, committed 109376K, reserved 1144832K
  class space    used 13287K, capacity 14231K, committed 14284K, reserved 1048576K
}
Event: 112.410 GC heap before
{Heap before GC invocations=68 (full 0):
 garbage-first heap   total 260096K, used 220442K [0x00000000a0000000, 0x0000000100000000)
  region size 1024K, 119 young (121856K), 12 survivors (12288K)
 Metaspace       used 107078K, capacity 109925K, committed 110144K, reserved 1144832K
  class space    used 13333K, capacity 14267K, committed 14284K, reserved 1048576K
}
Event: 112.417 GC heap after
{Heap after GC invocations=69 (full 0):
 garbage-first heap   total 260096K, used 110754K [0x00000000a0000000, 0x0000000100000000)
  region size 1024K, 6 young (6144K), 6 survivors (6144K)
 Metaspace       used 107078K, capacity 109925K, committed 110144K, reserved 1144832K
  class space    used 13333K, capacity 14267K, committed 14284K, reserved 1048576K
}
Event: 112.991 GC heap before
{Heap before GC invocations=69 (full 0):
 garbage-first heap   total 260096K, used 225442K [0x00000000a0000000, 0x0000000100000000)
  region size 1024K, 116 young (118784K), 6 survivors (6144K)
 Metaspace       used 107308K, capacity 110213K, committed 110528K, reserved 1144832K
  class space    used 13353K, capacity 14299K, committed 14412K, reserved 1048576K
}
Event: 112.995 GC heap after
{Heap after GC invocations=70 (full 0):
 garbage-first heap   total 260096K, used 112602K [0x00000000a0000000, 0x0000000100000000)
  region size 1024K, 8 young (8192K), 8 survivors (8192K)
 Metaspace       used 107308K, capacity 110213K, committed 110528K, reserved 1144832K
  class space    used 13353K, capacity 14299K, committed 14412K, reserved 1048576K
}
Event: 113.439 GC heap before
{Heap before GC invocations=70 (full 0):
 garbage-first heap   total 260096K, used 223194K [0x00000000a0000000, 0x0000000100000000)
  region size 1024K, 116 young (118784K), 8 survivors (8192K)
 Metaspace       used 107342K, capacity 110213K, committed 110528K, reserved 1144832K
  class space    used 13353K, capacity 14299K, committed 14412K, reserved 1048576K
}
Event: 113.444 GC heap after
{Heap after GC invocations=71 (full 0):
 garbage-first heap   total 260096K, used 112806K [0x00000000a0000000, 0x0000000100000000)
  region size 1024K, 8 young (8192K), 8 survivors (8192K)
 Metaspace       used 107342K, capacity 110213K, committed 110528K, reserved 1144832K
  class space    used 13353K, capacity 14299K, committed 14412K, reserved 1048576K
}
Event: 114.232 GC heap before
{Heap before GC invocations=71 (full 0):
 garbage-first heap   total 260096K, used 224422K [0x00000000a0000000, 0x0000000100000000)
  region size 1024K, 117 young (119808K), 8 survivors (8192K)
 Metaspace       used 110694K, capacity 113767K, committed 113856K, reserved 1148928K
  class space    used 13837K, capacity 14920K, committed 14924K, reserved 1048576K
}
Event: 114.236 GC heap after
{Heap after GC invocations=72 (full 0):
 garbage-first heap   total 260096K, used 108750K [0x00000000a0000000, 0x0000000100000000)
  region size 1024K, 6 young (6144K), 6 survivors (6144K)
 Metaspace       used 110694K, capacity 113767K, committed 113856K, reserved 1148928K
  class space    used 13837K, capacity 14920K, committed 14924K, reserved 1048576K
}

Deoptimization events (20 events):
Event: 114.337 Thread 0x000002236e69d800 Uncommon trap: trap_request=0xffffffde fr.pc=0x000002235d85e984 relative=0x0000000000000064
Event: 114.337 Thread 0x000002236e69d800 Uncommon trap: reason=class_check action=maybe_recompile pc=0x000002235d85e984 method=org.gradle.internal.component.external.model.DefaultModuleComponentIdentifier.getGroup()Ljava/lang/String; @ 4 c2
Event: 114.337 Thread 0x000002236e69d800 DEOPT PACKING pc=0x000002235d85e984 sp=0x000000c127ff90f0
Event: 114.337 Thread 0x000002236e69d800 DEOPT UNPACKING pc=0x0000022355a278af sp=0x000000c127ff9078 mode 2
Event: 114.337 Thread 0x000002236e69d800 Uncommon trap: trap_request=0xffffffde fr.pc=0x000002235d834584 relative=0x0000000000000064
Event: 114.337 Thread 0x000002236e69d800 Uncommon trap: reason=class_check action=maybe_recompile pc=0x000002235d834584 method=org.gradle.internal.component.external.model.DefaultModuleComponentIdentifier.getModule()Ljava/lang/String; @ 4 c2
Event: 114.337 Thread 0x000002236e69d800 DEOPT PACKING pc=0x000002235d834584 sp=0x000000c127ff90f0
Event: 114.337 Thread 0x000002236e69d800 DEOPT UNPACKING pc=0x0000022355a278af sp=0x000000c127ff9078 mode 2
Event: 114.480 Thread 0x000002236e69d800 DEOPT PACKING pc=0x000002235718deb4 sp=0x000000c127ff6e30
Event: 114.480 Thread 0x000002236e69d800 DEOPT UNPACKING pc=0x0000022355a276ce sp=0x000000c127ff62f0 mode 0
Event: 115.470 Thread 0x000002236e69d800 DEOPT PACKING pc=0x0000022357f632f7 sp=0x000000c127ff7eb0
Event: 115.470 Thread 0x000002236e69d800 DEOPT UNPACKING pc=0x0000022355a276ce sp=0x000000c127ff73b0 mode 0
Event: 118.247 Thread 0x000002236e69d800 DEOPT PACKING pc=0x000002235744079c sp=0x000000c127ff8bf0
Event: 118.247 Thread 0x000002236e69d800 DEOPT UNPACKING pc=0x0000022355a276ce sp=0x000000c127ff80d0 mode 0
Event: 131.591 Thread 0x000002236e69d800 DEOPT PACKING pc=0x0000022357f63318 sp=0x000000c127ff7b10
Event: 131.591 Thread 0x000002236e69d800 DEOPT UNPACKING pc=0x0000022355a276ce sp=0x000000c127ff7010 mode 0
Event: 133.354 Thread 0x000002236e69d800 Uncommon trap: trap_request=0xffffff7e fr.pc=0x000002235dc3f7d4 relative=0x0000000000000314
Event: 133.354 Thread 0x000002236e69d800 Uncommon trap: reason=predicate action=maybe_recompile pc=0x000002235dc3f7d4 method=java.util.LinkedList.toArray([Ljava/lang/Object;)[Ljava/lang/Object; @ 39 c2
Event: 133.354 Thread 0x000002236e69d800 DEOPT PACKING pc=0x000002235dc3f7d4 sp=0x000000c127ff8da0
Event: 133.355 Thread 0x000002236e69d800 DEOPT UNPACKING pc=0x0000022355a278af sp=0x000000c127ff8d58 mode 2

Classes redefined (0 events):
No events

Internal exceptions (20 events):
Event: 107.643 Thread 0x0000022374569800 Exception <a 'sun/nio/fs/WindowsException'{0x00000000af493c50}> (0x00000000af493c50) thrown at [./src/hotspot/share/prims/jni.cpp, line 615]
Event: 107.756 Thread 0x000002237456e800 Exception <a 'java/net/SocketTimeoutException'{0x00000000aee6b840}: Read timed out> (0x00000000aee6b840) thrown at [./src/hotspot/share/prims/jni.cpp, line 636]
Event: 107.756 Thread 0x0000022374572800 Exception <a 'java/net/SocketTimeoutException'{0x00000000af2fa018}: Read timed out> (0x00000000af2fa018) thrown at [./src/hotspot/share/prims/jni.cpp, line 636]
Event: 107.756 Thread 0x0000022374571000 Exception <a 'java/net/SocketTimeoutException'{0x00000000aee4d0b0}: Read timed out> (0x00000000aee4d0b0) thrown at [./src/hotspot/share/prims/jni.cpp, line 636]
Event: 111.592 Thread 0x0000022374569800 Exception <a 'sun/nio/fs/WindowsException'{0x00000000abd583e0}> (0x00000000abd583e0) thrown at [./src/hotspot/share/prims/jni.cpp, line 615]
Event: 111.606 Thread 0x0000022374574000 Exception <a 'sun/nio/fs/WindowsException'{0x00000000aba7e098}> (0x00000000aba7e098) thrown at [./src/hotspot/share/prims/jni.cpp, line 615]
Event: 111.968 Thread 0x000002237456e800 Exception <a 'sun/nio/fs/WindowsException'{0x00000000a958b2c0}> (0x00000000a958b2c0) thrown at [./src/hotspot/share/prims/jni.cpp, line 615]
Event: 111.968 Thread 0x000002237456b000 Exception <a 'sun/nio/fs/WindowsException'{0x00000000a97acb28}> (0x00000000a97acb28) thrown at [./src/hotspot/share/prims/jni.cpp, line 615]
Event: 112.001 Thread 0x000002237456c000 Exception <a 'sun/nio/fs/WindowsException'{0x00000000afdae1f8}> (0x00000000afdae1f8) thrown at [./src/hotspot/share/prims/jni.cpp, line 615]
Event: 112.057 Thread 0x000002236e69d800 Exception <a 'sun/nio/fs/WindowsException'{0x00000000ae2b8030}> (0x00000000ae2b8030) thrown at [./src/hotspot/share/prims/jni.cpp, line 615]
Event: 112.061 Thread 0x000002237456d800 Exception <a 'sun/nio/fs/WindowsException'{0x00000000ade9d418}> (0x00000000ade9d418) thrown at [./src/hotspot/share/prims/jni.cpp, line 615]
Event: 112.063 Thread 0x000002237456f800 Exception <a 'sun/nio/fs/WindowsException'{0x00000000add1c910}> (0x00000000add1c910) thrown at [./src/hotspot/share/prims/jni.cpp, line 615]
Event: 112.066 Thread 0x0000022374574000 Exception <a 'sun/nio/fs/WindowsException'{0x00000000adc9cc60}> (0x00000000adc9cc60) thrown at [./src/hotspot/share/prims/jni.cpp, line 615]
Event: 112.133 Thread 0x000002237456d000 Exception <a 'sun/nio/fs/WindowsException'{0x00000000ac0399a0}> (0x00000000ac0399a0) thrown at [./src/hotspot/share/prims/jni.cpp, line 615]
Event: 112.142 Thread 0x000002236e69d800 Exception <a 'java/lang/NoSuchMethodError'{0x00000000ac0712f0}: 'int java.lang.invoke.DirectMethodHandle$Holder.invokeSpecialIFC(java.lang.Object, java.lang.Object, java.lang.Object)'> (0x00000000ac0712f0) thrown at [./src/hotspot/share/interpreter/linkResolver.cpp, line 773]
Event: 114.016 Thread 0x000002236e69d800 Exception <a 'java/lang/NoSuchMethodError'{0x00000000a9b1ac40}: 'java.lang.Object java.lang.invoke.DirectMethodHandle$Holder.invokeStatic(java.lang.Object, java.lang.Object, java.lang.Object, java.lang.Object, java.lang.Object, java.lang.Object, java.lang.Object, java.lang.Object, java.lang.Object, java.lang.Object, java.lang.Object, java.lang.Object, java.lang.Object, java.lang.Object, java.lang.Object, java.lang.Object, java.lang.Object, java.lang.Object, int, java.lang.Object)'> (0x00000000a9b1ac40) thr
Event: 114.017 Thread 0x000002236e69d800 Exception <a 'java/lang/NoSuchMethodError'{0x00000000a9b20f70}: 'java.lang.Object java.lang.invoke.DirectMethodHandle$Holder.invokeStaticInit(java.lang.Object, java.lang.Object, java.lang.Object, java.lang.Object, java.lang.Object, java.lang.Object, java.lang.Object, java.lang.Object, java.lang.Object, java.lang.Object, java.lang.Object, java.lang.Object, java.lang.Object, java.lang.Object, java.lang.Object, java.lang.Object, java.lang.Object, java.lang.Object, int, java.lang.Object)'> (0x00000000a9b20f70)
Event: 114.045 Thread 0x000002236e69d800 Exception <a 'java/lang/NoSuchMethodError'{0x00000000a9919820}: 'int java.lang.invoke.DirectMethodHandle$Holder.invokeVirtual(java.lang.Object, java.lang.Object, java.lang.Object, java.lang.Object)'> (0x00000000a9919820) thrown at [./src/hotspot/share/interpreter/linkResolver.cpp, line 773]
Event: 114.090 Thread 0x000002236e69d800 Exception <a 'java/lang/NoSuchMethodError'{0x00000000a97a3078}: 'java.lang.Object java.lang.invoke.DirectMethodHandle$Holder.invokeStatic(java.lang.Object, int, java.lang.Object, java.lang.Object)'> (0x00000000a97a3078) thrown at [./src/hotspot/share/interpreter/linkResolver.cpp, line 773]
Event: 134.105 Thread 0x000002236e69d800 Exception <a 'java/lang/NoSuchMethodError'{0x00000000ada7d350}: <clinit>> (0x00000000ada7d350) thrown at [./src/hotspot/share/prims/jni.cpp, line 1362]

Events (20 events):
Event: 134.097 loading class com/android/build/gradle/internal/ide/DefaultProjectSyncIssues
Event: 134.097 loading class com/android/build/gradle/internal/ide/DefaultProjectSyncIssues done
Event: 134.097 loading class com/android/build/gradle/internal/ide/DefaultProjectSyncIssues$Companion
Event: 134.097 loading class com/android/build/gradle/internal/ide/DefaultProjectSyncIssues$Companion done
Event: 134.099 loading class com/android/builder/model/SyncIssue$Companion
Event: 134.099 loading class com/android/builder/model/SyncIssue$Companion done
Event: 134.099 loading class com/android/builder/model/SyncIssue$Companion
Event: 134.099 loading class com/android/builder/model/SyncIssue$Companion done
Event: 134.100 loading class com/android/tools/idea/gradle/model/impl/IdeSyncIssueImpl
Event: 134.100 loading class com/android/tools/idea/gradle/model/impl/IdeSyncIssueImpl done
Event: 134.100 loading class com/android/tools/idea/gradle/model/IdeSyncIssue
Event: 134.100 loading class com/android/tools/idea/gradle/model/IdeSyncIssue done
Event: 134.101 loading class com/android/tools/idea/gradle/project/sync/GradleModule$ModelConsumer
Event: 134.101 loading class com/android/tools/idea/gradle/project/sync/GradleModule$ModelConsumer done
Event: 134.105 loading class com/android/tools/idea/gradle/project/sync/IdeAndroidModels
Event: 134.105 loading class com/android/tools/idea/gradle/project/sync/IdeAndroidModels done
Event: 134.106 loading class org/jetbrains/plugins/gradle/tooling/builder/ModelBuildersDataProviders
Event: 134.106 loading class org/jetbrains/plugins/gradle/tooling/builder/ModelBuildersDataProviders done
Event: 134.107 loading class org/jetbrains/plugins/gradle/tooling/builder/ModelBuildersDataProviders$1
Event: 134.107 loading class org/jetbrains/plugins/gradle/tooling/builder/ModelBuildersDataProviders$1 done


Dynamic libraries:
0x00007ff690ce0000 - 0x00007ff690cea000 	D:\Programs\Android Studio\jre\bin\java.exe
0x00007ffbd4a50000 - 0x00007ffbd4c45000 	C:\WINDOWS\SYSTEM32\ntdll.dll
0x00007ffbd3b70000 - 0x00007ffbd3c2d000 	C:\WINDOWS\System32\KERNEL32.DLL
0x00007ffbd26d0000 - 0x00007ffbd2999000 	C:\WINDOWS\System32\KERNELBASE.dll
0x00007ffbd22e0000 - 0x00007ffbd23e0000 	C:\WINDOWS\System32\ucrtbase.dll
0x00007ffbcb1b0000 - 0x00007ffbcb1c9000 	D:\Programs\Android Studio\jre\bin\jli.dll
0x00007ffbca020000 - 0x00007ffbca037000 	D:\Programs\Android Studio\jre\bin\VCRUNTIME140.dll
0x00007ffbd2e10000 - 0x00007ffbd2fb0000 	C:\WINDOWS\System32\USER32.dll
0x00007ffbbcbf0000 - 0x00007ffbbce8a000 	C:\WINDOWS\WinSxS\amd64_microsoft.windows.common-controls_6595b64144ccf1df_6.0.19041.1110_none_60b5254171f9507e\COMCTL32.dll
0x00007ffbd2a80000 - 0x00007ffbd2aa2000 	C:\WINDOWS\System32\win32u.dll
0x00007ffbd3830000 - 0x00007ffbd38ce000 	C:\WINDOWS\System32\msvcrt.dll
0x00007ffbd4930000 - 0x00007ffbd495a000 	C:\WINDOWS\System32\GDI32.dll
0x00007ffbd25c0000 - 0x00007ffbd26cb000 	C:\WINDOWS\System32\gdi32full.dll
0x00007ffbd24c0000 - 0x00007ffbd255d000 	C:\WINDOWS\System32\msvcp_win.dll
0x00007ffbd47e0000 - 0x00007ffbd4810000 	C:\WINDOWS\System32\IMM32.DLL
0x00007ffbbfd30000 - 0x00007ffbbfdcd000 	D:\Programs\Android Studio\jre\bin\msvcp140.dll
0x00007ffb2cff0000 - 0x00007ffb2dabf000 	D:\Programs\Android Studio\jre\bin\server\jvm.dll
0x00007ffbd46d0000 - 0x00007ffbd477c000 	C:\WINDOWS\System32\ADVAPI32.dll
0x00007ffbd4960000 - 0x00007ffbd49fb000 	C:\WINDOWS\System32\sechost.dll
0x00007ffbd45a0000 - 0x00007ffbd46ca000 	C:\WINDOWS\System32\RPCRT4.dll
0x00007ffbd3e60000 - 0x00007ffbd3e68000 	C:\WINDOWS\System32\PSAPI.DLL
0x00007ffbca080000 - 0x00007ffbca089000 	C:\WINDOWS\SYSTEM32\WSOCK32.dll
0x00007ffbc0c20000 - 0x00007ffbc0c47000 	C:\WINDOWS\SYSTEM32\WINMM.dll
0x00007ffbc7c90000 - 0x00007ffbc7c9a000 	C:\WINDOWS\SYSTEM32\VERSION.dll
0x00007ffbd3e70000 - 0x00007ffbd3edb000 	C:\WINDOWS\System32\WS2_32.dll
0x00007ffbd0270000 - 0x00007ffbd0282000 	C:\WINDOWS\SYSTEM32\kernel.appcore.dll
0x00007ffbcb380000 - 0x00007ffbcb391000 	D:\Programs\Android Studio\jre\bin\verify.dll
0x00007ffbcfe10000 - 0x00007ffbcfff4000 	C:\WINDOWS\SYSTEM32\DBGHELP.DLL
0x00007ffbb9690000 - 0x00007ffbb96bc000 	C:\WINDOWS\SYSTEM32\dbgcore.DLL
0x00007ffbd2430000 - 0x00007ffbd24b3000 	C:\WINDOWS\System32\bcryptPrimitives.dll
0x00007ffbbfbf0000 - 0x00007ffbbfc19000 	D:\Programs\Android Studio\jre\bin\java.dll
0x00007ffbc00b0000 - 0x00007ffbc00bb000 	D:\Programs\Android Studio\jre\bin\jimage.dll
0x00007ffbbfbd0000 - 0x00007ffbbfbe8000 	D:\Programs\Android Studio\jre\bin\zip.dll
0x00007ffbd30f0000 - 0x00007ffbd382f000 	C:\WINDOWS\System32\SHELL32.dll
0x00007ffbd0290000 - 0x00007ffbd0a20000 	C:\WINDOWS\SYSTEM32\windows.storage.dll
0x00007ffbd2ab0000 - 0x00007ffbd2e05000 	C:\WINDOWS\System32\combase.dll
0x00007ffbd1be0000 - 0x00007ffbd1c0c000 	C:\WINDOWS\SYSTEM32\Wldp.dll
0x00007ffbd3d00000 - 0x00007ffbd3dae000 	C:\WINDOWS\System32\SHCORE.dll
0x00007ffbd4780000 - 0x00007ffbd47d5000 	C:\WINDOWS\System32\shlwapi.dll
0x00007ffbd20c0000 - 0x00007ffbd20df000 	C:\WINDOWS\SYSTEM32\profapi.dll
0x00007ffbbfbb0000 - 0x00007ffbbfbca000 	D:\Programs\Android Studio\jre\bin\net.dll
0x00007ffbc1940000 - 0x00007ffbc1a48000 	C:\WINDOWS\SYSTEM32\WINHTTP.dll
0x00007ffbd1940000 - 0x00007ffbd19aa000 	C:\WINDOWS\system32\mswsock.dll
0x00007ffbbfb90000 - 0x00007ffbbfba4000 	D:\Programs\Android Studio\jre\bin\nio.dll
0x00007ffbc9f50000 - 0x00007ffbc9f77000 	C:\Users\gorke\.gradle\native\8bec1ad78214c89d9ad589b4d07fe93259594b29d510b10fafb7a158f7737e5d\windows-amd64\native-platform.dll
0x00007ffbbf530000 - 0x00007ffbbf66d000 	C:\Users\gorke\.gradle\native\53dbd7edfb1c66fb8903c78663c9afc45aea4f116125fa6feffd364cf09443e8\windows-amd64\native-platform-file-events.dll
0x00007ffbbfb80000 - 0x00007ffbbfb8a000 	D:\Programs\Android Studio\jre\bin\management.dll
0x00007ffbbfb70000 - 0x00007ffbbfb7c000 	D:\Programs\Android Studio\jre\bin\management_ext.dll
0x00007ffbd1b30000 - 0x00007ffbd1b48000 	C:\WINDOWS\SYSTEM32\CRYPTSP.dll
0x00007ffbd1250000 - 0x00007ffbd1284000 	C:\WINDOWS\system32\rsaenh.dll
0x00007ffbd29a0000 - 0x00007ffbd29c7000 	C:\WINDOWS\System32\bcrypt.dll
0x00007ffbd2080000 - 0x00007ffbd20ae000 	C:\WINDOWS\SYSTEM32\USERENV.dll
0x00007ffbd1b50000 - 0x00007ffbd1b5c000 	C:\WINDOWS\SYSTEM32\CRYPTBASE.dll
0x00007ffbd15e0000 - 0x00007ffbd161b000 	C:\WINDOWS\SYSTEM32\IPHLPAPI.DLL
0x00007ffbd4a00000 - 0x00007ffbd4a08000 	C:\WINDOWS\System32\NSI.dll
0x00007ffbc9e60000 - 0x00007ffbc9e77000 	C:\WINDOWS\SYSTEM32\dhcpcsvc6.DLL
0x00007ffbca290000 - 0x00007ffbca2ad000 	C:\WINDOWS\SYSTEM32\dhcpcsvc.DLL
0x00007ffbd1620000 - 0x00007ffbd16ec000 	C:\WINDOWS\SYSTEM32\DNSAPI.dll
0x00007ffba73a0000 - 0x00007ffba73c7000 	D:\Programs\Android Studio\jre\bin\sunec.dll
0x00007ffbbdbe0000 - 0x00007ffbbdbea000 	C:\Windows\System32\rasadhlp.dll
0x00007ffbbc230000 - 0x00007ffbbc2af000 	C:\WINDOWS\System32\fwpuclnt.dll
0x00007ffbd0e80000 - 0x00007ffbd0eb3000 	C:\WINDOWS\SYSTEM32\ntmarta.dll

dbghelp: loaded successfully - version: 4.0.5 - missing functions: none
symbol engine: initialized successfully - sym options: 0x614 - pdb path: .;D:\Programs\Android Studio\jre\bin;C:\WINDOWS\SYSTEM32;C:\WINDOWS\WinSxS\amd64_microsoft.windows.common-controls_6595b64144ccf1df_6.0.19041.1110_none_60b5254171f9507e;D:\Programs\Android Studio\jre\bin\server;C:\Users\gorke\.gradle\native\8bec1ad78214c89d9ad589b4d07fe93259594b29d510b10fafb7a158f7737e5d\windows-amd64;C:\Users\gorke\.gradle\native\53dbd7edfb1c66fb8903c78663c9afc45aea4f116125fa6feffd364cf09443e8\windows-amd64

VM Arguments:
jvm_args: --add-opens=java.base/java.util=ALL-UNNAMED --add-opens=java.base/java.lang=ALL-UNNAMED --add-opens=java.base/java.lang.invoke=ALL-UNNAMED --add-opens=java.base/java.util=ALL-UNNAMED --add-opens=java.prefs/java.util.prefs=ALL-UNNAMED --add-opens=java.prefs/java.util.prefs=ALL-UNNAMED --add-opens=java.base/java.nio.charset=ALL-UNNAMED --add-opens=java.base/java.net=ALL-UNNAMED --add-opens=java.base/java.util.concurrent.atomic=ALL-UNNAMED -Xmx1536m -Dfile.encoding=windows-1252 -Duser.country=US -Duser.language=en -Duser.variant 
java_command: org.gradle.launcher.daemon.bootstrap.GradleDaemon 7.0.2
java_class_path (initial): C:\Users\gorke\.gradle\wrapper\dists\gradle-7.0.2-bin\857tjihv64xamwrf0h14cai3r\gradle-7.0.2\lib\gradle-launcher-7.0.2.jar
Launcher Type: SUN_STANDARD

[Global flags]
     intx CICompilerCount                          = 4                                         {product} {ergonomic}
     uint ConcGCThreads                            = 3                                         {product} {ergonomic}
     uint G1ConcRefinementThreads                  = 10                                        {product} {ergonomic}
   size_t G1HeapRegionSize                         = 1048576                                   {product} {ergonomic}
    uintx GCDrainStackTargetSize                   = 64                                        {product} {ergonomic}
   size_t InitialHeapSize                          = 266338304                                 {product} {ergonomic}
   size_t MarkStackSize                            = 4194304                                   {product} {ergonomic}
   size_t MaxHeapSize                              = 1610612736                                {product} {command line}
   size_t MaxNewSize                               = 965738496                                 {product} {ergonomic}
   size_t MinHeapDeltaBytes                        = 1048576                                   {product} {ergonomic}
    uintx NonNMethodCodeHeapSize                   = 5836300                                {pd product} {ergonomic}
    uintx NonProfiledCodeHeapSize                  = 122910970                              {pd product} {ergonomic}
    uintx ProfiledCodeHeapSize                     = 122910970                              {pd product} {ergonomic}
    uintx ReservedCodeCacheSize                    = 251658240                              {pd product} {ergonomic}
     bool SegmentedCodeCache                       = true                                      {product} {ergonomic}
     bool UseCompressedClassPointers               = true                                 {lp64_product} {ergonomic}
     bool UseCompressedOops                        = true                                 {lp64_product} {ergonomic}
     bool UseG1GC                                  = true                                      {product} {ergonomic}
     bool UseLargePagesIndividualAllocation        = false                                  {pd product} {ergonomic}

Logging:
Log output configuration:
 #0: stdout all=warning uptime,level,tags
 #1: stderr all=off uptime,level,tags

Environment Variables:
PATH=C:\Program Files\Microsoft MPI\Bin\;C:\Program Files (x86)\Common Files\Intel\Shared Libraries\redist\intel64_win\compiler;C:\ProgramData\Oracle\Java\javapath;C:\Program Files (x86)\Common Files\Oracle\Java\javapath;C:\Windows\system32;C:\Windows;C:\Windows\System32\Wbem;C:\Windows\System32\WindowsPowerShell\v1.0\;C:\Windows\System32\OpenSSH\;C:\Program Files\NVIDIA Corporation\NVIDIA NvDLISR;C:\Program Files (x86)\NVIDIA Corporation\PhysX\Common;C:\Program Files\dotnet\;C:\Program Files\Microsoft SQL Server\Client SDK\ODBC\170\Tools\Binn\;C:\Program Files\Microsoft SQL Server\Client SDK\ODBC\130\Tools\Binn\;C:\WINDOWS\system32;C:\WINDOWS;C:\WINDOWS\System32\Wbem;C:\WINDOWS\System32\WindowsPowerShell\v1.0\;C:\WINDOWS\System32\OpenSSH\;D:\Program Files\Git\Git\cmd;C:\Program Files\MySQL\MySQL Shell 8.0\bin\;C:\Users\gorke\AppData\Local\Microsoft\WindowsApps;C:\Users\gorke\AppData\Local\atom\bin;D:\Programs\Visual Code\Microsoft VS Code\bin;C:\xampp\php;;%USERPROFILE%\AppData\Local\Microsoft\WindowsApps
USERNAME=gorke
OS=Windows_NT
PROCESSOR_IDENTIFIER=Intel64 Family 6 Model 158 Stepping 10, GenuineIntel



---------------  S Y S T E M  ---------------

OS: Windows 10 , 64 bit Build 19041 (10.0.19041.1151)
OS uptime: 6 days 2:25 hours

CPU:total 12 (initial active 12) (6 cores per cpu, 2 threads per core) family 6 model 158 stepping 10 microcode 0xde, cmov, cx8, fxsr, mmx, sse, sse2, sse3, ssse3, sse4.1, sse4.2, popcnt, avx, avx2, aes, clmul, erms, 3dnowpref, lzcnt, ht, tsc, tscinvbit, bmi1, bmi2, adx, fma

Memory: 4k page, system-wide physical 16243M (3725M free)
TotalPageFile size 22387M (AvailPageFile size 4M)
current process WorkingSet (physical memory assigned to process): 560M, peak: 618M
current process commit charge ("private bytes"): 600M, peak: 656M

vm_info: OpenJDK 64-Bit Server VM (11.0.10+0-b96-7249189) for windows-amd64 JRE (11.0.10+0-b96-7249189), built on Mar 31 2021 21:44:00 by "builder" with MS VC++ 14.0 (VS2015)

END.
