#
# There is insufficient memory for the Java Runtime Environment to continue.
# Native memory allocation (malloc) failed to allocate 2060496 bytes for Chunk::new
# Possible reasons:
#   The system is out of physical RAM or swap space
#   The process is running with CompressedOops enabled, and the Java Heap may be blocking the growth of the native heap
# Possible solutions:
#   Reduce memory load on the system
#   Increase physical memory or swap space
#   Check if swap backing store is full
#   Decrease Java heap size (-Xmx/-Xms)
#   Decrease number of Java threads
#   Decrease Java thread stack sizes (-Xss)
#   Set larger code cache with -XX:ReservedCodeCacheSize=
#   JVM is running with Unscaled Compressed Oops mode in which the Java heap is
#     placed in the first 4GB address space. The Java Heap base address is the
#     maximum limit for the native heap growth. Please use -XX:HeapBaseMinAddress
#     to set the Java Heap base and to place the Java Heap above 4GB virtual address.
# This output file may be truncated or incomplete.
#
#  Out of Memory Error (./src/hotspot/share/memory/arena.cpp:197), pid=6004, tid=16648
#
# JRE version: OpenJDK Runtime Environment (11.0.10) (build 11.0.10+0-b96-7249189)
# Java VM: OpenJDK 64-Bit Server VM (11.0.10+0-b96-7249189, mixed mode, tiered, compressed oops, g1 gc, windows-amd64)
# No core dump will be written. Minidumps are not enabled by default on client versions of Windows
#

---------------  S U M M A R Y ------------

Command Line: --add-opens=java.base/java.util=ALL-UNNAMED --add-opens=java.base/java.lang=ALL-UNNAMED --add-opens=java.base/java.lang.invoke=ALL-UNNAMED --add-opens=java.prefs/java.util.prefs=ALL-UNNAMED -Xmx1536m -Dfile.encoding=windows-1252 -Duser.country=US -Duser.language=en -Duser.variant org.gradle.launcher.daemon.bootstrap.GradleDaemon 6.5

Host: Intel(R) Core(TM) i7-8750H CPU @ 2.20GHz, 12 cores, 15G,  Windows 10 , 64 bit Build 19041 (10.0.19041.1151)
Time: Wed Aug 25 17:50:25 2021 Turkey Standard Time elapsed time: 10.602166 seconds (0d 0h 0m 10s)

---------------  T H R E A D  ---------------

Current thread (0x000001fdf48a9000):  JavaThread "C2 CompilerThread0" daemon [_thread_in_native, id=16648, stack(0x000000b038800000,0x000000b038900000)]


Current CompileTask:
C2:  10602 5599   !   4       com.sun.beans.TypeResolver::resolve (261 bytes)

Stack: [0x000000b038800000,0x000000b038900000]
Native frames: (J=compiled Java code, j=interpreted, Vv=VM code, C=native code)
V  [jvm.dll+0x5ecfaa]
V  [jvm.dll+0x722bd5]
V  [jvm.dll+0x72412d]
V  [jvm.dll+0x7247e3]
V  [jvm.dll+0x242928]
V  [jvm.dll+0xbc4fc]
V  [jvm.dll+0xbca0c]
V  [jvm.dll+0x352d3b]
V  [jvm.dll+0x19800c]
V  [jvm.dll+0x1fb70e]
V  [jvm.dll+0x1fa7f4]
V  [jvm.dll+0x18354c]
V  [jvm.dll+0x208ee7]
V  [jvm.dll+0x207731]
V  [jvm.dll+0x6eb1cf]
V  [jvm.dll+0x6e3d45]
V  [jvm.dll+0x5ebe96]
C  [ucrtbase.dll+0x21bb2]
C  [KERNEL32.DLL+0x17034]
C  [ntdll.dll+0x52651]


---------------  P R O C E S S  ---------------

Threads class SMR info:
_java_thread_list=0x000001fdf9035ca0, length=138, elements={
0x000001fdd8a38000, 0x000001fdf483b800, 0x000001fdf4845800, 0x000001fdf489f000,
0x000001fdf48a3000, 0x000001fdf48a5800, 0x000001fdf48a9000, 0x000001fdf48b2000,
0x000001fdf48b8800, 0x000001fdf48bb800, 0x000001fdf48bc800, 0x000001fdf48bf000,
0x000001fdf48b9800, 0x000001fdf48ba000, 0x000001fdf48bd800, 0x000001fdf48be000,
0x000001fdf48bb000, 0x000001fdf6adc000, 0x000001fdf6add000, 0x000001fdf6ad8000,
0x000001fdf6ad9000, 0x000001fdf6ad9800, 0x000001fdf6ada800, 0x000001fdf6adb000,
0x000001fdf6add800, 0x000001fdf6ae4000, 0x000001fdf6ae0000, 0x000001fdf6ae3800,
0x000001fdf6ae1800, 0x000001fdf6adf800, 0x000001fdf7100800, 0x000001fdf7102800,
0x000001fdf7103000, 0x000001fdf7105800, 0x000001fdf7104000, 0x000001fdf7100000,
0x000001fdf710a800, 0x000001fdf7109800, 0x000001fdf7108000, 0x000001fdf7109000,
0x000001fdf7106800, 0x000001fdf7105000, 0x000001fdf710d000, 0x000001fdf710b800,
0x000001fdf710c000, 0x000001fdf7107800, 0x000001fdf710e000, 0x000001fdf710e800,
0x000001fdf8f58800, 0x000001fdf8f59800, 0x000001fdf8f55800, 0x000001fdf8f57800,
0x000001fdf8f5a000, 0x000001fdf8f57000, 0x000001fdf8f5b000, 0x000001fdf8f5c000,
0x000001fdf8f56000, 0x000001fdf8f60800, 0x000001fdf8f61800, 0x000001fdf8f62800,
0x000001fdf8f5c800, 0x000001fdf8f63000, 0x000001fdf8f5e000, 0x000001fdf8f5d800,
0x000001fdf8f5f000, 0x000001fdf8f64000, 0x000001fdf8f60000, 0x000001fdf4e53000,
0x000001fdf4e57000, 0x000001fdf4e59800, 0x000001fdf4e54000, 0x000001fdf4e5a800,
0x000001fdf4e58000, 0x000001fdf4e58800, 0x000001fdf4e54800, 0x000001fdf4e5b000,
0x000001fdf4e55800, 0x000001fdf4e5c000, 0x000001fdf4e56000, 0x000001fdf4e5d800,
0x000001fdf4e5e800, 0x000001fdf4e5f000, 0x000001fdf4e60000, 0x000001fdf4e5c800,
0x000001fdf4e61000, 0x000001fdf4e61800, 0x000001fdf6845800, 0x000001fdf6847800,
0x000001fdf6849000, 0x000001fdf6846800, 0x000001fdf6843800, 0x000001fdf684a000,
0x000001fdf6848000, 0x000001fdf6844000, 0x000001fdf684a800, 0x000001fdf6845000,
0x000001fdf684b800, 0x000001fdf684e000, 0x000001fdf684f800, 0x000001fdf6852000,
0x000001fdf684e800, 0x000001fdf6850800, 0x000001fdf684c800, 0x000001fdf6851000,
0x000001fdf684d000, 0x000001fdf5e3d000, 0x000001fdf5e41000, 0x000001fdf5e3b000,
0x000001fdf5e3d800, 0x000001fdf5e3e800, 0x000001fdf5e3f800, 0x000001fdf5e40000,
0x000001fdf5e41800, 0x000001fdf5e3c000, 0x000001fdf5e45000, 0x000001fdf5e46000,
0x000001fdf5e46800, 0x000001fdf5e43800, 0x000001fdf5e47800, 0x000001fdf5e48800,
0x000001fdf5e42800, 0x000001fdf5e4a000, 0x000001fdf5e49000, 0x000001fdf5e44000,
0x000001fdf75ea000, 0x000001fdf75eb800, 0x000001fdf75eb000, 0x000001fdf75e6000,
0x000001fdf75e9800, 0x000001fdf75ec800, 0x000001fdf75e7000, 0x000001fdf75ed800,
0x000001fdf75e7800, 0x000001fdf75f3000, 0x000001fdf75f4000, 0x000001fdf75ee000,
0x000001fdf75f4800, 0x000001fdf75f0800
}

Java Threads: ( => current thread )
  0x000001fdd8a38000 JavaThread "main" [_thread_blocked, id=1768, stack(0x000000b037c00000,0x000000b037d00000)]
  0x000001fdf483b800 JavaThread "Reference Handler" daemon [_thread_blocked, id=19300, stack(0x000000b038300000,0x000000b038400000)]
  0x000001fdf4845800 JavaThread "Finalizer" daemon [_thread_blocked, id=19484, stack(0x000000b038400000,0x000000b038500000)]
  0x000001fdf489f000 JavaThread "Signal Dispatcher" daemon [_thread_blocked, id=3704, stack(0x000000b038500000,0x000000b038600000)]
  0x000001fdf48a3000 JavaThread "Attach Listener" daemon [_thread_blocked, id=2224, stack(0x000000b038600000,0x000000b038700000)]
  0x000001fdf48a5800 JavaThread "Service Thread" daemon [_thread_blocked, id=12132, stack(0x000000b038700000,0x000000b038800000)]
=>0x000001fdf48a9000 JavaThread "C2 CompilerThread0" daemon [_thread_in_native, id=16648, stack(0x000000b038800000,0x000000b038900000)]
  0x000001fdf48b2000 JavaThread "C1 CompilerThread0" daemon [_thread_in_vm, id=3684, stack(0x000000b038900000,0x000000b038a00000)]
  0x000001fdf48b8800 JavaThread "Sweeper thread" daemon [_thread_blocked, id=9336, stack(0x000000b038a00000,0x000000b038b00000)]
  0x000001fdf48bb800 JavaThread "Common-Cleaner" daemon [_thread_blocked, id=10184, stack(0x000000b038b00000,0x000000b038c00000)]
  0x000001fdf48bc800 JavaThread "Daemon health stats" [_thread_blocked, id=7556, stack(0x000000b039400000,0x000000b039500000)]
  0x000001fdf48bf000 JavaThread "Incoming local TCP Connector on port 55362" [_thread_in_native, id=5188, stack(0x000000b039500000,0x000000b039600000)]
  0x000001fdf48b9800 JavaThread "Daemon periodic checks" [_thread_blocked, id=11216, stack(0x000000b039600000,0x000000b039700000)]
  0x000001fdf48ba000 JavaThread "Daemon" [_thread_blocked, id=17200, stack(0x000000b039700000,0x000000b039800000)]
  0x000001fdf48bd800 JavaThread "Handler for socket connection from /127.0.0.1:55362 to /127.0.0.1:55363" [_thread_in_native, id=1064, stack(0x000000b039800000,0x000000b039900000)]
  0x000001fdf48be000 JavaThread "Cancel handler" [_thread_blocked, id=11472, stack(0x000000b039900000,0x000000b039a00000)]
  0x000001fdf48bb000 JavaThread "Daemon worker" [_thread_in_Java, id=11780, stack(0x000000b039a00000,0x000000b039b00000)]
  0x000001fdf6adc000 JavaThread "Asynchronous log dispatcher for DefaultDaemonConnection: socket connection from /127.0.0.1:55362 to /127.0.0.1:55363" [_thread_blocked, id=17952, stack(0x000000b039c00000,0x000000b039d00000)]
  0x000001fdf6add000 JavaThread "Stdin handler" [_thread_blocked, id=8116, stack(0x000000b039d00000,0x000000b039e00000)]
  0x000001fdf6ad8000 JavaThread "Thread-8" [_thread_blocked, id=9724, stack(0x000000b039e00000,0x000000b039f00000)]
  0x000001fdf6ad9000 JavaThread "Cache worker for journal cache (C:\Users\gorke\.gradle\caches\journal-1)" [_thread_blocked, id=8768, stack(0x000000b039f00000,0x000000b03a000000)]
  0x000001fdf6ad9800 JavaThread "File lock request listener" [_thread_in_native, id=7216, stack(0x000000b03a000000,0x000000b03a100000)]
  0x000001fdf6ada800 JavaThread "Cache worker for file hash cache (C:\Users\gorke\.gradle\caches\6.5\fileHashes)" [_thread_blocked, id=18024, stack(0x000000b039b00000,0x000000b039c00000)]
  0x000001fdf6adb000 JavaThread "Cache worker for file hash cache (D:\Capstone\MyApp01\MyApp01\.gradle\6.5\fileHashes)" [_thread_blocked, id=16792, stack(0x000000b03a900000,0x000000b03aa00000)]
  0x000001fdf6add800 JavaThread "Cache worker for checksums cache (D:\Capstone\MyApp01\MyApp01\.gradle\checksums)" [_thread_blocked, id=16836, stack(0x000000b03a800000,0x000000b03a900000)]
  0x000001fdf6ae4000 JavaThread "Cache worker for cache directory md-supplier (C:\Users\gorke\.gradle\caches\6.5\md-supplier)" [_thread_blocked, id=17192, stack(0x000000b03aa00000,0x000000b03ab00000)]
  0x000001fdf6ae0000 JavaThread "Cache worker for cache directory md-rule (C:\Users\gorke\.gradle\caches\6.5\md-rule)" [_thread_blocked, id=9068, stack(0x000000b03ab00000,0x000000b03ac00000)]
  0x000001fdf6ae3800 JavaThread "Cache worker for execution history cache (C:\Users\gorke\.gradle\caches\6.5\executionHistory)" [_thread_blocked, id=2416, stack(0x000000b03ac00000,0x000000b03ad00000)]
  0x000001fdf6ae1800 JavaThread "jar transforms" [_thread_blocked, id=11636, stack(0x000000b03ad00000,0x000000b03ae00000)]
  0x000001fdf6adf800 JavaThread "Cache worker for file content cache (C:\Users\gorke\.gradle\caches\6.5\fileContent)" [_thread_blocked, id=13992, stack(0x000000b03ae00000,0x000000b03af00000)]
  0x000001fdf7100800 JavaThread "Build operations" [_thread_blocked, id=19616, stack(0x000000b03af00000,0x000000b03b000000)]
  0x000001fdf7102800 JavaThread "Build operations Thread 2" [_thread_blocked, id=7236, stack(0x000000b03b000000,0x000000b03b100000)]
  0x000001fdf7103000 JavaThread "Build operations Thread 3" [_thread_blocked, id=12292, stack(0x000000b03b100000,0x000000b03b200000)]
  0x000001fdf7105800 JavaThread "Build operations Thread 4" [_thread_blocked, id=13988, stack(0x000000b03b200000,0x000000b03b300000)]
  0x000001fdf7104000 JavaThread "Build operations Thread 5" [_thread_blocked, id=20756, stack(0x000000b03b300000,0x000000b03b400000)]
  0x000001fdf7100000 JavaThread "Build operations Thread 6" [_thread_blocked, id=5796, stack(0x000000b03b400000,0x000000b03b500000)]
  0x000001fdf710a800 JavaThread "Build operations Thread 7" [_thread_blocked, id=3224, stack(0x000000b03b500000,0x000000b03b600000)]
  0x000001fdf7109800 JavaThread "Build operations Thread 8" [_thread_blocked, id=3164, stack(0x000000b03b600000,0x000000b03b700000)]
  0x000001fdf7108000 JavaThread "Build operations Thread 9" [_thread_blocked, id=15632, stack(0x000000b03b700000,0x000000b03b800000)]
  0x000001fdf7109000 JavaThread "Build operations Thread 10" [_thread_blocked, id=20168, stack(0x000000b03b800000,0x000000b03b900000)]
  0x000001fdf7106800 JavaThread "Build operations Thread 11" [_thread_blocked, id=2888, stack(0x000000b03b900000,0x000000b03ba00000)]
  0x000001fdf7105000 JavaThread "Build operations Thread 12" [_thread_blocked, id=15264, stack(0x000000b03ba00000,0x000000b03bb00000)]
  0x000001fdf710d000 JavaThread "jar transforms Thread 2" [_thread_blocked, id=11776, stack(0x000000b03bb00000,0x000000b03bc00000)]
  0x000001fdf710b800 JavaThread "jar transforms Thread 3" [_thread_blocked, id=11668, stack(0x000000b03bc00000,0x000000b03bd00000)]
  0x000001fdf710c000 JavaThread "jar transforms Thread 4" [_thread_blocked, id=14996, stack(0x000000b03bd00000,0x000000b03be00000)]
  0x000001fdf7107800 JavaThread "jar transforms Thread 5" [_thread_blocked, id=18120, stack(0x000000b03be00000,0x000000b03bf00000)]
  0x000001fdf710e000 JavaThread "jar transforms Thread 6" [_thread_blocked, id=19992, stack(0x000000b03bf00000,0x000000b03c000000)]
  0x000001fdf710e800 JavaThread "jar transforms Thread 7" [_thread_blocked, id=15120, stack(0x000000b03c000000,0x000000b03c100000)]
  0x000001fdf8f58800 JavaThread "jar transforms Thread 8" [_thread_blocked, id=21220, stack(0x000000b03c100000,0x000000b03c200000)]
  0x000001fdf8f59800 JavaThread "jar transforms Thread 9" [_thread_blocked, id=8164, stack(0x000000b03c200000,0x000000b03c300000)]
  0x000001fdf8f55800 JavaThread "jar transforms Thread 10" [_thread_blocked, id=11132, stack(0x000000b03c300000,0x000000b03c400000)]
  0x000001fdf8f57800 JavaThread "jar transforms Thread 11" [_thread_blocked, id=8212, stack(0x000000b03c400000,0x000000b03c500000)]
  0x000001fdf8f5a000 JavaThread "jar transforms Thread 12" [_thread_blocked, id=9924, stack(0x000000b03c500000,0x000000b03c600000)]
  0x000001fdf8f57000 JavaThread "jar transforms Thread 13" [_thread_blocked, id=19604, stack(0x000000b03c600000,0x000000b03c700000)]
  0x000001fdf8f5b000 JavaThread "jar transforms Thread 14" [_thread_blocked, id=17348, stack(0x000000b03c700000,0x000000b03c800000)]
  0x000001fdf8f5c000 JavaThread "jar transforms Thread 15" [_thread_blocked, id=1432, stack(0x000000b03c800000,0x000000b03c900000)]
  0x000001fdf8f56000 JavaThread "jar transforms Thread 16" [_thread_blocked, id=16352, stack(0x000000b03c900000,0x000000b03ca00000)]
  0x000001fdf8f60800 JavaThread "jar transforms Thread 17" [_thread_blocked, id=12216, stack(0x000000b03ca00000,0x000000b03cb00000)]
  0x000001fdf8f61800 JavaThread "jar transforms Thread 18" [_thread_blocked, id=16440, stack(0x000000b03cb00000,0x000000b03cc00000)]
  0x000001fdf8f62800 JavaThread "jar transforms Thread 19" [_thread_blocked, id=5840, stack(0x000000b03cc00000,0x000000b03cd00000)]
  0x000001fdf8f5c800 JavaThread "jar transforms Thread 20" [_thread_blocked, id=10668, stack(0x000000b03cd00000,0x000000b03ce00000)]
  0x000001fdf8f63000 JavaThread "jar transforms Thread 21" [_thread_blocked, id=14144, stack(0x000000b03ce00000,0x000000b03cf00000)]
  0x000001fdf8f5e000 JavaThread "jar transforms Thread 22" [_thread_blocked, id=20560, stack(0x000000b03cf00000,0x000000b03d000000)]
  0x000001fdf8f5d800 JavaThread "jar transforms Thread 23" [_thread_blocked, id=21304, stack(0x000000b03d000000,0x000000b03d100000)]
  0x000001fdf8f5f000 JavaThread "jar transforms Thread 24" [_thread_blocked, id=680, stack(0x000000b03d100000,0x000000b03d200000)]
  0x000001fdf8f64000 JavaThread "jar transforms Thread 25" [_thread_blocked, id=13112, stack(0x000000b03d200000,0x000000b03d300000)]
  0x000001fdf8f60000 JavaThread "jar transforms Thread 26" [_thread_blocked, id=16572, stack(0x000000b03d300000,0x000000b03d400000)]
  0x000001fdf4e53000 JavaThread "jar transforms Thread 27" [_thread_blocked, id=18940, stack(0x000000b03d400000,0x000000b03d500000)]
  0x000001fdf4e57000 JavaThread "jar transforms Thread 28" [_thread_blocked, id=2216, stack(0x000000b03d500000,0x000000b03d600000)]
  0x000001fdf4e59800 JavaThread "jar transforms Thread 29" [_thread_blocked, id=7676, stack(0x000000b03d600000,0x000000b03d700000)]
  0x000001fdf4e54000 JavaThread "jar transforms Thread 30" [_thread_blocked, id=2752, stack(0x000000b03d700000,0x000000b03d800000)]
  0x000001fdf4e5a800 JavaThread "jar transforms Thread 31" [_thread_blocked, id=2372, stack(0x000000b03d800000,0x000000b03d900000)]
  0x000001fdf4e58000 JavaThread "jar transforms Thread 32" [_thread_blocked, id=9820, stack(0x000000b03d900000,0x000000b03da00000)]
  0x000001fdf4e58800 JavaThread "jar transforms Thread 33" [_thread_blocked, id=14952, stack(0x000000b03da00000,0x000000b03db00000)]
  0x000001fdf4e54800 JavaThread "jar transforms Thread 34" [_thread_blocked, id=15824, stack(0x000000b03db00000,0x000000b03dc00000)]
  0x000001fdf4e5b000 JavaThread "jar transforms Thread 35" [_thread_blocked, id=7312, stack(0x000000b03dc00000,0x000000b03dd00000)]
  0x000001fdf4e55800 JavaThread "jar transforms Thread 36" [_thread_blocked, id=18664, stack(0x000000b03dd00000,0x000000b03de00000)]
  0x000001fdf4e5c000 JavaThread "jar transforms Thread 37" [_thread_blocked, id=16796, stack(0x000000b03de00000,0x000000b03df00000)]
  0x000001fdf4e56000 JavaThread "jar transforms Thread 38" [_thread_blocked, id=10124, stack(0x000000b03df00000,0x000000b03e000000)]
  0x000001fdf4e5d800 JavaThread "jar transforms Thread 39" [_thread_blocked, id=12544, stack(0x000000b03e000000,0x000000b03e100000)]
  0x000001fdf4e5e800 JavaThread "jar transforms Thread 40" [_thread_blocked, id=20856, stack(0x000000b03e100000,0x000000b03e200000)]
  0x000001fdf4e5f000 JavaThread "jar transforms Thread 41" [_thread_blocked, id=19452, stack(0x000000b03e200000,0x000000b03e300000)]
  0x000001fdf4e60000 JavaThread "jar transforms Thread 42" [_thread_blocked, id=4676, stack(0x000000b03e300000,0x000000b03e400000)]
  0x000001fdf4e5c800 JavaThread "jar transforms Thread 43" [_thread_blocked, id=8744, stack(0x000000b03e400000,0x000000b03e500000)]
  0x000001fdf4e61000 JavaThread "jar transforms Thread 44" [_thread_blocked, id=4728, stack(0x000000b03e500000,0x000000b03e600000)]
  0x000001fdf4e61800 JavaThread "jar transforms Thread 45" [_thread_blocked, id=10036, stack(0x000000b03e600000,0x000000b03e700000)]
  0x000001fdf6845800 JavaThread "jar transforms Thread 46" [_thread_blocked, id=4680, stack(0x000000b03e700000,0x000000b03e800000)]
  0x000001fdf6847800 JavaThread "jar transforms Thread 47" [_thread_blocked, id=12868, stack(0x000000b03e800000,0x000000b03e900000)]
  0x000001fdf6849000 JavaThread "jar transforms Thread 48" [_thread_blocked, id=15332, stack(0x000000b03e900000,0x000000b03ea00000)]
  0x000001fdf6846800 JavaThread "jar transforms Thread 49" [_thread_blocked, id=5884, stack(0x000000b03ea00000,0x000000b03eb00000)]
  0x000001fdf6843800 JavaThread "jar transforms Thread 50" [_thread_blocked, id=18420, stack(0x000000b03eb00000,0x000000b03ec00000)]
  0x000001fdf684a000 JavaThread "jar transforms Thread 51" [_thread_blocked, id=18588, stack(0x000000b03ec00000,0x000000b03ed00000)]
  0x000001fdf6848000 JavaThread "jar transforms Thread 52" [_thread_blocked, id=3932, stack(0x000000b03ed00000,0x000000b03ee00000)]
  0x000001fdf6844000 JavaThread "jar transforms Thread 53" [_thread_blocked, id=18956, stack(0x000000b03ee00000,0x000000b03ef00000)]
  0x000001fdf684a800 JavaThread "jar transforms Thread 54" [_thread_blocked, id=3244, stack(0x000000b03ef00000,0x000000b03f000000)]
  0x000001fdf6845000 JavaThread "jar transforms Thread 55" [_thread_blocked, id=1356, stack(0x000000b03f000000,0x000000b03f100000)]
  0x000001fdf684b800 JavaThread "jar transforms Thread 56" [_thread_blocked, id=12680, stack(0x000000b03f100000,0x000000b03f200000)]
  0x000001fdf684e000 JavaThread "jar transforms Thread 57" [_thread_blocked, id=13364, stack(0x000000b03f200000,0x000000b03f300000)]
  0x000001fdf684f800 JavaThread "jar transforms Thread 58" [_thread_blocked, id=1184, stack(0x000000b03f300000,0x000000b03f400000)]
  0x000001fdf6852000 JavaThread "jar transforms Thread 59" [_thread_blocked, id=14780, stack(0x000000b03f400000,0x000000b03f500000)]
  0x000001fdf684e800 JavaThread "jar transforms Thread 60" [_thread_blocked, id=4932, stack(0x000000b03f500000,0x000000b03f600000)]
  0x000001fdf6850800 JavaThread "jar transforms Thread 61" [_thread_blocked, id=21428, stack(0x000000b03f600000,0x000000b03f700000)]
  0x000001fdf684c800 JavaThread "jar transforms Thread 62" [_thread_blocked, id=13920, stack(0x000000b03f700000,0x000000b03f800000)]
  0x000001fdf6851000 JavaThread "jar transforms Thread 63" [_thread_blocked, id=4836, stack(0x000000b03f800000,0x000000b03f900000)]
  0x000001fdf684d000 JavaThread "jar transforms Thread 64" [_thread_blocked, id=15212, stack(0x000000b03f900000,0x000000b03fa00000)]
  0x000001fdf5e3d000 JavaThread "jar transforms Thread 65" [_thread_blocked, id=5536, stack(0x000000b03fa00000,0x000000b03fb00000)]
  0x000001fdf5e41000 JavaThread "jar transforms Thread 66" [_thread_blocked, id=14096, stack(0x000000b03fb00000,0x000000b03fc00000)]
  0x000001fdf5e3b000 JavaThread "jar transforms Thread 67" [_thread_blocked, id=20004, stack(0x000000b03fc00000,0x000000b03fd00000)]
  0x000001fdf5e3d800 JavaThread "jar transforms Thread 68" [_thread_blocked, id=13396, stack(0x000000b03fd00000,0x000000b03fe00000)]
  0x000001fdf5e3e800 JavaThread "jar transforms Thread 69" [_thread_blocked, id=7108, stack(0x000000b03fe00000,0x000000b03ff00000)]
  0x000001fdf5e3f800 JavaThread "jar transforms Thread 70" [_thread_blocked, id=11696, stack(0x000000b03ff00000,0x000000b040000000)]
  0x000001fdf5e40000 JavaThread "jar transforms Thread 71" [_thread_blocked, id=8588, stack(0x000000b040000000,0x000000b040100000)]
  0x000001fdf5e41800 JavaThread "jar transforms Thread 72" [_thread_blocked, id=1124, stack(0x000000b040100000,0x000000b040200000)]
  0x000001fdf5e3c000 JavaThread "jar transforms Thread 73" [_thread_blocked, id=2428, stack(0x000000b040200000,0x000000b040300000)]
  0x000001fdf5e45000 JavaThread "jar transforms Thread 74" [_thread_blocked, id=11096, stack(0x000000b040300000,0x000000b040400000)]
  0x000001fdf5e46000 JavaThread "jar transforms Thread 75" [_thread_blocked, id=17204, stack(0x000000b040400000,0x000000b040500000)]
  0x000001fdf5e46800 JavaThread "jar transforms Thread 76" [_thread_blocked, id=7356, stack(0x000000b040500000,0x000000b040600000)]
  0x000001fdf5e43800 JavaThread "jar transforms Thread 77" [_thread_blocked, id=17112, stack(0x000000b040600000,0x000000b040700000)]
  0x000001fdf5e47800 JavaThread "jar transforms Thread 78" [_thread_blocked, id=14716, stack(0x000000b040700000,0x000000b040800000)]
  0x000001fdf5e48800 JavaThread "jar transforms Thread 79" [_thread_blocked, id=5344, stack(0x000000b040800000,0x000000b040900000)]
  0x000001fdf5e42800 JavaThread "jar transforms Thread 80" [_thread_blocked, id=17288, stack(0x000000b040900000,0x000000b040a00000)]
  0x000001fdf5e4a000 JavaThread "jar transforms Thread 81" [_thread_blocked, id=4236, stack(0x000000b040a00000,0x000000b040b00000)]
  0x000001fdf5e49000 JavaThread "jar transforms Thread 82" [_thread_blocked, id=13680, stack(0x000000b040b00000,0x000000b040c00000)]
  0x000001fdf5e44000 JavaThread "jar transforms Thread 83" [_thread_blocked, id=3056, stack(0x000000b040c00000,0x000000b040d00000)]
  0x000001fdf75ea000 JavaThread "jar transforms Thread 84" [_thread_blocked, id=16520, stack(0x000000b040d00000,0x000000b040e00000)]
  0x000001fdf75eb800 JavaThread "jar transforms Thread 85" [_thread_blocked, id=12012, stack(0x000000b040e00000,0x000000b040f00000)]
  0x000001fdf75eb000 JavaThread "jar transforms Thread 86" [_thread_blocked, id=18068, stack(0x000000b040f00000,0x000000b041000000)]
  0x000001fdf75e6000 JavaThread "jar transforms Thread 87" [_thread_blocked, id=3100, stack(0x000000b041000000,0x000000b041100000)]
  0x000001fdf75e9800 JavaThread "jar transforms Thread 88" [_thread_blocked, id=20648, stack(0x000000b041100000,0x000000b041200000)]
  0x000001fdf75ec800 JavaThread "jar transforms Thread 89" [_thread_blocked, id=14900, stack(0x000000b041200000,0x000000b041300000)]
  0x000001fdf75e7000 JavaThread "jar transforms Thread 90" [_thread_blocked, id=3316, stack(0x000000b041300000,0x000000b041400000)]
  0x000001fdf75ed800 JavaThread "jar transforms Thread 91" [_thread_blocked, id=12324, stack(0x000000b041400000,0x000000b041500000)]
  0x000001fdf75e7800 JavaThread "jar transforms Thread 92" [_thread_blocked, id=1876, stack(0x000000b041500000,0x000000b041600000)]
  0x000001fdf75f3000 JavaThread "Cache worker for Build Output Cleanup Cache (D:\Capstone\MyApp01\MyApp01\.gradle\buildOutputCleanup)" [_thread_blocked, id=17480, stack(0x000000b041700000,0x000000b041800000)]
  0x000001fdf75f4000 JavaThread "C2 CompilerThread1" daemon [_thread_in_native, id=6760, stack(0x000000b041800000,0x000000b041900000)]
  0x000001fdf75ee000 JavaThread "Memory manager" [_thread_blocked, id=18132, stack(0x000000b041a00000,0x000000b041b00000)]
  0x000001fdf75f4800 JavaThread "Cache worker for file content cache (D:\Capstone\MyApp01\MyApp01\.gradle\6.5\fileContent)" [_thread_blocked, id=1052, stack(0x000000b041b00000,0x000000b041c00000)]
  0x000001fdf75f0800 JavaThread "C2 CompilerThread2" daemon [_thread_in_native, id=19164, stack(0x000000b041900000,0x000000b041a00000)]

Other Threads:
  0x000001fdf4819800 VMThread "VM Thread" [stack: 0x000000b038200000,0x000000b038300000] [id=9592]
  0x000001fdf4a3b800 WatcherThread [stack: 0x000000b038c00000,0x000000b038d00000] [id=16024]
  0x000001fdd8a4f800 GCTaskThread "GC Thread#0" [stack: 0x000000b037d00000,0x000000b037e00000] [id=11580]
  0x000001fdf5860800 GCTaskThread "GC Thread#1" [stack: 0x000000b038e00000,0x000000b038f00000] [id=10412]
  0x000001fdf56bb000 GCTaskThread "GC Thread#2" [stack: 0x000000b038f00000,0x000000b039000000] [id=14324]
  0x000001fdf56bb800 GCTaskThread "GC Thread#3" [stack: 0x000000b039000000,0x000000b039100000] [id=11712]
  0x000001fdf558b000 GCTaskThread "GC Thread#4" [stack: 0x000000b039100000,0x000000b039200000] [id=1592]
  0x000001fdf579a000 GCTaskThread "GC Thread#5" [stack: 0x000000b039200000,0x000000b039300000] [id=14364]
  0x000001fdf6acf800 GCTaskThread "GC Thread#6" [stack: 0x000000b03a100000,0x000000b03a200000] [id=10000]
  0x000001fdf6aca800 GCTaskThread "GC Thread#7" [stack: 0x000000b03a200000,0x000000b03a300000] [id=13168]
  0x000001fdf6ad0000 GCTaskThread "GC Thread#8" [stack: 0x000000b03a300000,0x000000b03a400000] [id=8496]
  0x000001fdf6ad1000 GCTaskThread "GC Thread#9" [stack: 0x000000b03a400000,0x000000b03a500000] [id=9624]
  0x000001fdd8a79800 ConcurrentGCThread "G1 Main Marker" [stack: 0x000000b037e00000,0x000000b037f00000] [id=2568]
  0x000001fdd8a7e000 ConcurrentGCThread "G1 Conc#0" [stack: 0x000000b037f00000,0x000000b038000000] [id=16964]
  0x000001fdf6acb000 ConcurrentGCThread "G1 Conc#1" [stack: 0x000000b03a500000,0x000000b03a600000] [id=13240]
  0x000001fdf6ad1800 ConcurrentGCThread "G1 Conc#2" [stack: 0x000000b03a600000,0x000000b03a700000] [id=8440]
  0x000001fdd8b1e000 ConcurrentGCThread "G1 Refine#0" [stack: 0x000000b038000000,0x000000b038100000] [id=18040]
  0x000001fdfa1e8800 ConcurrentGCThread "G1 Refine#1" [stack: 0x000000b03a700000,0x000000b03a800000] [id=20368]
  0x000001fdf6a4f000 ConcurrentGCThread "G1 Refine#2" [stack: 0x000000b041600000,0x000000b041700000] [id=12772]
  0x000001fdf3e7f800 ConcurrentGCThread "G1 Young RemSet Sampling" [stack: 0x000000b038100000,0x000000b038200000] [id=8780]

Threads with active compile tasks:
C2 CompilerThread0  10944 5599   !   4       com.sun.beans.TypeResolver::resolve (261 bytes)
C1 CompilerThread0  10944 5904       3       org.gradle.api.internal.model.DefaultObjectFactory::property (172 bytes)
C2 CompilerThread1  10944 5729   !   4       jdk.internal.loader.Resource::getBytes (242 bytes)
C2 CompilerThread2  10944 5901       4       java.util.HashMap::getNode (148 bytes)

VM state:not at safepoint (normal execution)

VM Mutex/Monitor currently owned by a thread: None

Heap address: 0x00000000a0000000, size: 1536 MB, Compressed Oops mode: 32-bit
Narrow klass base: 0x0000000000000000, Narrow klass shift: 3
Compressed class space size: 1073741824 Address: 0x0000000100000000

Heap:
 garbage-first heap   total 260096K, used 142163K [0x00000000a0000000, 0x0000000100000000)
  region size 1024K, 119 young (121856K), 19 survivors (19456K)
 Metaspace       used 68948K, capacity 70614K, committed 70864K, reserved 1110016K
  class space    used 8978K, capacity 9521K, committed 9600K, reserved 1048576K
Heap Regions: E=young(eden), S=young(survivor), O=old, HS=humongous(starts), HC=humongous(continues), CS=collection set, F=free, A=archive, TAMS=top-at-mark-start (previous, next)
|   0|0x00000000a0000000, 0x00000000a0100000, 0x00000000a0100000|100%| O|  |TAMS 0x00000000a0100000, 0x00000000a0000000| Untracked 
|   1|0x00000000a0100000, 0x00000000a0200000, 0x00000000a0200000|100%| O|  |TAMS 0x00000000a0200000, 0x00000000a0100000| Untracked 
|   2|0x00000000a0200000, 0x00000000a0300000, 0x00000000a0300000|100%| O|  |TAMS 0x00000000a0300000, 0x00000000a0200000| Untracked 
|   3|0x00000000a0300000, 0x00000000a0400000, 0x00000000a0400000|100%|HS|  |TAMS 0x00000000a0400000, 0x00000000a0300000| Complete 
|   4|0x00000000a0400000, 0x00000000a0500000, 0x00000000a0500000|100%|HC|  |TAMS 0x00000000a0500000, 0x00000000a0400000| Complete 
|   5|0x00000000a0500000, 0x00000000a0600000, 0x00000000a0600000|100%|HC|  |TAMS 0x00000000a0600000, 0x00000000a0500000| Complete 
|   6|0x00000000a0600000, 0x00000000a0700000, 0x00000000a0700000|100%| O|  |TAMS 0x00000000a0700000, 0x00000000a0600000| Untracked 
|   7|0x00000000a0700000, 0x00000000a0800000, 0x00000000a0800000|100%| O|  |TAMS 0x00000000a0800000, 0x00000000a0700000| Untracked 
|   8|0x00000000a0800000, 0x00000000a0900000, 0x00000000a0900000|100%| O|  |TAMS 0x00000000a0900000, 0x00000000a0800000| Untracked 
|   9|0x00000000a0900000, 0x00000000a0a00000, 0x00000000a0a00000|100%| O|  |TAMS 0x00000000a0a00000, 0x00000000a0900000| Untracked 
|  10|0x00000000a0a00000, 0x00000000a0b00000, 0x00000000a0b00000|100%| O|  |TAMS 0x00000000a0b00000, 0x00000000a0a00000| Untracked 
|  11|0x00000000a0b00000, 0x00000000a0c00000, 0x00000000a0c00000|100%| O|  |TAMS 0x00000000a0c00000, 0x00000000a0b00000| Untracked 
|  12|0x00000000a0c00000, 0x00000000a0d00000, 0x00000000a0d00000|100%| O|  |TAMS 0x00000000a0d00000, 0x00000000a0c00000| Untracked 
|  13|0x00000000a0d00000, 0x00000000a0e00000, 0x00000000a0e00000|100%| O|  |TAMS 0x00000000a0e00000, 0x00000000a0d00000| Untracked 
|  14|0x00000000a0e00000, 0x00000000a0f00000, 0x00000000a0f00000|100%| O|  |TAMS 0x00000000a0f00000, 0x00000000a0e00000| Untracked 
|  15|0x00000000a0f00000, 0x00000000a1000000, 0x00000000a1000000|100%| O|  |TAMS 0x00000000a1000000, 0x00000000a0f00000| Untracked 
|  16|0x00000000a1000000, 0x00000000a1100000, 0x00000000a1100000|100%|HS|  |TAMS 0x00000000a1100000, 0x00000000a1000000| Complete 
|  17|0x00000000a1100000, 0x00000000a1200000, 0x00000000a1200000|100%|HS|  |TAMS 0x00000000a1200000, 0x00000000a1100000| Complete 
|  18|0x00000000a1200000, 0x00000000a1300000, 0x00000000a1300000|100%|HC|  |TAMS 0x00000000a1300000, 0x00000000a1200000| Complete 
|  19|0x00000000a1300000, 0x00000000a1300000, 0x00000000a1400000|  0%| F|  |TAMS 0x00000000a1300000, 0x00000000a1300000| Untracked 
|  20|0x00000000a1400000, 0x00000000a1500000, 0x00000000a1500000|100%| O|  |TAMS 0x00000000a1500000, 0x00000000a1400000| Untracked 
|  21|0x00000000a1500000, 0x00000000a15d4e00, 0x00000000a1600000| 83%| O|  |TAMS 0x00000000a15d4e00, 0x00000000a1500000| Untracked 
|  22|0x00000000a1600000, 0x00000000a1600000, 0x00000000a1700000|  0%| F|  |TAMS 0x00000000a1600000, 0x00000000a1600000| Untracked 
|  23|0x00000000a1700000, 0x00000000a1700000, 0x00000000a1800000|  0%| F|  |TAMS 0x00000000a1700000, 0x00000000a1700000| Untracked 
|  24|0x00000000a1800000, 0x00000000a1800000, 0x00000000a1900000|  0%| F|  |TAMS 0x00000000a1800000, 0x00000000a1800000| Untracked 
|  25|0x00000000a1900000, 0x00000000a1900000, 0x00000000a1a00000|  0%| F|  |TAMS 0x00000000a1900000, 0x00000000a1900000| Untracked 
|  26|0x00000000a1a00000, 0x00000000a1a00000, 0x00000000a1b00000|  0%| F|  |TAMS 0x00000000a1a00000, 0x00000000a1a00000| Untracked 
|  27|0x00000000a1b00000, 0x00000000a1b00000, 0x00000000a1c00000|  0%| F|  |TAMS 0x00000000a1b00000, 0x00000000a1b00000| Untracked 
|  28|0x00000000a1c00000, 0x00000000a1c00000, 0x00000000a1d00000|  0%| F|  |TAMS 0x00000000a1c00000, 0x00000000a1c00000| Untracked 
|  29|0x00000000a1d00000, 0x00000000a1d00000, 0x00000000a1e00000|  0%| F|  |TAMS 0x00000000a1d00000, 0x00000000a1d00000| Untracked 
|  30|0x00000000a1e00000, 0x00000000a1e00000, 0x00000000a1f00000|  0%| F|  |TAMS 0x00000000a1e00000, 0x00000000a1e00000| Untracked 
|  31|0x00000000a1f00000, 0x00000000a1f00000, 0x00000000a2000000|  0%| F|  |TAMS 0x00000000a1f00000, 0x00000000a1f00000| Untracked 
|  32|0x00000000a2000000, 0x00000000a2000000, 0x00000000a2100000|  0%| F|  |TAMS 0x00000000a2000000, 0x00000000a2000000| Untracked 
|  33|0x00000000a2100000, 0x00000000a2100000, 0x00000000a2200000|  0%| F|  |TAMS 0x00000000a2100000, 0x00000000a2100000| Untracked 
|  34|0x00000000a2200000, 0x00000000a2200000, 0x00000000a2300000|  0%| F|  |TAMS 0x00000000a2200000, 0x00000000a2200000| Untracked 
|  35|0x00000000a2300000, 0x00000000a2300000, 0x00000000a2400000|  0%| F|  |TAMS 0x00000000a2300000, 0x00000000a2300000| Untracked 
|  36|0x00000000a2400000, 0x00000000a2400000, 0x00000000a2500000|  0%| F|  |TAMS 0x00000000a2400000, 0x00000000a2400000| Untracked 
|  37|0x00000000a2500000, 0x00000000a2500000, 0x00000000a2600000|  0%| F|  |TAMS 0x00000000a2500000, 0x00000000a2500000| Untracked 
|  38|0x00000000a2600000, 0x00000000a2600000, 0x00000000a2700000|  0%| F|  |TAMS 0x00000000a2600000, 0x00000000a2600000| Untracked 
|  39|0x00000000a2700000, 0x00000000a2700000, 0x00000000a2800000|  0%| F|  |TAMS 0x00000000a2700000, 0x00000000a2700000| Untracked 
|  40|0x00000000a2800000, 0x00000000a2800000, 0x00000000a2900000|  0%| F|  |TAMS 0x00000000a2800000, 0x00000000a2800000| Untracked 
|  41|0x00000000a2900000, 0x00000000a2900000, 0x00000000a2a00000|  0%| F|  |TAMS 0x00000000a2900000, 0x00000000a2900000| Untracked 
|  42|0x00000000a2a00000, 0x00000000a2a00000, 0x00000000a2b00000|  0%| F|  |TAMS 0x00000000a2a00000, 0x00000000a2a00000| Untracked 
|  43|0x00000000a2b00000, 0x00000000a2b00000, 0x00000000a2c00000|  0%| F|  |TAMS 0x00000000a2b00000, 0x00000000a2b00000| Untracked 
|  44|0x00000000a2c00000, 0x00000000a2c00000, 0x00000000a2d00000|  0%| F|  |TAMS 0x00000000a2c00000, 0x00000000a2c00000| Untracked 
|  45|0x00000000a2d00000, 0x00000000a2d00000, 0x00000000a2e00000|  0%| F|  |TAMS 0x00000000a2d00000, 0x00000000a2d00000| Untracked 
|  46|0x00000000a2e00000, 0x00000000a2e00000, 0x00000000a2f00000|  0%| F|  |TAMS 0x00000000a2e00000, 0x00000000a2e00000| Untracked 
|  47|0x00000000a2f00000, 0x00000000a2f00000, 0x00000000a3000000|  0%| F|  |TAMS 0x00000000a2f00000, 0x00000000a2f00000| Untracked 
|  48|0x00000000a3000000, 0x00000000a3000000, 0x00000000a3100000|  0%| F|  |TAMS 0x00000000a3000000, 0x00000000a3000000| Untracked 
|  49|0x00000000a3100000, 0x00000000a3100000, 0x00000000a3200000|  0%| F|  |TAMS 0x00000000a3100000, 0x00000000a3100000| Untracked 
|  50|0x00000000a3200000, 0x00000000a3200000, 0x00000000a3300000|  0%| F|  |TAMS 0x00000000a3200000, 0x00000000a3200000| Untracked 
|  51|0x00000000a3300000, 0x00000000a3300000, 0x00000000a3400000|  0%| F|  |TAMS 0x00000000a3300000, 0x00000000a3300000| Untracked 
|  52|0x00000000a3400000, 0x00000000a3400000, 0x00000000a3500000|  0%| F|  |TAMS 0x00000000a3400000, 0x00000000a3400000| Untracked 
|  53|0x00000000a3500000, 0x00000000a3500000, 0x00000000a3600000|  0%| F|  |TAMS 0x00000000a3500000, 0x00000000a3500000| Untracked 
|  54|0x00000000a3600000, 0x00000000a3600000, 0x00000000a3700000|  0%| F|  |TAMS 0x00000000a3600000, 0x00000000a3600000| Untracked 
|  55|0x00000000a3700000, 0x00000000a3700000, 0x00000000a3800000|  0%| F|  |TAMS 0x00000000a3700000, 0x00000000a3700000| Untracked 
|  56|0x00000000a3800000, 0x00000000a3800000, 0x00000000a3900000|  0%| F|  |TAMS 0x00000000a3800000, 0x00000000a3800000| Untracked 
|  57|0x00000000a3900000, 0x00000000a3900000, 0x00000000a3a00000|  0%| F|  |TAMS 0x00000000a3900000, 0x00000000a3900000| Untracked 
|  58|0x00000000a3a00000, 0x00000000a3a00000, 0x00000000a3b00000|  0%| F|  |TAMS 0x00000000a3a00000, 0x00000000a3a00000| Untracked 
|  59|0x00000000a3b00000, 0x00000000a3b00000, 0x00000000a3c00000|  0%| F|  |TAMS 0x00000000a3b00000, 0x00000000a3b00000| Untracked 
|  60|0x00000000a3c00000, 0x00000000a3c00000, 0x00000000a3d00000|  0%| F|  |TAMS 0x00000000a3c00000, 0x00000000a3c00000| Untracked 
|  61|0x00000000a3d00000, 0x00000000a3d00000, 0x00000000a3e00000|  0%| F|  |TAMS 0x00000000a3d00000, 0x00000000a3d00000| Untracked 
|  62|0x00000000a3e00000, 0x00000000a3e00000, 0x00000000a3f00000|  0%| F|  |TAMS 0x00000000a3e00000, 0x00000000a3e00000| Untracked 
|  63|0x00000000a3f00000, 0x00000000a3f00000, 0x00000000a4000000|  0%| F|  |TAMS 0x00000000a3f00000, 0x00000000a3f00000| Untracked 
|  64|0x00000000a4000000, 0x00000000a4000000, 0x00000000a4100000|  0%| F|  |TAMS 0x00000000a4000000, 0x00000000a4000000| Untracked 
|  65|0x00000000a4100000, 0x00000000a4100000, 0x00000000a4200000|  0%| F|  |TAMS 0x00000000a4100000, 0x00000000a4100000| Untracked 
|  66|0x00000000a4200000, 0x00000000a4200000, 0x00000000a4300000|  0%| F|  |TAMS 0x00000000a4200000, 0x00000000a4200000| Untracked 
|  67|0x00000000a4300000, 0x00000000a4300000, 0x00000000a4400000|  0%| F|  |TAMS 0x00000000a4300000, 0x00000000a4300000| Untracked 
|  68|0x00000000a4400000, 0x00000000a4400000, 0x00000000a4500000|  0%| F|  |TAMS 0x00000000a4400000, 0x00000000a4400000| Untracked 
|  69|0x00000000a4500000, 0x00000000a4500000, 0x00000000a4600000|  0%| F|  |TAMS 0x00000000a4500000, 0x00000000a4500000| Untracked 
|  70|0x00000000a4600000, 0x00000000a4600000, 0x00000000a4700000|  0%| F|  |TAMS 0x00000000a4600000, 0x00000000a4600000| Untracked 
|  71|0x00000000a4700000, 0x00000000a4700000, 0x00000000a4800000|  0%| F|  |TAMS 0x00000000a4700000, 0x00000000a4700000| Untracked 
|  72|0x00000000a4800000, 0x00000000a4800000, 0x00000000a4900000|  0%| F|  |TAMS 0x00000000a4800000, 0x00000000a4800000| Untracked 
|  73|0x00000000a4900000, 0x00000000a4900000, 0x00000000a4a00000|  0%| F|  |TAMS 0x00000000a4900000, 0x00000000a4900000| Untracked 
|  74|0x00000000a4a00000, 0x00000000a4a00000, 0x00000000a4b00000|  0%| F|  |TAMS 0x00000000a4a00000, 0x00000000a4a00000| Untracked 
|  75|0x00000000a4b00000, 0x00000000a4b00000, 0x00000000a4c00000|  0%| F|  |TAMS 0x00000000a4b00000, 0x00000000a4b00000| Untracked 
|  76|0x00000000a4c00000, 0x00000000a4c00000, 0x00000000a4d00000|  0%| F|  |TAMS 0x00000000a4c00000, 0x00000000a4c00000| Untracked 
|  77|0x00000000a4d00000, 0x00000000a4d00000, 0x00000000a4e00000|  0%| F|  |TAMS 0x00000000a4d00000, 0x00000000a4d00000| Untracked 
|  78|0x00000000a4e00000, 0x00000000a4e00000, 0x00000000a4f00000|  0%| F|  |TAMS 0x00000000a4e00000, 0x00000000a4e00000| Untracked 
|  79|0x00000000a4f00000, 0x00000000a4f00000, 0x00000000a5000000|  0%| F|  |TAMS 0x00000000a4f00000, 0x00000000a4f00000| Untracked 
|  80|0x00000000a5000000, 0x00000000a5000000, 0x00000000a5100000|  0%| F|  |TAMS 0x00000000a5000000, 0x00000000a5000000| Untracked 
|  81|0x00000000a5100000, 0x00000000a5100000, 0x00000000a5200000|  0%| F|  |TAMS 0x00000000a5100000, 0x00000000a5100000| Untracked 
|  82|0x00000000a5200000, 0x00000000a5200000, 0x00000000a5300000|  0%| F|  |TAMS 0x00000000a5200000, 0x00000000a5200000| Untracked 
|  83|0x00000000a5300000, 0x00000000a5300000, 0x00000000a5400000|  0%| F|  |TAMS 0x00000000a5300000, 0x00000000a5300000| Untracked 
|  84|0x00000000a5400000, 0x00000000a5400000, 0x00000000a5500000|  0%| F|  |TAMS 0x00000000a5400000, 0x00000000a5400000| Untracked 
|  85|0x00000000a5500000, 0x00000000a5500000, 0x00000000a5600000|  0%| F|  |TAMS 0x00000000a5500000, 0x00000000a5500000| Untracked 
|  86|0x00000000a5600000, 0x00000000a5600000, 0x00000000a5700000|  0%| F|  |TAMS 0x00000000a5600000, 0x00000000a5600000| Untracked 
|  87|0x00000000a5700000, 0x00000000a5700000, 0x00000000a5800000|  0%| F|  |TAMS 0x00000000a5700000, 0x00000000a5700000| Untracked 
|  88|0x00000000a5800000, 0x00000000a5800000, 0x00000000a5900000|  0%| F|  |TAMS 0x00000000a5800000, 0x00000000a5800000| Untracked 
|  89|0x00000000a5900000, 0x00000000a5900000, 0x00000000a5a00000|  0%| F|  |TAMS 0x00000000a5900000, 0x00000000a5900000| Untracked 
|  90|0x00000000a5a00000, 0x00000000a5a00000, 0x00000000a5b00000|  0%| F|  |TAMS 0x00000000a5a00000, 0x00000000a5a00000| Untracked 
|  91|0x00000000a5b00000, 0x00000000a5b00000, 0x00000000a5c00000|  0%| F|  |TAMS 0x00000000a5b00000, 0x00000000a5b00000| Untracked 
|  92|0x00000000a5c00000, 0x00000000a5c00000, 0x00000000a5d00000|  0%| F|  |TAMS 0x00000000a5c00000, 0x00000000a5c00000| Untracked 
|  93|0x00000000a5d00000, 0x00000000a5d00000, 0x00000000a5e00000|  0%| F|  |TAMS 0x00000000a5d00000, 0x00000000a5d00000| Untracked 
|  94|0x00000000a5e00000, 0x00000000a5f00000, 0x00000000a5f00000|100%| S|CS|TAMS 0x00000000a5e00000, 0x00000000a5e00000| Complete 
|  95|0x00000000a5f00000, 0x00000000a6000000, 0x00000000a6000000|100%| S|CS|TAMS 0x00000000a5f00000, 0x00000000a5f00000| Complete 
|  96|0x00000000a6000000, 0x00000000a6100000, 0x00000000a6100000|100%| S|CS|TAMS 0x00000000a6000000, 0x00000000a6000000| Complete 
|  97|0x00000000a6100000, 0x00000000a6200000, 0x00000000a6200000|100%| S|CS|TAMS 0x00000000a6100000, 0x00000000a6100000| Complete 
|  98|0x00000000a6200000, 0x00000000a6300000, 0x00000000a6300000|100%| S|CS|TAMS 0x00000000a6200000, 0x00000000a6200000| Complete 
|  99|0x00000000a6300000, 0x00000000a6400000, 0x00000000a6400000|100%| S|CS|TAMS 0x00000000a6300000, 0x00000000a6300000| Complete 
| 100|0x00000000a6400000, 0x00000000a6500000, 0x00000000a6500000|100%| S|CS|TAMS 0x00000000a6400000, 0x00000000a6400000| Complete 
| 101|0x00000000a6500000, 0x00000000a6600000, 0x00000000a6600000|100%| S|CS|TAMS 0x00000000a6500000, 0x00000000a6500000| Complete 
| 102|0x00000000a6600000, 0x00000000a6700000, 0x00000000a6700000|100%| S|CS|TAMS 0x00000000a6600000, 0x00000000a6600000| Complete 
| 103|0x00000000a6700000, 0x00000000a6800000, 0x00000000a6800000|100%| S|CS|TAMS 0x00000000a6700000, 0x00000000a6700000| Complete 
| 104|0x00000000a6800000, 0x00000000a6900000, 0x00000000a6900000|100%| S|CS|TAMS 0x00000000a6800000, 0x00000000a6800000| Complete 
| 105|0x00000000a6900000, 0x00000000a6a00000, 0x00000000a6a00000|100%| S|CS|TAMS 0x00000000a6900000, 0x00000000a6900000| Complete 
| 106|0x00000000a6a00000, 0x00000000a6b00000, 0x00000000a6b00000|100%| S|CS|TAMS 0x00000000a6a00000, 0x00000000a6a00000| Complete 
| 107|0x00000000a6b00000, 0x00000000a6c00000, 0x00000000a6c00000|100%| S|CS|TAMS 0x00000000a6b00000, 0x00000000a6b00000| Complete 
| 108|0x00000000a6c00000, 0x00000000a6d00000, 0x00000000a6d00000|100%| S|CS|TAMS 0x00000000a6c00000, 0x00000000a6c00000| Complete 
| 109|0x00000000a6d00000, 0x00000000a6e00000, 0x00000000a6e00000|100%| S|CS|TAMS 0x00000000a6d00000, 0x00000000a6d00000| Complete 
| 110|0x00000000a6e00000, 0x00000000a6f00000, 0x00000000a6f00000|100%| S|CS|TAMS 0x00000000a6e00000, 0x00000000a6e00000| Complete 
| 111|0x00000000a6f00000, 0x00000000a7000000, 0x00000000a7000000|100%| S|CS|TAMS 0x00000000a6f00000, 0x00000000a6f00000| Complete 
| 112|0x00000000a7000000, 0x00000000a7100000, 0x00000000a7100000|100%| S|CS|TAMS 0x00000000a7000000, 0x00000000a7000000| Complete 
| 113|0x00000000a7100000, 0x00000000a7100000, 0x00000000a7200000|  0%| F|  |TAMS 0x00000000a7100000, 0x00000000a7100000| Untracked 
| 114|0x00000000a7200000, 0x00000000a7200000, 0x00000000a7300000|  0%| F|  |TAMS 0x00000000a7200000, 0x00000000a7200000| Untracked 
| 115|0x00000000a7300000, 0x00000000a7300000, 0x00000000a7400000|  0%| F|  |TAMS 0x00000000a7300000, 0x00000000a7300000| Untracked 
| 116|0x00000000a7400000, 0x00000000a7400000, 0x00000000a7500000|  0%| F|  |TAMS 0x00000000a7400000, 0x00000000a7400000| Untracked 
| 117|0x00000000a7500000, 0x00000000a7500000, 0x00000000a7600000|  0%| F|  |TAMS 0x00000000a7500000, 0x00000000a7500000| Untracked 
| 118|0x00000000a7600000, 0x00000000a7600000, 0x00000000a7700000|  0%| F|  |TAMS 0x00000000a7600000, 0x00000000a7600000| Untracked 
| 119|0x00000000a7700000, 0x00000000a7700000, 0x00000000a7800000|  0%| F|  |TAMS 0x00000000a7700000, 0x00000000a7700000| Untracked 
| 120|0x00000000a7800000, 0x00000000a7800000, 0x00000000a7900000|  0%| F|  |TAMS 0x00000000a7800000, 0x00000000a7800000| Untracked 
| 121|0x00000000a7900000, 0x00000000a7900000, 0x00000000a7a00000|  0%| F|  |TAMS 0x00000000a7900000, 0x00000000a7900000| Untracked 
| 122|0x00000000a7a00000, 0x00000000a7a00000, 0x00000000a7b00000|  0%| F|  |TAMS 0x00000000a7a00000, 0x00000000a7a00000| Untracked 
| 123|0x00000000a7b00000, 0x00000000a7b00000, 0x00000000a7c00000|  0%| F|  |TAMS 0x00000000a7b00000, 0x00000000a7b00000| Untracked 
| 124|0x00000000a7c00000, 0x00000000a7c00000, 0x00000000a7d00000|  0%| F|  |TAMS 0x00000000a7c00000, 0x00000000a7c00000| Untracked 
| 125|0x00000000a7d00000, 0x00000000a7d00000, 0x00000000a7e00000|  0%| F|  |TAMS 0x00000000a7d00000, 0x00000000a7d00000| Untracked 
| 126|0x00000000a7e00000, 0x00000000a7e00000, 0x00000000a7f00000|  0%| F|  |TAMS 0x00000000a7e00000, 0x00000000a7e00000| Untracked 
| 127|0x00000000a7f00000, 0x00000000a7f00000, 0x00000000a8000000|  0%| F|  |TAMS 0x00000000a7f00000, 0x00000000a7f00000| Untracked 
| 128|0x00000000a8000000, 0x00000000a8000000, 0x00000000a8100000|  0%| F|  |TAMS 0x00000000a8000000, 0x00000000a8000000| Untracked 
| 129|0x00000000a8100000, 0x00000000a8100000, 0x00000000a8200000|  0%| F|  |TAMS 0x00000000a8100000, 0x00000000a8100000| Untracked 
| 130|0x00000000a8200000, 0x00000000a8200000, 0x00000000a8300000|  0%| F|  |TAMS 0x00000000a8200000, 0x00000000a8200000| Untracked 
| 131|0x00000000a8300000, 0x00000000a8300000, 0x00000000a8400000|  0%| F|  |TAMS 0x00000000a8300000, 0x00000000a8300000| Untracked 
| 132|0x00000000a8400000, 0x00000000a8400000, 0x00000000a8500000|  0%| F|  |TAMS 0x00000000a8400000, 0x00000000a8400000| Untracked 
| 133|0x00000000a8500000, 0x00000000a8500000, 0x00000000a8600000|  0%| F|  |TAMS 0x00000000a8500000, 0x00000000a8500000| Untracked 
| 134|0x00000000a8600000, 0x00000000a8600000, 0x00000000a8700000|  0%| F|  |TAMS 0x00000000a8600000, 0x00000000a8600000| Untracked 
| 135|0x00000000a8700000, 0x00000000a8700000, 0x00000000a8800000|  0%| F|  |TAMS 0x00000000a8700000, 0x00000000a8700000| Untracked 
| 136|0x00000000a8800000, 0x00000000a8800000, 0x00000000a8900000|  0%| F|  |TAMS 0x00000000a8800000, 0x00000000a8800000| Untracked 
| 137|0x00000000a8900000, 0x00000000a8900000, 0x00000000a8a00000|  0%| F|  |TAMS 0x00000000a8900000, 0x00000000a8900000| Untracked 
| 138|0x00000000a8a00000, 0x00000000a8a00000, 0x00000000a8b00000|  0%| F|  |TAMS 0x00000000a8a00000, 0x00000000a8a00000| Untracked 
| 139|0x00000000a8b00000, 0x00000000a8b00000, 0x00000000a8c00000|  0%| F|  |TAMS 0x00000000a8b00000, 0x00000000a8b00000| Untracked 
| 140|0x00000000a8c00000, 0x00000000a8c00000, 0x00000000a8d00000|  0%| F|  |TAMS 0x00000000a8c00000, 0x00000000a8c00000| Untracked 
| 141|0x00000000a8d00000, 0x00000000a8d00000, 0x00000000a8e00000|  0%| F|  |TAMS 0x00000000a8d00000, 0x00000000a8d00000| Untracked 
| 142|0x00000000a8e00000, 0x00000000a8e00000, 0x00000000a8f00000|  0%| F|  |TAMS 0x00000000a8e00000, 0x00000000a8e00000| Untracked 
| 143|0x00000000a8f00000, 0x00000000a8f00000, 0x00000000a9000000|  0%| F|  |TAMS 0x00000000a8f00000, 0x00000000a8f00000| Untracked 
| 144|0x00000000a9000000, 0x00000000a9000000, 0x00000000a9100000|  0%| F|  |TAMS 0x00000000a9000000, 0x00000000a9000000| Untracked 
| 145|0x00000000a9100000, 0x00000000a9100000, 0x00000000a9200000|  0%| F|  |TAMS 0x00000000a9100000, 0x00000000a9100000| Untracked 
| 146|0x00000000a9200000, 0x00000000a9200000, 0x00000000a9300000|  0%| F|  |TAMS 0x00000000a9200000, 0x00000000a9200000| Untracked 
| 147|0x00000000a9300000, 0x00000000a9300000, 0x00000000a9400000|  0%| F|  |TAMS 0x00000000a9300000, 0x00000000a9300000| Untracked 
| 148|0x00000000a9400000, 0x00000000a9400000, 0x00000000a9500000|  0%| F|  |TAMS 0x00000000a9400000, 0x00000000a9400000| Untracked 
| 149|0x00000000a9500000, 0x00000000a9500000, 0x00000000a9600000|  0%| F|  |TAMS 0x00000000a9500000, 0x00000000a9500000| Untracked 
| 150|0x00000000a9600000, 0x00000000a9600000, 0x00000000a9700000|  0%| F|  |TAMS 0x00000000a9600000, 0x00000000a9600000| Untracked 
| 151|0x00000000a9700000, 0x00000000a9700000, 0x00000000a9800000|  0%| F|  |TAMS 0x00000000a9700000, 0x00000000a9700000| Untracked 
| 152|0x00000000a9800000, 0x00000000a9800000, 0x00000000a9900000|  0%| F|  |TAMS 0x00000000a9800000, 0x00000000a9800000| Untracked 
| 153|0x00000000a9900000, 0x00000000a9900000, 0x00000000a9a00000|  0%| F|  |TAMS 0x00000000a9900000, 0x00000000a9900000| Untracked 
| 154|0x00000000a9a00000, 0x00000000a9a80800, 0x00000000a9b00000| 50%| E|  |TAMS 0x00000000a9a00000, 0x00000000a9a00000| Complete 
| 155|0x00000000a9b00000, 0x00000000a9c00000, 0x00000000a9c00000|100%| E|CS|TAMS 0x00000000a9b00000, 0x00000000a9b00000| Complete 
| 156|0x00000000a9c00000, 0x00000000a9d00000, 0x00000000a9d00000|100%| E|CS|TAMS 0x00000000a9c00000, 0x00000000a9c00000| Complete 
| 157|0x00000000a9d00000, 0x00000000a9e00000, 0x00000000a9e00000|100%| E|CS|TAMS 0x00000000a9d00000, 0x00000000a9d00000| Complete 
| 158|0x00000000a9e00000, 0x00000000a9f00000, 0x00000000a9f00000|100%| E|CS|TAMS 0x00000000a9e00000, 0x00000000a9e00000| Complete 
| 159|0x00000000a9f00000, 0x00000000aa000000, 0x00000000aa000000|100%| E|CS|TAMS 0x00000000a9f00000, 0x00000000a9f00000| Complete 
| 160|0x00000000aa000000, 0x00000000aa100000, 0x00000000aa100000|100%| E|CS|TAMS 0x00000000aa000000, 0x00000000aa000000| Complete 
| 161|0x00000000aa100000, 0x00000000aa200000, 0x00000000aa200000|100%| E|CS|TAMS 0x00000000aa100000, 0x00000000aa100000| Complete 
| 162|0x00000000aa200000, 0x00000000aa300000, 0x00000000aa300000|100%| E|CS|TAMS 0x00000000aa200000, 0x00000000aa200000| Complete 
| 163|0x00000000aa300000, 0x00000000aa400000, 0x00000000aa400000|100%| E|CS|TAMS 0x00000000aa300000, 0x00000000aa300000| Complete 
| 164|0x00000000aa400000, 0x00000000aa500000, 0x00000000aa500000|100%| E|CS|TAMS 0x00000000aa400000, 0x00000000aa400000| Complete 
| 165|0x00000000aa500000, 0x00000000aa600000, 0x00000000aa600000|100%| E|CS|TAMS 0x00000000aa500000, 0x00000000aa500000| Complete 
| 166|0x00000000aa600000, 0x00000000aa700000, 0x00000000aa700000|100%| E|CS|TAMS 0x00000000aa600000, 0x00000000aa600000| Complete 
| 167|0x00000000aa700000, 0x00000000aa800000, 0x00000000aa800000|100%| E|CS|TAMS 0x00000000aa700000, 0x00000000aa700000| Complete 
| 168|0x00000000aa800000, 0x00000000aa900000, 0x00000000aa900000|100%| E|CS|TAMS 0x00000000aa800000, 0x00000000aa800000| Complete 
| 169|0x00000000aa900000, 0x00000000aaa00000, 0x00000000aaa00000|100%| E|CS|TAMS 0x00000000aa900000, 0x00000000aa900000| Complete 
| 170|0x00000000aaa00000, 0x00000000aab00000, 0x00000000aab00000|100%| E|CS|TAMS 0x00000000aaa00000, 0x00000000aaa00000| Complete 
| 171|0x00000000aab00000, 0x00000000aac00000, 0x00000000aac00000|100%| E|CS|TAMS 0x00000000aab00000, 0x00000000aab00000| Complete 
| 172|0x00000000aac00000, 0x00000000aad00000, 0x00000000aad00000|100%| E|CS|TAMS 0x00000000aac00000, 0x00000000aac00000| Complete 
| 173|0x00000000aad00000, 0x00000000aae00000, 0x00000000aae00000|100%| E|CS|TAMS 0x00000000aad00000, 0x00000000aad00000| Complete 
| 174|0x00000000aae00000, 0x00000000aaf00000, 0x00000000aaf00000|100%| E|CS|TAMS 0x00000000aae00000, 0x00000000aae00000| Complete 
| 175|0x00000000aaf00000, 0x00000000ab000000, 0x00000000ab000000|100%| E|CS|TAMS 0x00000000aaf00000, 0x00000000aaf00000| Complete 
| 176|0x00000000ab000000, 0x00000000ab100000, 0x00000000ab100000|100%| E|CS|TAMS 0x00000000ab000000, 0x00000000ab000000| Complete 
| 177|0x00000000ab100000, 0x00000000ab200000, 0x00000000ab200000|100%| E|CS|TAMS 0x00000000ab100000, 0x00000000ab100000| Complete 
| 178|0x00000000ab200000, 0x00000000ab300000, 0x00000000ab300000|100%| E|CS|TAMS 0x00000000ab200000, 0x00000000ab200000| Complete 
| 179|0x00000000ab300000, 0x00000000ab400000, 0x00000000ab400000|100%| E|CS|TAMS 0x00000000ab300000, 0x00000000ab300000| Complete 
| 180|0x00000000ab400000, 0x00000000ab500000, 0x00000000ab500000|100%| E|CS|TAMS 0x00000000ab400000, 0x00000000ab400000| Complete 
| 181|0x00000000ab500000, 0x00000000ab600000, 0x00000000ab600000|100%| E|CS|TAMS 0x00000000ab500000, 0x00000000ab500000| Complete 
| 182|0x00000000ab600000, 0x00000000ab700000, 0x00000000ab700000|100%| E|CS|TAMS 0x00000000ab600000, 0x00000000ab600000| Complete 
| 183|0x00000000ab700000, 0x00000000ab800000, 0x00000000ab800000|100%| E|CS|TAMS 0x00000000ab700000, 0x00000000ab700000| Complete 
| 184|0x00000000ab800000, 0x00000000ab900000, 0x00000000ab900000|100%| E|CS|TAMS 0x00000000ab800000, 0x00000000ab800000| Complete 
| 185|0x00000000ab900000, 0x00000000aba00000, 0x00000000aba00000|100%| E|CS|TAMS 0x00000000ab900000, 0x00000000ab900000| Complete 
| 186|0x00000000aba00000, 0x00000000abb00000, 0x00000000abb00000|100%| E|CS|TAMS 0x00000000aba00000, 0x00000000aba00000| Complete 
| 187|0x00000000abb00000, 0x00000000abc00000, 0x00000000abc00000|100%| E|CS|TAMS 0x00000000abb00000, 0x00000000abb00000| Complete 
| 188|0x00000000abc00000, 0x00000000abd00000, 0x00000000abd00000|100%| E|CS|TAMS 0x00000000abc00000, 0x00000000abc00000| Complete 
| 189|0x00000000abd00000, 0x00000000abe00000, 0x00000000abe00000|100%| E|CS|TAMS 0x00000000abd00000, 0x00000000abd00000| Complete 
| 190|0x00000000abe00000, 0x00000000abf00000, 0x00000000abf00000|100%| E|CS|TAMS 0x00000000abe00000, 0x00000000abe00000| Complete 
| 191|0x00000000abf00000, 0x00000000ac000000, 0x00000000ac000000|100%| E|CS|TAMS 0x00000000abf00000, 0x00000000abf00000| Complete 
| 192|0x00000000ac000000, 0x00000000ac100000, 0x00000000ac100000|100%| E|CS|TAMS 0x00000000ac000000, 0x00000000ac000000| Complete 
| 193|0x00000000ac100000, 0x00000000ac200000, 0x00000000ac200000|100%| E|CS|TAMS 0x00000000ac100000, 0x00000000ac100000| Complete 
| 194|0x00000000ac200000, 0x00000000ac300000, 0x00000000ac300000|100%| E|CS|TAMS 0x00000000ac200000, 0x00000000ac200000| Complete 
| 195|0x00000000ac300000, 0x00000000ac400000, 0x00000000ac400000|100%| E|CS|TAMS 0x00000000ac300000, 0x00000000ac300000| Complete 
| 196|0x00000000ac400000, 0x00000000ac500000, 0x00000000ac500000|100%| E|CS|TAMS 0x00000000ac400000, 0x00000000ac400000| Complete 
| 197|0x00000000ac500000, 0x00000000ac600000, 0x00000000ac600000|100%| E|CS|TAMS 0x00000000ac500000, 0x00000000ac500000| Complete 
| 198|0x00000000ac600000, 0x00000000ac700000, 0x00000000ac700000|100%| E|CS|TAMS 0x00000000ac600000, 0x00000000ac600000| Complete 
| 199|0x00000000ac700000, 0x00000000ac800000, 0x00000000ac800000|100%| E|CS|TAMS 0x00000000ac700000, 0x00000000ac700000| Complete 
| 200|0x00000000ac800000, 0x00000000ac900000, 0x00000000ac900000|100%| E|CS|TAMS 0x00000000ac800000, 0x00000000ac800000| Complete 
| 201|0x00000000ac900000, 0x00000000aca00000, 0x00000000aca00000|100%| E|CS|TAMS 0x00000000ac900000, 0x00000000ac900000| Complete 
| 202|0x00000000aca00000, 0x00000000acb00000, 0x00000000acb00000|100%| E|CS|TAMS 0x00000000aca00000, 0x00000000aca00000| Complete 
| 203|0x00000000acb00000, 0x00000000acc00000, 0x00000000acc00000|100%| E|CS|TAMS 0x00000000acb00000, 0x00000000acb00000| Complete 
| 204|0x00000000acc00000, 0x00000000acd00000, 0x00000000acd00000|100%| E|CS|TAMS 0x00000000acc00000, 0x00000000acc00000| Complete 
| 205|0x00000000acd00000, 0x00000000ace00000, 0x00000000ace00000|100%| E|CS|TAMS 0x00000000acd00000, 0x00000000acd00000| Complete 
| 206|0x00000000ace00000, 0x00000000acf00000, 0x00000000acf00000|100%| E|CS|TAMS 0x00000000ace00000, 0x00000000ace00000| Complete 
| 207|0x00000000acf00000, 0x00000000ad000000, 0x00000000ad000000|100%| E|CS|TAMS 0x00000000acf00000, 0x00000000acf00000| Complete 
| 208|0x00000000ad000000, 0x00000000ad100000, 0x00000000ad100000|100%| E|CS|TAMS 0x00000000ad000000, 0x00000000ad000000| Complete 
| 209|0x00000000ad100000, 0x00000000ad200000, 0x00000000ad200000|100%| E|CS|TAMS 0x00000000ad100000, 0x00000000ad100000| Complete 
| 210|0x00000000ad200000, 0x00000000ad300000, 0x00000000ad300000|100%| E|CS|TAMS 0x00000000ad200000, 0x00000000ad200000| Complete 
| 211|0x00000000ad300000, 0x00000000ad400000, 0x00000000ad400000|100%| E|CS|TAMS 0x00000000ad300000, 0x00000000ad300000| Complete 
| 212|0x00000000ad400000, 0x00000000ad500000, 0x00000000ad500000|100%| E|CS|TAMS 0x00000000ad400000, 0x00000000ad400000| Complete 
| 213|0x00000000ad500000, 0x00000000ad600000, 0x00000000ad600000|100%| E|CS|TAMS 0x00000000ad500000, 0x00000000ad500000| Complete 
| 214|0x00000000ad600000, 0x00000000ad700000, 0x00000000ad700000|100%| E|CS|TAMS 0x00000000ad600000, 0x00000000ad600000| Complete 
| 215|0x00000000ad700000, 0x00000000ad800000, 0x00000000ad800000|100%| E|CS|TAMS 0x00000000ad700000, 0x00000000ad700000| Complete 
| 216|0x00000000ad800000, 0x00000000ad900000, 0x00000000ad900000|100%| E|CS|TAMS 0x00000000ad800000, 0x00000000ad800000| Complete 
| 217|0x00000000ad900000, 0x00000000ada00000, 0x00000000ada00000|100%| E|CS|TAMS 0x00000000ad900000, 0x00000000ad900000| Complete 
| 218|0x00000000ada00000, 0x00000000adb00000, 0x00000000adb00000|100%| E|CS|TAMS 0x00000000ada00000, 0x00000000ada00000| Complete 
| 219|0x00000000adb00000, 0x00000000adc00000, 0x00000000adc00000|100%| E|CS|TAMS 0x00000000adb00000, 0x00000000adb00000| Complete 
| 220|0x00000000adc00000, 0x00000000add00000, 0x00000000add00000|100%| E|CS|TAMS 0x00000000adc00000, 0x00000000adc00000| Complete 
| 221|0x00000000add00000, 0x00000000ade00000, 0x00000000ade00000|100%| E|CS|TAMS 0x00000000add00000, 0x00000000add00000| Complete 
| 222|0x00000000ade00000, 0x00000000adf00000, 0x00000000adf00000|100%| E|CS|TAMS 0x00000000ade00000, 0x00000000ade00000| Complete 
| 223|0x00000000adf00000, 0x00000000ae000000, 0x00000000ae000000|100%| E|CS|TAMS 0x00000000adf00000, 0x00000000adf00000| Complete 
| 224|0x00000000ae000000, 0x00000000ae100000, 0x00000000ae100000|100%| E|CS|TAMS 0x00000000ae000000, 0x00000000ae000000| Complete 
| 225|0x00000000ae100000, 0x00000000ae200000, 0x00000000ae200000|100%| E|CS|TAMS 0x00000000ae100000, 0x00000000ae100000| Complete 
| 226|0x00000000ae200000, 0x00000000ae300000, 0x00000000ae300000|100%| E|CS|TAMS 0x00000000ae200000, 0x00000000ae200000| Complete 
| 227|0x00000000ae300000, 0x00000000ae400000, 0x00000000ae400000|100%| E|CS|TAMS 0x00000000ae300000, 0x00000000ae300000| Complete 
| 228|0x00000000ae400000, 0x00000000ae500000, 0x00000000ae500000|100%| E|CS|TAMS 0x00000000ae400000, 0x00000000ae400000| Complete 
| 229|0x00000000ae500000, 0x00000000ae600000, 0x00000000ae600000|100%| E|CS|TAMS 0x00000000ae500000, 0x00000000ae500000| Complete 
| 230|0x00000000ae600000, 0x00000000ae700000, 0x00000000ae700000|100%| E|CS|TAMS 0x00000000ae600000, 0x00000000ae600000| Complete 
| 231|0x00000000ae700000, 0x00000000ae800000, 0x00000000ae800000|100%| E|CS|TAMS 0x00000000ae700000, 0x00000000ae700000| Complete 
| 232|0x00000000ae800000, 0x00000000ae900000, 0x00000000ae900000|100%| E|CS|TAMS 0x00000000ae800000, 0x00000000ae800000| Complete 
| 233|0x00000000ae900000, 0x00000000aea00000, 0x00000000aea00000|100%| E|CS|TAMS 0x00000000ae900000, 0x00000000ae900000| Complete 
| 234|0x00000000aea00000, 0x00000000aeb00000, 0x00000000aeb00000|100%| E|CS|TAMS 0x00000000aea00000, 0x00000000aea00000| Complete 
| 235|0x00000000aeb00000, 0x00000000aec00000, 0x00000000aec00000|100%| E|CS|TAMS 0x00000000aeb00000, 0x00000000aeb00000| Complete 
| 236|0x00000000aec00000, 0x00000000aed00000, 0x00000000aed00000|100%| E|CS|TAMS 0x00000000aec00000, 0x00000000aec00000| Complete 
| 237|0x00000000aed00000, 0x00000000aee00000, 0x00000000aee00000|100%| E|CS|TAMS 0x00000000aed00000, 0x00000000aed00000| Complete 
| 238|0x00000000aee00000, 0x00000000aef00000, 0x00000000aef00000|100%| E|CS|TAMS 0x00000000aee00000, 0x00000000aee00000| Complete 
| 239|0x00000000aef00000, 0x00000000af000000, 0x00000000af000000|100%| E|CS|TAMS 0x00000000aef00000, 0x00000000aef00000| Complete 
| 240|0x00000000af000000, 0x00000000af100000, 0x00000000af100000|100%| E|CS|TAMS 0x00000000af000000, 0x00000000af000000| Complete 
| 241|0x00000000af100000, 0x00000000af200000, 0x00000000af200000|100%| E|CS|TAMS 0x00000000af100000, 0x00000000af100000| Complete 
| 242|0x00000000af200000, 0x00000000af300000, 0x00000000af300000|100%| E|CS|TAMS 0x00000000af200000, 0x00000000af200000| Complete 
| 243|0x00000000af300000, 0x00000000af400000, 0x00000000af400000|100%| E|CS|TAMS 0x00000000af300000, 0x00000000af300000| Complete 
| 244|0x00000000af400000, 0x00000000af500000, 0x00000000af500000|100%| E|CS|TAMS 0x00000000af400000, 0x00000000af400000| Complete 
| 245|0x00000000af500000, 0x00000000af600000, 0x00000000af600000|100%| E|CS|TAMS 0x00000000af500000, 0x00000000af500000| Complete 
| 246|0x00000000af600000, 0x00000000af700000, 0x00000000af700000|100%| E|CS|TAMS 0x00000000af600000, 0x00000000af600000| Complete 
| 247|0x00000000af700000, 0x00000000af800000, 0x00000000af800000|100%| E|CS|TAMS 0x00000000af700000, 0x00000000af700000| Complete 
| 248|0x00000000af800000, 0x00000000af900000, 0x00000000af900000|100%| E|CS|TAMS 0x00000000af800000, 0x00000000af800000| Complete 
| 249|0x00000000af900000, 0x00000000afa00000, 0x00000000afa00000|100%| E|CS|TAMS 0x00000000af900000, 0x00000000af900000| Complete 
| 250|0x00000000afa00000, 0x00000000afb00000, 0x00000000afb00000|100%| E|CS|TAMS 0x00000000afa00000, 0x00000000afa00000| Complete 
| 251|0x00000000afb00000, 0x00000000afc00000, 0x00000000afc00000|100%| E|CS|TAMS 0x00000000afb00000, 0x00000000afb00000| Complete 
| 252|0x00000000afc00000, 0x00000000afd00000, 0x00000000afd00000|100%| E|CS|TAMS 0x00000000afc00000, 0x00000000afc00000| Complete 
| 253|0x00000000afd00000, 0x00000000afe00000, 0x00000000afe00000|100%| E|CS|TAMS 0x00000000afd00000, 0x00000000afd00000| Complete 

Card table byte_map: [0x000001fdedcd0000,0x000001fdedfd0000] _byte_map_base: 0x000001fded7d0000

Marking Bits (Prev, Next): (CMBitMap*) 0x000001fdd8a72bd0, (CMBitMap*) 0x000001fdd8a72b98
 Prev Bits: [0x000001fdefad0000, 0x000001fdf12d0000)
 Next Bits: [0x000001fdee2d0000, 0x000001fdefad0000)

Polling page: 0x000001fdd8b20000

Metaspace:

Usage:
  Non-class:     59.67 MB capacity,    58.59 MB ( 98%) used,   940.70 KB (  2%) free+waste,   156.94 KB ( <1%) overhead. 
      Class:      9.30 MB capacity,     8.77 MB ( 94%) used,   466.45 KB (  5%) free+waste,    74.38 KB ( <1%) overhead. 
       Both:     68.96 MB capacity,    67.36 MB ( 98%) used,     1.37 MB (  2%) free+waste,   231.31 KB ( <1%) overhead. 

Virtual space:
  Non-class space:       60.00 MB reserved,      59.83 MB (>99%) committed 
      Class space:        1.00 GB reserved,       9.38 MB ( <1%) committed 
             Both:        1.06 GB reserved,      69.20 MB (  6%) committed 

Chunk freelists:
   Non-Class:  38.00 KB
       Class:  14.00 KB
        Both:  52.00 KB

MaxMetaspaceSize: 17179869184.00 GB
CompressedClassSpaceSize: 1.00 GB

CodeHeap 'non-profiled nmethods': size=120000Kb used=3475Kb max_used=3475Kb free=116524Kb
 bounds [0x000001fde5810000, 0x000001fde5b80000, 0x000001fdecd40000]
CodeHeap 'profiled nmethods': size=120000Kb used=12716Kb max_used=12716Kb free=107283Kb
 bounds [0x000001fdde2e0000, 0x000001fddef50000, 0x000001fde5810000]
CodeHeap 'non-nmethods': size=5760Kb used=2243Kb max_used=2286Kb free=3517Kb
 bounds [0x000001fdddd40000, 0x000001fdddfb0000, 0x000001fdde2e0000]
 total_blobs=6714 nmethods=5886 adapters=739
 compilation: enabled
              stopped_count=0, restarted_count=0
 full_count=0

Compilation events (20 events):
Event: 10.562 Thread 0x000001fdf75ef000 5756       4       java.lang.Number::<init> (5 bytes)
Event: 10.562 Thread 0x000001fdf48b2000 5757       3       java.lang.Short::<init> (10 bytes)
Event: 10.563 Thread 0x000001fdf48b2000 nmethod 5757 0x000001fddeef7910 code [0x000001fddeef7ac0, 0x000001fddeef7c78]
Event: 10.563 Thread 0x000001fdf75ef000 nmethod 5756 0x000001fde5b68910 code [0x000001fde5b68aa0, 0x000001fde5b68af8]
Event: 10.563 Thread 0x000001fdf48b2000 5758       3       java.lang.Module::getLayer (43 bytes)
Event: 10.563 Thread 0x000001fdf48b2000 nmethod 5758 0x000001fddeef7d90 code [0x000001fddeef7f80, 0x000001fddeef8308]
Event: 10.574 Thread 0x000001fdf48b2000 5759       3       java.lang.reflect.Field::getAnnotation (23 bytes)
Event: 10.575 Thread 0x000001fdf48b2000 nmethod 5759 0x000001fddeef8410 code [0x000001fddeef8640, 0x000001fddeef8ca8]
Event: 10.578 Thread 0x000001fdf75ef000 5760       4       sun.reflect.generics.tree.SimpleClassTypeSignature::make (11 bytes)
Event: 10.578 Thread 0x000001fdf48b2000 5761       2       sun.reflect.generics.tree.SimpleClassTypeSignature::<init> (20 bytes)
Event: 10.578 Thread 0x000001fdf48b2000 nmethod 5761 0x000001fddeef8f10 code [0x000001fddeef90c0, 0x000001fddeef9278]
Event: 10.578 Thread 0x000001fdf48b2000 5762       3       com.sun.xml.bind.v2.model.impl.TypeInfoImpl::nav (8 bytes)
Event: 10.578 Thread 0x000001fdf48b2000 nmethod 5762 0x000001fddeef9310 code [0x000001fddeef94c0, 0x000001fddeef95d8]
Event: 10.579 Thread 0x000001fdf48b2000 5763       3       com.sun.xml.bind.v2.model.impl.TypeInfoImpl::reader (8 bytes)
Event: 10.580 Thread 0x000001fdf48b2000 nmethod 5763 0x000001fddeef9690 code [0x000001fddeef9840, 0x000001fddeef9958]
Event: 10.580 Thread 0x000001fdf48b2000 5764       3       java.lang.reflect.Method::getDeclaredAnnotations (5 bytes)
Event: 10.580 Thread 0x000001fdf75ef000 nmethod 5760 0x000001fde5b68b90 code [0x000001fde5b68d20, 0x000001fde5b68f38]
Event: 10.580 Thread 0x000001fdf48b2000 nmethod 5764 0x000001fddeef9a10 code [0x000001fddeef9c00, 0x000001fddeefa068]
Event: 10.580 Thread 0x000001fdf48b2000 5765       3       sun.reflect.generics.parser.SignatureParser::parseZeroOrMoreTypeSignatures (174 bytes)
Event: 10.581 Thread 0x000001fdf48b2000 nmethod 5765 0x000001fddeefa210 code [0x000001fddeefa4a0, 0x000001fddeefb488]

GC Heap History (12 events):
Event: 0.698 GC heap before
{Heap before GC invocations=0 (full 0):
 garbage-first heap   total 260096K, used 29696K [0x00000000a0000000, 0x0000000100000000)
  region size 1024K, 24 young (24576K), 0 survivors (0K)
 Metaspace       used 10435K, capacity 10696K, committed 11008K, reserved 1058816K
  class space    used 1101K, capacity 1164K, committed 1280K, reserved 1048576K
}
Event: 0.701 GC heap after
{Heap after GC invocations=1 (full 0):
 garbage-first heap   total 260096K, used 8443K [0x00000000a0000000, 0x0000000100000000)
  region size 1024K, 3 young (3072K), 3 survivors (3072K)
 Metaspace       used 10435K, capacity 10696K, committed 11008K, reserved 1058816K
  class space    used 1101K, capacity 1164K, committed 1280K, reserved 1048576K
}
Event: 2.328 GC heap before
{Heap before GC invocations=1 (full 0):
 garbage-first heap   total 260096K, used 86267K [0x00000000a0000000, 0x0000000100000000)
  region size 1024K, 80 young (81920K), 3 survivors (3072K)
 Metaspace       used 20680K, capacity 21111K, committed 21296K, reserved 1069056K
  class space    used 2435K, capacity 2607K, committed 2688K, reserved 1048576K
}
Event: 2.339 GC heap after
{Heap after GC invocations=2 (full 0):
 garbage-first heap   total 260096K, used 15927K [0x00000000a0000000, 0x0000000100000000)
  region size 1024K, 11 young (11264K), 11 survivors (11264K)
 Metaspace       used 20680K, capacity 21111K, committed 21296K, reserved 1069056K
  class space    used 2435K, capacity 2607K, committed 2688K, reserved 1048576K
}
Event: 2.861 GC heap before
{Heap before GC invocations=3 (full 0):
 garbage-first heap   total 260096K, used 49719K [0x00000000a0000000, 0x0000000100000000)
  region size 1024K, 44 young (45056K), 11 survivors (11264K)
 Metaspace       used 24869K, capacity 25519K, committed 25648K, reserved 1071104K
  class space    used 3131K, capacity 3356K, committed 3456K, reserved 1048576K
}
Event: 2.867 GC heap after
{Heap after GC invocations=4 (full 0):
 garbage-first heap   total 260096K, used 17814K [0x00000000a0000000, 0x0000000100000000)
  region size 1024K, 2 young (2048K), 2 survivors (2048K)
 Metaspace       used 24869K, capacity 25519K, committed 25648K, reserved 1071104K
  class space    used 3131K, capacity 3356K, committed 3456K, reserved 1048576K
}
Event: 4.191 GC heap before
{Heap before GC invocations=4 (full 0):
 garbage-first heap   total 260096K, used 77206K [0x00000000a0000000, 0x0000000100000000)
  region size 1024K, 61 young (62464K), 2 survivors (2048K)
 Metaspace       used 35063K, capacity 35774K, committed 35920K, reserved 1081344K
  class space    used 4478K, capacity 4777K, committed 4864K, reserved 1048576K
}
Event: 4.200 GC heap after
{Heap after GC invocations=5 (full 0):
 garbage-first heap   total 260096K, used 21094K [0x00000000a0000000, 0x0000000100000000)
  region size 1024K, 6 young (6144K), 6 survivors (6144K)
 Metaspace       used 35063K, capacity 35774K, committed 35920K, reserved 1081344K
  class space    used 4478K, capacity 4777K, committed 4864K, reserved 1048576K
}
Event: 5.869 GC heap before
{Heap before GC invocations=6 (full 0):
 garbage-first heap   total 260096K, used 118374K [0x00000000a0000000, 0x0000000100000000)
  region size 1024K, 99 young (101376K), 6 survivors (6144K)
 Metaspace       used 43050K, capacity 44015K, committed 44112K, reserved 1087488K
  class space    used 5527K, capacity 5854K, committed 5888K, reserved 1048576K
}
Event: 5.876 GC heap after
{Heap after GC invocations=7 (full 0):
 garbage-first heap   total 260096K, used 25746K [0x00000000a0000000, 0x0000000100000000)
  region size 1024K, 10 young (10240K), 10 survivors (10240K)
 Metaspace       used 43050K, capacity 44015K, committed 44112K, reserved 1087488K
  class space    used 5527K, capacity 5854K, committed 5888K, reserved 1048576K
}
Event: 9.335 GC heap before
{Heap before GC invocations=7 (full 0):
 garbage-first heap   total 260096K, used 161938K [0x00000000a0000000, 0x0000000100000000)
  region size 1024K, 141 young (144384K), 10 survivors (10240K)
 Metaspace       used 58788K, capacity 60166K, committed 60240K, reserved 1101824K
  class space    used 7391K, capacity 7870K, committed 7936K, reserved 1048576K
}
Event: 9.357 GC heap after
{Heap after GC invocations=8 (full 0):
 garbage-first heap   total 260096K, used 40787K [0x00000000a0000000, 0x0000000100000000)
  region size 1024K, 19 young (19456K), 19 survivors (19456K)
 Metaspace       used 58788K, capacity 60166K, committed 60240K, reserved 1101824K
  class space    used 7391K, capacity 7870K, committed 7936K, reserved 1048576K
}

Deoptimization events (20 events):
Event: 10.220 Thread 0x000001fdf48bb000 Uncommon trap: trap_request=0xffffff4d fr.pc=0x000001fde5abfd14 relative=0x0000000000002994
Event: 10.220 Thread 0x000001fdf48bb000 Uncommon trap: reason=unstable_if action=reinterpret pc=0x000001fde5abfd14 method=java.util.HashMap.getNode(ILjava/lang/Object;)Ljava/util/HashMap$Node; @ 84 c2
Event: 10.220 Thread 0x000001fdf48bb000 DEOPT PACKING pc=0x000001fde5abfd14 sp=0x000000b039af8df0
Event: 10.220 Thread 0x000001fdf48bb000 DEOPT UNPACKING pc=0x000001fdddd678af sp=0x000000b039af8cd8 mode 2
Event: 10.220 Thread 0x000001fdf48bb000 Uncommon trap: trap_request=0xffffff4d fr.pc=0x000001fde5ac3b84 relative=0x00000000000002c4
Event: 10.220 Thread 0x000001fdf48bb000 Uncommon trap: reason=unstable_if action=reinterpret pc=0x000001fde5ac3b84 method=java.util.HashMap.getNode(ILjava/lang/Object;)Ljava/util/HashMap$Node; @ 84 c2
Event: 10.220 Thread 0x000001fdf48bb000 DEOPT PACKING pc=0x000001fde5ac3b84 sp=0x000000b039af8da0
Event: 10.220 Thread 0x000001fdf48bb000 DEOPT UNPACKING pc=0x000001fdddd678af sp=0x000000b039af8cc0 mode 2
Event: 10.220 Thread 0x000001fdf48bb000 Uncommon trap: trap_request=0xffffff4d fr.pc=0x000001fde599cee0 relative=0x00000000000001a0
Event: 10.220 Thread 0x000001fdf48bb000 Uncommon trap: reason=unstable_if action=reinterpret pc=0x000001fde599cee0 method=java.util.HashMap.getNode(ILjava/lang/Object;)Ljava/util/HashMap$Node; @ 84 c2
Event: 10.220 Thread 0x000001fdf48bb000 DEOPT PACKING pc=0x000001fde599cee0 sp=0x000000b039af8d40
Event: 10.220 Thread 0x000001fdf48bb000 DEOPT UNPACKING pc=0x000001fdddd678af sp=0x000000b039af8cc8 mode 2
Event: 10.237 Thread 0x000001fdf48bb000 Uncommon trap: trap_request=0xffffff4d fr.pc=0x000001fde59d567c relative=0x00000000000001bc
Event: 10.237 Thread 0x000001fdf48bb000 Uncommon trap: reason=unstable_if action=reinterpret pc=0x000001fde59d567c method=java.io.WinNTFileSystem.normalize(Ljava/lang/String;)Ljava/lang/String; @ 74 c2
Event: 10.237 Thread 0x000001fdf48bb000 DEOPT PACKING pc=0x000001fde59d567c sp=0x000000b039af8ee0
Event: 10.237 Thread 0x000001fdf48bb000 DEOPT UNPACKING pc=0x000001fdddd678af sp=0x000000b039af8eb8 mode 2
Event: 10.237 Thread 0x000001fdf48bb000 Uncommon trap: trap_request=0xffffff4d fr.pc=0x000001fde5a09ddc relative=0x0000000000001a7c
Event: 10.237 Thread 0x000001fdf48bb000 Uncommon trap: reason=unstable_if action=reinterpret pc=0x000001fde5a09ddc method=java.io.WinNTFileSystem.normalize(Ljava/lang/String;II)Ljava/lang/String; @ 100 c2
Event: 10.237 Thread 0x000001fdf48bb000 DEOPT PACKING pc=0x000001fde5a09ddc sp=0x000000b039af8e10
Event: 10.237 Thread 0x000001fdf48bb000 DEOPT UNPACKING pc=0x000001fdddd678af sp=0x000000b039af8e18 mode 2

Classes redefined (0 events):
No events

Internal exceptions (20 events):
Event: 9.502 Thread 0x000001fdf48bb000 Exception <a 'java/lang/ClassNotFoundException'{0x00000000aeac9da8}: org/gradle/api/internal/file/collections/DefaultConfigurableFileTreeBeanInfo> (0x00000000aeac9da8) thrown at [./src/hotspot/share/classfile/systemDictionary.cpp, line 231]
Event: 9.503 Thread 0x000001fdf48bb000 Exception <a 'java/lang/ClassNotFoundException'{0x00000000aeaec1d8}: org/gradle/api/internal/file/CompositeFileTreeBeanInfo> (0x00000000aeaec1d8) thrown at [./src/hotspot/share/classfile/systemDictionary.cpp, line 231]
Event: 9.504 Thread 0x000001fdf48bb000 Exception <a 'java/lang/ClassNotFoundException'{0x00000000ae9107d0}: org/gradle/api/internal/file/CompositeFileCollectionBeanInfo> (0x00000000ae9107d0) thrown at [./src/hotspot/share/classfile/systemDictionary.cpp, line 231]
Event: 9.505 Thread 0x000001fdf48bb000 Exception <a 'java/lang/ClassNotFoundException'{0x00000000ae9348c0}: org/gradle/api/internal/file/AbstractFileCollectionBeanInfo> (0x00000000ae9348c0) thrown at [./src/hotspot/share/classfile/systemDictionary.cpp, line 231]
Event: 9.506 Thread 0x000001fdf48bb000 Exception <a 'java/lang/ClassNotFoundException'{0x00000000ae9589c0}: org/gradle/api/internal/file/AbstractFileCollectionCustomizer> (0x00000000ae9589c0) thrown at [./src/hotspot/share/classfile/systemDictionary.cpp, line 231]
Event: 9.507 Thread 0x000001fdf48bb000 Exception <a 'java/lang/ClassNotFoundException'{0x00000000ae98a0a0}: org/gradle/api/internal/file/CompositeFileCollectionCustomizer> (0x00000000ae98a0a0) thrown at [./src/hotspot/share/classfile/systemDictionary.cpp, line 231]
Event: 9.508 Thread 0x000001fdf48bb000 Exception <a 'java/lang/ClassNotFoundException'{0x00000000ae9b5578}: org/gradle/api/internal/file/CompositeFileTreeCustomizer> (0x00000000ae9b5578) thrown at [./src/hotspot/share/classfile/systemDictionary.cpp, line 231]
Event: 9.509 Thread 0x000001fdf48bb000 Exception <a 'java/lang/ClassNotFoundException'{0x00000000ae9e6758}: org/gradle/api/internal/file/collections/DefaultConfigurableFileTreeCustomizer> (0x00000000ae9e6758) thrown at [./src/hotspot/share/classfile/systemDictionary.cpp, line 231]
Event: 9.545 Thread 0x000001fdf48bb000 Exception <a 'java/lang/NoSuchMethodError'{0x00000000ae629668}: 'java.lang.Object java.lang.invoke.DirectMethodHandle$Holder.invokeSpecial(java.lang.Object, java.lang.Object, int, java.lang.Object, java.lang.Object)'> (0x00000000ae629668) thrown at [./src/hotspot/share/interpreter/linkResolver.cpp, line 773]
Event: 9.545 Thread 0x000001fdf48bb000 Exception <a 'java/lang/NoSuchMethodError'{0x00000000ae631470}: 'java.lang.Object java.lang.invoke.DirectMethodHandle$Holder.invokeStatic(java.lang.Object, java.lang.Object, int, java.lang.Object)'> (0x00000000ae631470) thrown at [./src/hotspot/share/interpreter/linkResolver.cpp, line 773]
Event: 9.546 Thread 0x000001fdf48bb000 Exception <a 'java/lang/NoSuchMethodError'{0x00000000ae635410}: 'java.lang.Object java.lang.invoke.Invokers$Holder.linkToTargetMethod(java.lang.Object, int, java.lang.Object, java.lang.Object)'> (0x00000000ae635410) thrown at [./src/hotspot/share/interpreter/linkResolver.cpp, line 773]
Event: 10.029 Thread 0x000001fdf48bb000 Implicit null exception at 0x000001fde5b29fd4 to 0x000001fde5b2a1b8
Event: 10.157 Thread 0x000001fdf48bb000 Exception <a 'java/lang/ClassNotFoundException'{0x00000000ac8ec0d8}: com/android/build/gradle/internal/api/ApkVariantOutputImpl_DecoratedBeanInfo> (0x00000000ac8ec0d8) thrown at [./src/hotspot/share/classfile/systemDictionary.cpp, line 231]
Event: 10.157 Thread 0x000001fdf48bb000 Exception <a 'java/lang/ClassNotFoundException'{0x00000000ac8fdb60}: com/android/build/gradle/internal/api/ApkVariantOutputImplBeanInfo> (0x00000000ac8fdb60) thrown at [./src/hotspot/share/classfile/systemDictionary.cpp, line 231]
Event: 10.157 Thread 0x000001fdf48bb000 Exception <a 'java/lang/ClassNotFoundException'{0x00000000ac710088}: com/android/build/gradle/internal/api/BaseVariantOutputImplBeanInfo> (0x00000000ac710088) thrown at [./src/hotspot/share/classfile/systemDictionary.cpp, line 231]
Event: 10.157 Thread 0x000001fdf48bb000 Exception <a 'java/lang/ClassNotFoundException'{0x00000000ac7220c0}: com/android/build/gradle/internal/api/BaseVariantOutputImplCustomizer> (0x00000000ac7220c0) thrown at [./src/hotspot/share/classfile/systemDictionary.cpp, line 231]
Event: 10.158 Thread 0x000001fdf48bb000 Exception <a 'java/lang/ClassNotFoundException'{0x00000000ac746810}: com/android/build/gradle/internal/api/ApkVariantOutputImplCustomizer> (0x00000000ac746810) thrown at [./src/hotspot/share/classfile/systemDictionary.cpp, line 231]
Event: 10.159 Thread 0x000001fdf48bb000 Exception <a 'java/lang/ClassNotFoundException'{0x00000000ac766bc0}: com/android/build/gradle/internal/api/ApkVariantOutputImpl_DecoratedCustomizer> (0x00000000ac766bc0) thrown at [./src/hotspot/share/classfile/systemDictionary.cpp, line 231]
Event: 10.383 Thread 0x000001fdf48bb000 Exception <a 'sun/nio/fs/WindowsException'{0x00000000ab720df0}> (0x00000000ab720df0) thrown at [./src/hotspot/share/prims/jni.cpp, line 615]
Event: 10.493 Thread 0x000001fdf48bb000 Exception <a 'java/lang/NullPointerException'{0x00000000ab06c408}> (0x00000000ab06c408) thrown at [./src/hotspot/share/interpreter/linkResolver.cpp, line 1440]

Events (20 events):
Event: 10.573 loading class com/sun/xml/bind/v2/model/impl/AttributePropertyInfoImpl$1
Event: 10.573 loading class com/sun/xml/bind/v2/model/impl/AttributePropertyInfoImpl$1 done
Event: 10.574 loading class javax/xml/bind/annotation/XmlAccessOrder
Event: 10.574 loading class javax/xml/bind/annotation/XmlAccessOrder done
Event: 10.575 loading class javax/xml/bind/annotation/XmlElementDecl$GLOBAL
Event: 10.575 loading class javax/xml/bind/annotation/XmlElementDecl$GLOBAL done
Event: 10.577 loading class com/sun/xml/bind/v2/model/impl/ElementInfoImpl$PropertyImpl
Event: 10.577 loading class com/sun/xml/bind/v2/model/impl/ElementInfoImpl$PropertyImpl done
Event: 10.577 loading class com/sun/xml/bind/v2/model/impl/RuntimeElementInfoImpl$RuntimePropertyImpl
Event: 10.577 loading class com/sun/xml/bind/v2/model/impl/RuntimeElementInfoImpl$RuntimePropertyImpl done
Event: 10.578 loading class com/sun/xml/bind/v2/model/nav/ReflectionNavigator$BinderArg
Event: 10.578 loading class com/sun/xml/bind/v2/model/nav/ReflectionNavigator$BinderArg done
Event: 10.579 loading class com/sun/xml/bind/v2/model/nav/ParameterizedTypeImpl
Event: 10.579 loading class com/sun/xml/bind/v2/model/nav/ParameterizedTypeImpl done
Event: 10.581 loading class javax/xml/bind/annotation/adapters/XmlJavaTypeAdapter$DEFAULT
Event: 10.581 loading class javax/xml/bind/annotation/adapters/XmlJavaTypeAdapter$DEFAULT done
Event: 10.581 loading class com/android/repository/impl/meta/TrimStringAdapter
Event: 10.581 loading class com/android/repository/impl/meta/TrimStringAdapter done
Event: 10.581 loading class javax/xml/bind/annotation/adapters/XmlAdapter
Event: 10.581 loading class javax/xml/bind/annotation/adapters/XmlAdapter done


Dynamic libraries:
0x00007ff690ce0000 - 0x00007ff690cea000 	D:\Programs\Android Studio\jre\bin\java.exe
0x00007ffbd4a50000 - 0x00007ffbd4c45000 	C:\WINDOWS\SYSTEM32\ntdll.dll
0x00007ffbd3b70000 - 0x00007ffbd3c2d000 	C:\WINDOWS\System32\KERNEL32.DLL
0x00007ffbd26d0000 - 0x00007ffbd2999000 	C:\WINDOWS\System32\KERNELBASE.dll
0x00007ffbd22e0000 - 0x00007ffbd23e0000 	C:\WINDOWS\System32\ucrtbase.dll
0x00007ffbb15f0000 - 0x00007ffbb1607000 	D:\Programs\Android Studio\jre\bin\VCRUNTIME140.dll
0x00007ffb9ec70000 - 0x00007ffb9ec89000 	D:\Programs\Android Studio\jre\bin\jli.dll
0x00007ffbd2e10000 - 0x00007ffbd2fb0000 	C:\WINDOWS\System32\USER32.dll
0x00007ffbbcbf0000 - 0x00007ffbbce8a000 	C:\WINDOWS\WinSxS\amd64_microsoft.windows.common-controls_6595b64144ccf1df_6.0.19041.1110_none_60b5254171f9507e\COMCTL32.dll
0x00007ffbd2a80000 - 0x00007ffbd2aa2000 	C:\WINDOWS\System32\win32u.dll
0x00007ffbd3830000 - 0x00007ffbd38ce000 	C:\WINDOWS\System32\msvcrt.dll
0x00007ffbd4930000 - 0x00007ffbd495a000 	C:\WINDOWS\System32\GDI32.dll
0x00007ffbd25c0000 - 0x00007ffbd26cb000 	C:\WINDOWS\System32\gdi32full.dll
0x00007ffbd24c0000 - 0x00007ffbd255d000 	C:\WINDOWS\System32\msvcp_win.dll
0x00007ffbd47e0000 - 0x00007ffbd4810000 	C:\WINDOWS\System32\IMM32.DLL
0x00007ffb77d00000 - 0x00007ffb77d9d000 	D:\Programs\Android Studio\jre\bin\msvcp140.dll
0x00007ffb2cff0000 - 0x00007ffb2dabf000 	D:\Programs\Android Studio\jre\bin\server\jvm.dll
0x00007ffbd46d0000 - 0x00007ffbd477c000 	C:\WINDOWS\System32\ADVAPI32.dll
0x00007ffbd4960000 - 0x00007ffbd49fb000 	C:\WINDOWS\System32\sechost.dll
0x00007ffbd45a0000 - 0x00007ffbd46ca000 	C:\WINDOWS\System32\RPCRT4.dll
0x00007ffbd3e60000 - 0x00007ffbd3e68000 	C:\WINDOWS\System32\PSAPI.DLL
0x00007ffbca080000 - 0x00007ffbca089000 	C:\WINDOWS\SYSTEM32\WSOCK32.dll
0x00007ffbc0c20000 - 0x00007ffbc0c47000 	C:\WINDOWS\SYSTEM32\WINMM.dll
0x00007ffbc7c90000 - 0x00007ffbc7c9a000 	C:\WINDOWS\SYSTEM32\VERSION.dll
0x00007ffbd3e70000 - 0x00007ffbd3edb000 	C:\WINDOWS\System32\WS2_32.dll
0x00007ffbd0270000 - 0x00007ffbd0282000 	C:\WINDOWS\SYSTEM32\kernel.appcore.dll
0x00007ffbcb380000 - 0x00007ffbcb391000 	D:\Programs\Android Studio\jre\bin\verify.dll
0x00007ffbcfe10000 - 0x00007ffbcfff4000 	C:\WINDOWS\SYSTEM32\DBGHELP.DLL
0x00007ffbb9690000 - 0x00007ffbb96bc000 	C:\WINDOWS\SYSTEM32\dbgcore.DLL
0x00007ffbd2430000 - 0x00007ffbd24b3000 	C:\WINDOWS\System32\bcryptPrimitives.dll
0x00007ffbbfbf0000 - 0x00007ffbbfc19000 	D:\Programs\Android Studio\jre\bin\java.dll
0x00007ffbc00b0000 - 0x00007ffbc00bb000 	D:\Programs\Android Studio\jre\bin\jimage.dll
0x00007ffbbfbd0000 - 0x00007ffbbfbe8000 	D:\Programs\Android Studio\jre\bin\zip.dll
0x00007ffbd30f0000 - 0x00007ffbd382f000 	C:\WINDOWS\System32\SHELL32.dll
0x00007ffbd0290000 - 0x00007ffbd0a20000 	C:\WINDOWS\SYSTEM32\windows.storage.dll
0x00007ffbd2ab0000 - 0x00007ffbd2e05000 	C:\WINDOWS\System32\combase.dll
0x00007ffbd1be0000 - 0x00007ffbd1c0c000 	C:\WINDOWS\SYSTEM32\Wldp.dll
0x00007ffbd3d00000 - 0x00007ffbd3dae000 	C:\WINDOWS\System32\SHCORE.dll
0x00007ffbd4780000 - 0x00007ffbd47d5000 	C:\WINDOWS\System32\shlwapi.dll
0x00007ffbd20c0000 - 0x00007ffbd20df000 	C:\WINDOWS\SYSTEM32\profapi.dll
0x00007ffbbfbb0000 - 0x00007ffbbfbca000 	D:\Programs\Android Studio\jre\bin\net.dll
0x00007ffbc1940000 - 0x00007ffbc1a48000 	C:\WINDOWS\SYSTEM32\WINHTTP.dll
0x00007ffbd1940000 - 0x00007ffbd19aa000 	C:\WINDOWS\system32\mswsock.dll
0x00007ffbbfb90000 - 0x00007ffbbfba4000 	D:\Programs\Android Studio\jre\bin\nio.dll
0x00007ffbbfce0000 - 0x00007ffbbfd07000 	C:\Users\gorke\.gradle\native\f6784746aeab05261644944871eae4fe03e0ef1612fff0a4a95f87b438bc6780\windows-amd64\native-platform.dll
0x00007ffbbfb80000 - 0x00007ffbbfb8a000 	D:\Programs\Android Studio\jre\bin\management.dll
0x00007ffbbfb70000 - 0x00007ffbbfb7c000 	D:\Programs\Android Studio\jre\bin\management_ext.dll
0x00007ffbd1b30000 - 0x00007ffbd1b48000 	C:\WINDOWS\SYSTEM32\CRYPTSP.dll
0x00007ffbd1250000 - 0x00007ffbd1284000 	C:\WINDOWS\system32\rsaenh.dll
0x00007ffbd29a0000 - 0x00007ffbd29c7000 	C:\WINDOWS\System32\bcrypt.dll
0x00007ffbd2080000 - 0x00007ffbd20ae000 	C:\WINDOWS\SYSTEM32\USERENV.dll
0x00007ffbd1b50000 - 0x00007ffbd1b5c000 	C:\WINDOWS\SYSTEM32\CRYPTBASE.dll
0x00007ffbd15e0000 - 0x00007ffbd161b000 	C:\WINDOWS\SYSTEM32\IPHLPAPI.DLL
0x00007ffbd4a00000 - 0x00007ffbd4a08000 	C:\WINDOWS\System32\NSI.dll
0x00007ffbc9e60000 - 0x00007ffbc9e77000 	C:\WINDOWS\SYSTEM32\dhcpcsvc6.DLL
0x00007ffbca290000 - 0x00007ffbca2ad000 	C:\WINDOWS\SYSTEM32\dhcpcsvc.DLL
0x00007ffbd1620000 - 0x00007ffbd16ec000 	C:\WINDOWS\SYSTEM32\DNSAPI.dll
0x00007ffbcc430000 - 0x00007ffbcc43b000 	C:\WINDOWS\SYSTEM32\WINNSI.DLL

dbghelp: loaded successfully - version: 4.0.5 - missing functions: none
symbol engine: initialized successfully - sym options: 0x614 - pdb path: .;D:\Programs\Android Studio\jre\bin;C:\WINDOWS\SYSTEM32;C:\WINDOWS\WinSxS\amd64_microsoft.windows.common-controls_6595b64144ccf1df_6.0.19041.1110_none_60b5254171f9507e;D:\Programs\Android Studio\jre\bin\server;C:\Users\gorke\.gradle\native\f6784746aeab05261644944871eae4fe03e0ef1612fff0a4a95f87b438bc6780\windows-amd64

VM Arguments:
jvm_args: --add-opens=java.base/java.util=ALL-UNNAMED --add-opens=java.base/java.lang=ALL-UNNAMED --add-opens=java.base/java.lang.invoke=ALL-UNNAMED --add-opens=java.prefs/java.util.prefs=ALL-UNNAMED -Xmx1536m -Dfile.encoding=windows-1252 -Duser.country=US -Duser.language=en -Duser.variant 
java_command: org.gradle.launcher.daemon.bootstrap.GradleDaemon 6.5
java_class_path (initial): C:\Users\gorke\.gradle\wrapper\dists\gradle-6.5-bin\6nifqtx7604sqp1q6g8wikw7p\gradle-6.5\lib\gradle-launcher-6.5.jar
Launcher Type: SUN_STANDARD

[Global flags]
     intx CICompilerCount                          = 4                                         {product} {ergonomic}
     uint ConcGCThreads                            = 3                                         {product} {ergonomic}
     uint G1ConcRefinementThreads                  = 10                                        {product} {ergonomic}
   size_t G1HeapRegionSize                         = 1048576                                   {product} {ergonomic}
    uintx GCDrainStackTargetSize                   = 64                                        {product} {ergonomic}
   size_t InitialHeapSize                          = 266338304                                 {product} {ergonomic}
   size_t MarkStackSize                            = 4194304                                   {product} {ergonomic}
   size_t MaxHeapSize                              = 1610612736                                {product} {command line}
   size_t MaxNewSize                               = 965738496                                 {product} {ergonomic}
   size_t MinHeapDeltaBytes                        = 1048576                                   {product} {ergonomic}
    uintx NonNMethodCodeHeapSize                   = 5836300                                {pd product} {ergonomic}
    uintx NonProfiledCodeHeapSize                  = 122910970                              {pd product} {ergonomic}
    uintx ProfiledCodeHeapSize                     = 122910970                              {pd product} {ergonomic}
    uintx ReservedCodeCacheSize                    = 251658240                              {pd product} {ergonomic}
     bool SegmentedCodeCache                       = true                                      {product} {ergonomic}
     bool UseCompressedClassPointers               = true                                 {lp64_product} {ergonomic}
     bool UseCompressedOops                        = true                                 {lp64_product} {ergonomic}
     bool UseG1GC                                  = true                                      {product} {ergonomic}
     bool UseLargePagesIndividualAllocation        = false                                  {pd product} {ergonomic}

Logging:
Log output configuration:
 #0: stdout all=warning uptime,level,tags
 #1: stderr all=off uptime,level,tags

Environment Variables:
PATH=C:\Program Files\Microsoft MPI\Bin\;C:\Program Files (x86)\Common Files\Intel\Shared Libraries\redist\intel64_win\compiler;C:\ProgramData\Oracle\Java\javapath;C:\Program Files (x86)\Common Files\Oracle\Java\javapath;C:\Windows\system32;C:\Windows;C:\Windows\System32\Wbem;C:\Windows\System32\WindowsPowerShell\v1.0\;C:\Windows\System32\OpenSSH\;C:\Program Files\NVIDIA Corporation\NVIDIA NvDLISR;C:\Program Files (x86)\NVIDIA Corporation\PhysX\Common;C:\Program Files\dotnet\;C:\Program Files\Microsoft SQL Server\Client SDK\ODBC\170\Tools\Binn\;C:\Program Files\Microsoft SQL Server\Client SDK\ODBC\130\Tools\Binn\;C:\WINDOWS\system32;C:\WINDOWS;C:\WINDOWS\System32\Wbem;C:\WINDOWS\System32\WindowsPowerShell\v1.0\;C:\WINDOWS\System32\OpenSSH\;D:\Program Files\Git\Git\cmd;C:\Program Files\MySQL\MySQL Shell 8.0\bin\;C:\Users\gorke\AppData\Local\Microsoft\WindowsApps;C:\Users\gorke\AppData\Local\atom\bin;D:\Programs\Visual Code\Microsoft VS Code\bin;C:\xampp\php;;%USERPROFILE%\AppData\Local\Microsoft\WindowsApps
USERNAME=gorke
OS=Windows_NT
PROCESSOR_IDENTIFIER=Intel64 Family 6 Model 158 Stepping 10, GenuineIntel



---------------  S Y S T E M  ---------------

OS: Windows 10 , 64 bit Build 19041 (10.0.19041.1151)
OS uptime: 6 days 2:21 hours

CPU:total 12 (initial active 12) (6 cores per cpu, 2 threads per core) family 6 model 158 stepping 10 microcode 0xde, cmov, cx8, fxsr, mmx, sse, sse2, sse3, ssse3, sse4.1, sse4.2, popcnt, avx, avx2, aes, clmul, erms, 3dnowpref, lzcnt, ht, tsc, tscinvbit, bmi1, bmi2, adx, fma

Memory: 4k page, system-wide physical 16243M (3785M free)
TotalPageFile size 22387M (AvailPageFile size 1M)
current process WorkingSet (physical memory assigned to process): 396M, peak: 400M
current process commit charge ("private bytes"): 512M, peak: 516M

vm_info: OpenJDK 64-Bit Server VM (11.0.10+0-b96-7249189) for windows-amd64 JRE (11.0.10+0-b96-7249189), built on Mar 31 2021 21:44:00 by "builder" with MS VC++ 14.0 (VS2015)

END.
