#
# There is insufficient memory for the Java Runtime Environment to continue.
# Native memory allocation (malloc) failed to allocate 1530096 bytes for Chunk::new
# Possible reasons:
#   The system is out of physical RAM or swap space
#   The process is running with CompressedOops enabled, and the Java Heap may be blocking the growth of the native heap
# Possible solutions:
#   Reduce memory load on the system
#   Increase physical memory or swap space
#   Check if swap backing store is full
#   Decrease Java heap size (-Xmx/-Xms)
#   Decrease number of Java threads
#   Decrease Java thread stack sizes (-Xss)
#   Set larger code cache with -XX:ReservedCodeCacheSize=
#   JVM is running with Unscaled Compressed Oops mode in which the Java heap is
#     placed in the first 4GB address space. The Java Heap base address is the
#     maximum limit for the native heap growth. Please use -XX:HeapBaseMinAddress
#     to set the Java Heap base and to place the Java Heap above 4GB virtual address.
# This output file may be truncated or incomplete.
#
#  Out of Memory Error (./src/hotspot/share/memory/arena.cpp:197), pid=8780, tid=5796
#
# JRE version: OpenJDK Runtime Environment (11.0.10) (build 11.0.10+0-b96-7249189)
# Java VM: OpenJDK 64-Bit Server VM (11.0.10+0-b96-7249189, mixed mode, tiered, compressed oops, g1 gc, windows-amd64)
# No core dump will be written. Minidumps are not enabled by default on client versions of Windows
#

---------------  S U M M A R Y ------------

Command Line: --add-opens=java.base/java.util=ALL-UNNAMED --add-opens=java.base/java.lang=ALL-UNNAMED --add-opens=java.base/java.lang.invoke=ALL-UNNAMED --add-opens=java.prefs/java.util.prefs=ALL-UNNAMED -Xmx1536m -Dfile.encoding=windows-1252 -Duser.country=US -Duser.language=en -Duser.variant org.gradle.launcher.daemon.bootstrap.GradleDaemon 6.5

Host: Intel(R) Core(TM) i7-8750H CPU @ 2.20GHz, 12 cores, 15G,  Windows 10 , 64 bit Build 19041 (10.0.19041.1151)
Time: Wed Aug 25 17:50:39 2021 Turkey Standard Time elapsed time: 4.368249 seconds (0d 0h 0m 4s)

---------------  T H R E A D  ---------------

Current thread (0x000001d65f6be000):  JavaThread "C2 CompilerThread0" daemon [_thread_in_native, id=5796, stack(0x000000b5a0300000,0x000000b5a0400000)]


Current CompileTask:
C2:   4368 2848       4       org.objectweb.asm.Frame::execute (2318 bytes)

Stack: [0x000000b5a0300000,0x000000b5a0400000]
Native frames: (J=compiled Java code, j=interpreted, Vv=VM code, C=native code)
V  [jvm.dll+0x5ecfaa]
V  [jvm.dll+0x722bd5]
V  [jvm.dll+0x72412d]
V  [jvm.dll+0x7247e3]
V  [jvm.dll+0x242928]
V  [jvm.dll+0xbc4fc]
V  [jvm.dll+0xbca0c]
V  [jvm.dll+0x352d3b]
V  [jvm.dll+0x320ad3]
V  [jvm.dll+0x31ffca]
V  [jvm.dll+0x1fb602]
V  [jvm.dll+0x1fa7f4]
V  [jvm.dll+0x18354c]
V  [jvm.dll+0x208ee7]
V  [jvm.dll+0x207731]
V  [jvm.dll+0x6eb1cf]
V  [jvm.dll+0x6e3d45]
V  [jvm.dll+0x5ebe96]
C  [ucrtbase.dll+0x21bb2]
C  [KERNEL32.DLL+0x17034]
C  [ntdll.dll+0x52651]


---------------  P R O C E S S  ---------------

Threads class SMR info:
_java_thread_list=0x000001d664255bf0, length=32, elements={
0x000001d6438ce800, 0x000001d65f64d800, 0x000001d65f64e000, 0x000001d65f6ac800,
0x000001d65f6b0800, 0x000001d65f6b3000, 0x000001d65f6be000, 0x000001d65f6c4800,
0x000001d65f6c8800, 0x000001d65f831800, 0x000001d660eac800, 0x000001d66116f800,
0x000001d660b29800, 0x000001d660bfc800, 0x000001d660b32800, 0x000001d6608fd800,
0x000001d66090a800, 0x000001d66098f000, 0x000001d661967000, 0x000001d66163c800,
0x000001d661639800, 0x000001d661637800, 0x000001d66163c000, 0x000001d661a9a000,
0x000001d6612ee000, 0x000001d66163d800, 0x000001d66163e800, 0x000001d661638800,
0x000001d66163a000, 0x000001d66163b000, 0x000001d6638bc800, 0x000001d6638bd000
}

Java Threads: ( => current thread )
  0x000001d6438ce800 JavaThread "main" [_thread_blocked, id=14364, stack(0x000000b59f700000,0x000000b59f800000)]
  0x000001d65f64d800 JavaThread "Reference Handler" daemon [_thread_blocked, id=20368, stack(0x000000b59fe00000,0x000000b59ff00000)]
  0x000001d65f64e000 JavaThread "Finalizer" daemon [_thread_blocked, id=16836, stack(0x000000b59ff00000,0x000000b5a0000000)]
  0x000001d65f6ac800 JavaThread "Signal Dispatcher" daemon [_thread_blocked, id=12292, stack(0x000000b5a0000000,0x000000b5a0100000)]
  0x000001d65f6b0800 JavaThread "Attach Listener" daemon [_thread_blocked, id=13988, stack(0x000000b5a0100000,0x000000b5a0200000)]
  0x000001d65f6b3000 JavaThread "Service Thread" daemon [_thread_blocked, id=20756, stack(0x000000b5a0200000,0x000000b5a0300000)]
=>0x000001d65f6be000 JavaThread "C2 CompilerThread0" daemon [_thread_in_native, id=5796, stack(0x000000b5a0300000,0x000000b5a0400000)]
  0x000001d65f6c4800 JavaThread "C1 CompilerThread0" daemon [_thread_blocked, id=3224, stack(0x000000b5a0400000,0x000000b5a0500000)]
  0x000001d65f6c8800 JavaThread "Sweeper thread" daemon [_thread_blocked, id=3164, stack(0x000000b5a0500000,0x000000b5a0600000)]
  0x000001d65f831800 JavaThread "Common-Cleaner" daemon [_thread_blocked, id=8164, stack(0x000000b5a0600000,0x000000b5a0700000)]
  0x000001d660eac800 JavaThread "Daemon health stats" [_thread_blocked, id=5536, stack(0x000000b5a0f00000,0x000000b5a1000000)]
  0x000001d66116f800 JavaThread "Incoming local TCP Connector on port 55379" [_thread_in_native, id=3316, stack(0x000000b5a1000000,0x000000b5a1100000)]
  0x000001d660b29800 JavaThread "Daemon periodic checks" [_thread_blocked, id=12324, stack(0x000000b5a1100000,0x000000b5a1200000)]
  0x000001d660bfc800 JavaThread "Daemon" [_thread_blocked, id=1876, stack(0x000000b5a1200000,0x000000b5a1300000)]
  0x000001d660b32800 JavaThread "Handler for socket connection from /127.0.0.1:55379 to /127.0.0.1:55380" [_thread_in_native, id=10204, stack(0x000000b5a1300000,0x000000b5a1400000)]
  0x000001d6608fd800 JavaThread "Cancel handler" [_thread_blocked, id=12772, stack(0x000000b5a1400000,0x000000b5a1500000)]
  0x000001d66090a800 JavaThread "Daemon worker" [_thread_in_vm, id=6760, stack(0x000000b5a1500000,0x000000b5a1600000)]
  0x000001d66098f000 JavaThread "Asynchronous log dispatcher for DefaultDaemonConnection: socket connection from /127.0.0.1:55379 to /127.0.0.1:55380" [_thread_blocked, id=1052, stack(0x000000b5a1700000,0x000000b5a1800000)]
  0x000001d661967000 JavaThread "Stdin handler" [_thread_blocked, id=16648, stack(0x000000b5a1800000,0x000000b5a1900000)]
  0x000001d66163c800 JavaThread "Thread-8" [_thread_blocked, id=6004, stack(0x000000b5a1900000,0x000000b5a1a00000)]
  0x000001d661639800 JavaThread "Cache worker for journal cache (C:\Users\gorke\.gradle\caches\journal-1)" [_thread_blocked, id=10828, stack(0x000000b5a1a00000,0x000000b5a1b00000)]
  0x000001d661637800 JavaThread "File lock request listener" [_thread_in_native, id=20100, stack(0x000000b5a1b00000,0x000000b5a1c00000)]
  0x000001d66163c000 JavaThread "Cache worker for file hash cache (C:\Users\gorke\.gradle\caches\6.5\fileHashes)" [_thread_blocked, id=9616, stack(0x000000b5a1600000,0x000000b5a1700000)]
  0x000001d661a9a000 JavaThread "C2 CompilerThread1" daemon [_thread_in_native, id=10428, stack(0x000000b5a2200000,0x000000b5a2300000)]
  0x000001d6612ee000 JavaThread "C2 CompilerThread2" daemon [_thread_in_native, id=11092, stack(0x000000b5a2300000,0x000000b5a2400000)]
  0x000001d66163d800 JavaThread "Cache worker for file hash cache (D:\Capstone\MyApp01\MyApp01\.gradle\6.5\fileHashes)" [_thread_blocked, id=21348, stack(0x000000b5a2400000,0x000000b5a2500000)]
  0x000001d66163e800 JavaThread "Cache worker for checksums cache (D:\Capstone\MyApp01\MyApp01\.gradle\checksums)" [_thread_blocked, id=17260, stack(0x000000b5a2500000,0x000000b5a2600000)]
  0x000001d661638800 JavaThread "Cache worker for cache directory md-supplier (C:\Users\gorke\.gradle\caches\6.5\md-supplier)" [_thread_blocked, id=14752, stack(0x000000b5a2600000,0x000000b5a2700000)]
  0x000001d66163a000 JavaThread "Cache worker for cache directory md-rule (C:\Users\gorke\.gradle\caches\6.5\md-rule)" [_thread_blocked, id=16304, stack(0x000000b5a2700000,0x000000b5a2800000)]
  0x000001d66163b000 JavaThread "Cache worker for execution history cache (C:\Users\gorke\.gradle\caches\6.5\executionHistory)" [_thread_blocked, id=16700, stack(0x000000b5a2800000,0x000000b5a2900000)]
  0x000001d6638bc800 JavaThread "jar transforms" [_thread_blocked, id=13176, stack(0x000000b5a2900000,0x000000b5a2a00000)]
  0x000001d6638bd000 JavaThread "Cache worker for file content cache (C:\Users\gorke\.gradle\caches\6.5\fileContent)" [_thread_blocked, id=19680, stack(0x000000b5a2a00000,0x000000b5a2b00000)]

Other Threads:
  0x000001d65f62b800 VMThread "VM Thread" [stack: 0x000000b59fd00000,0x000000b59fe00000] [id=8496]
  0x000001d65f84a800 WatcherThread [stack: 0x000000b5a0700000,0x000000b5a0800000] [id=17348]
  0x000001d6438e2000 GCTaskThread "GC Thread#0" [stack: 0x000000b59f800000,0x000000b59f900000] [id=11848]
  0x000001d660307000 GCTaskThread "GC Thread#1" [stack: 0x000000b5a0900000,0x000000b5a0a00000] [id=18588]
  0x000001d66054f800 GCTaskThread "GC Thread#2" [stack: 0x000000b5a0a00000,0x000000b5a0b00000] [id=3932]
  0x000001d6603b9000 GCTaskThread "GC Thread#3" [stack: 0x000000b5a0b00000,0x000000b5a0c00000] [id=18956]
  0x000001d65fd4a000 GCTaskThread "GC Thread#4" [stack: 0x000000b5a0c00000,0x000000b5a0d00000] [id=3244]
  0x000001d6603af000 GCTaskThread "GC Thread#5" [stack: 0x000000b5a0d00000,0x000000b5a0e00000] [id=1356]
  0x000001d661905000 GCTaskThread "GC Thread#6" [stack: 0x000000b5a1c00000,0x000000b5a1d00000] [id=13908]
  0x000001d66098d800 GCTaskThread "GC Thread#7" [stack: 0x000000b5a1d00000,0x000000b5a1e00000] [id=13496]
  0x000001d6615ee800 GCTaskThread "GC Thread#8" [stack: 0x000000b5a1e00000,0x000000b5a1f00000] [id=12708]
  0x000001d66181c800 GCTaskThread "GC Thread#9" [stack: 0x000000b5a1f00000,0x000000b5a2000000] [id=17908]
  0x000001d643909000 ConcurrentGCThread "G1 Main Marker" [stack: 0x000000b59f900000,0x000000b59fa00000] [id=7556]
  0x000001d64390d800 ConcurrentGCThread "G1 Conc#0" [stack: 0x000000b59fa00000,0x000000b59fb00000] [id=1768]
  0x000001d660481800 ConcurrentGCThread "G1 Conc#1" [stack: 0x000000b5a2000000,0x000000b5a2100000] [id=13288]
  0x000001d661774800 ConcurrentGCThread "G1 Conc#2" [stack: 0x000000b5a2100000,0x000000b5a2200000] [id=10508]
  0x000001d6439ae000 ConcurrentGCThread "G1 Refine#0" [stack: 0x000000b59fb00000,0x000000b59fc00000] [id=17200]
  0x000001d65ec92800 ConcurrentGCThread "G1 Young RemSet Sampling" [stack: 0x000000b59fc00000,0x000000b59fd00000] [id=1064]

Threads with active compile tasks:
C2 CompilerThread0   4471 2848       4       org.objectweb.asm.Frame::execute (2318 bytes)
C2 CompilerThread1   4471 2946       4       org.objectweb.asm.SymbolTable::put (150 bytes)
C2 CompilerThread2   4471 2943 %     4       jdk.internal.org.objectweb.asm.Type::getArgumentsAndReturnSizes @ 63 (151 bytes)

VM state:not at safepoint (normal execution)

VM Mutex/Monitor currently owned by a thread: None

Heap address: 0x00000000a0000000, size: 1536 MB, Compressed Oops mode: 32-bit
Narrow klass base: 0x0000000000000000, Narrow klass shift: 3
Compressed class space size: 1073741824 Address: 0x0000000100000000

Heap:
 garbage-first heap   total 260096K, used 55723K [0x00000000a0000000, 0x0000000100000000)
  region size 1024K, 38 young (38912K), 6 survivors (6144K)
 Metaspace       used 38637K, capacity 39450K, committed 39632K, reserved 1083392K
  class space    used 4910K, capacity 5201K, committed 5248K, reserved 1048576K
Heap Regions: E=young(eden), S=young(survivor), O=old, HS=humongous(starts), HC=humongous(continues), CS=collection set, F=free, A=archive, TAMS=top-at-mark-start (previous, next)
|   0|0x00000000a0000000, 0x00000000a0100000, 0x00000000a0100000|100%| O|  |TAMS 0x00000000a0100000, 0x00000000a0000000| Untracked 
|   1|0x00000000a0100000, 0x00000000a0200000, 0x00000000a0200000|100%| O|  |TAMS 0x00000000a0200000, 0x00000000a0100000| Untracked 
|   2|0x00000000a0200000, 0x00000000a0300000, 0x00000000a0300000|100%| O|  |TAMS 0x00000000a0300000, 0x00000000a0200000| Untracked 
|   3|0x00000000a0300000, 0x00000000a0400000, 0x00000000a0400000|100%|HS|  |TAMS 0x00000000a0400000, 0x00000000a0300000| Complete 
|   4|0x00000000a0400000, 0x00000000a0500000, 0x00000000a0500000|100%|HC|  |TAMS 0x00000000a0500000, 0x00000000a0400000| Complete 
|   5|0x00000000a0500000, 0x00000000a0600000, 0x00000000a0600000|100%|HC|  |TAMS 0x00000000a0600000, 0x00000000a0500000| Complete 
|   6|0x00000000a0600000, 0x00000000a0700000, 0x00000000a0700000|100%| O|  |TAMS 0x00000000a0700000, 0x00000000a0600000| Untracked 
|   7|0x00000000a0700000, 0x00000000a0800000, 0x00000000a0800000|100%| O|  |TAMS 0x00000000a0800000, 0x00000000a0700000| Untracked 
|   8|0x00000000a0800000, 0x00000000a0900000, 0x00000000a0900000|100%| O|  |TAMS 0x00000000a0900000, 0x00000000a0800000| Untracked 
|   9|0x00000000a0900000, 0x00000000a0a00000, 0x00000000a0a00000|100%| O|  |TAMS 0x00000000a0a00000, 0x00000000a0900000| Untracked 
|  10|0x00000000a0a00000, 0x00000000a0b00000, 0x00000000a0b00000|100%| O|  |TAMS 0x00000000a0b00000, 0x00000000a0a00000| Untracked 
|  11|0x00000000a0b00000, 0x00000000a0c00000, 0x00000000a0c00000|100%| O|  |TAMS 0x00000000a0c00000, 0x00000000a0b00000| Untracked 
|  12|0x00000000a0c00000, 0x00000000a0d00000, 0x00000000a0d00000|100%| O|  |TAMS 0x00000000a0d00000, 0x00000000a0c00000| Untracked 
|  13|0x00000000a0d00000, 0x00000000a0e00000, 0x00000000a0e00000|100%| O|  |TAMS 0x00000000a0e00000, 0x00000000a0d00000| Untracked 
|  14|0x00000000a0e00000, 0x00000000a0f00000, 0x00000000a0f00000|100%| O|  |TAMS 0x00000000a0f00000, 0x00000000a0e00000| Untracked 
|  15|0x00000000a0f00000, 0x00000000a0f4d600, 0x00000000a1000000| 30%| O|  |TAMS 0x00000000a0f4d600, 0x00000000a0f00000| Untracked 
|  16|0x00000000a1000000, 0x00000000a1100000, 0x00000000a1100000|100%|HS|  |TAMS 0x00000000a1000000, 0x00000000a1000000| Complete 
|  17|0x00000000a1100000, 0x00000000a1200000, 0x00000000a1200000|100%|HS|  |TAMS 0x00000000a1100000, 0x00000000a1100000| Complete 
|  18|0x00000000a1200000, 0x00000000a1300000, 0x00000000a1300000|100%|HC|  |TAMS 0x00000000a1200000, 0x00000000a1200000| Complete 
|  19|0x00000000a1300000, 0x00000000a1300000, 0x00000000a1400000|  0%| F|  |TAMS 0x00000000a1300000, 0x00000000a1300000| Untracked 
|  20|0x00000000a1400000, 0x00000000a1400000, 0x00000000a1500000|  0%| F|  |TAMS 0x00000000a1400000, 0x00000000a1400000| Untracked 
|  21|0x00000000a1500000, 0x00000000a1500000, 0x00000000a1600000|  0%| F|  |TAMS 0x00000000a1500000, 0x00000000a1500000| Untracked 
|  22|0x00000000a1600000, 0x00000000a1600000, 0x00000000a1700000|  0%| F|  |TAMS 0x00000000a1600000, 0x00000000a1600000| Untracked 
|  23|0x00000000a1700000, 0x00000000a1700000, 0x00000000a1800000|  0%| F|  |TAMS 0x00000000a1700000, 0x00000000a1700000| Untracked 
|  24|0x00000000a1800000, 0x00000000a1800000, 0x00000000a1900000|  0%| F|  |TAMS 0x00000000a1800000, 0x00000000a1800000| Untracked 
|  25|0x00000000a1900000, 0x00000000a1900000, 0x00000000a1a00000|  0%| F|  |TAMS 0x00000000a1900000, 0x00000000a1900000| Untracked 
|  26|0x00000000a1a00000, 0x00000000a1a00000, 0x00000000a1b00000|  0%| F|  |TAMS 0x00000000a1a00000, 0x00000000a1a00000| Untracked 
|  27|0x00000000a1b00000, 0x00000000a1b00000, 0x00000000a1c00000|  0%| F|  |TAMS 0x00000000a1b00000, 0x00000000a1b00000| Untracked 
|  28|0x00000000a1c00000, 0x00000000a1c00000, 0x00000000a1d00000|  0%| F|  |TAMS 0x00000000a1c00000, 0x00000000a1c00000| Untracked 
|  29|0x00000000a1d00000, 0x00000000a1d00000, 0x00000000a1e00000|  0%| F|  |TAMS 0x00000000a1d00000, 0x00000000a1d00000| Untracked 
|  30|0x00000000a1e00000, 0x00000000a1e00000, 0x00000000a1f00000|  0%| F|  |TAMS 0x00000000a1e00000, 0x00000000a1e00000| Untracked 
|  31|0x00000000a1f00000, 0x00000000a1f00000, 0x00000000a2000000|  0%| F|  |TAMS 0x00000000a1f00000, 0x00000000a1f00000| Untracked 
|  32|0x00000000a2000000, 0x00000000a2000000, 0x00000000a2100000|  0%| F|  |TAMS 0x00000000a2000000, 0x00000000a2000000| Untracked 
|  33|0x00000000a2100000, 0x00000000a2100000, 0x00000000a2200000|  0%| F|  |TAMS 0x00000000a2100000, 0x00000000a2100000| Untracked 
|  34|0x00000000a2200000, 0x00000000a2200000, 0x00000000a2300000|  0%| F|  |TAMS 0x00000000a2200000, 0x00000000a2200000| Untracked 
|  35|0x00000000a2300000, 0x00000000a2300000, 0x00000000a2400000|  0%| F|  |TAMS 0x00000000a2300000, 0x00000000a2300000| Untracked 
|  36|0x00000000a2400000, 0x00000000a2400000, 0x00000000a2500000|  0%| F|  |TAMS 0x00000000a2400000, 0x00000000a2400000| Untracked 
|  37|0x00000000a2500000, 0x00000000a2500000, 0x00000000a2600000|  0%| F|  |TAMS 0x00000000a2500000, 0x00000000a2500000| Untracked 
|  38|0x00000000a2600000, 0x00000000a2600000, 0x00000000a2700000|  0%| F|  |TAMS 0x00000000a2600000, 0x00000000a2600000| Untracked 
|  39|0x00000000a2700000, 0x00000000a2700000, 0x00000000a2800000|  0%| F|  |TAMS 0x00000000a2700000, 0x00000000a2700000| Untracked 
|  40|0x00000000a2800000, 0x00000000a2800000, 0x00000000a2900000|  0%| F|  |TAMS 0x00000000a2800000, 0x00000000a2800000| Untracked 
|  41|0x00000000a2900000, 0x00000000a2900000, 0x00000000a2a00000|  0%| F|  |TAMS 0x00000000a2900000, 0x00000000a2900000| Untracked 
|  42|0x00000000a2a00000, 0x00000000a2a00000, 0x00000000a2b00000|  0%| F|  |TAMS 0x00000000a2a00000, 0x00000000a2a00000| Untracked 
|  43|0x00000000a2b00000, 0x00000000a2b00000, 0x00000000a2c00000|  0%| F|  |TAMS 0x00000000a2b00000, 0x00000000a2b00000| Untracked 
|  44|0x00000000a2c00000, 0x00000000a2c00000, 0x00000000a2d00000|  0%| F|  |TAMS 0x00000000a2c00000, 0x00000000a2c00000| Untracked 
|  45|0x00000000a2d00000, 0x00000000a2d00000, 0x00000000a2e00000|  0%| F|  |TAMS 0x00000000a2d00000, 0x00000000a2d00000| Untracked 
|  46|0x00000000a2e00000, 0x00000000a2e00000, 0x00000000a2f00000|  0%| F|  |TAMS 0x00000000a2e00000, 0x00000000a2e00000| Untracked 
|  47|0x00000000a2f00000, 0x00000000a2f00000, 0x00000000a3000000|  0%| F|  |TAMS 0x00000000a2f00000, 0x00000000a2f00000| Untracked 
|  48|0x00000000a3000000, 0x00000000a3000000, 0x00000000a3100000|  0%| F|  |TAMS 0x00000000a3000000, 0x00000000a3000000| Untracked 
|  49|0x00000000a3100000, 0x00000000a3100000, 0x00000000a3200000|  0%| F|  |TAMS 0x00000000a3100000, 0x00000000a3100000| Untracked 
|  50|0x00000000a3200000, 0x00000000a3200000, 0x00000000a3300000|  0%| F|  |TAMS 0x00000000a3200000, 0x00000000a3200000| Untracked 
|  51|0x00000000a3300000, 0x00000000a3300000, 0x00000000a3400000|  0%| F|  |TAMS 0x00000000a3300000, 0x00000000a3300000| Untracked 
|  52|0x00000000a3400000, 0x00000000a3400000, 0x00000000a3500000|  0%| F|  |TAMS 0x00000000a3400000, 0x00000000a3400000| Untracked 
|  53|0x00000000a3500000, 0x00000000a3500000, 0x00000000a3600000|  0%| F|  |TAMS 0x00000000a3500000, 0x00000000a3500000| Untracked 
|  54|0x00000000a3600000, 0x00000000a3600000, 0x00000000a3700000|  0%| F|  |TAMS 0x00000000a3600000, 0x00000000a3600000| Untracked 
|  55|0x00000000a3700000, 0x00000000a3700000, 0x00000000a3800000|  0%| F|  |TAMS 0x00000000a3700000, 0x00000000a3700000| Untracked 
|  56|0x00000000a3800000, 0x00000000a3800000, 0x00000000a3900000|  0%| F|  |TAMS 0x00000000a3800000, 0x00000000a3800000| Untracked 
|  57|0x00000000a3900000, 0x00000000a3900000, 0x00000000a3a00000|  0%| F|  |TAMS 0x00000000a3900000, 0x00000000a3900000| Untracked 
|  58|0x00000000a3a00000, 0x00000000a3a00000, 0x00000000a3b00000|  0%| F|  |TAMS 0x00000000a3a00000, 0x00000000a3a00000| Untracked 
|  59|0x00000000a3b00000, 0x00000000a3b00000, 0x00000000a3c00000|  0%| F|  |TAMS 0x00000000a3b00000, 0x00000000a3b00000| Untracked 
|  60|0x00000000a3c00000, 0x00000000a3c00000, 0x00000000a3d00000|  0%| F|  |TAMS 0x00000000a3c00000, 0x00000000a3c00000| Untracked 
|  61|0x00000000a3d00000, 0x00000000a3d00000, 0x00000000a3e00000|  0%| F|  |TAMS 0x00000000a3d00000, 0x00000000a3d00000| Untracked 
|  62|0x00000000a3e00000, 0x00000000a3e00000, 0x00000000a3f00000|  0%| F|  |TAMS 0x00000000a3e00000, 0x00000000a3e00000| Untracked 
|  63|0x00000000a3f00000, 0x00000000a3f00000, 0x00000000a4000000|  0%| F|  |TAMS 0x00000000a3f00000, 0x00000000a3f00000| Untracked 
|  64|0x00000000a4000000, 0x00000000a4000000, 0x00000000a4100000|  0%| F|  |TAMS 0x00000000a4000000, 0x00000000a4000000| Untracked 
|  65|0x00000000a4100000, 0x00000000a4100000, 0x00000000a4200000|  0%| F|  |TAMS 0x00000000a4100000, 0x00000000a4100000| Untracked 
|  66|0x00000000a4200000, 0x00000000a4200000, 0x00000000a4300000|  0%| F|  |TAMS 0x00000000a4200000, 0x00000000a4200000| Untracked 
|  67|0x00000000a4300000, 0x00000000a4300000, 0x00000000a4400000|  0%| F|  |TAMS 0x00000000a4300000, 0x00000000a4300000| Untracked 
|  68|0x00000000a4400000, 0x00000000a4400000, 0x00000000a4500000|  0%| F|  |TAMS 0x00000000a4400000, 0x00000000a4400000| Untracked 
|  69|0x00000000a4500000, 0x00000000a4500000, 0x00000000a4600000|  0%| F|  |TAMS 0x00000000a4500000, 0x00000000a4500000| Untracked 
|  70|0x00000000a4600000, 0x00000000a4600000, 0x00000000a4700000|  0%| F|  |TAMS 0x00000000a4600000, 0x00000000a4600000| Untracked 
|  71|0x00000000a4700000, 0x00000000a4700000, 0x00000000a4800000|  0%| F|  |TAMS 0x00000000a4700000, 0x00000000a4700000| Untracked 
|  72|0x00000000a4800000, 0x00000000a4800000, 0x00000000a4900000|  0%| F|  |TAMS 0x00000000a4800000, 0x00000000a4800000| Untracked 
|  73|0x00000000a4900000, 0x00000000a4900000, 0x00000000a4a00000|  0%| F|  |TAMS 0x00000000a4900000, 0x00000000a4900000| Untracked 
|  74|0x00000000a4a00000, 0x00000000a4a00000, 0x00000000a4b00000|  0%| F|  |TAMS 0x00000000a4a00000, 0x00000000a4a00000| Untracked 
|  75|0x00000000a4b00000, 0x00000000a4b00000, 0x00000000a4c00000|  0%| F|  |TAMS 0x00000000a4b00000, 0x00000000a4b00000| Untracked 
|  76|0x00000000a4c00000, 0x00000000a4c00000, 0x00000000a4d00000|  0%| F|  |TAMS 0x00000000a4c00000, 0x00000000a4c00000| Untracked 
|  77|0x00000000a4d00000, 0x00000000a4d00000, 0x00000000a4e00000|  0%| F|  |TAMS 0x00000000a4d00000, 0x00000000a4d00000| Untracked 
|  78|0x00000000a4e00000, 0x00000000a4e00000, 0x00000000a4f00000|  0%| F|  |TAMS 0x00000000a4e00000, 0x00000000a4e00000| Untracked 
|  79|0x00000000a4f00000, 0x00000000a4f00000, 0x00000000a5000000|  0%| F|  |TAMS 0x00000000a4f00000, 0x00000000a4f00000| Untracked 
|  80|0x00000000a5000000, 0x00000000a5000000, 0x00000000a5100000|  0%| F|  |TAMS 0x00000000a5000000, 0x00000000a5000000| Untracked 
|  81|0x00000000a5100000, 0x00000000a5100000, 0x00000000a5200000|  0%| F|  |TAMS 0x00000000a5100000, 0x00000000a5100000| Untracked 
|  82|0x00000000a5200000, 0x00000000a5200000, 0x00000000a5300000|  0%| F|  |TAMS 0x00000000a5200000, 0x00000000a5200000| Untracked 
|  83|0x00000000a5300000, 0x00000000a5300000, 0x00000000a5400000|  0%| F|  |TAMS 0x00000000a5300000, 0x00000000a5300000| Untracked 
|  84|0x00000000a5400000, 0x00000000a5400000, 0x00000000a5500000|  0%| F|  |TAMS 0x00000000a5400000, 0x00000000a5400000| Untracked 
|  85|0x00000000a5500000, 0x00000000a5500000, 0x00000000a5600000|  0%| F|  |TAMS 0x00000000a5500000, 0x00000000a5500000| Untracked 
|  86|0x00000000a5600000, 0x00000000a5600000, 0x00000000a5700000|  0%| F|  |TAMS 0x00000000a5600000, 0x00000000a5600000| Untracked 
|  87|0x00000000a5700000, 0x00000000a5700000, 0x00000000a5800000|  0%| F|  |TAMS 0x00000000a5700000, 0x00000000a5700000| Untracked 
|  88|0x00000000a5800000, 0x00000000a5800000, 0x00000000a5900000|  0%| F|  |TAMS 0x00000000a5800000, 0x00000000a5800000| Untracked 
|  89|0x00000000a5900000, 0x00000000a5900000, 0x00000000a5a00000|  0%| F|  |TAMS 0x00000000a5900000, 0x00000000a5900000| Untracked 
|  90|0x00000000a5a00000, 0x00000000a5a00000, 0x00000000a5b00000|  0%| F|  |TAMS 0x00000000a5a00000, 0x00000000a5a00000| Untracked 
|  91|0x00000000a5b00000, 0x00000000a5b00000, 0x00000000a5c00000|  0%| F|  |TAMS 0x00000000a5b00000, 0x00000000a5b00000| Untracked 
|  92|0x00000000a5c00000, 0x00000000a5c00000, 0x00000000a5d00000|  0%| F|  |TAMS 0x00000000a5c00000, 0x00000000a5c00000| Untracked 
|  93|0x00000000a5d00000, 0x00000000a5d00000, 0x00000000a5e00000|  0%| F|  |TAMS 0x00000000a5d00000, 0x00000000a5d00000| Untracked 
|  94|0x00000000a5e00000, 0x00000000a5e00000, 0x00000000a5f00000|  0%| F|  |TAMS 0x00000000a5e00000, 0x00000000a5e00000| Untracked 
|  95|0x00000000a5f00000, 0x00000000a5f00000, 0x00000000a6000000|  0%| F|  |TAMS 0x00000000a5f00000, 0x00000000a5f00000| Untracked 
|  96|0x00000000a6000000, 0x00000000a6000000, 0x00000000a6100000|  0%| F|  |TAMS 0x00000000a6000000, 0x00000000a6000000| Untracked 
|  97|0x00000000a6100000, 0x00000000a6100000, 0x00000000a6200000|  0%| F|  |TAMS 0x00000000a6100000, 0x00000000a6100000| Untracked 
|  98|0x00000000a6200000, 0x00000000a6200000, 0x00000000a6300000|  0%| F|  |TAMS 0x00000000a6200000, 0x00000000a6200000| Untracked 
|  99|0x00000000a6300000, 0x00000000a6300000, 0x00000000a6400000|  0%| F|  |TAMS 0x00000000a6300000, 0x00000000a6300000| Untracked 
| 100|0x00000000a6400000, 0x00000000a6400000, 0x00000000a6500000|  0%| F|  |TAMS 0x00000000a6400000, 0x00000000a6400000| Untracked 
| 101|0x00000000a6500000, 0x00000000a6500000, 0x00000000a6600000|  0%| F|  |TAMS 0x00000000a6500000, 0x00000000a6500000| Untracked 
| 102|0x00000000a6600000, 0x00000000a6600000, 0x00000000a6700000|  0%| F|  |TAMS 0x00000000a6600000, 0x00000000a6600000| Untracked 
| 103|0x00000000a6700000, 0x00000000a6700000, 0x00000000a6800000|  0%| F|  |TAMS 0x00000000a6700000, 0x00000000a6700000| Untracked 
| 104|0x00000000a6800000, 0x00000000a6800000, 0x00000000a6900000|  0%| F|  |TAMS 0x00000000a6800000, 0x00000000a6800000| Untracked 
| 105|0x00000000a6900000, 0x00000000a6900000, 0x00000000a6a00000|  0%| F|  |TAMS 0x00000000a6900000, 0x00000000a6900000| Untracked 
| 106|0x00000000a6a00000, 0x00000000a6a00000, 0x00000000a6b00000|  0%| F|  |TAMS 0x00000000a6a00000, 0x00000000a6a00000| Untracked 
| 107|0x00000000a6b00000, 0x00000000a6b00000, 0x00000000a6c00000|  0%| F|  |TAMS 0x00000000a6b00000, 0x00000000a6b00000| Untracked 
| 108|0x00000000a6c00000, 0x00000000a6c00000, 0x00000000a6d00000|  0%| F|  |TAMS 0x00000000a6c00000, 0x00000000a6c00000| Untracked 
| 109|0x00000000a6d00000, 0x00000000a6d00000, 0x00000000a6e00000|  0%| F|  |TAMS 0x00000000a6d00000, 0x00000000a6d00000| Untracked 
| 110|0x00000000a6e00000, 0x00000000a6e00000, 0x00000000a6f00000|  0%| F|  |TAMS 0x00000000a6e00000, 0x00000000a6e00000| Untracked 
| 111|0x00000000a6f00000, 0x00000000a6f00000, 0x00000000a7000000|  0%| F|  |TAMS 0x00000000a6f00000, 0x00000000a6f00000| Untracked 
| 112|0x00000000a7000000, 0x00000000a7000000, 0x00000000a7100000|  0%| F|  |TAMS 0x00000000a7000000, 0x00000000a7000000| Untracked 
| 113|0x00000000a7100000, 0x00000000a7100000, 0x00000000a7200000|  0%| F|  |TAMS 0x00000000a7100000, 0x00000000a7100000| Untracked 
| 114|0x00000000a7200000, 0x00000000a7200000, 0x00000000a7300000|  0%| F|  |TAMS 0x00000000a7200000, 0x00000000a7200000| Untracked 
| 115|0x00000000a7300000, 0x00000000a7300000, 0x00000000a7400000|  0%| F|  |TAMS 0x00000000a7300000, 0x00000000a7300000| Untracked 
| 116|0x00000000a7400000, 0x00000000a7400000, 0x00000000a7500000|  0%| F|  |TAMS 0x00000000a7400000, 0x00000000a7400000| Untracked 
| 117|0x00000000a7500000, 0x00000000a7500000, 0x00000000a7600000|  0%| F|  |TAMS 0x00000000a7500000, 0x00000000a7500000| Untracked 
| 118|0x00000000a7600000, 0x00000000a7600000, 0x00000000a7700000|  0%| F|  |TAMS 0x00000000a7600000, 0x00000000a7600000| Untracked 
| 119|0x00000000a7700000, 0x00000000a7700000, 0x00000000a7800000|  0%| F|  |TAMS 0x00000000a7700000, 0x00000000a7700000| Untracked 
| 120|0x00000000a7800000, 0x00000000a7800000, 0x00000000a7900000|  0%| F|  |TAMS 0x00000000a7800000, 0x00000000a7800000| Untracked 
| 121|0x00000000a7900000, 0x00000000a7900000, 0x00000000a7a00000|  0%| F|  |TAMS 0x00000000a7900000, 0x00000000a7900000| Untracked 
| 122|0x00000000a7a00000, 0x00000000a7a00000, 0x00000000a7b00000|  0%| F|  |TAMS 0x00000000a7a00000, 0x00000000a7a00000| Untracked 
| 123|0x00000000a7b00000, 0x00000000a7b00000, 0x00000000a7c00000|  0%| F|  |TAMS 0x00000000a7b00000, 0x00000000a7b00000| Untracked 
| 124|0x00000000a7c00000, 0x00000000a7c00000, 0x00000000a7d00000|  0%| F|  |TAMS 0x00000000a7c00000, 0x00000000a7c00000| Untracked 
| 125|0x00000000a7d00000, 0x00000000a7d00000, 0x00000000a7e00000|  0%| F|  |TAMS 0x00000000a7d00000, 0x00000000a7d00000| Untracked 
| 126|0x00000000a7e00000, 0x00000000a7e00000, 0x00000000a7f00000|  0%| F|  |TAMS 0x00000000a7e00000, 0x00000000a7e00000| Untracked 
| 127|0x00000000a7f00000, 0x00000000a7f00000, 0x00000000a8000000|  0%| F|  |TAMS 0x00000000a7f00000, 0x00000000a7f00000| Untracked 
| 128|0x00000000a8000000, 0x00000000a8000000, 0x00000000a8100000|  0%| F|  |TAMS 0x00000000a8000000, 0x00000000a8000000| Untracked 
| 129|0x00000000a8100000, 0x00000000a8100000, 0x00000000a8200000|  0%| F|  |TAMS 0x00000000a8100000, 0x00000000a8100000| Untracked 
| 130|0x00000000a8200000, 0x00000000a8200000, 0x00000000a8300000|  0%| F|  |TAMS 0x00000000a8200000, 0x00000000a8200000| Untracked 
| 131|0x00000000a8300000, 0x00000000a8300000, 0x00000000a8400000|  0%| F|  |TAMS 0x00000000a8300000, 0x00000000a8300000| Untracked 
| 132|0x00000000a8400000, 0x00000000a8400000, 0x00000000a8500000|  0%| F|  |TAMS 0x00000000a8400000, 0x00000000a8400000| Untracked 
| 133|0x00000000a8500000, 0x00000000a8500000, 0x00000000a8600000|  0%| F|  |TAMS 0x00000000a8500000, 0x00000000a8500000| Untracked 
| 134|0x00000000a8600000, 0x00000000a8600000, 0x00000000a8700000|  0%| F|  |TAMS 0x00000000a8600000, 0x00000000a8600000| Untracked 
| 135|0x00000000a8700000, 0x00000000a8700000, 0x00000000a8800000|  0%| F|  |TAMS 0x00000000a8700000, 0x00000000a8700000| Untracked 
| 136|0x00000000a8800000, 0x00000000a8800000, 0x00000000a8900000|  0%| F|  |TAMS 0x00000000a8800000, 0x00000000a8800000| Untracked 
| 137|0x00000000a8900000, 0x00000000a8900000, 0x00000000a8a00000|  0%| F|  |TAMS 0x00000000a8900000, 0x00000000a8900000| Untracked 
| 138|0x00000000a8a00000, 0x00000000a8a00000, 0x00000000a8b00000|  0%| F|  |TAMS 0x00000000a8a00000, 0x00000000a8a00000| Untracked 
| 139|0x00000000a8b00000, 0x00000000a8b00000, 0x00000000a8c00000|  0%| F|  |TAMS 0x00000000a8b00000, 0x00000000a8b00000| Untracked 
| 140|0x00000000a8c00000, 0x00000000a8c00000, 0x00000000a8d00000|  0%| F|  |TAMS 0x00000000a8c00000, 0x00000000a8c00000| Untracked 
| 141|0x00000000a8d00000, 0x00000000a8d00000, 0x00000000a8e00000|  0%| F|  |TAMS 0x00000000a8d00000, 0x00000000a8d00000| Untracked 
| 142|0x00000000a8e00000, 0x00000000a8e00000, 0x00000000a8f00000|  0%| F|  |TAMS 0x00000000a8e00000, 0x00000000a8e00000| Untracked 
| 143|0x00000000a8f00000, 0x00000000a8f00000, 0x00000000a9000000|  0%| F|  |TAMS 0x00000000a8f00000, 0x00000000a8f00000| Untracked 
| 144|0x00000000a9000000, 0x00000000a9000000, 0x00000000a9100000|  0%| F|  |TAMS 0x00000000a9000000, 0x00000000a9000000| Untracked 
| 145|0x00000000a9100000, 0x00000000a9100000, 0x00000000a9200000|  0%| F|  |TAMS 0x00000000a9100000, 0x00000000a9100000| Untracked 
| 146|0x00000000a9200000, 0x00000000a9200000, 0x00000000a9300000|  0%| F|  |TAMS 0x00000000a9200000, 0x00000000a9200000| Untracked 
| 147|0x00000000a9300000, 0x00000000a9300000, 0x00000000a9400000|  0%| F|  |TAMS 0x00000000a9300000, 0x00000000a9300000| Untracked 
| 148|0x00000000a9400000, 0x00000000a9400000, 0x00000000a9500000|  0%| F|  |TAMS 0x00000000a9400000, 0x00000000a9400000| Untracked 
| 149|0x00000000a9500000, 0x00000000a9500000, 0x00000000a9600000|  0%| F|  |TAMS 0x00000000a9500000, 0x00000000a9500000| Untracked 
| 150|0x00000000a9600000, 0x00000000a9600000, 0x00000000a9700000|  0%| F|  |TAMS 0x00000000a9600000, 0x00000000a9600000| Untracked 
| 151|0x00000000a9700000, 0x00000000a9700000, 0x00000000a9800000|  0%| F|  |TAMS 0x00000000a9700000, 0x00000000a9700000| Untracked 
| 152|0x00000000a9800000, 0x00000000a9800000, 0x00000000a9900000|  0%| F|  |TAMS 0x00000000a9800000, 0x00000000a9800000| Untracked 
| 153|0x00000000a9900000, 0x00000000a9900000, 0x00000000a9a00000|  0%| F|  |TAMS 0x00000000a9900000, 0x00000000a9900000| Untracked 
| 154|0x00000000a9a00000, 0x00000000a9a00000, 0x00000000a9b00000|  0%| F|  |TAMS 0x00000000a9a00000, 0x00000000a9a00000| Untracked 
| 155|0x00000000a9b00000, 0x00000000a9b00000, 0x00000000a9c00000|  0%| F|  |TAMS 0x00000000a9b00000, 0x00000000a9b00000| Untracked 
| 156|0x00000000a9c00000, 0x00000000a9c00000, 0x00000000a9d00000|  0%| F|  |TAMS 0x00000000a9c00000, 0x00000000a9c00000| Untracked 
| 157|0x00000000a9d00000, 0x00000000a9d00000, 0x00000000a9e00000|  0%| F|  |TAMS 0x00000000a9d00000, 0x00000000a9d00000| Untracked 
| 158|0x00000000a9e00000, 0x00000000a9e00000, 0x00000000a9f00000|  0%| F|  |TAMS 0x00000000a9e00000, 0x00000000a9e00000| Untracked 
| 159|0x00000000a9f00000, 0x00000000a9f00000, 0x00000000aa000000|  0%| F|  |TAMS 0x00000000a9f00000, 0x00000000a9f00000| Untracked 
| 160|0x00000000aa000000, 0x00000000aa000000, 0x00000000aa100000|  0%| F|  |TAMS 0x00000000aa000000, 0x00000000aa000000| Untracked 
| 161|0x00000000aa100000, 0x00000000aa100000, 0x00000000aa200000|  0%| F|  |TAMS 0x00000000aa100000, 0x00000000aa100000| Untracked 
| 162|0x00000000aa200000, 0x00000000aa200000, 0x00000000aa300000|  0%| F|  |TAMS 0x00000000aa200000, 0x00000000aa200000| Untracked 
| 163|0x00000000aa300000, 0x00000000aa300000, 0x00000000aa400000|  0%| F|  |TAMS 0x00000000aa300000, 0x00000000aa300000| Untracked 
| 164|0x00000000aa400000, 0x00000000aa400000, 0x00000000aa500000|  0%| F|  |TAMS 0x00000000aa400000, 0x00000000aa400000| Untracked 
| 165|0x00000000aa500000, 0x00000000aa500000, 0x00000000aa600000|  0%| F|  |TAMS 0x00000000aa500000, 0x00000000aa500000| Untracked 
| 166|0x00000000aa600000, 0x00000000aa600000, 0x00000000aa700000|  0%| F|  |TAMS 0x00000000aa600000, 0x00000000aa600000| Untracked 
| 167|0x00000000aa700000, 0x00000000aa700000, 0x00000000aa800000|  0%| F|  |TAMS 0x00000000aa700000, 0x00000000aa700000| Untracked 
| 168|0x00000000aa800000, 0x00000000aa800000, 0x00000000aa900000|  0%| F|  |TAMS 0x00000000aa800000, 0x00000000aa800000| Untracked 
| 169|0x00000000aa900000, 0x00000000aa900000, 0x00000000aaa00000|  0%| F|  |TAMS 0x00000000aa900000, 0x00000000aa900000| Untracked 
| 170|0x00000000aaa00000, 0x00000000aaa00000, 0x00000000aab00000|  0%| F|  |TAMS 0x00000000aaa00000, 0x00000000aaa00000| Untracked 
| 171|0x00000000aab00000, 0x00000000aab00000, 0x00000000aac00000|  0%| F|  |TAMS 0x00000000aab00000, 0x00000000aab00000| Untracked 
| 172|0x00000000aac00000, 0x00000000aac00000, 0x00000000aad00000|  0%| F|  |TAMS 0x00000000aac00000, 0x00000000aac00000| Untracked 
| 173|0x00000000aad00000, 0x00000000aad00000, 0x00000000aae00000|  0%| F|  |TAMS 0x00000000aad00000, 0x00000000aad00000| Untracked 
| 174|0x00000000aae00000, 0x00000000aae00000, 0x00000000aaf00000|  0%| F|  |TAMS 0x00000000aae00000, 0x00000000aae00000| Untracked 
| 175|0x00000000aaf00000, 0x00000000aaf00000, 0x00000000ab000000|  0%| F|  |TAMS 0x00000000aaf00000, 0x00000000aaf00000| Untracked 
| 176|0x00000000ab000000, 0x00000000ab01d760, 0x00000000ab100000| 11%| S|CS|TAMS 0x00000000ab000000, 0x00000000ab000000| Complete 
| 177|0x00000000ab100000, 0x00000000ab200000, 0x00000000ab200000|100%| S|CS|TAMS 0x00000000ab100000, 0x00000000ab100000| Complete 
| 178|0x00000000ab200000, 0x00000000ab300000, 0x00000000ab300000|100%| S|CS|TAMS 0x00000000ab200000, 0x00000000ab200000| Complete 
| 179|0x00000000ab300000, 0x00000000ab400000, 0x00000000ab400000|100%| S|CS|TAMS 0x00000000ab300000, 0x00000000ab300000| Complete 
| 180|0x00000000ab400000, 0x00000000ab500000, 0x00000000ab500000|100%| S|CS|TAMS 0x00000000ab400000, 0x00000000ab400000| Complete 
| 181|0x00000000ab500000, 0x00000000ab600000, 0x00000000ab600000|100%| S|CS|TAMS 0x00000000ab500000, 0x00000000ab500000| Complete 
| 182|0x00000000ab600000, 0x00000000ab600000, 0x00000000ab700000|  0%| F|  |TAMS 0x00000000ab600000, 0x00000000ab600000| Untracked 
| 183|0x00000000ab700000, 0x00000000ab700000, 0x00000000ab800000|  0%| F|  |TAMS 0x00000000ab700000, 0x00000000ab700000| Untracked 
| 184|0x00000000ab800000, 0x00000000ab800000, 0x00000000ab900000|  0%| F|  |TAMS 0x00000000ab800000, 0x00000000ab800000| Untracked 
| 185|0x00000000ab900000, 0x00000000ab900000, 0x00000000aba00000|  0%| F|  |TAMS 0x00000000ab900000, 0x00000000ab900000| Untracked 
| 186|0x00000000aba00000, 0x00000000aba00000, 0x00000000abb00000|  0%| F|  |TAMS 0x00000000aba00000, 0x00000000aba00000| Untracked 
| 187|0x00000000abb00000, 0x00000000abb00000, 0x00000000abc00000|  0%| F|  |TAMS 0x00000000abb00000, 0x00000000abb00000| Untracked 
| 188|0x00000000abc00000, 0x00000000abc00000, 0x00000000abd00000|  0%| F|  |TAMS 0x00000000abc00000, 0x00000000abc00000| Untracked 
| 189|0x00000000abd00000, 0x00000000abd00000, 0x00000000abe00000|  0%| F|  |TAMS 0x00000000abd00000, 0x00000000abd00000| Untracked 
| 190|0x00000000abe00000, 0x00000000abe00000, 0x00000000abf00000|  0%| F|  |TAMS 0x00000000abe00000, 0x00000000abe00000| Untracked 
| 191|0x00000000abf00000, 0x00000000abf00000, 0x00000000ac000000|  0%| F|  |TAMS 0x00000000abf00000, 0x00000000abf00000| Untracked 
| 192|0x00000000ac000000, 0x00000000ac000000, 0x00000000ac100000|  0%| F|  |TAMS 0x00000000ac000000, 0x00000000ac000000| Untracked 
| 193|0x00000000ac100000, 0x00000000ac100000, 0x00000000ac200000|  0%| F|  |TAMS 0x00000000ac100000, 0x00000000ac100000| Untracked 
| 194|0x00000000ac200000, 0x00000000ac200000, 0x00000000ac300000|  0%| F|  |TAMS 0x00000000ac200000, 0x00000000ac200000| Untracked 
| 195|0x00000000ac300000, 0x00000000ac300000, 0x00000000ac400000|  0%| F|  |TAMS 0x00000000ac300000, 0x00000000ac300000| Untracked 
| 196|0x00000000ac400000, 0x00000000ac400000, 0x00000000ac500000|  0%| F|  |TAMS 0x00000000ac400000, 0x00000000ac400000| Untracked 
| 197|0x00000000ac500000, 0x00000000ac500000, 0x00000000ac600000|  0%| F|  |TAMS 0x00000000ac500000, 0x00000000ac500000| Untracked 
| 198|0x00000000ac600000, 0x00000000ac600000, 0x00000000ac700000|  0%| F|  |TAMS 0x00000000ac600000, 0x00000000ac600000| Untracked 
| 199|0x00000000ac700000, 0x00000000ac700000, 0x00000000ac800000|  0%| F|  |TAMS 0x00000000ac700000, 0x00000000ac700000| Untracked 
| 200|0x00000000ac800000, 0x00000000ac800000, 0x00000000ac900000|  0%| F|  |TAMS 0x00000000ac800000, 0x00000000ac800000| Untracked 
| 201|0x00000000ac900000, 0x00000000ac900000, 0x00000000aca00000|  0%| F|  |TAMS 0x00000000ac900000, 0x00000000ac900000| Untracked 
| 202|0x00000000aca00000, 0x00000000aca00000, 0x00000000acb00000|  0%| F|  |TAMS 0x00000000aca00000, 0x00000000aca00000| Untracked 
| 203|0x00000000acb00000, 0x00000000acb00000, 0x00000000acc00000|  0%| F|  |TAMS 0x00000000acb00000, 0x00000000acb00000| Untracked 
| 204|0x00000000acc00000, 0x00000000acc00000, 0x00000000acd00000|  0%| F|  |TAMS 0x00000000acc00000, 0x00000000acc00000| Untracked 
| 205|0x00000000acd00000, 0x00000000acd00000, 0x00000000ace00000|  0%| F|  |TAMS 0x00000000acd00000, 0x00000000acd00000| Untracked 
| 206|0x00000000ace00000, 0x00000000ace00000, 0x00000000acf00000|  0%| F|  |TAMS 0x00000000ace00000, 0x00000000ace00000| Untracked 
| 207|0x00000000acf00000, 0x00000000acf00000, 0x00000000ad000000|  0%| F|  |TAMS 0x00000000acf00000, 0x00000000acf00000| Untracked 
| 208|0x00000000ad000000, 0x00000000ad000000, 0x00000000ad100000|  0%| F|  |TAMS 0x00000000ad000000, 0x00000000ad000000| Untracked 
| 209|0x00000000ad100000, 0x00000000ad100000, 0x00000000ad200000|  0%| F|  |TAMS 0x00000000ad100000, 0x00000000ad100000| Untracked 
| 210|0x00000000ad200000, 0x00000000ad200000, 0x00000000ad300000|  0%| F|  |TAMS 0x00000000ad200000, 0x00000000ad200000| Untracked 
| 211|0x00000000ad300000, 0x00000000ad300000, 0x00000000ad400000|  0%| F|  |TAMS 0x00000000ad300000, 0x00000000ad300000| Untracked 
| 212|0x00000000ad400000, 0x00000000ad400000, 0x00000000ad500000|  0%| F|  |TAMS 0x00000000ad400000, 0x00000000ad400000| Untracked 
| 213|0x00000000ad500000, 0x00000000ad500000, 0x00000000ad600000|  0%| F|  |TAMS 0x00000000ad500000, 0x00000000ad500000| Untracked 
| 214|0x00000000ad600000, 0x00000000ad600000, 0x00000000ad700000|  0%| F|  |TAMS 0x00000000ad600000, 0x00000000ad600000| Untracked 
| 215|0x00000000ad700000, 0x00000000ad700000, 0x00000000ad800000|  0%| F|  |TAMS 0x00000000ad700000, 0x00000000ad700000| Untracked 
| 216|0x00000000ad800000, 0x00000000ad800000, 0x00000000ad900000|  0%| F|  |TAMS 0x00000000ad800000, 0x00000000ad800000| Untracked 
| 217|0x00000000ad900000, 0x00000000ad900000, 0x00000000ada00000|  0%| F|  |TAMS 0x00000000ad900000, 0x00000000ad900000| Untracked 
| 218|0x00000000ada00000, 0x00000000ada00000, 0x00000000adb00000|  0%| F|  |TAMS 0x00000000ada00000, 0x00000000ada00000| Untracked 
| 219|0x00000000adb00000, 0x00000000adb00000, 0x00000000adc00000|  0%| F|  |TAMS 0x00000000adb00000, 0x00000000adb00000| Untracked 
| 220|0x00000000adc00000, 0x00000000adc00000, 0x00000000add00000|  0%| F|  |TAMS 0x00000000adc00000, 0x00000000adc00000| Untracked 
| 221|0x00000000add00000, 0x00000000add00000, 0x00000000ade00000|  0%| F|  |TAMS 0x00000000add00000, 0x00000000add00000| Untracked 
| 222|0x00000000ade00000, 0x00000000adf00000, 0x00000000adf00000|100%| E|  |TAMS 0x00000000ade00000, 0x00000000ade00000| Complete 
| 223|0x00000000adf00000, 0x00000000ae000000, 0x00000000ae000000|100%| E|CS|TAMS 0x00000000adf00000, 0x00000000adf00000| Complete 
| 224|0x00000000ae000000, 0x00000000ae100000, 0x00000000ae100000|100%| E|CS|TAMS 0x00000000ae000000, 0x00000000ae000000| Complete 
| 225|0x00000000ae100000, 0x00000000ae200000, 0x00000000ae200000|100%| E|CS|TAMS 0x00000000ae100000, 0x00000000ae100000| Complete 
| 226|0x00000000ae200000, 0x00000000ae300000, 0x00000000ae300000|100%| E|CS|TAMS 0x00000000ae200000, 0x00000000ae200000| Complete 
| 227|0x00000000ae300000, 0x00000000ae400000, 0x00000000ae400000|100%| E|CS|TAMS 0x00000000ae300000, 0x00000000ae300000| Complete 
| 228|0x00000000ae400000, 0x00000000ae500000, 0x00000000ae500000|100%| E|CS|TAMS 0x00000000ae400000, 0x00000000ae400000| Complete 
| 229|0x00000000ae500000, 0x00000000ae600000, 0x00000000ae600000|100%| E|CS|TAMS 0x00000000ae500000, 0x00000000ae500000| Complete 
| 230|0x00000000ae600000, 0x00000000ae700000, 0x00000000ae700000|100%| E|CS|TAMS 0x00000000ae600000, 0x00000000ae600000| Complete 
| 231|0x00000000ae700000, 0x00000000ae800000, 0x00000000ae800000|100%| E|CS|TAMS 0x00000000ae700000, 0x00000000ae700000| Complete 
| 232|0x00000000ae800000, 0x00000000ae900000, 0x00000000ae900000|100%| E|CS|TAMS 0x00000000ae800000, 0x00000000ae800000| Complete 
| 233|0x00000000ae900000, 0x00000000aea00000, 0x00000000aea00000|100%| E|CS|TAMS 0x00000000ae900000, 0x00000000ae900000| Complete 
| 234|0x00000000aea00000, 0x00000000aeb00000, 0x00000000aeb00000|100%| E|CS|TAMS 0x00000000aea00000, 0x00000000aea00000| Complete 
| 235|0x00000000aeb00000, 0x00000000aec00000, 0x00000000aec00000|100%| E|CS|TAMS 0x00000000aeb00000, 0x00000000aeb00000| Complete 
| 236|0x00000000aec00000, 0x00000000aed00000, 0x00000000aed00000|100%| E|CS|TAMS 0x00000000aec00000, 0x00000000aec00000| Complete 
| 237|0x00000000aed00000, 0x00000000aee00000, 0x00000000aee00000|100%| E|CS|TAMS 0x00000000aed00000, 0x00000000aed00000| Complete 
| 238|0x00000000aee00000, 0x00000000aef00000, 0x00000000aef00000|100%| E|CS|TAMS 0x00000000aee00000, 0x00000000aee00000| Complete 
| 239|0x00000000aef00000, 0x00000000af000000, 0x00000000af000000|100%| E|CS|TAMS 0x00000000aef00000, 0x00000000aef00000| Complete 
| 240|0x00000000af000000, 0x00000000af100000, 0x00000000af100000|100%| E|CS|TAMS 0x00000000af000000, 0x00000000af000000| Complete 
| 241|0x00000000af100000, 0x00000000af200000, 0x00000000af200000|100%| E|CS|TAMS 0x00000000af100000, 0x00000000af100000| Complete 
| 242|0x00000000af200000, 0x00000000af300000, 0x00000000af300000|100%| E|CS|TAMS 0x00000000af200000, 0x00000000af200000| Complete 
| 243|0x00000000af300000, 0x00000000af400000, 0x00000000af400000|100%| E|CS|TAMS 0x00000000af300000, 0x00000000af300000| Complete 
| 244|0x00000000af400000, 0x00000000af500000, 0x00000000af500000|100%| E|CS|TAMS 0x00000000af400000, 0x00000000af400000| Complete 
| 245|0x00000000af500000, 0x00000000af600000, 0x00000000af600000|100%| E|CS|TAMS 0x00000000af500000, 0x00000000af500000| Complete 
| 246|0x00000000af600000, 0x00000000af700000, 0x00000000af700000|100%| E|CS|TAMS 0x00000000af600000, 0x00000000af600000| Complete 
| 247|0x00000000af700000, 0x00000000af800000, 0x00000000af800000|100%| E|CS|TAMS 0x00000000af700000, 0x00000000af700000| Complete 
| 248|0x00000000af800000, 0x00000000af900000, 0x00000000af900000|100%| E|CS|TAMS 0x00000000af800000, 0x00000000af800000| Complete 
| 249|0x00000000af900000, 0x00000000afa00000, 0x00000000afa00000|100%| E|CS|TAMS 0x00000000af900000, 0x00000000af900000| Complete 
| 250|0x00000000afa00000, 0x00000000afb00000, 0x00000000afb00000|100%| E|CS|TAMS 0x00000000afa00000, 0x00000000afa00000| Complete 
| 251|0x00000000afb00000, 0x00000000afc00000, 0x00000000afc00000|100%| E|CS|TAMS 0x00000000afb00000, 0x00000000afb00000| Complete 
| 252|0x00000000afc00000, 0x00000000afd00000, 0x00000000afd00000|100%| E|CS|TAMS 0x00000000afc00000, 0x00000000afc00000| Complete 
| 253|0x00000000afd00000, 0x00000000afe00000, 0x00000000afe00000|100%| E|CS|TAMS 0x00000000afd00000, 0x00000000afd00000| Complete 

Card table byte_map: [0x000001d658b10000,0x000001d658e10000] _byte_map_base: 0x000001d658610000

Marking Bits (Prev, Next): (CMBitMap*) 0x000001d643902338, (CMBitMap*) 0x000001d643902370
 Prev Bits: [0x000001d659110000, 0x000001d65a910000)
 Next Bits: [0x000001d65a910000, 0x000001d65c110000)

Polling page: 0x000001d6435d0000

Metaspace:

Usage:
  Non-class:     33.45 MB capacity,    32.94 MB ( 98%) used,   451.59 KB (  1%) free+waste,    71.13 KB ( <1%) overhead. 
      Class:      5.08 MB capacity,     4.80 MB ( 94%) used,   256.10 KB (  5%) free+waste,    34.00 KB ( <1%) overhead. 
       Both:     38.53 MB capacity,    37.73 MB ( 98%) used,   707.70 KB (  2%) free+waste,   105.13 KB ( <1%) overhead. 

Virtual space:
  Non-class space:       34.00 MB reserved,      33.58 MB ( 99%) committed 
      Class space:        1.00 GB reserved,       5.13 MB ( <1%) committed 
             Both:        1.03 GB reserved,      38.70 MB (  4%) committed 

Chunk freelists:
   Non-Class:  7.00 KB
       Class:  15.00 KB
        Both:  22.00 KB

MaxMetaspaceSize: 17179869184.00 GB
CompressedClassSpaceSize: 1.00 GB

CodeHeap 'non-profiled nmethods': size=120000Kb used=1512Kb max_used=1512Kb free=118487Kb
 bounds [0x000001d650660000, 0x000001d6508d0000, 0x000001d657b90000]
CodeHeap 'profiled nmethods': size=120000Kb used=6299Kb max_used=6299Kb free=113700Kb
 bounds [0x000001d649130000, 0x000001d649760000, 0x000001d650660000]
CodeHeap 'non-nmethods': size=5760Kb used=2182Kb max_used=2216Kb free=3577Kb
 bounds [0x000001d648b90000, 0x000001d648e00000, 0x000001d649130000]
 total_blobs=3718 nmethods=2982 adapters=647
 compilation: enabled
              stopped_count=0, restarted_count=0
 full_count=0

Compilation events (20 events):
Event: 4.328 Thread 0x000001d65f6c4800 2912       3       java.lang.reflect.Constructor::getParameterTypes (11 bytes)
Event: 4.329 Thread 0x000001d65f6c4800 nmethod 2912 0x000001d649732c10 code [0x000001d649732de0, 0x000001d649733088]
Event: 4.347 Thread 0x000001d6612ee000 nmethod 2901 0x000001d6507ce710 code [0x000001d6507ce960, 0x000001d6507cf960]
Event: 4.347 Thread 0x000001d6612ee000 2908       4       jdk.internal.reflect.ClassFileAssembler::emitShort (24 bytes)
Event: 4.350 Thread 0x000001d65f6c4800 2913       3       org.gradle.internal.reflect.PropertyAccessorType::hasVoidReturnType (11 bytes)
Event: 4.351 Thread 0x000001d65f6c4800 nmethod 2913 0x000001d649733190 code [0x000001d649733340, 0x000001d649733578]
Event: 4.351 Thread 0x000001d6612ee000 nmethod 2908 0x000001d6507d0310 code [0x000001d6507d04e0, 0x000001d6507d0718]
Event: 4.351 Thread 0x000001d65f6c4800 2914       3       org.gradle.internal.reflect.PropertyAccessorType::of (95 bytes)
Event: 4.354 Thread 0x000001d65f6c4800 nmethod 2914 0x000001d649733690 code [0x000001d6497339c0, 0x000001d649734ed8]
Event: 4.354 Thread 0x000001d65f6c4800 2915       3       org.gradle.internal.reflect.PropertyAccessorType::takesNoParameter (14 bytes)
Event: 4.354 Thread 0x000001d65f6c4800 nmethod 2915 0x000001d649735510 code [0x000001d6497356e0, 0x000001d649735a28]
Event: 4.354 Thread 0x000001d65f6c4800 2916       3       org.gradle.internal.reflect.PropertyAccessorType::takesSingleParameter (14 bytes)
Event: 4.355 Thread 0x000001d65f6c4800 nmethod 2916 0x000001d649735b90 code [0x000001d649735d40, 0x000001d649735ef8]
Event: 4.355 Thread 0x000001d65f6c4800 2918       3       java.lang.reflect.ProxyGenerator::addProxyMethod (233 bytes)
Event: 4.356 Thread 0x000001d6612ee000 2920       4       sun.reflect.generics.reflectiveObjects.TypeVariableImpl::getGenericDeclaration (71 bytes)
Event: 4.357 Thread 0x000001d65f6c4800 nmethod 2918 0x000001d649736010 code [0x000001d6497363e0, 0x000001d649737f28]
Event: 4.357 Thread 0x000001d65f6c4800 2919       3       java.lang.reflect.ProxyGenerator::getFieldType (65 bytes)
Event: 4.358 Thread 0x000001d65f6c4800 nmethod 2919 0x000001d649738810 code [0x000001d649738b00, 0x000001d6497398b8]
Event: 4.358 Thread 0x000001d65f6c4800 2922       3       org.gradle.internal.instantiation.generator.AbstractClassGenerator$PropertyMetadata::isReadable (13 bytes)
Event: 4.358 Thread 0x000001d6612ee000 nmethod 2920 0x000001d6507d0e90 code [0x000001d6507d1040, 0x000001d6507d1148]

GC Heap History (8 events):
Event: 0.732 GC heap before
{Heap before GC invocations=0 (full 0):
 garbage-first heap   total 260096K, used 29696K [0x00000000a0000000, 0x0000000100000000)
  region size 1024K, 24 young (24576K), 0 survivors (0K)
 Metaspace       used 10436K, capacity 10696K, committed 11008K, reserved 1058816K
  class space    used 1101K, capacity 1164K, committed 1280K, reserved 1048576K
}
Event: 0.735 GC heap after
{Heap after GC invocations=1 (full 0):
 garbage-first heap   total 260096K, used 8587K [0x00000000a0000000, 0x0000000100000000)
  region size 1024K, 3 young (3072K), 3 survivors (3072K)
 Metaspace       used 10436K, capacity 10696K, committed 11008K, reserved 1058816K
  class space    used 1101K, capacity 1164K, committed 1280K, reserved 1048576K
}
Event: 2.328 GC heap before
{Heap before GC invocations=1 (full 0):
 garbage-first heap   total 260096K, used 87435K [0x00000000a0000000, 0x0000000100000000)
  region size 1024K, 81 young (82944K), 3 survivors (3072K)
 Metaspace       used 20607K, capacity 21073K, committed 21296K, reserved 1069056K
  class space    used 2425K, capacity 2569K, committed 2688K, reserved 1048576K
}
Event: 2.336 GC heap after
{Heap after GC invocations=2 (full 0):
 garbage-first heap   total 260096K, used 15487K [0x00000000a0000000, 0x0000000100000000)
  region size 1024K, 10 young (10240K), 10 survivors (10240K)
 Metaspace       used 20607K, capacity 21073K, committed 21296K, reserved 1069056K
  class space    used 2425K, capacity 2569K, committed 2688K, reserved 1048576K
}
Event: 2.571 GC heap before
{Heap before GC invocations=3 (full 0):
 garbage-first heap   total 260096K, used 36991K [0x00000000a0000000, 0x0000000100000000)
  region size 1024K, 31 young (31744K), 10 survivors (10240K)
 Metaspace       used 22892K, capacity 23392K, committed 23728K, reserved 1071104K
  class space    used 2841K, capacity 3007K, committed 3072K, reserved 1048576K
}
Event: 2.576 GC heap after
{Heap after GC invocations=4 (full 0):
 garbage-first heap   total 260096K, used 17081K [0x00000000a0000000, 0x0000000100000000)
  region size 1024K, 2 young (2048K), 2 survivors (2048K)
 Metaspace       used 22892K, capacity 23392K, committed 23728K, reserved 1071104K
  class space    used 2841K, capacity 3007K, committed 3072K, reserved 1048576K
}
Event: 3.950 GC heap before
{Heap before GC invocations=4 (full 0):
 garbage-first heap   total 260096K, used 86713K [0x00000000a0000000, 0x0000000100000000)
  region size 1024K, 72 young (73728K), 2 survivors (2048K)
 Metaspace       used 34994K, capacity 35760K, committed 35920K, reserved 1081344K
  class space    used 4468K, capacity 4772K, committed 4864K, reserved 1048576K
}
Event: 3.958 GC heap after
{Heap after GC invocations=5 (full 0):
 garbage-first heap   total 260096K, used 20907K [0x00000000a0000000, 0x0000000100000000)
  region size 1024K, 6 young (6144K), 6 survivors (6144K)
 Metaspace       used 34994K, capacity 35760K, committed 35920K, reserved 1081344K
  class space    used 4468K, capacity 4772K, committed 4864K, reserved 1048576K
}

Deoptimization events (20 events):
Event: 4.263 Thread 0x000001d66090a800 Uncommon trap: trap_request=0xffffff4d fr.pc=0x000001d650744a90 relative=0x0000000000000250
Event: 4.263 Thread 0x000001d66090a800 Uncommon trap: reason=unstable_if action=reinterpret pc=0x000001d650744a90 method=java.util.HashMap.hash(Ljava/lang/Object;)I @ 1 c2
Event: 4.263 Thread 0x000001d66090a800 DEOPT PACKING pc=0x000001d650744a90 sp=0x000000b5a15f9130
Event: 4.263 Thread 0x000001d66090a800 DEOPT UNPACKING pc=0x000001d648bb78af sp=0x000000b5a15f9068 mode 2
Event: 4.263 Thread 0x000001d66090a800 Uncommon trap: trap_request=0xffffff4d fr.pc=0x000001d650758c04 relative=0x00000000000001c4
Event: 4.263 Thread 0x000001d66090a800 Uncommon trap: reason=unstable_if action=reinterpret pc=0x000001d650758c04 method=java.util.HashMap.getNode(ILjava/lang/Object;)Ljava/util/HashMap$Node; @ 53 c2
Event: 4.263 Thread 0x000001d66090a800 DEOPT PACKING pc=0x000001d650758c04 sp=0x000000b5a15f90b0
Event: 4.263 Thread 0x000001d66090a800 DEOPT UNPACKING pc=0x000001d648bb78af sp=0x000000b5a15f9038 mode 2
Event: 4.263 Thread 0x000001d66090a800 Uncommon trap: trap_request=0xffffff4d fr.pc=0x000001d6506a4794 relative=0x00000000000000d4
Event: 4.263 Thread 0x000001d66090a800 Uncommon trap: reason=unstable_if action=reinterpret pc=0x000001d6506a4794 method=java.util.HashMap.hash(Ljava/lang/Object;)I @ 1 c2
Event: 4.263 Thread 0x000001d66090a800 DEOPT PACKING pc=0x000001d6506a4794 sp=0x000000b5a15f9130
Event: 4.263 Thread 0x000001d66090a800 DEOPT UNPACKING pc=0x000001d648bb78af sp=0x000000b5a15f9070 mode 2
Event: 4.263 Thread 0x000001d66090a800 Uncommon trap: trap_request=0xffffff4d fr.pc=0x000001d6507939c8 relative=0x00000000000006c8
Event: 4.263 Thread 0x000001d66090a800 Uncommon trap: reason=unstable_if action=reinterpret pc=0x000001d6507939c8 method=java.util.HashMap.putVal(ILjava/lang/Object;Ljava/lang/Object;ZZ)Ljava/lang/Object; @ 85 c2
Event: 4.263 Thread 0x000001d66090a800 DEOPT PACKING pc=0x000001d6507939c8 sp=0x000000b5a15f9060
Event: 4.263 Thread 0x000001d66090a800 DEOPT UNPACKING pc=0x000001d648bb78af sp=0x000000b5a15f9018 mode 2
Event: 4.350 Thread 0x000001d66090a800 Uncommon trap: trap_request=0xffffff4d fr.pc=0x000001d6507b2b48 relative=0x0000000000000368
Event: 4.350 Thread 0x000001d66090a800 Uncommon trap: reason=unstable_if action=reinterpret pc=0x000001d6507b2b48 method=org.gradle.internal.reflect.PropertyAccessorType.isGetGetterName(Ljava/lang/String;)Z @ 14 c2
Event: 4.350 Thread 0x000001d66090a800 DEOPT PACKING pc=0x000001d6507b2b48 sp=0x000000b5a15fa7e0
Event: 4.350 Thread 0x000001d66090a800 DEOPT UNPACKING pc=0x000001d648bb78af sp=0x000000b5a15fa748 mode 2

Classes redefined (0 events):
No events

Internal exceptions (20 events):
Event: 4.001 Thread 0x000001d66090a800 Exception <a 'java/lang/ClassNotFoundException'{0x00000000afa70958}: org/gradle/groovy/scripts/DefaultScriptCustomizer> (0x00000000afa70958) thrown at [./src/hotspot/share/classfile/systemDictionary.cpp, line 231]
Event: 4.005 Thread 0x000001d66090a800 Exception <a 'java/lang/ClassNotFoundException'{0x00000000afab51c0}: org/gradle/plugin/use/internal/PluginsAwareScriptCustomizer> (0x00000000afab51c0) thrown at [./src/hotspot/share/classfile/systemDictionary.cpp, line 231]
Event: 4.006 Thread 0x000001d66090a800 Exception <a 'java/lang/ClassNotFoundException'{0x00000000afacbde0}: org/gradle/initialization/SettingsScriptCustomizer> (0x00000000afacbde0) thrown at [./src/hotspot/share/classfile/systemDictionary.cpp, line 231]
Event: 4.006 Thread 0x000001d66090a800 Exception <a 'java/lang/ClassNotFoundException'{0x00000000afadbdb0}: settings_bx5hxtor9pdc1yyqpdb44udisCustomizer> (0x00000000afadbdb0) thrown at [./src/hotspot/share/classfile/systemDictionary.cpp, line 231]
Event: 4.078 Thread 0x000001d66090a800 Exception <a 'java/lang/ClassNotFoundException'{0x00000000af793c18}: org/gradle/initialization/DefaultSettings_DecoratedBeanInfo> (0x00000000af793c18) thrown at [./src/hotspot/share/classfile/systemDictionary.cpp, line 231]
Event: 4.079 Thread 0x000001d66090a800 Exception <a 'java/lang/ClassNotFoundException'{0x00000000af7ad5a8}: org/gradle/initialization/DefaultSettingsBeanInfo> (0x00000000af7ad5a8) thrown at [./src/hotspot/share/classfile/systemDictionary.cpp, line 231]
Event: 4.080 Thread 0x000001d66090a800 Exception <a 'java/lang/ClassNotFoundException'{0x00000000af7c9cc0}: org/gradle/api/internal/project/AbstractPluginAwareBeanInfo> (0x00000000af7c9cc0) thrown at [./src/hotspot/share/classfile/systemDictionary.cpp, line 231]
Event: 4.080 Thread 0x000001d66090a800 Exception <a 'java/lang/ClassNotFoundException'{0x00000000af7e6738}: org/gradle/api/internal/project/AbstractPluginAwareCustomizer> (0x00000000af7e6738) thrown at [./src/hotspot/share/classfile/systemDictionary.cpp, line 231]
Event: 4.081 Thread 0x000001d66090a800 Exception <a 'java/lang/ClassNotFoundException'{0x00000000af607450}: org/gradle/initialization/DefaultSettingsCustomizer> (0x00000000af607450) thrown at [./src/hotspot/share/classfile/systemDictionary.cpp, line 231]
Event: 4.084 Thread 0x000001d66090a800 Exception <a 'java/lang/ClassNotFoundException'{0x00000000af64bc28}: org/gradle/initialization/DefaultSettings_DecoratedCustomizer> (0x00000000af64bc28) thrown at [./src/hotspot/share/classfile/systemDictionary.cpp, line 231]
Event: 4.110 Thread 0x000001d66090a800 Implicit null exception at 0x000001d65079126c to 0x000001d650791314
Event: 4.115 Thread 0x000001d66090a800 Exception <a 'java/lang/ClassNotFoundException'{0x00000000af462960}: org/gradle/initialization/DefaultProjectDescriptorBeanInfo> (0x00000000af462960) thrown at [./src/hotspot/share/classfile/systemDictionary.cpp, line 231]
Event: 4.116 Thread 0x000001d66090a800 Exception <a 'java/lang/ClassNotFoundException'{0x00000000af47d580}: org/gradle/initialization/DefaultProjectDescriptorCustomizer> (0x00000000af47d580) thrown at [./src/hotspot/share/classfile/systemDictionary.cpp, line 231]
Event: 4.263 Thread 0x000001d66090a800 Implicit null exception at 0x000001d650744874 to 0x000001d650744a84
Event: 4.263 Thread 0x000001d66090a800 Implicit null exception at 0x000001d6506a46f8 to 0x000001d6506a478a
Event: 4.325 Thread 0x000001d66163c800 Exception <a 'java/lang/NoSuchMethodError'{0x00000000afd0d8c8}: <clinit>> (0x00000000afd0d8c8) thrown at [./src/hotspot/share/prims/jni.cpp, line 1362]
Event: 4.325 Thread 0x000001d66163c800 Exception <a 'java/lang/NoSuchMethodError'{0x00000000afd0eeb8}: <clinit>> (0x00000000afd0eeb8) thrown at [./src/hotspot/share/prims/jni.cpp, line 1362]
Event: 4.327 Thread 0x000001d66163c800 Exception <a 'java/lang/NoSuchMethodError'{0x00000000ae78e180}: <clinit>> (0x00000000ae78e180) thrown at [./src/hotspot/share/prims/jni.cpp, line 1362]
Event: 4.327 Thread 0x000001d66163c800 Exception <a 'java/lang/NoSuchMethodError'{0x00000000ae78ffd0}: <clinit>> (0x00000000ae78ffd0) thrown at [./src/hotspot/share/prims/jni.cpp, line 1362]
Event: 4.329 Thread 0x000001d66163c800 Exception <a 'java/lang/NoSuchMethodError'{0x00000000ae79f390}: <clinit>> (0x00000000ae79f390) thrown at [./src/hotspot/share/prims/jni.cpp, line 1362]

Events (20 events):
Event: 4.348 loading class org/gradle/api/internal/DefaultNamedDomainObjectCollection$AbstractDomainObjectCreatingProvider
Event: 4.348 loading class org/gradle/api/internal/DefaultNamedDomainObjectCollection$AbstractDomainObjectCreatingProvider done
Event: 4.348 loading class org/gradle/api/internal/DefaultNamedDomainObjectCollection$AbstractNamedDomainObjectProvider
Event: 4.348 loading class org/gradle/api/internal/DefaultNamedDomainObjectCollection$AbstractNamedDomainObjectProvider done
Event: 4.349 loading class org/gradle/api/internal/provider/ValueSupplier$ValueProducer
Event: 4.349 loading class org/gradle/api/internal/provider/ValueSupplier$ValueProducer done
Event: 4.350 loading class org/gradle/api/internal/provider/ValueSupplier$ValueConsumer
Event: 4.350 loading class org/gradle/api/internal/provider/ValueSupplier$ValueConsumer done
Event: 4.350 loading class org/gradle/api/internal/tasks/TaskDependencyResolveContext
Event: 4.350 loading class org/gradle/api/internal/tasks/TaskDependencyResolveContext done
Event: 4.351 loading class org/gradle/api/internal/provider/ValueSupplier$ExecutionTimeValue
Event: 4.351 loading class org/gradle/api/internal/provider/ValueSupplier$ExecutionTimeValue done
Event: 4.353 loading class com/google/common/reflect/Types$NativeTypeVariableEquals
Event: 4.353 loading class com/google/common/reflect/Types$NativeTypeVariableEquals done
Event: 4.353 loading class com/google/common/reflect/Types$TypeVariableImpl
Event: 4.353 loading class com/google/common/reflect/Types$TypeVariableImpl done
Event: 4.354 loading class com/google/common/reflect/Types$TypeVariableInvocationHandler
Event: 4.354 loading class com/google/common/reflect/Types$TypeVariableInvocationHandler done
Event: 4.354 loading class com/google/common/reflect/Reflection
Event: 4.354 loading class com/google/common/reflect/Reflection done


Dynamic libraries:
0x00007ff690ce0000 - 0x00007ff690cea000 	D:\Programs\Android Studio\jre\bin\java.exe
0x00007ffbd4a50000 - 0x00007ffbd4c45000 	C:\WINDOWS\SYSTEM32\ntdll.dll
0x00007ffbd3b70000 - 0x00007ffbd3c2d000 	C:\WINDOWS\System32\KERNEL32.DLL
0x00007ffbd26d0000 - 0x00007ffbd2999000 	C:\WINDOWS\System32\KERNELBASE.dll
0x00007ffbbfdb0000 - 0x00007ffbbfdc7000 	D:\Programs\Android Studio\jre\bin\VCRUNTIME140.dll
0x00007ffbd22e0000 - 0x00007ffbd23e0000 	C:\WINDOWS\System32\ucrtbase.dll
0x00007ffbbfd90000 - 0x00007ffbbfda9000 	D:\Programs\Android Studio\jre\bin\jli.dll
0x00007ffbd2e10000 - 0x00007ffbd2fb0000 	C:\WINDOWS\System32\USER32.dll
0x00007ffbbcbf0000 - 0x00007ffbbce8a000 	C:\WINDOWS\WinSxS\amd64_microsoft.windows.common-controls_6595b64144ccf1df_6.0.19041.1110_none_60b5254171f9507e\COMCTL32.dll
0x00007ffbd2a80000 - 0x00007ffbd2aa2000 	C:\WINDOWS\System32\win32u.dll
0x00007ffbd3830000 - 0x00007ffbd38ce000 	C:\WINDOWS\System32\msvcrt.dll
0x00007ffbd4930000 - 0x00007ffbd495a000 	C:\WINDOWS\System32\GDI32.dll
0x00007ffbd25c0000 - 0x00007ffbd26cb000 	C:\WINDOWS\System32\gdi32full.dll
0x00007ffbd24c0000 - 0x00007ffbd255d000 	C:\WINDOWS\System32\msvcp_win.dll
0x00007ffbd47e0000 - 0x00007ffbd4810000 	C:\WINDOWS\System32\IMM32.DLL
0x00007ffbbfc40000 - 0x00007ffbbfcdd000 	D:\Programs\Android Studio\jre\bin\msvcp140.dll
0x00007ffb2cff0000 - 0x00007ffb2dabf000 	D:\Programs\Android Studio\jre\bin\server\jvm.dll
0x00007ffbd46d0000 - 0x00007ffbd477c000 	C:\WINDOWS\System32\ADVAPI32.dll
0x00007ffbd4960000 - 0x00007ffbd49fb000 	C:\WINDOWS\System32\sechost.dll
0x00007ffbd45a0000 - 0x00007ffbd46ca000 	C:\WINDOWS\System32\RPCRT4.dll
0x00007ffbd3e60000 - 0x00007ffbd3e68000 	C:\WINDOWS\System32\PSAPI.DLL
0x00007ffbc0c20000 - 0x00007ffbc0c47000 	C:\WINDOWS\SYSTEM32\WINMM.dll
0x00007ffbca080000 - 0x00007ffbca089000 	C:\WINDOWS\SYSTEM32\WSOCK32.dll
0x00007ffbc7c90000 - 0x00007ffbc7c9a000 	C:\WINDOWS\SYSTEM32\VERSION.dll
0x00007ffbd3e70000 - 0x00007ffbd3edb000 	C:\WINDOWS\System32\WS2_32.dll
0x00007ffbd0270000 - 0x00007ffbd0282000 	C:\WINDOWS\SYSTEM32\kernel.appcore.dll
0x00007ffbcb380000 - 0x00007ffbcb391000 	D:\Programs\Android Studio\jre\bin\verify.dll
0x00007ffbcfe10000 - 0x00007ffbcfff4000 	C:\WINDOWS\SYSTEM32\DBGHELP.DLL
0x00007ffbb9690000 - 0x00007ffbb96bc000 	C:\WINDOWS\SYSTEM32\dbgcore.DLL
0x00007ffbd2430000 - 0x00007ffbd24b3000 	C:\WINDOWS\System32\bcryptPrimitives.dll
0x00007ffbbfbf0000 - 0x00007ffbbfc19000 	D:\Programs\Android Studio\jre\bin\java.dll
0x00007ffbc00b0000 - 0x00007ffbc00bb000 	D:\Programs\Android Studio\jre\bin\jimage.dll
0x00007ffbbfbd0000 - 0x00007ffbbfbe8000 	D:\Programs\Android Studio\jre\bin\zip.dll
0x00007ffbd30f0000 - 0x00007ffbd382f000 	C:\WINDOWS\System32\SHELL32.dll
0x00007ffbd0290000 - 0x00007ffbd0a20000 	C:\WINDOWS\SYSTEM32\windows.storage.dll
0x00007ffbd2ab0000 - 0x00007ffbd2e05000 	C:\WINDOWS\System32\combase.dll
0x00007ffbd1be0000 - 0x00007ffbd1c0c000 	C:\WINDOWS\SYSTEM32\Wldp.dll
0x00007ffbd3d00000 - 0x00007ffbd3dae000 	C:\WINDOWS\System32\SHCORE.dll
0x00007ffbd4780000 - 0x00007ffbd47d5000 	C:\WINDOWS\System32\shlwapi.dll
0x00007ffbd20c0000 - 0x00007ffbd20df000 	C:\WINDOWS\SYSTEM32\profapi.dll
0x00007ffbbfbb0000 - 0x00007ffbbfbca000 	D:\Programs\Android Studio\jre\bin\net.dll
0x00007ffbc1940000 - 0x00007ffbc1a48000 	C:\WINDOWS\SYSTEM32\WINHTTP.dll
0x00007ffbd1940000 - 0x00007ffbd19aa000 	C:\WINDOWS\system32\mswsock.dll
0x00007ffbbfb90000 - 0x00007ffbbfba4000 	D:\Programs\Android Studio\jre\bin\nio.dll
0x00007ffbbfce0000 - 0x00007ffbbfd07000 	C:\Users\gorke\.gradle\native\f6784746aeab05261644944871eae4fe03e0ef1612fff0a4a95f87b438bc6780\windows-amd64\native-platform.dll
0x00007ffbbfb80000 - 0x00007ffbbfb8a000 	D:\Programs\Android Studio\jre\bin\management.dll
0x00007ffbbfb70000 - 0x00007ffbbfb7c000 	D:\Programs\Android Studio\jre\bin\management_ext.dll
0x00007ffbd1b30000 - 0x00007ffbd1b48000 	C:\WINDOWS\SYSTEM32\CRYPTSP.dll
0x00007ffbd1250000 - 0x00007ffbd1284000 	C:\WINDOWS\system32\rsaenh.dll
0x00007ffbd29a0000 - 0x00007ffbd29c7000 	C:\WINDOWS\System32\bcrypt.dll
0x00007ffbd2080000 - 0x00007ffbd20ae000 	C:\WINDOWS\SYSTEM32\USERENV.dll
0x00007ffbd1b50000 - 0x00007ffbd1b5c000 	C:\WINDOWS\SYSTEM32\CRYPTBASE.dll
0x00007ffbd15e0000 - 0x00007ffbd161b000 	C:\WINDOWS\SYSTEM32\IPHLPAPI.DLL
0x00007ffbd4a00000 - 0x00007ffbd4a08000 	C:\WINDOWS\System32\NSI.dll
0x00007ffbc9e60000 - 0x00007ffbc9e77000 	C:\WINDOWS\SYSTEM32\dhcpcsvc6.DLL
0x00007ffbca290000 - 0x00007ffbca2ad000 	C:\WINDOWS\SYSTEM32\dhcpcsvc.DLL
0x00007ffbd1620000 - 0x00007ffbd16ec000 	C:\WINDOWS\SYSTEM32\DNSAPI.dll
0x00007ffbcc430000 - 0x00007ffbcc43b000 	C:\WINDOWS\SYSTEM32\WINNSI.DLL

dbghelp: loaded successfully - version: 4.0.5 - missing functions: none
symbol engine: initialized successfully - sym options: 0x614 - pdb path: .;D:\Programs\Android Studio\jre\bin;C:\WINDOWS\SYSTEM32;C:\WINDOWS\WinSxS\amd64_microsoft.windows.common-controls_6595b64144ccf1df_6.0.19041.1110_none_60b5254171f9507e;D:\Programs\Android Studio\jre\bin\server;C:\Users\gorke\.gradle\native\f6784746aeab05261644944871eae4fe03e0ef1612fff0a4a95f87b438bc6780\windows-amd64

VM Arguments:
jvm_args: --add-opens=java.base/java.util=ALL-UNNAMED --add-opens=java.base/java.lang=ALL-UNNAMED --add-opens=java.base/java.lang.invoke=ALL-UNNAMED --add-opens=java.prefs/java.util.prefs=ALL-UNNAMED -Xmx1536m -Dfile.encoding=windows-1252 -Duser.country=US -Duser.language=en -Duser.variant 
java_command: org.gradle.launcher.daemon.bootstrap.GradleDaemon 6.5
java_class_path (initial): C:\Users\gorke\.gradle\wrapper\dists\gradle-6.5-bin\6nifqtx7604sqp1q6g8wikw7p\gradle-6.5\lib\gradle-launcher-6.5.jar
Launcher Type: SUN_STANDARD

[Global flags]
     intx CICompilerCount                          = 4                                         {product} {ergonomic}
     uint ConcGCThreads                            = 3                                         {product} {ergonomic}
     uint G1ConcRefinementThreads                  = 10                                        {product} {ergonomic}
   size_t G1HeapRegionSize                         = 1048576                                   {product} {ergonomic}
    uintx GCDrainStackTargetSize                   = 64                                        {product} {ergonomic}
   size_t InitialHeapSize                          = 266338304                                 {product} {ergonomic}
   size_t MarkStackSize                            = 4194304                                   {product} {ergonomic}
   size_t MaxHeapSize                              = 1610612736                                {product} {command line}
   size_t MaxNewSize                               = 965738496                                 {product} {ergonomic}
   size_t MinHeapDeltaBytes                        = 1048576                                   {product} {ergonomic}
    uintx NonNMethodCodeHeapSize                   = 5836300                                {pd product} {ergonomic}
    uintx NonProfiledCodeHeapSize                  = 122910970                              {pd product} {ergonomic}
    uintx ProfiledCodeHeapSize                     = 122910970                              {pd product} {ergonomic}
    uintx ReservedCodeCacheSize                    = 251658240                              {pd product} {ergonomic}
     bool SegmentedCodeCache                       = true                                      {product} {ergonomic}
     bool UseCompressedClassPointers               = true                                 {lp64_product} {ergonomic}
     bool UseCompressedOops                        = true                                 {lp64_product} {ergonomic}
     bool UseG1GC                                  = true                                      {product} {ergonomic}
     bool UseLargePagesIndividualAllocation        = false                                  {pd product} {ergonomic}

Logging:
Log output configuration:
 #0: stdout all=warning uptime,level,tags
 #1: stderr all=off uptime,level,tags

Environment Variables:
PATH=C:\Program Files\Microsoft MPI\Bin\;C:\Program Files (x86)\Common Files\Intel\Shared Libraries\redist\intel64_win\compiler;C:\ProgramData\Oracle\Java\javapath;C:\Program Files (x86)\Common Files\Oracle\Java\javapath;C:\Windows\system32;C:\Windows;C:\Windows\System32\Wbem;C:\Windows\System32\WindowsPowerShell\v1.0\;C:\Windows\System32\OpenSSH\;C:\Program Files\NVIDIA Corporation\NVIDIA NvDLISR;C:\Program Files (x86)\NVIDIA Corporation\PhysX\Common;C:\Program Files\dotnet\;C:\Program Files\Microsoft SQL Server\Client SDK\ODBC\170\Tools\Binn\;C:\Program Files\Microsoft SQL Server\Client SDK\ODBC\130\Tools\Binn\;C:\WINDOWS\system32;C:\WINDOWS;C:\WINDOWS\System32\Wbem;C:\WINDOWS\System32\WindowsPowerShell\v1.0\;C:\WINDOWS\System32\OpenSSH\;D:\Program Files\Git\Git\cmd;C:\Program Files\MySQL\MySQL Shell 8.0\bin\;C:\Users\gorke\AppData\Local\Microsoft\WindowsApps;C:\Users\gorke\AppData\Local\atom\bin;D:\Programs\Visual Code\Microsoft VS Code\bin;C:\xampp\php;;%USERPROFILE%\AppData\Local\Microsoft\WindowsApps
USERNAME=gorke
OS=Windows_NT
PROCESSOR_IDENTIFIER=Intel64 Family 6 Model 158 Stepping 10, GenuineIntel



---------------  S Y S T E M  ---------------

OS: Windows 10 , 64 bit Build 19041 (10.0.19041.1151)
OS uptime: 6 days 2:21 hours

CPU:total 12 (initial active 12) (6 cores per cpu, 2 threads per core) family 6 model 158 stepping 10 microcode 0xde, cmov, cx8, fxsr, mmx, sse, sse2, sse3, ssse3, sse4.1, sse4.2, popcnt, avx, avx2, aes, clmul, erms, 3dnowpref, lzcnt, ht, tsc, tscinvbit, bmi1, bmi2, adx, fma

Memory: 4k page, system-wide physical 16243M (3832M free)
TotalPageFile size 22387M (AvailPageFile size 5M)
current process WorkingSet (physical memory assigned to process): 273M, peak: 273M
current process commit charge ("private bytes"): 461M, peak: 461M

vm_info: OpenJDK 64-Bit Server VM (11.0.10+0-b96-7249189) for windows-amd64 JRE (11.0.10+0-b96-7249189), built on Mar 31 2021 21:44:00 by "builder" with MS VC++ 14.0 (VS2015)

END.
