#
# There is insufficient memory for the Java Runtime Environment to continue.
# Native memory allocation (malloc) failed to allocate 32744 bytes for ChunkPool::allocate
# Possible reasons:
#   The system is out of physical RAM or swap space
#   The process is running with CompressedOops enabled, and the Java Heap may be blocking the growth of the native heap
# Possible solutions:
#   Reduce memory load on the system
#   Increase physical memory or swap space
#   Check if swap backing store is full
#   Decrease Java heap size (-Xmx/-Xms)
#   Decrease number of Java threads
#   Decrease Java thread stack sizes (-Xss)
#   Set larger code cache with -XX:ReservedCodeCacheSize=
#   JVM is running with Unscaled Compressed Oops mode in which the Java heap is
#     placed in the first 4GB address space. The Java Heap base address is the
#     maximum limit for the native heap growth. Please use -XX:HeapBaseMinAddress
#     to set the Java Heap base and to place the Java Heap above 4GB virtual address.
# This output file may be truncated or incomplete.
#
#  Out of Memory Error (./src/hotspot/share/memory/arena.cpp:81), pid=3156, tid=17556
#
# JRE version: OpenJDK Runtime Environment (11.0.10) (build 11.0.10+0-b96-7249189)
# Java VM: OpenJDK 64-Bit Server VM (11.0.10+0-b96-7249189, mixed mode, tiered, compressed oops, g1 gc, windows-amd64)
# No core dump will be written. Minidumps are not enabled by default on client versions of Windows
#

---------------  S U M M A R Y ------------

Command Line: --add-opens=java.base/java.util=ALL-UNNAMED --add-opens=java.base/java.lang=ALL-UNNAMED --add-opens=java.base/java.lang.invoke=ALL-UNNAMED --add-opens=java.base/java.util=ALL-UNNAMED --add-opens=java.prefs/java.util.prefs=ALL-UNNAMED --add-opens=java.prefs/java.util.prefs=ALL-UNNAMED --add-opens=java.base/java.nio.charset=ALL-UNNAMED --add-opens=java.base/java.net=ALL-UNNAMED --add-opens=java.base/java.util.concurrent.atomic=ALL-UNNAMED -Xmx1536m -Dfile.encoding=windows-1252 -Duser.country=US -Duser.language=en -Duser.variant org.gradle.launcher.daemon.bootstrap.GradleDaemon 7.0.2

Host: Intel(R) Core(TM) i7-8750H CPU @ 2.20GHz, 12 cores, 15G,  Windows 10 , 64 bit Build 19041 (10.0.19041.1151)
Time: Wed Aug 25 17:55:05 2021 Turkey Standard Time elapsed time: 19.373571 seconds (0d 0h 0m 19s)

---------------  T H R E A D  ---------------

Current thread (0x000001731fed9800):  JavaThread "C1 CompilerThread0" daemon [_thread_in_native, id=17556, stack(0x0000005ba7900000,0x0000005ba7a00000)]


Current CompileTask:
C1:  19373 9880       3       java.io.ExpiringCache::entryFor (57 bytes)

Stack: [0x0000005ba7900000,0x0000005ba7a00000]
Native frames: (J=compiled Java code, j=interpreted, Vv=VM code, C=native code)
V  [jvm.dll+0x5ecfaa]
V  [jvm.dll+0x722bd5]
V  [jvm.dll+0x72412d]
V  [jvm.dll+0x7247e3]
V  [jvm.dll+0x242928]
V  [jvm.dll+0xbc75b]
V  [jvm.dll+0xbca0c]
V  [jvm.dll+0x12b83c]
V  [jvm.dll+0x12bcd0]
V  [jvm.dll+0x12f02f]
V  [jvm.dll+0x12d8d2]
V  [jvm.dll+0x127036]
V  [jvm.dll+0x137756]
V  [jvm.dll+0x137609]
V  [jvm.dll+0x122e99]
V  [jvm.dll+0x1231ea]
V  [jvm.dll+0x1233e3]
V  [jvm.dll+0x1226f7]
V  [jvm.dll+0x1242c7]
V  [jvm.dll+0x208ee7]
V  [jvm.dll+0x207731]
V  [jvm.dll+0x6eb1cf]
V  [jvm.dll+0x6e3d45]
V  [jvm.dll+0x5ebe96]
C  [ucrtbase.dll+0x21bb2]
C  [KERNEL32.DLL+0x17034]
C  [ntdll.dll+0x52651]


---------------  P R O C E S S  ---------------

Threads class SMR info:
_java_thread_list=0x000001732b3acd30, length=46, elements={
0x000001730601d800, 0x000001731fe6a800, 0x000001731fe75800, 0x000001731fece800,
0x000001731fed1800, 0x000001731fed2800, 0x000001731fed4000, 0x000001731fed9800,
0x000001731fee2800, 0x0000017320056000, 0x00000173213c4000, 0x000001732043f000,
0x0000017321444800, 0x0000017321ff7800, 0x0000017321718000, 0x000001732311f000,
0x000001732311c800, 0x0000017323121000, 0x000001732311d000, 0x000001732311e000,
0x000001732311f800, 0x0000017323120800, 0x0000017322f90800, 0x0000017322f8e800,
0x0000017322f8c000, 0x0000017322f8f800, 0x0000017322f8d000, 0x0000017322f8a800,
0x0000017322f8e000, 0x0000017322f8b800, 0x0000017322f93800, 0x0000017322f92000,
0x0000017322f96000, 0x0000017322f98800, 0x000001732389f800, 0x0000017323895000,
0x0000017323896800, 0x0000017323895800, 0x0000017323899000, 0x0000017323897800,
0x0000017323898000, 0x000001732320d800, 0x0000017323893800, 0x000001732389a000,
0x0000017323894000, 0x000001732389c800
}

Java Threads: ( => current thread )
  0x000001730601d800 JavaThread "main" [_thread_blocked, id=15836, stack(0x0000005ba6c00000,0x0000005ba6d00000)]
  0x000001731fe6a800 JavaThread "Reference Handler" daemon [_thread_blocked, id=1956, stack(0x0000005ba7300000,0x0000005ba7400000)]
  0x000001731fe75800 JavaThread "Finalizer" daemon [_thread_blocked, id=9312, stack(0x0000005ba7400000,0x0000005ba7500000)]
  0x000001731fece800 JavaThread "Signal Dispatcher" daemon [_thread_blocked, id=5132, stack(0x0000005ba7500000,0x0000005ba7600000)]
  0x000001731fed1800 JavaThread "Attach Listener" daemon [_thread_blocked, id=2348, stack(0x0000005ba7600000,0x0000005ba7700000)]
  0x000001731fed2800 JavaThread "Service Thread" daemon [_thread_blocked, id=15500, stack(0x0000005ba7700000,0x0000005ba7800000)]
  0x000001731fed4000 JavaThread "C2 CompilerThread0" daemon [_thread_in_native, id=17732, stack(0x0000005ba7800000,0x0000005ba7900000)]
=>0x000001731fed9800 JavaThread "C1 CompilerThread0" daemon [_thread_in_native, id=17556, stack(0x0000005ba7900000,0x0000005ba7a00000)]
  0x000001731fee2800 JavaThread "Sweeper thread" daemon [_thread_blocked, id=12404, stack(0x0000005ba7a00000,0x0000005ba7b00000)]
  0x0000017320056000 JavaThread "Common-Cleaner" daemon [_thread_blocked, id=8556, stack(0x0000005ba7b00000,0x0000005ba7c00000)]
  0x00000173213c4000 JavaThread "Daemon health stats" [_thread_blocked, id=13964, stack(0x0000005ba8400000,0x0000005ba8500000)]
  0x000001732043f000 JavaThread "Incoming local TCP Connector on port 55135" [_thread_in_native, id=15648, stack(0x0000005ba7d00000,0x0000005ba7e00000)]
  0x0000017321444800 JavaThread "Daemon periodic checks" [_thread_blocked, id=19864, stack(0x0000005ba8300000,0x0000005ba8400000)]
  0x0000017321ff7800 JavaThread "Daemon" [_thread_blocked, id=16040, stack(0x0000005ba8500000,0x0000005ba8600000)]
  0x0000017321718000 JavaThread "Daemon worker" [_thread_in_vm, id=10828, stack(0x0000005ba8800000,0x0000005ba8900000)]
  0x000001732311f000 JavaThread "Cache worker for file hash cache (C:\Users\gorke\.gradle\caches\7.0.2\fileHashes)" [_thread_blocked, id=6716, stack(0x0000005ba8c00000,0x0000005ba8d00000)]
  0x000001732311c800 JavaThread "File lock request listener" [_thread_in_native, id=1612, stack(0x0000005ba8d00000,0x0000005ba8e00000)]
  0x0000017323121000 JavaThread "Cache worker for journal cache (C:\Users\gorke\.gradle\caches\journal-1)" [_thread_blocked, id=9640, stack(0x0000005ba9400000,0x0000005ba9500000)]
  0x000001732311d000 JavaThread "File watcher server" daemon [_thread_in_native, id=15520, stack(0x0000005ba9700000,0x0000005ba9800000)]
  0x000001732311e000 JavaThread "File watcher consumer" daemon [_thread_blocked, id=13776, stack(0x0000005ba9800000,0x0000005ba9900000)]
  0x000001732311f800 JavaThread "jar transforms" [_thread_blocked, id=1816, stack(0x0000005ba9900000,0x0000005ba9a00000)]
  0x0000017323120800 JavaThread "jar transforms Thread 2" [_thread_blocked, id=20148, stack(0x0000005ba9a00000,0x0000005ba9b00000)]
  0x0000017322f90800 JavaThread "jar transforms Thread 3" [_thread_blocked, id=13028, stack(0x0000005ba9b00000,0x0000005ba9c00000)]
  0x0000017322f8e800 JavaThread "jar transforms Thread 4" [_thread_blocked, id=3380, stack(0x0000005ba9c00000,0x0000005ba9d00000)]
  0x0000017322f8c000 JavaThread "jar transforms Thread 5" [_thread_blocked, id=8780, stack(0x0000005ba9d00000,0x0000005ba9e00000)]
  0x0000017322f8f800 JavaThread "jar transforms Thread 6" [_thread_blocked, id=9556, stack(0x0000005ba9e00000,0x0000005ba9f00000)]
  0x0000017322f8d000 JavaThread "jar transforms Thread 7" [_thread_blocked, id=11688, stack(0x0000005ba9f00000,0x0000005baa000000)]
  0x0000017322f8a800 JavaThread "jar transforms Thread 8" [_thread_blocked, id=19368, stack(0x0000005baa000000,0x0000005baa100000)]
  0x0000017322f8e000 JavaThread "jar transforms Thread 9" [_thread_blocked, id=11056, stack(0x0000005baa100000,0x0000005baa200000)]
  0x0000017322f8b800 JavaThread "jar transforms Thread 10" [_thread_blocked, id=19832, stack(0x0000005baa200000,0x0000005baa300000)]
  0x0000017322f93800 JavaThread "jar transforms Thread 11" [_thread_blocked, id=17432, stack(0x0000005baa300000,0x0000005baa400000)]
  0x0000017322f92000 JavaThread "jar transforms Thread 12" [_thread_blocked, id=13920, stack(0x0000005baa400000,0x0000005baa500000)]
  0x0000017322f96000 JavaThread "Cache worker for execution history cache (C:\Users\gorke\.gradle\caches\7.0.2\executionHistory)" [_thread_blocked, id=3616, stack(0x0000005baa900000,0x0000005baaa00000)]
  0x0000017322f98800 JavaThread "Cache worker for file content cache (C:\Users\gorke\.gradle\caches\7.0.2\fileContent)" [_thread_blocked, id=20076, stack(0x0000005baaa00000,0x0000005baab00000)]
  0x000001732389f800 JavaThread "Memory manager" [_thread_blocked, id=16908, stack(0x0000005bab900000,0x0000005baba00000)]
  0x0000017323895000 JavaThread "Handler for socket connection from /127.0.0.1:55135 to /127.0.0.1:55142" [_thread_in_native, id=13168, stack(0x0000005ba8600000,0x0000005ba8700000)]
  0x0000017323896800 JavaThread "Cancel handler" [_thread_blocked, id=18940, stack(0x0000005ba8700000,0x0000005ba8800000)]
  0x0000017323895800 JavaThread "Asynchronous log dispatcher for DefaultDaemonConnection: socket connection from /127.0.0.1:55135 to /127.0.0.1:55142" [_thread_blocked, id=17204, stack(0x0000005ba8900000,0x0000005ba8a00000)]
  0x0000017323899000 JavaThread "Stdin handler" [_thread_blocked, id=9068, stack(0x0000005ba8a00000,0x0000005ba8b00000)]
  0x0000017323897800 JavaThread "Daemon client event forwarder" [_thread_blocked, id=7216, stack(0x0000005ba8b00000,0x0000005ba8c00000)]
  0x0000017323898000 JavaThread "Cache worker for file hash cache (D:\Capstone\MyApp01\MyApp01\.gradle\7.0.2\fileHashes)" [_thread_blocked, id=13992, stack(0x0000005ba9500000,0x0000005ba9600000)]
  0x000001732320d800 JavaThread "C2 CompilerThread1" daemon [_thread_in_native, id=17952, stack(0x0000005ba9600000,0x0000005ba9700000)]
  0x0000017323893800 JavaThread "Cache worker for checksums cache (D:\Capstone\MyApp01\MyApp01\.gradle\checksums)" [_thread_blocked, id=16792, stack(0x0000005baa500000,0x0000005baa600000)]
  0x000001732389a000 JavaThread "Cache worker for cache directory md-supplier (C:\Users\gorke\.gradle\caches\7.0.2\md-supplier)" [_thread_blocked, id=5188, stack(0x0000005baa600000,0x0000005baa700000)]
  0x0000017323894000 JavaThread "Cache worker for cache directory md-rule (C:\Users\gorke\.gradle\caches\7.0.2\md-rule)" [_thread_blocked, id=19616, stack(0x0000005baa700000,0x0000005baa800000)]
  0x000001732389c800 JavaThread "Cache worker for dependencies-accessors (D:\Capstone\MyApp01\MyApp01\.gradle\7.0.2\dependencies-accessors)" [_thread_blocked, id=2888, stack(0x0000005baa800000,0x0000005baa900000)]

Other Threads:
  0x000001731fe68800 VMThread "VM Thread" [stack: 0x0000005ba7200000,0x0000005ba7300000] [id=7400]
  0x0000017320074800 WatcherThread [stack: 0x0000005ba7c00000,0x0000005ba7d00000] [id=3752]
  0x0000017306036800 GCTaskThread "GC Thread#0" [stack: 0x0000005ba6d00000,0x0000005ba6e00000] [id=4760]
  0x0000017320941800 GCTaskThread "GC Thread#1" [stack: 0x0000005ba7e00000,0x0000005ba7f00000] [id=13336]
  0x00000173205cb800 GCTaskThread "GC Thread#2" [stack: 0x0000005ba7f00000,0x0000005ba8000000] [id=18864]
  0x0000017320e6c800 GCTaskThread "GC Thread#3" [stack: 0x0000005ba8000000,0x0000005ba8100000] [id=10200]
  0x0000017321123000 GCTaskThread "GC Thread#4" [stack: 0x0000005ba8100000,0x0000005ba8200000] [id=6220]
  0x0000017321120800 GCTaskThread "GC Thread#5" [stack: 0x0000005ba8200000,0x0000005ba8300000] [id=648]
  0x0000017321127000 GCTaskThread "GC Thread#6" [stack: 0x0000005ba8e00000,0x0000005ba8f00000] [id=16132]
  0x0000017321127800 GCTaskThread "GC Thread#7" [stack: 0x0000005ba8f00000,0x0000005ba9000000] [id=3732]
  0x0000017321121000 GCTaskThread "GC Thread#8" [stack: 0x0000005ba9000000,0x0000005ba9100000] [id=10124]
  0x0000017321122000 GCTaskThread "GC Thread#9" [stack: 0x0000005ba9100000,0x0000005ba9200000] [id=15292]
  0x000001730605f000 ConcurrentGCThread "G1 Main Marker" [stack: 0x0000005ba6e00000,0x0000005ba6f00000] [id=15832]
  0x0000017306061000 ConcurrentGCThread "G1 Conc#0" [stack: 0x0000005ba6f00000,0x0000005ba7000000] [id=11868]
  0x0000017321122800 ConcurrentGCThread "G1 Conc#1" [stack: 0x0000005ba9200000,0x0000005ba9300000] [id=14260]
  0x0000017321124000 ConcurrentGCThread "G1 Conc#2" [stack: 0x0000005ba9300000,0x0000005ba9400000] [id=21372]
  0x000001731f4ad800 ConcurrentGCThread "G1 Refine#0" [stack: 0x0000005ba7000000,0x0000005ba7100000] [id=6836]
  0x00000173201d7000 ConcurrentGCThread "G1 Refine#1" [stack: 0x0000005baba00000,0x0000005babb00000] [id=4328]
  0x000001731f4ae800 ConcurrentGCThread "G1 Young RemSet Sampling" [stack: 0x0000005ba7100000,0x0000005ba7200000] [id=14880]

Threads with active compile tasks:
C2 CompilerThread0  19422 9882       4       org.gradle.internal.service.DefaultServiceRegistry::find (142 bytes)
C1 CompilerThread0  19422 9880       3       java.io.ExpiringCache::entryFor (57 bytes)
C2 CompilerThread1  19422 9877       4       org.gradle.internal.service.DefaultServiceRegistry$OwnServices$ProviderAnalyser::analyseType (114 bytes)

VM state:not at safepoint (normal execution)

VM Mutex/Monitor currently owned by a thread: None

Heap address: 0x00000000a0000000, size: 1536 MB, Compressed Oops mode: 32-bit
Narrow klass base: 0x0000000000000000, Narrow klass shift: 3
Compressed class space size: 1073741824 Address: 0x0000000100000000

Heap:
 garbage-first heap   total 260096K, used 117859K [0x00000000a0000000, 0x0000000100000000)
  region size 1024K, 39 young (39936K), 14 survivors (14336K)
 Metaspace       used 94417K, capacity 97664K, committed 97792K, reserved 1134592K
  class space    used 12321K, capacity 13497K, committed 13568K, reserved 1048576K
Heap Regions: E=young(eden), S=young(survivor), O=old, HS=humongous(starts), HC=humongous(continues), CS=collection set, F=free, A=archive, TAMS=top-at-mark-start (previous, next)
|   0|0x00000000a0000000, 0x00000000a0100000, 0x00000000a0100000|100%|HS|  |TAMS 0x00000000a0100000, 0x00000000a0000000| Complete 
|   1|0x00000000a0100000, 0x00000000a0200000, 0x00000000a0200000|100%|HC|  |TAMS 0x00000000a0200000, 0x00000000a0100000| Complete 
|   2|0x00000000a0200000, 0x00000000a0300000, 0x00000000a0300000|100%| O|  |TAMS 0x00000000a0300000, 0x00000000a0200000| Untracked 
|   3|0x00000000a0300000, 0x00000000a0400000, 0x00000000a0400000|100%|HS|  |TAMS 0x00000000a0400000, 0x00000000a0300000| Complete 
|   4|0x00000000a0400000, 0x00000000a0500000, 0x00000000a0500000|100%|HC|  |TAMS 0x00000000a0500000, 0x00000000a0400000| Complete 
|   5|0x00000000a0500000, 0x00000000a0600000, 0x00000000a0600000|100%|HC|  |TAMS 0x00000000a0600000, 0x00000000a0500000| Complete 
|   6|0x00000000a0600000, 0x00000000a0700000, 0x00000000a0700000|100%| O|  |TAMS 0x00000000a0700000, 0x00000000a0600000| Untracked 
|   7|0x00000000a0700000, 0x00000000a0800000, 0x00000000a0800000|100%| O|  |TAMS 0x00000000a0800000, 0x00000000a0700000| Untracked 
|   8|0x00000000a0800000, 0x00000000a0900000, 0x00000000a0900000|100%| O|  |TAMS 0x00000000a0900000, 0x00000000a0800000| Untracked 
|   9|0x00000000a0900000, 0x00000000a0a00000, 0x00000000a0a00000|100%| O|  |TAMS 0x00000000a0a00000, 0x00000000a0900000| Untracked 
|  10|0x00000000a0a00000, 0x00000000a0b00000, 0x00000000a0b00000|100%| O|  |TAMS 0x00000000a0b00000, 0x00000000a0a00000| Untracked 
|  11|0x00000000a0b00000, 0x00000000a0c00000, 0x00000000a0c00000|100%| O|  |TAMS 0x00000000a0c00000, 0x00000000a0b00000| Untracked 
|  12|0x00000000a0c00000, 0x00000000a0d00000, 0x00000000a0d00000|100%| O|  |TAMS 0x00000000a0d00000, 0x00000000a0c00000| Untracked 
|  13|0x00000000a0d00000, 0x00000000a0e00000, 0x00000000a0e00000|100%| O|  |TAMS 0x00000000a0e00000, 0x00000000a0d00000| Untracked 
|  14|0x00000000a0e00000, 0x00000000a0f00000, 0x00000000a0f00000|100%| O|  |TAMS 0x00000000a0f00000, 0x00000000a0e00000| Untracked 
|  15|0x00000000a0f00000, 0x00000000a1000000, 0x00000000a1000000|100%| O|  |TAMS 0x00000000a1000000, 0x00000000a0f00000| Untracked 
|  16|0x00000000a1000000, 0x00000000a1100000, 0x00000000a1100000|100%| O|  |TAMS 0x00000000a1100000, 0x00000000a1000000| Untracked 
|  17|0x00000000a1100000, 0x00000000a1200000, 0x00000000a1200000|100%| O|  |TAMS 0x00000000a1200000, 0x00000000a1100000| Untracked 
|  18|0x00000000a1200000, 0x00000000a1300000, 0x00000000a1300000|100%| O|  |TAMS 0x00000000a1300000, 0x00000000a1200000| Untracked 
|  19|0x00000000a1300000, 0x00000000a1400000, 0x00000000a1400000|100%|HS|  |TAMS 0x00000000a1400000, 0x00000000a1300000| Complete 
|  20|0x00000000a1400000, 0x00000000a1500000, 0x00000000a1500000|100%|HC|  |TAMS 0x00000000a1500000, 0x00000000a1400000| Complete 
|  21|0x00000000a1500000, 0x00000000a1600000, 0x00000000a1600000|100%|HC|  |TAMS 0x00000000a1600000, 0x00000000a1500000| Complete 
|  22|0x00000000a1600000, 0x00000000a1700000, 0x00000000a1700000|100%|HS|  |TAMS 0x00000000a1700000, 0x00000000a1600000| Complete 
|  23|0x00000000a1700000, 0x00000000a1800000, 0x00000000a1800000|100%|HC|  |TAMS 0x00000000a1800000, 0x00000000a1700000| Complete 
|  24|0x00000000a1800000, 0x00000000a1900000, 0x00000000a1900000|100%|HC|  |TAMS 0x00000000a1900000, 0x00000000a1800000| Complete 
|  25|0x00000000a1900000, 0x00000000a1a00000, 0x00000000a1a00000|100%|HC|  |TAMS 0x00000000a1a00000, 0x00000000a1900000| Complete 
|  26|0x00000000a1a00000, 0x00000000a1b00000, 0x00000000a1b00000|100%|HC|  |TAMS 0x00000000a1b00000, 0x00000000a1a00000| Complete 
|  27|0x00000000a1b00000, 0x00000000a1c00000, 0x00000000a1c00000|100%|HS|  |TAMS 0x00000000a1c00000, 0x00000000a1b00000| Complete 
|  28|0x00000000a1c00000, 0x00000000a1d00000, 0x00000000a1d00000|100%|HS|  |TAMS 0x00000000a1d00000, 0x00000000a1c00000| Complete 
|  29|0x00000000a1d00000, 0x00000000a1e00000, 0x00000000a1e00000|100%| O|  |TAMS 0x00000000a1e00000, 0x00000000a1d00000| Untracked 
|  30|0x00000000a1e00000, 0x00000000a1f00000, 0x00000000a1f00000|100%|HS|  |TAMS 0x00000000a1f00000, 0x00000000a1e00000| Complete 
|  31|0x00000000a1f00000, 0x00000000a2000000, 0x00000000a2000000|100%|HC|  |TAMS 0x00000000a2000000, 0x00000000a1f00000| Complete 
|  32|0x00000000a2000000, 0x00000000a2100000, 0x00000000a2100000|100%|HC|  |TAMS 0x00000000a2100000, 0x00000000a2000000| Complete 
|  33|0x00000000a2100000, 0x00000000a2200000, 0x00000000a2200000|100%|HC|  |TAMS 0x00000000a2200000, 0x00000000a2100000| Complete 
|  34|0x00000000a2200000, 0x00000000a2300000, 0x00000000a2300000|100%|HC|  |TAMS 0x00000000a2300000, 0x00000000a2200000| Complete 
|  35|0x00000000a2300000, 0x00000000a2400000, 0x00000000a2400000|100%|HS|  |TAMS 0x00000000a2400000, 0x00000000a2300000| Complete 
|  36|0x00000000a2400000, 0x00000000a2500000, 0x00000000a2500000|100%|HC|  |TAMS 0x00000000a2500000, 0x00000000a2400000| Complete 
|  37|0x00000000a2500000, 0x00000000a2600000, 0x00000000a2600000|100%|HC|  |TAMS 0x00000000a2600000, 0x00000000a2500000| Complete 
|  38|0x00000000a2600000, 0x00000000a2700000, 0x00000000a2700000|100%| O|  |TAMS 0x00000000a2700000, 0x00000000a2600000| Untracked 
|  39|0x00000000a2700000, 0x00000000a2800000, 0x00000000a2800000|100%| O|  |TAMS 0x00000000a2800000, 0x00000000a2700000| Untracked 
|  40|0x00000000a2800000, 0x00000000a2900000, 0x00000000a2900000|100%|HS|  |TAMS 0x00000000a2900000, 0x00000000a2800000| Complete 
|  41|0x00000000a2900000, 0x00000000a2a00000, 0x00000000a2a00000|100%|HC|  |TAMS 0x00000000a2a00000, 0x00000000a2900000| Complete 
|  42|0x00000000a2a00000, 0x00000000a2b00000, 0x00000000a2b00000|100%| O|  |TAMS 0x00000000a2b00000, 0x00000000a2a00000| Untracked 
|  43|0x00000000a2b00000, 0x00000000a2c00000, 0x00000000a2c00000|100%| O|  |TAMS 0x00000000a2c00000, 0x00000000a2b00000| Untracked 
|  44|0x00000000a2c00000, 0x00000000a2d00000, 0x00000000a2d00000|100%| O|  |TAMS 0x00000000a2d00000, 0x00000000a2c00000| Untracked 
|  45|0x00000000a2d00000, 0x00000000a2e00000, 0x00000000a2e00000|100%| O|  |TAMS 0x00000000a2e00000, 0x00000000a2d00000| Untracked 
|  46|0x00000000a2e00000, 0x00000000a2f00000, 0x00000000a2f00000|100%| O|  |TAMS 0x00000000a2f00000, 0x00000000a2e00000| Untracked 
|  47|0x00000000a2f00000, 0x00000000a3000000, 0x00000000a3000000|100%| O|  |TAMS 0x00000000a2f00000, 0x00000000a2f00000| Untracked 
|  48|0x00000000a3000000, 0x00000000a3100000, 0x00000000a3100000|100%| O|  |TAMS 0x00000000a3100000, 0x00000000a3000000| Untracked 
|  49|0x00000000a3100000, 0x00000000a3200000, 0x00000000a3200000|100%| O|  |TAMS 0x00000000a3200000, 0x00000000a3100000| Untracked 
|  50|0x00000000a3200000, 0x00000000a3300000, 0x00000000a3300000|100%| O|  |TAMS 0x00000000a3300000, 0x00000000a3200000| Untracked 
|  51|0x00000000a3300000, 0x00000000a3400000, 0x00000000a3400000|100%| O|  |TAMS 0x00000000a3400000, 0x00000000a3300000| Untracked 
|  52|0x00000000a3400000, 0x00000000a3500000, 0x00000000a3500000|100%| O|  |TAMS 0x00000000a3500000, 0x00000000a3400000| Untracked 
|  53|0x00000000a3500000, 0x00000000a3600000, 0x00000000a3600000|100%| O|  |TAMS 0x00000000a3600000, 0x00000000a3500000| Untracked 
|  54|0x00000000a3600000, 0x00000000a3700000, 0x00000000a3700000|100%| O|  |TAMS 0x00000000a3700000, 0x00000000a3600000| Untracked 
|  55|0x00000000a3700000, 0x00000000a3800000, 0x00000000a3800000|100%| O|  |TAMS 0x00000000a3800000, 0x00000000a3700000| Untracked 
|  56|0x00000000a3800000, 0x00000000a3900000, 0x00000000a3900000|100%| O|  |TAMS 0x00000000a3900000, 0x00000000a3800000| Untracked 
|  57|0x00000000a3900000, 0x00000000a3a00000, 0x00000000a3a00000|100%| O|  |TAMS 0x00000000a3a00000, 0x00000000a3900000| Untracked 
|  58|0x00000000a3a00000, 0x00000000a3b00000, 0x00000000a3b00000|100%| O|  |TAMS 0x00000000a3b00000, 0x00000000a3a00000| Untracked 
|  59|0x00000000a3b00000, 0x00000000a3c00000, 0x00000000a3c00000|100%| O|  |TAMS 0x00000000a3c00000, 0x00000000a3b00000| Untracked 
|  60|0x00000000a3c00000, 0x00000000a3d00000, 0x00000000a3d00000|100%| O|  |TAMS 0x00000000a3d00000, 0x00000000a3c00000| Untracked 
|  61|0x00000000a3d00000, 0x00000000a3e00000, 0x00000000a3e00000|100%| O|  |TAMS 0x00000000a3e00000, 0x00000000a3d00000| Untracked 
|  62|0x00000000a3e00000, 0x00000000a3f00000, 0x00000000a3f00000|100%| O|  |TAMS 0x00000000a3f00000, 0x00000000a3e00000| Untracked 
|  63|0x00000000a3f00000, 0x00000000a4000000, 0x00000000a4000000|100%| O|  |TAMS 0x00000000a4000000, 0x00000000a3f00000| Untracked 
|  64|0x00000000a4000000, 0x00000000a4100000, 0x00000000a4100000|100%| O|  |TAMS 0x00000000a40b6200, 0x00000000a4000000| Untracked 
|  65|0x00000000a4100000, 0x00000000a4200000, 0x00000000a4200000|100%| O|  |TAMS 0x00000000a4100000, 0x00000000a4100000| Untracked 
|  66|0x00000000a4200000, 0x00000000a4300000, 0x00000000a4300000|100%| O|  |TAMS 0x00000000a4200000, 0x00000000a4200000| Untracked 
|  67|0x00000000a4300000, 0x00000000a4400000, 0x00000000a4400000|100%| O|  |TAMS 0x00000000a4300000, 0x00000000a4300000| Untracked 
|  68|0x00000000a4400000, 0x00000000a4500000, 0x00000000a4500000|100%| O|  |TAMS 0x00000000a4400000, 0x00000000a4400000| Untracked 
|  69|0x00000000a4500000, 0x00000000a4600000, 0x00000000a4600000|100%| O|  |TAMS 0x00000000a4500000, 0x00000000a4500000| Untracked 
|  70|0x00000000a4600000, 0x00000000a4700000, 0x00000000a4700000|100%| O|  |TAMS 0x00000000a4600000, 0x00000000a4600000| Untracked 
|  71|0x00000000a4700000, 0x00000000a4800000, 0x00000000a4800000|100%| O|  |TAMS 0x00000000a4700000, 0x00000000a4700000| Untracked 
|  72|0x00000000a4800000, 0x00000000a4900000, 0x00000000a4900000|100%| O|  |TAMS 0x00000000a4800000, 0x00000000a4800000| Untracked 
|  73|0x00000000a4900000, 0x00000000a4a00000, 0x00000000a4a00000|100%| O|  |TAMS 0x00000000a4900000, 0x00000000a4900000| Untracked 
|  74|0x00000000a4a00000, 0x00000000a4b00000, 0x00000000a4b00000|100%| O|  |TAMS 0x00000000a4a00000, 0x00000000a4a00000| Untracked 
|  75|0x00000000a4b00000, 0x00000000a4c00000, 0x00000000a4c00000|100%| O|  |TAMS 0x00000000a4b00000, 0x00000000a4b00000| Untracked 
|  76|0x00000000a4c00000, 0x00000000a4d00000, 0x00000000a4d00000|100%| O|  |TAMS 0x00000000a4c00000, 0x00000000a4c00000| Untracked 
|  77|0x00000000a4d00000, 0x00000000a4d29000, 0x00000000a4e00000| 16%| O|  |TAMS 0x00000000a4d00000, 0x00000000a4d00000| Untracked 
|  78|0x00000000a4e00000, 0x00000000a4e00000, 0x00000000a4f00000|  0%| F|  |TAMS 0x00000000a4e00000, 0x00000000a4e00000| Untracked 
|  79|0x00000000a4f00000, 0x00000000a4f00000, 0x00000000a5000000|  0%| F|  |TAMS 0x00000000a4f00000, 0x00000000a4f00000| Untracked 
|  80|0x00000000a5000000, 0x00000000a5000000, 0x00000000a5100000|  0%| F|  |TAMS 0x00000000a5000000, 0x00000000a5000000| Untracked 
|  81|0x00000000a5100000, 0x00000000a5100000, 0x00000000a5200000|  0%| F|  |TAMS 0x00000000a5100000, 0x00000000a5100000| Untracked 
|  82|0x00000000a5200000, 0x00000000a5200000, 0x00000000a5300000|  0%| F|  |TAMS 0x00000000a5200000, 0x00000000a5200000| Untracked 
|  83|0x00000000a5300000, 0x00000000a5300000, 0x00000000a5400000|  0%| F|  |TAMS 0x00000000a5300000, 0x00000000a5300000| Untracked 
|  84|0x00000000a5400000, 0x00000000a5400000, 0x00000000a5500000|  0%| F|  |TAMS 0x00000000a5400000, 0x00000000a5400000| Untracked 
|  85|0x00000000a5500000, 0x00000000a5500000, 0x00000000a5600000|  0%| F|  |TAMS 0x00000000a5500000, 0x00000000a5500000| Untracked 
|  86|0x00000000a5600000, 0x00000000a5600000, 0x00000000a5700000|  0%| F|  |TAMS 0x00000000a5600000, 0x00000000a5600000| Untracked 
|  87|0x00000000a5700000, 0x00000000a5700000, 0x00000000a5800000|  0%| F|  |TAMS 0x00000000a5700000, 0x00000000a5700000| Untracked 
|  88|0x00000000a5800000, 0x00000000a5800000, 0x00000000a5900000|  0%| F|  |TAMS 0x00000000a5800000, 0x00000000a5800000| Untracked 
|  89|0x00000000a5900000, 0x00000000a5900000, 0x00000000a5a00000|  0%| F|  |TAMS 0x00000000a5900000, 0x00000000a5900000| Untracked 
|  90|0x00000000a5a00000, 0x00000000a5a00000, 0x00000000a5b00000|  0%| F|  |TAMS 0x00000000a5a00000, 0x00000000a5a00000| Untracked 
|  91|0x00000000a5b00000, 0x00000000a5b00000, 0x00000000a5c00000|  0%| F|  |TAMS 0x00000000a5b00000, 0x00000000a5b00000| Untracked 
|  92|0x00000000a5c00000, 0x00000000a5c00000, 0x00000000a5d00000|  0%| F|  |TAMS 0x00000000a5c00000, 0x00000000a5c00000| Untracked 
|  93|0x00000000a5d00000, 0x00000000a5d00000, 0x00000000a5e00000|  0%| F|  |TAMS 0x00000000a5d00000, 0x00000000a5d00000| Untracked 
|  94|0x00000000a5e00000, 0x00000000a5e00000, 0x00000000a5f00000|  0%| F|  |TAMS 0x00000000a5e00000, 0x00000000a5e00000| Untracked 
|  95|0x00000000a5f00000, 0x00000000a5f00000, 0x00000000a6000000|  0%| F|  |TAMS 0x00000000a5f00000, 0x00000000a5f00000| Untracked 
|  96|0x00000000a6000000, 0x00000000a6000000, 0x00000000a6100000|  0%| F|  |TAMS 0x00000000a6000000, 0x00000000a6000000| Untracked 
|  97|0x00000000a6100000, 0x00000000a6100000, 0x00000000a6200000|  0%| F|  |TAMS 0x00000000a6100000, 0x00000000a6100000| Untracked 
|  98|0x00000000a6200000, 0x00000000a6200000, 0x00000000a6300000|  0%| F|  |TAMS 0x00000000a6200000, 0x00000000a6200000| Untracked 
|  99|0x00000000a6300000, 0x00000000a6300000, 0x00000000a6400000|  0%| F|  |TAMS 0x00000000a6300000, 0x00000000a6300000| Untracked 
| 100|0x00000000a6400000, 0x00000000a6400000, 0x00000000a6500000|  0%| F|  |TAMS 0x00000000a6400000, 0x00000000a6400000| Untracked 
| 101|0x00000000a6500000, 0x00000000a6500000, 0x00000000a6600000|  0%| F|  |TAMS 0x00000000a6500000, 0x00000000a6500000| Untracked 
| 102|0x00000000a6600000, 0x00000000a6600000, 0x00000000a6700000|  0%| F|  |TAMS 0x00000000a6600000, 0x00000000a6600000| Untracked 
| 103|0x00000000a6700000, 0x00000000a6700000, 0x00000000a6800000|  0%| F|  |TAMS 0x00000000a6700000, 0x00000000a6700000| Untracked 
| 104|0x00000000a6800000, 0x00000000a6800000, 0x00000000a6900000|  0%| F|  |TAMS 0x00000000a6800000, 0x00000000a6800000| Untracked 
| 105|0x00000000a6900000, 0x00000000a6900000, 0x00000000a6a00000|  0%| F|  |TAMS 0x00000000a6900000, 0x00000000a6900000| Untracked 
| 106|0x00000000a6a00000, 0x00000000a6a00000, 0x00000000a6b00000|  0%| F|  |TAMS 0x00000000a6a00000, 0x00000000a6a00000| Untracked 
| 107|0x00000000a6b00000, 0x00000000a6b00000, 0x00000000a6c00000|  0%| F|  |TAMS 0x00000000a6b00000, 0x00000000a6b00000| Untracked 
| 108|0x00000000a6c00000, 0x00000000a6c00000, 0x00000000a6d00000|  0%| F|  |TAMS 0x00000000a6c00000, 0x00000000a6c00000| Untracked 
| 109|0x00000000a6d00000, 0x00000000a6d00000, 0x00000000a6e00000|  0%| F|  |TAMS 0x00000000a6d00000, 0x00000000a6d00000| Untracked 
| 110|0x00000000a6e00000, 0x00000000a6e00000, 0x00000000a6f00000|  0%| F|  |TAMS 0x00000000a6e00000, 0x00000000a6e00000| Untracked 
| 111|0x00000000a6f00000, 0x00000000a6f00000, 0x00000000a7000000|  0%| F|  |TAMS 0x00000000a6f00000, 0x00000000a6f00000| Untracked 
| 112|0x00000000a7000000, 0x00000000a7000000, 0x00000000a7100000|  0%| F|  |TAMS 0x00000000a7000000, 0x00000000a7000000| Untracked 
| 113|0x00000000a7100000, 0x00000000a7100000, 0x00000000a7200000|  0%| F|  |TAMS 0x00000000a7100000, 0x00000000a7100000| Untracked 
| 114|0x00000000a7200000, 0x00000000a7200000, 0x00000000a7300000|  0%| F|  |TAMS 0x00000000a7200000, 0x00000000a7200000| Untracked 
| 115|0x00000000a7300000, 0x00000000a7300000, 0x00000000a7400000|  0%| F|  |TAMS 0x00000000a7300000, 0x00000000a7300000| Untracked 
| 116|0x00000000a7400000, 0x00000000a7400000, 0x00000000a7500000|  0%| F|  |TAMS 0x00000000a7400000, 0x00000000a7400000| Untracked 
| 117|0x00000000a7500000, 0x00000000a7500000, 0x00000000a7600000|  0%| F|  |TAMS 0x00000000a7500000, 0x00000000a7500000| Untracked 
| 118|0x00000000a7600000, 0x00000000a7600000, 0x00000000a7700000|  0%| F|  |TAMS 0x00000000a7600000, 0x00000000a7600000| Untracked 
| 119|0x00000000a7700000, 0x00000000a7700000, 0x00000000a7800000|  0%| F|  |TAMS 0x00000000a7700000, 0x00000000a7700000| Untracked 
| 120|0x00000000a7800000, 0x00000000a7800000, 0x00000000a7900000|  0%| F|  |TAMS 0x00000000a7800000, 0x00000000a7800000| Untracked 
| 121|0x00000000a7900000, 0x00000000a7900000, 0x00000000a7a00000|  0%| F|  |TAMS 0x00000000a7900000, 0x00000000a7900000| Untracked 
| 122|0x00000000a7a00000, 0x00000000a7a00000, 0x00000000a7b00000|  0%| F|  |TAMS 0x00000000a7a00000, 0x00000000a7a00000| Untracked 
| 123|0x00000000a7b00000, 0x00000000a7b00000, 0x00000000a7c00000|  0%| F|  |TAMS 0x00000000a7b00000, 0x00000000a7b00000| Untracked 
| 124|0x00000000a7c00000, 0x00000000a7c00000, 0x00000000a7d00000|  0%| F|  |TAMS 0x00000000a7c00000, 0x00000000a7c00000| Untracked 
| 125|0x00000000a7d00000, 0x00000000a7d00000, 0x00000000a7e00000|  0%| F|  |TAMS 0x00000000a7d00000, 0x00000000a7d00000| Untracked 
| 126|0x00000000a7e00000, 0x00000000a7e00000, 0x00000000a7f00000|  0%| F|  |TAMS 0x00000000a7e00000, 0x00000000a7e00000| Untracked 
| 127|0x00000000a7f00000, 0x00000000a7fefd00, 0x00000000a8000000| 93%| S|CS|TAMS 0x00000000a7f00000, 0x00000000a7f00000| Complete 
| 128|0x00000000a8000000, 0x00000000a8100000, 0x00000000a8100000|100%| S|CS|TAMS 0x00000000a8000000, 0x00000000a8000000| Complete 
| 129|0x00000000a8100000, 0x00000000a8200000, 0x00000000a8200000|100%| S|CS|TAMS 0x00000000a8100000, 0x00000000a8100000| Complete 
| 130|0x00000000a8200000, 0x00000000a8300000, 0x00000000a8300000|100%| S|CS|TAMS 0x00000000a8200000, 0x00000000a8200000| Complete 
| 131|0x00000000a8300000, 0x00000000a8400000, 0x00000000a8400000|100%| S|CS|TAMS 0x00000000a8300000, 0x00000000a8300000| Complete 
| 132|0x00000000a8400000, 0x00000000a8500000, 0x00000000a8500000|100%| S|CS|TAMS 0x00000000a8400000, 0x00000000a8400000| Complete 
| 133|0x00000000a8500000, 0x00000000a8600000, 0x00000000a8600000|100%| S|CS|TAMS 0x00000000a8500000, 0x00000000a8500000| Complete 
| 134|0x00000000a8600000, 0x00000000a8700000, 0x00000000a8700000|100%| S|CS|TAMS 0x00000000a8600000, 0x00000000a8600000| Complete 
| 135|0x00000000a8700000, 0x00000000a8800000, 0x00000000a8800000|100%| S|CS|TAMS 0x00000000a8700000, 0x00000000a8700000| Complete 
| 136|0x00000000a8800000, 0x00000000a8900000, 0x00000000a8900000|100%| S|CS|TAMS 0x00000000a8800000, 0x00000000a8800000| Complete 
| 137|0x00000000a8900000, 0x00000000a8a00000, 0x00000000a8a00000|100%| S|CS|TAMS 0x00000000a8900000, 0x00000000a8900000| Complete 
| 138|0x00000000a8a00000, 0x00000000a8b00000, 0x00000000a8b00000|100%| S|CS|TAMS 0x00000000a8a00000, 0x00000000a8a00000| Complete 
| 139|0x00000000a8b00000, 0x00000000a8c00000, 0x00000000a8c00000|100%| S|CS|TAMS 0x00000000a8b00000, 0x00000000a8b00000| Complete 
| 140|0x00000000a8c00000, 0x00000000a8d00000, 0x00000000a8d00000|100%| S|CS|TAMS 0x00000000a8c00000, 0x00000000a8c00000| Complete 
| 141|0x00000000a8d00000, 0x00000000a8d00000, 0x00000000a8e00000|  0%| F|  |TAMS 0x00000000a8d00000, 0x00000000a8d00000| Untracked 
| 142|0x00000000a8e00000, 0x00000000a8e00000, 0x00000000a8f00000|  0%| F|  |TAMS 0x00000000a8e00000, 0x00000000a8e00000| Untracked 
| 143|0x00000000a8f00000, 0x00000000a8f00000, 0x00000000a9000000|  0%| F|  |TAMS 0x00000000a8f00000, 0x00000000a8f00000| Untracked 
| 144|0x00000000a9000000, 0x00000000a9000000, 0x00000000a9100000|  0%| F|  |TAMS 0x00000000a9000000, 0x00000000a9000000| Untracked 
| 145|0x00000000a9100000, 0x00000000a9100000, 0x00000000a9200000|  0%| F|  |TAMS 0x00000000a9100000, 0x00000000a9100000| Untracked 
| 146|0x00000000a9200000, 0x00000000a9200000, 0x00000000a9300000|  0%| F|  |TAMS 0x00000000a9200000, 0x00000000a9200000| Untracked 
| 147|0x00000000a9300000, 0x00000000a9300000, 0x00000000a9400000|  0%| F|  |TAMS 0x00000000a9300000, 0x00000000a9300000| Untracked 
| 148|0x00000000a9400000, 0x00000000a9400000, 0x00000000a9500000|  0%| F|  |TAMS 0x00000000a9400000, 0x00000000a9400000| Untracked 
| 149|0x00000000a9500000, 0x00000000a9500000, 0x00000000a9600000|  0%| F|  |TAMS 0x00000000a9500000, 0x00000000a9500000| Untracked 
| 150|0x00000000a9600000, 0x00000000a9600000, 0x00000000a9700000|  0%| F|  |TAMS 0x00000000a9600000, 0x00000000a9600000| Untracked 
| 151|0x00000000a9700000, 0x00000000a9700000, 0x00000000a9800000|  0%| F|  |TAMS 0x00000000a9700000, 0x00000000a9700000| Untracked 
| 152|0x00000000a9800000, 0x00000000a9800000, 0x00000000a9900000|  0%| F|  |TAMS 0x00000000a9800000, 0x00000000a9800000| Untracked 
| 153|0x00000000a9900000, 0x00000000a9900000, 0x00000000a9a00000|  0%| F|  |TAMS 0x00000000a9900000, 0x00000000a9900000| Untracked 
| 154|0x00000000a9a00000, 0x00000000a9a00000, 0x00000000a9b00000|  0%| F|  |TAMS 0x00000000a9a00000, 0x00000000a9a00000| Untracked 
| 155|0x00000000a9b00000, 0x00000000a9b00000, 0x00000000a9c00000|  0%| F|  |TAMS 0x00000000a9b00000, 0x00000000a9b00000| Untracked 
| 156|0x00000000a9c00000, 0x00000000a9c00000, 0x00000000a9d00000|  0%| F|  |TAMS 0x00000000a9c00000, 0x00000000a9c00000| Untracked 
| 157|0x00000000a9d00000, 0x00000000a9d00000, 0x00000000a9e00000|  0%| F|  |TAMS 0x00000000a9d00000, 0x00000000a9d00000| Untracked 
| 158|0x00000000a9e00000, 0x00000000a9e00000, 0x00000000a9f00000|  0%| F|  |TAMS 0x00000000a9e00000, 0x00000000a9e00000| Untracked 
| 159|0x00000000a9f00000, 0x00000000a9f00000, 0x00000000aa000000|  0%| F|  |TAMS 0x00000000a9f00000, 0x00000000a9f00000| Untracked 
| 160|0x00000000aa000000, 0x00000000aa000000, 0x00000000aa100000|  0%| F|  |TAMS 0x00000000aa000000, 0x00000000aa000000| Untracked 
| 161|0x00000000aa100000, 0x00000000aa100000, 0x00000000aa200000|  0%| F|  |TAMS 0x00000000aa100000, 0x00000000aa100000| Untracked 
| 162|0x00000000aa200000, 0x00000000aa200000, 0x00000000aa300000|  0%| F|  |TAMS 0x00000000aa200000, 0x00000000aa200000| Untracked 
| 163|0x00000000aa300000, 0x00000000aa300000, 0x00000000aa400000|  0%| F|  |TAMS 0x00000000aa300000, 0x00000000aa300000| Untracked 
| 164|0x00000000aa400000, 0x00000000aa400000, 0x00000000aa500000|  0%| F|  |TAMS 0x00000000aa400000, 0x00000000aa400000| Untracked 
| 165|0x00000000aa500000, 0x00000000aa500000, 0x00000000aa600000|  0%| F|  |TAMS 0x00000000aa500000, 0x00000000aa500000| Untracked 
| 166|0x00000000aa600000, 0x00000000aa600000, 0x00000000aa700000|  0%| F|  |TAMS 0x00000000aa600000, 0x00000000aa600000| Untracked 
| 167|0x00000000aa700000, 0x00000000aa700000, 0x00000000aa800000|  0%| F|  |TAMS 0x00000000aa700000, 0x00000000aa700000| Untracked 
| 168|0x00000000aa800000, 0x00000000aa800000, 0x00000000aa900000|  0%| F|  |TAMS 0x00000000aa800000, 0x00000000aa800000| Untracked 
| 169|0x00000000aa900000, 0x00000000aa900000, 0x00000000aaa00000|  0%| F|  |TAMS 0x00000000aa900000, 0x00000000aa900000| Untracked 
| 170|0x00000000aaa00000, 0x00000000aaa00000, 0x00000000aab00000|  0%| F|  |TAMS 0x00000000aaa00000, 0x00000000aaa00000| Untracked 
| 171|0x00000000aab00000, 0x00000000aab00000, 0x00000000aac00000|  0%| F|  |TAMS 0x00000000aab00000, 0x00000000aab00000| Untracked 
| 172|0x00000000aac00000, 0x00000000aac00000, 0x00000000aad00000|  0%| F|  |TAMS 0x00000000aac00000, 0x00000000aac00000| Untracked 
| 173|0x00000000aad00000, 0x00000000aad00000, 0x00000000aae00000|  0%| F|  |TAMS 0x00000000aad00000, 0x00000000aad00000| Untracked 
| 174|0x00000000aae00000, 0x00000000aae00000, 0x00000000aaf00000|  0%| F|  |TAMS 0x00000000aae00000, 0x00000000aae00000| Untracked 
| 175|0x00000000aaf00000, 0x00000000aaf00000, 0x00000000ab000000|  0%| F|  |TAMS 0x00000000aaf00000, 0x00000000aaf00000| Untracked 
| 176|0x00000000ab000000, 0x00000000ab000000, 0x00000000ab100000|  0%| F|  |TAMS 0x00000000ab000000, 0x00000000ab000000| Untracked 
| 177|0x00000000ab100000, 0x00000000ab100000, 0x00000000ab200000|  0%| F|  |TAMS 0x00000000ab100000, 0x00000000ab100000| Untracked 
| 178|0x00000000ab200000, 0x00000000ab200000, 0x00000000ab300000|  0%| F|  |TAMS 0x00000000ab200000, 0x00000000ab200000| Untracked 
| 179|0x00000000ab300000, 0x00000000ab300000, 0x00000000ab400000|  0%| F|  |TAMS 0x00000000ab300000, 0x00000000ab300000| Untracked 
| 180|0x00000000ab400000, 0x00000000ab400000, 0x00000000ab500000|  0%| F|  |TAMS 0x00000000ab400000, 0x00000000ab400000| Untracked 
| 181|0x00000000ab500000, 0x00000000ab500000, 0x00000000ab600000|  0%| F|  |TAMS 0x00000000ab500000, 0x00000000ab500000| Untracked 
| 182|0x00000000ab600000, 0x00000000ab600000, 0x00000000ab700000|  0%| F|  |TAMS 0x00000000ab600000, 0x00000000ab600000| Untracked 
| 183|0x00000000ab700000, 0x00000000ab700000, 0x00000000ab800000|  0%| F|  |TAMS 0x00000000ab700000, 0x00000000ab700000| Untracked 
| 184|0x00000000ab800000, 0x00000000ab800000, 0x00000000ab900000|  0%| F|  |TAMS 0x00000000ab800000, 0x00000000ab800000| Untracked 
| 185|0x00000000ab900000, 0x00000000ab900000, 0x00000000aba00000|  0%| F|  |TAMS 0x00000000ab900000, 0x00000000ab900000| Untracked 
| 186|0x00000000aba00000, 0x00000000aba00000, 0x00000000abb00000|  0%| F|  |TAMS 0x00000000aba00000, 0x00000000aba00000| Untracked 
| 187|0x00000000abb00000, 0x00000000abb00000, 0x00000000abc00000|  0%| F|  |TAMS 0x00000000abb00000, 0x00000000abb00000| Untracked 
| 188|0x00000000abc00000, 0x00000000abc00000, 0x00000000abd00000|  0%| F|  |TAMS 0x00000000abc00000, 0x00000000abc00000| Untracked 
| 189|0x00000000abd00000, 0x00000000abd00000, 0x00000000abe00000|  0%| F|  |TAMS 0x00000000abd00000, 0x00000000abd00000| Untracked 
| 190|0x00000000abe00000, 0x00000000abe00000, 0x00000000abf00000|  0%| F|  |TAMS 0x00000000abe00000, 0x00000000abe00000| Untracked 
| 191|0x00000000abf00000, 0x00000000abf00000, 0x00000000ac000000|  0%| F|  |TAMS 0x00000000abf00000, 0x00000000abf00000| Untracked 
| 192|0x00000000ac000000, 0x00000000ac000000, 0x00000000ac100000|  0%| F|  |TAMS 0x00000000ac000000, 0x00000000ac000000| Untracked 
| 193|0x00000000ac100000, 0x00000000ac100000, 0x00000000ac200000|  0%| F|  |TAMS 0x00000000ac100000, 0x00000000ac100000| Untracked 
| 194|0x00000000ac200000, 0x00000000ac200000, 0x00000000ac300000|  0%| F|  |TAMS 0x00000000ac200000, 0x00000000ac200000| Untracked 
| 195|0x00000000ac300000, 0x00000000ac300000, 0x00000000ac400000|  0%| F|  |TAMS 0x00000000ac300000, 0x00000000ac300000| Untracked 
| 196|0x00000000ac400000, 0x00000000ac400000, 0x00000000ac500000|  0%| F|  |TAMS 0x00000000ac400000, 0x00000000ac400000| Untracked 
| 197|0x00000000ac500000, 0x00000000ac500000, 0x00000000ac600000|  0%| F|  |TAMS 0x00000000ac500000, 0x00000000ac500000| Untracked 
| 198|0x00000000ac600000, 0x00000000ac600000, 0x00000000ac700000|  0%| F|  |TAMS 0x00000000ac600000, 0x00000000ac600000| Untracked 
| 199|0x00000000ac700000, 0x00000000ac700000, 0x00000000ac800000|  0%| F|  |TAMS 0x00000000ac700000, 0x00000000ac700000| Untracked 
| 200|0x00000000ac800000, 0x00000000ac800000, 0x00000000ac900000|  0%| F|  |TAMS 0x00000000ac800000, 0x00000000ac800000| Untracked 
| 201|0x00000000ac900000, 0x00000000ac900000, 0x00000000aca00000|  0%| F|  |TAMS 0x00000000ac900000, 0x00000000ac900000| Untracked 
| 202|0x00000000aca00000, 0x00000000aca00000, 0x00000000acb00000|  0%| F|  |TAMS 0x00000000aca00000, 0x00000000aca00000| Untracked 
| 203|0x00000000acb00000, 0x00000000acb00000, 0x00000000acc00000|  0%| F|  |TAMS 0x00000000acb00000, 0x00000000acb00000| Untracked 
| 204|0x00000000acc00000, 0x00000000acc00000, 0x00000000acd00000|  0%| F|  |TAMS 0x00000000acc00000, 0x00000000acc00000| Untracked 
| 205|0x00000000acd00000, 0x00000000acd00000, 0x00000000ace00000|  0%| F|  |TAMS 0x00000000acd00000, 0x00000000acd00000| Untracked 
| 206|0x00000000ace00000, 0x00000000ace00000, 0x00000000acf00000|  0%| F|  |TAMS 0x00000000ace00000, 0x00000000ace00000| Untracked 
| 207|0x00000000acf00000, 0x00000000acf00000, 0x00000000ad000000|  0%| F|  |TAMS 0x00000000acf00000, 0x00000000acf00000| Untracked 
| 208|0x00000000ad000000, 0x00000000ad000000, 0x00000000ad100000|  0%| F|  |TAMS 0x00000000ad000000, 0x00000000ad000000| Untracked 
| 209|0x00000000ad100000, 0x00000000ad100000, 0x00000000ad200000|  0%| F|  |TAMS 0x00000000ad100000, 0x00000000ad100000| Untracked 
| 210|0x00000000ad200000, 0x00000000ad200000, 0x00000000ad300000|  0%| F|  |TAMS 0x00000000ad200000, 0x00000000ad200000| Untracked 
| 211|0x00000000ad300000, 0x00000000ad300000, 0x00000000ad400000|  0%| F|  |TAMS 0x00000000ad300000, 0x00000000ad300000| Untracked 
| 212|0x00000000ad400000, 0x00000000ad400000, 0x00000000ad500000|  0%| F|  |TAMS 0x00000000ad400000, 0x00000000ad400000| Untracked 
| 213|0x00000000ad500000, 0x00000000ad500000, 0x00000000ad600000|  0%| F|  |TAMS 0x00000000ad500000, 0x00000000ad500000| Untracked 
| 214|0x00000000ad600000, 0x00000000ad600000, 0x00000000ad700000|  0%| F|  |TAMS 0x00000000ad600000, 0x00000000ad600000| Untracked 
| 215|0x00000000ad700000, 0x00000000ad700000, 0x00000000ad800000|  0%| F|  |TAMS 0x00000000ad700000, 0x00000000ad700000| Untracked 
| 216|0x00000000ad800000, 0x00000000ad800000, 0x00000000ad900000|  0%| F|  |TAMS 0x00000000ad800000, 0x00000000ad800000| Untracked 
| 217|0x00000000ad900000, 0x00000000ad900000, 0x00000000ada00000|  0%| F|  |TAMS 0x00000000ad900000, 0x00000000ad900000| Untracked 
| 218|0x00000000ada00000, 0x00000000ada00000, 0x00000000adb00000|  0%| F|  |TAMS 0x00000000ada00000, 0x00000000ada00000| Untracked 
| 219|0x00000000adb00000, 0x00000000adb00000, 0x00000000adc00000|  0%| F|  |TAMS 0x00000000adb00000, 0x00000000adb00000| Untracked 
| 220|0x00000000adc00000, 0x00000000adc00000, 0x00000000add00000|  0%| F|  |TAMS 0x00000000adc00000, 0x00000000adc00000| Untracked 
| 221|0x00000000add00000, 0x00000000add00000, 0x00000000ade00000|  0%| F|  |TAMS 0x00000000add00000, 0x00000000add00000| Untracked 
| 222|0x00000000ade00000, 0x00000000ade00000, 0x00000000adf00000|  0%| F|  |TAMS 0x00000000ade00000, 0x00000000ade00000| Untracked 
| 223|0x00000000adf00000, 0x00000000adf00000, 0x00000000ae000000|  0%| F|  |TAMS 0x00000000adf00000, 0x00000000adf00000| Untracked 
| 224|0x00000000ae000000, 0x00000000ae000000, 0x00000000ae100000|  0%| F|  |TAMS 0x00000000ae000000, 0x00000000ae000000| Untracked 
| 225|0x00000000ae100000, 0x00000000ae100000, 0x00000000ae200000|  0%| F|  |TAMS 0x00000000ae100000, 0x00000000ae100000| Untracked 
| 226|0x00000000ae200000, 0x00000000ae200000, 0x00000000ae300000|  0%| F|  |TAMS 0x00000000ae200000, 0x00000000ae200000| Untracked 
| 227|0x00000000ae300000, 0x00000000ae300000, 0x00000000ae400000|  0%| F|  |TAMS 0x00000000ae300000, 0x00000000ae300000| Untracked 
| 228|0x00000000ae400000, 0x00000000ae400000, 0x00000000ae500000|  0%| F|  |TAMS 0x00000000ae400000, 0x00000000ae400000| Untracked 
| 229|0x00000000ae500000, 0x00000000ae600000, 0x00000000ae600000|100%| E|  |TAMS 0x00000000ae500000, 0x00000000ae500000| Complete 
| 230|0x00000000ae600000, 0x00000000ae700000, 0x00000000ae700000|100%| E|CS|TAMS 0x00000000ae600000, 0x00000000ae600000| Complete 
| 231|0x00000000ae700000, 0x00000000ae800000, 0x00000000ae800000|100%| E|CS|TAMS 0x00000000ae700000, 0x00000000ae700000| Complete 
| 232|0x00000000ae800000, 0x00000000ae900000, 0x00000000ae900000|100%| E|CS|TAMS 0x00000000ae800000, 0x00000000ae800000| Complete 
| 233|0x00000000ae900000, 0x00000000aea00000, 0x00000000aea00000|100%| E|CS|TAMS 0x00000000ae900000, 0x00000000ae900000| Complete 
| 234|0x00000000aea00000, 0x00000000aeb00000, 0x00000000aeb00000|100%| E|CS|TAMS 0x00000000aea00000, 0x00000000aea00000| Complete 
| 235|0x00000000aeb00000, 0x00000000aec00000, 0x00000000aec00000|100%| E|CS|TAMS 0x00000000aeb00000, 0x00000000aeb00000| Complete 
| 236|0x00000000aec00000, 0x00000000aed00000, 0x00000000aed00000|100%| E|CS|TAMS 0x00000000aec00000, 0x00000000aec00000| Complete 
| 237|0x00000000aed00000, 0x00000000aee00000, 0x00000000aee00000|100%| E|CS|TAMS 0x00000000aed00000, 0x00000000aed00000| Complete 
| 238|0x00000000aee00000, 0x00000000aef00000, 0x00000000aef00000|100%| E|CS|TAMS 0x00000000aee00000, 0x00000000aee00000| Complete 
| 239|0x00000000aef00000, 0x00000000af000000, 0x00000000af000000|100%| E|CS|TAMS 0x00000000aef00000, 0x00000000aef00000| Complete 
| 240|0x00000000af000000, 0x00000000af100000, 0x00000000af100000|100%| E|CS|TAMS 0x00000000af000000, 0x00000000af000000| Complete 
| 241|0x00000000af100000, 0x00000000af200000, 0x00000000af200000|100%| E|CS|TAMS 0x00000000af100000, 0x00000000af100000| Complete 
| 242|0x00000000af200000, 0x00000000af300000, 0x00000000af300000|100%| E|CS|TAMS 0x00000000af200000, 0x00000000af200000| Complete 
| 243|0x00000000af300000, 0x00000000af400000, 0x00000000af400000|100%| E|CS|TAMS 0x00000000af300000, 0x00000000af300000| Complete 
| 244|0x00000000af400000, 0x00000000af500000, 0x00000000af500000|100%| E|CS|TAMS 0x00000000af400000, 0x00000000af400000| Complete 
| 245|0x00000000af500000, 0x00000000af600000, 0x00000000af600000|100%| E|CS|TAMS 0x00000000af500000, 0x00000000af500000| Complete 
| 246|0x00000000af600000, 0x00000000af700000, 0x00000000af700000|100%| E|CS|TAMS 0x00000000af600000, 0x00000000af600000| Complete 
| 247|0x00000000af700000, 0x00000000af800000, 0x00000000af800000|100%| E|CS|TAMS 0x00000000af700000, 0x00000000af700000| Complete 
| 248|0x00000000af800000, 0x00000000af900000, 0x00000000af900000|100%| E|CS|TAMS 0x00000000af800000, 0x00000000af800000| Complete 
| 249|0x00000000af900000, 0x00000000afa00000, 0x00000000afa00000|100%| E|CS|TAMS 0x00000000af900000, 0x00000000af900000| Complete 
| 250|0x00000000afa00000, 0x00000000afb00000, 0x00000000afb00000|100%| E|CS|TAMS 0x00000000afa00000, 0x00000000afa00000| Complete 
| 251|0x00000000afb00000, 0x00000000afc00000, 0x00000000afc00000|100%| E|CS|TAMS 0x00000000afb00000, 0x00000000afb00000| Complete 
| 252|0x00000000afc00000, 0x00000000afd00000, 0x00000000afd00000|100%| E|CS|TAMS 0x00000000afc00000, 0x00000000afc00000| Complete 
| 253|0x00000000afd00000, 0x00000000afe00000, 0x00000000afe00000|100%| E|CS|TAMS 0x00000000afd00000, 0x00000000afd00000| Complete 

Card table byte_map: [0x0000017319370000,0x0000017319670000] _byte_map_base: 0x0000017318e70000

Marking Bits (Prev, Next): (CMBitMap*) 0x0000017306058238, (CMBitMap*) 0x0000017306058270
 Prev Bits: [0x0000017319970000, 0x000001731b170000)
 Next Bits: [0x000001731b170000, 0x000001731c970000)

Polling page: 0x0000017305800000

Metaspace:

Usage:
  Non-class:     82.19 MB capacity,    80.17 MB ( 98%) used,     1.71 MB (  2%) free+waste,   318.69 KB ( <1%) overhead. 
      Class:     13.18 MB capacity,    12.03 MB ( 91%) used,  1021.85 KB (  8%) free+waste,   153.50 KB (  1%) overhead. 
       Both:     95.38 MB capacity,    92.20 MB ( 97%) used,     2.71 MB (  3%) free+waste,   472.19 KB ( <1%) overhead. 

Virtual space:
  Non-class space:       84.00 MB reserved,      82.25 MB ( 98%) committed 
      Class space:        1.00 GB reserved,      13.25 MB (  1%) committed 
             Both:        1.08 GB reserved,      95.50 MB (  9%) committed 

Chunk freelists:
   Non-Class:  57.00 KB
       Class:  7.00 KB
        Both:  64.00 KB

MaxMetaspaceSize: 17179869184.00 GB
CompressedClassSpaceSize: 1.00 GB

CodeHeap 'non-profiled nmethods': size=120000Kb used=6168Kb max_used=6168Kb free=113831Kb
 bounds [0x00000173115e0000, 0x0000017311bf0000, 0x0000017318b10000]
CodeHeap 'profiled nmethods': size=120000Kb used=21659Kb max_used=21659Kb free=98340Kb
 bounds [0x000001730a0b0000, 0x000001730b5e0000, 0x00000173115e0000]
CodeHeap 'non-nmethods': size=5760Kb used=2305Kb max_used=2359Kb free=3454Kb
 bounds [0x0000017309b10000, 0x0000017309d80000, 0x000001730a0b0000]
 total_blobs=10743 nmethods=9835 adapters=819
 compilation: enabled
              stopped_count=0, restarted_count=0
 full_count=0

Compilation events (20 events):
Event: 19.362 Thread 0x000001731fed9800 9868       1       org.gradle.cache.PersistentIndexedCacheParameters::getCacheName (5 bytes)
Event: 19.362 Thread 0x000001731fed9800 nmethod 9868 0x0000017311be2390 code [0x0000017311be2540, 0x0000017311be25f8]
Event: 19.362 Thread 0x000001731fed9800 9869       3       org.gradle.util.GradleVersion::compareTo (9 bytes)
Event: 19.362 Thread 0x000001732320d800 9870       4       java.util.Optional::map (30 bytes)
Event: 19.362 Thread 0x000001731fed9800 nmethod 9869 0x000001730b5d4710 code [0x000001730b5d48e0, 0x000001730b5d4ae8]
Event: 19.362 Thread 0x000001731fed9800 9871       3       java.util.regex.CharPredicates$$Lambda$35/0x00000001000d8840::is (9 bytes)
Event: 19.362 Thread 0x000001731fed9800 nmethod 9871 0x000001730b5d4b90 code [0x000001730b5d4d60, 0x000001730b5d50f8]
Event: 19.362 Thread 0x000001731fed9800 9872       3       java.util.regex.CharPredicates::lambda$ctype$14 (21 bytes)
Event: 19.363 Thread 0x000001731fed9800 nmethod 9872 0x000001730b5d5290 code [0x000001730b5d5460, 0x000001730b5d5778]
Event: 19.364 Thread 0x000001732320d800 nmethod 9870 0x0000017311be2690 code [0x0000017311be2840, 0x0000017311be29f8]
Event: 19.367 Thread 0x000001731fed9800 9873       3       org.gradle.internal.time.DefaultTimer::reset (14 bytes)
Event: 19.367 Thread 0x000001731fed9800 nmethod 9873 0x000001730b5d5890 code [0x000001730b5d5a40, 0x000001730b5d5bf8]
Event: 19.368 Thread 0x000001731fed9800 9874       3       org.gradle.cache.internal.DefaultCrossBuildInMemoryCacheFactory$AbstractCrossBuildInMemoryCache::getIfPresentWithoutLock (43 bytes)
Event: 19.368 Thread 0x000001731fed9800 nmethod 9874 0x000001730b5d5d10 code [0x000001730b5d5f00, 0x000001730b5d6308]
Event: 19.368 Thread 0x000001732320d800 9875       4       com.google.common.collect.Lists::newArrayList (8 bytes)
Event: 19.369 Thread 0x000001732320d800 nmethod 9875 0x0000017311be2b10 code [0x0000017311be2cc0, 0x0000017311be2df8]
Event: 19.369 Thread 0x000001732320d800 9876   !   4       org.gradle.internal.service.DefaultServiceRegistry$SingletonService::prepare (111 bytes)
Event: 19.371 Thread 0x000001731fed9800 9879       3       java.util.HashSet::<init> (40 bytes)
Event: 19.371 Thread 0x000001731fed9800 nmethod 9879 0x000001730b5d6410 code [0x000001730b5d6660, 0x000001730b5d6c48]
Event: 19.372 Thread 0x000001731fed9800 9880       3       java.io.ExpiringCache::entryFor (57 bytes)

GC Heap History (20 events):
Event: 0.588 GC heap before
{Heap before GC invocations=0 (full 0):
 garbage-first heap   total 260096K, used 29696K [0x00000000a0000000, 0x0000000100000000)
  region size 1024K, 24 young (24576K), 0 survivors (0K)
 Metaspace       used 9803K, capacity 9990K, committed 10112K, reserved 1058816K
  class space    used 1021K, capacity 1102K, committed 1152K, reserved 1048576K
}
Event: 0.592 GC heap after
{Heap after GC invocations=1 (full 0):
 garbage-first heap   total 260096K, used 9261K [0x00000000a0000000, 0x0000000100000000)
  region size 1024K, 3 young (3072K), 3 survivors (3072K)
 Metaspace       used 9803K, capacity 9990K, committed 10112K, reserved 1058816K
  class space    used 1021K, capacity 1102K, committed 1152K, reserved 1048576K
}
Event: 1.998 GC heap before
{Heap before GC invocations=1 (full 0):
 garbage-first heap   total 260096K, used 104493K [0x00000000a0000000, 0x0000000100000000)
  region size 1024K, 97 young (99328K), 3 survivors (3072K)
 Metaspace       used 20581K, capacity 21094K, committed 21248K, reserved 1067008K
  class space    used 2516K, capacity 2701K, committed 2816K, reserved 1048576K
}
Event: 2.006 GC heap after
{Heap after GC invocations=2 (full 0):
 garbage-first heap   total 260096K, used 16938K [0x00000000a0000000, 0x0000000100000000)
  region size 1024K, 11 young (11264K), 11 survivors (11264K)
 Metaspace       used 20581K, capacity 21094K, committed 21248K, reserved 1067008K
  class space    used 2516K, capacity 2701K, committed 2816K, reserved 1048576K
}
Event: 2.487 GC heap before
{Heap before GC invocations=3 (full 0):
 garbage-first heap   total 260096K, used 74282K [0x00000000a0000000, 0x0000000100000000)
  region size 1024K, 65 young (66560K), 11 survivors (11264K)
 Metaspace       used 26104K, capacity 26798K, committed 27008K, reserved 1073152K
  class space    used 3414K, capacity 3648K, committed 3712K, reserved 1048576K
}
Event: 2.494 GC heap after
{Heap after GC invocations=4 (full 0):
 garbage-first heap   total 260096K, used 21291K [0x00000000a0000000, 0x0000000100000000)
  region size 1024K, 3 young (3072K), 3 survivors (3072K)
 Metaspace       used 26104K, capacity 26798K, committed 27008K, reserved 1073152K
  class space    used 3414K, capacity 3648K, committed 3712K, reserved 1048576K
}
Event: 3.237 GC heap before
{Heap before GC invocations=4 (full 0):
 garbage-first heap   total 260096K, used 92971K [0x00000000a0000000, 0x0000000100000000)
  region size 1024K, 66 young (67584K), 3 survivors (3072K)
 Metaspace       used 34811K, capacity 35703K, committed 35840K, reserved 1081344K
  class space    used 4527K, capacity 4869K, committed 4992K, reserved 1048576K
}
Event: 3.244 GC heap after
{Heap after GC invocations=5 (full 0):
 garbage-first heap   total 260096K, used 34203K [0x00000000a0000000, 0x0000000100000000)
  region size 1024K, 8 young (8192K), 8 survivors (8192K)
 Metaspace       used 34811K, capacity 35703K, committed 35840K, reserved 1081344K
  class space    used 4527K, capacity 4869K, committed 4992K, reserved 1048576K
}
Event: 4.212 GC heap before
{Heap before GC invocations=6 (full 0):
 garbage-first heap   total 260096K, used 149915K [0x00000000a0000000, 0x0000000100000000)
  region size 1024K, 110 young (112640K), 8 survivors (8192K)
 Metaspace       used 44209K, capacity 45452K, committed 45696K, reserved 1089536K
  class space    used 5561K, capacity 5977K, committed 6016K, reserved 1048576K
}
Event: 4.232 GC heap after
{Heap after GC invocations=7 (full 0):
 garbage-first heap   total 260096K, used 50877K [0x00000000a0000000, 0x0000000100000000)
  region size 1024K, 14 young (14336K), 14 survivors (14336K)
 Metaspace       used 44209K, capacity 45452K, committed 45696K, reserved 1089536K
  class space    used 5561K, capacity 5977K, committed 6016K, reserved 1048576K
}
Event: 5.413 GC heap before
{Heap before GC invocations=8 (full 0):
 garbage-first heap   total 260096K, used 185021K [0x00000000a0000000, 0x0000000100000000)
  region size 1024K, 141 young (144384K), 14 survivors (14336K)
 Metaspace       used 52249K, capacity 53862K, committed 54144K, reserved 1095680K
  class space    used 6692K, capacity 7213K, committed 7296K, reserved 1048576K
}
Event: 5.425 GC heap after
{Heap after GC invocations=9 (full 0):
 garbage-first heap   total 260096K, used 65718K [0x00000000a0000000, 0x0000000100000000)
  region size 1024K, 18 young (18432K), 18 survivors (18432K)
 Metaspace       used 52249K, capacity 53862K, committed 54144K, reserved 1095680K
  class space    used 6692K, capacity 7213K, committed 7296K, reserved 1048576K
}
Event: 6.523 GC heap before
{Heap before GC invocations=9 (full 0):
 garbage-first heap   total 260096K, used 185526K [0x00000000a0000000, 0x0000000100000000)
  region size 1024K, 135 young (138240K), 18 survivors (18432K)
 Metaspace       used 64824K, capacity 66765K, committed 66816K, reserved 1107968K
  class space    used 8279K, capacity 8920K, committed 8960K, reserved 1048576K
}
Event: 6.535 GC heap after
{Heap after GC invocations=10 (full 0):
 garbage-first heap   total 260096K, used 74706K [0x00000000a0000000, 0x0000000100000000)
  region size 1024K, 10 young (10240K), 10 survivors (10240K)
 Metaspace       used 64824K, capacity 66765K, committed 66816K, reserved 1107968K
  class space    used 8279K, capacity 8920K, committed 8960K, reserved 1048576K
}
Event: 7.478 GC heap before
{Heap before GC invocations=10 (full 0):
 garbage-first heap   total 260096K, used 171986K [0x00000000a0000000, 0x0000000100000000)
  region size 1024K, 106 young (108544K), 10 survivors (10240K)
 Metaspace       used 73989K, capacity 76042K, committed 76160K, reserved 1116160K
  class space    used 9633K, capacity 10296K, committed 10368K, reserved 1048576K
}
Event: 7.486 GC heap after
{Heap after GC invocations=11 (full 0):
 garbage-first heap   total 260096K, used 79294K [0x00000000a0000000, 0x0000000100000000)
  region size 1024K, 14 young (14336K), 14 survivors (14336K)
 Metaspace       used 73989K, capacity 76042K, committed 76160K, reserved 1116160K
  class space    used 9633K, capacity 10296K, committed 10368K, reserved 1048576K
}
Event: 8.584 GC heap before
{Heap before GC invocations=12 (full 0):
 garbage-first heap   total 260096K, used 199102K [0x00000000a0000000, 0x0000000100000000)
  region size 1024K, 130 young (133120K), 14 survivors (14336K)
 Metaspace       used 85315K, capacity 87587K, committed 87808K, reserved 1126400K
  class space    used 11011K, capacity 11753K, committed 11776K, reserved 1048576K
}
Event: 8.596 GC heap after
{Heap after GC invocations=13 (full 0):
 garbage-first heap   total 260096K, used 86906K [0x00000000a0000000, 0x0000000100000000)
  region size 1024K, 13 young (13312K), 13 survivors (13312K)
 Metaspace       used 85315K, capacity 87587K, committed 87808K, reserved 1126400K
  class space    used 11011K, capacity 11753K, committed 11776K, reserved 1048576K
}
Event: 9.601 GC heap before
{Heap before GC invocations=13 (full 0):
 garbage-first heap   total 260096K, used 201594K [0x00000000a0000000, 0x0000000100000000)
  region size 1024K, 126 young (129024K), 13 survivors (13312K)
 Metaspace       used 92765K, capacity 95768K, committed 96000K, reserved 1132544K
  class space    used 12107K, capacity 13221K, committed 13312K, reserved 1048576K
}
Event: 9.613 GC heap after
{Heap after GC invocations=14 (full 0):
 garbage-first heap   total 260096K, used 93283K [0x00000000a0000000, 0x0000000100000000)
  region size 1024K, 14 young (14336K), 14 survivors (14336K)
 Metaspace       used 92765K, capacity 95768K, committed 96000K, reserved 1132544K
  class space    used 12107K, capacity 13221K, committed 13312K, reserved 1048576K
}

Deoptimization events (20 events):
Event: 9.900 Thread 0x0000017321718000 Uncommon trap: trap_request=0xffffffbe fr.pc=0x00000173119638cc relative=0x0000000000000cac
Event: 9.900 Thread 0x0000017321718000 Uncommon trap: reason=profile_predicate action=maybe_recompile pc=0x00000173119638cc method=java.util.TreeMap.getEntryUsingComparator(Ljava/lang/Object;)Ljava/util/TreeMap$Entry; @ 19 c2
Event: 9.900 Thread 0x0000017321718000 DEOPT PACKING pc=0x00000173119638cc sp=0x0000005ba88fd750
Event: 9.900 Thread 0x0000017321718000 DEOPT UNPACKING pc=0x0000017309b378af sp=0x0000005ba88fd670 mode 2
Event: 9.963 Thread 0x00000173218e7000 Uncommon trap: trap_request=0xffffff4d fr.pc=0x0000017311a1a1b0 relative=0x00000000000001f0
Event: 9.963 Thread 0x00000173218e7000 Uncommon trap: reason=unstable_if action=reinterpret pc=0x0000017311a1a1b0 method=com.esotericsoftware.kryo.io.Input.require(I)I @ 180 c2
Event: 9.963 Thread 0x00000173218e7000 DEOPT PACKING pc=0x0000017311a1a1b0 sp=0x0000005ba86fee80
Event: 9.963 Thread 0x00000173218e7000 DEOPT UNPACKING pc=0x0000017309b378af sp=0x0000005ba86fee28 mode 2
Event: 11.622 Thread 0x0000017321444800 Uncommon trap: trap_request=0xffffff4d fr.pc=0x00000173116141a0 relative=0x0000000000000560
Event: 11.622 Thread 0x0000017321444800 Uncommon trap: reason=unstable_if action=reinterpret pc=0x00000173116141a0 method=java.lang.AbstractStringBuilder.append(Ljava/lang/String;)Ljava/lang/AbstractStringBuilder; @ 1 c2
Event: 11.622 Thread 0x0000017321444800 DEOPT PACKING pc=0x00000173116141a0 sp=0x0000005ba83fe270
Event: 11.622 Thread 0x0000017321444800 DEOPT UNPACKING pc=0x0000017309b378af sp=0x0000005ba83fe1f0 mode 2
Event: 11.622 Thread 0x0000017321444800 Uncommon trap: trap_request=0xffffff4d fr.pc=0x00000173119a1004 relative=0x0000000000000624
Event: 11.622 Thread 0x0000017321444800 Uncommon trap: reason=unstable_if action=reinterpret pc=0x00000173119a1004 method=java.lang.AbstractStringBuilder.append(Ljava/lang/String;)Ljava/lang/AbstractStringBuilder; @ 1 c2
Event: 11.622 Thread 0x0000017321444800 DEOPT PACKING pc=0x00000173119a1004 sp=0x0000005ba83fe210
Event: 11.622 Thread 0x0000017321444800 DEOPT UNPACKING pc=0x0000017309b378af sp=0x0000005ba83fe1f8 mode 2
Event: 19.340 Thread 0x0000017321718000 Uncommon trap: trap_request=0xffffff4d fr.pc=0x0000017311b653d8 relative=0x00000000000004b8
Event: 19.340 Thread 0x0000017321718000 Uncommon trap: reason=unstable_if action=reinterpret pc=0x0000017311b653d8 method=org.gradle.cache.internal.DefaultCrossBuildInMemoryCacheFactory$AbstractCrossBuildInMemoryCache.getIfPresentWithoutLock(Ljava/lang/Object;)Ljava/lang/Object; @ 24 c2
Event: 19.340 Thread 0x0000017321718000 DEOPT PACKING pc=0x0000017311b653d8 sp=0x0000005ba88fd750
Event: 19.340 Thread 0x0000017321718000 DEOPT UNPACKING pc=0x0000017309b378af sp=0x0000005ba88fd6f8 mode 2

Classes redefined (0 events):
No events

Internal exceptions (20 events):
Event: 8.869 Thread 0x0000017323898000 Exception <a 'java/lang/NoSuchMethodError'{0x00000000ae4f4f50}: 'java.lang.Object java.lang.invoke.DirectMethodHandle$Holder.invokeSpecialIFC(java.lang.Object, java.lang.Object, java.lang.Object)'> (0x00000000ae4f4f50) thrown at [./src/hotspot/share/interpreter/linkResolver.cpp, line 773]
Event: 8.869 Thread 0x000001732389e000 Exception <a 'java/lang/NoSuchMethodError'{0x00000000ae485218}: 'java.lang.Object java.lang.invoke.DirectMethodHandle$Holder.invokeSpecialIFC(java.lang.Object, java.lang.Object, java.lang.Object)'> (0x00000000ae485218) thrown at [./src/hotspot/share/interpreter/linkResolver.cpp, line 773]
Event: 8.869 Thread 0x0000017323899000 Exception <a 'java/lang/NoSuchMethodError'{0x00000000ae497e20}: 'java.lang.Object java.lang.invoke.DirectMethodHandle$Holder.invokeSpecialIFC(java.lang.Object, java.lang.Object, java.lang.Object)'> (0x00000000ae497e20) thrown at [./src/hotspot/share/interpreter/linkResolver.cpp, line 773]
Event: 8.906 Thread 0x000001732389a800 Exception <a 'java/lang/NoSuchMethodError'{0x00000000add07780}: 'int java.lang.invoke.DirectMethodHandle$Holder.invokeStaticInit(java.lang.Object, java.lang.Object, java.lang.Object, java.lang.Object, java.lang.Object)'> (0x00000000add07780) thrown at [./src/hotspot/share/interpreter/linkResolver.cpp, line 773]
Event: 9.244 Thread 0x0000017321718000 Exception <a 'java/lang/NoSuchMethodError'{0x00000000aacefbe0}: 'int java.lang.invoke.DirectMethodHandle$Holder.invokeSpecialIFC(java.lang.Object, java.lang.Object, java.lang.Object)'> (0x00000000aacefbe0) thrown at [./src/hotspot/share/interpreter/linkResolver.cpp, line 773]
Event: 9.432 Thread 0x0000017321718000 Exception <a 'java/lang/NoSuchMethodError'{0x00000000a9dda8c0}: 'java.lang.Object java.lang.invoke.DirectMethodHandle$Holder.invokeStatic(java.lang.Object, java.lang.Object, java.lang.Object, java.lang.Object, java.lang.Object, java.lang.Object, java.lang.Object, java.lang.Object, java.lang.Object, java.lang.Object, java.lang.Object, java.lang.Object, java.lang.Object, java.lang.Object, java.lang.Object, java.lang.Object, java.lang.Object, java.lang.Object, int, java.lang.Object)'> (0x00000000a9dda8c0) thr
Event: 9.432 Thread 0x0000017321718000 Exception <a 'java/lang/NoSuchMethodError'{0x00000000a9de0bf0}: 'java.lang.Object java.lang.invoke.DirectMethodHandle$Holder.invokeStaticInit(java.lang.Object, java.lang.Object, java.lang.Object, java.lang.Object, java.lang.Object, java.lang.Object, java.lang.Object, java.lang.Object, java.lang.Object, java.lang.Object, java.lang.Object, java.lang.Object, java.lang.Object, java.lang.Object, java.lang.Object, java.lang.Object, java.lang.Object, java.lang.Object, int, java.lang.Object)'> (0x00000000a9de0bf0)
Event: 9.454 Thread 0x0000017321718000 Exception <a 'java/lang/NoSuchMethodError'{0x00000000a9bda320}: 'int java.lang.invoke.DirectMethodHandle$Holder.invokeVirtual(java.lang.Object, java.lang.Object, java.lang.Object, java.lang.Object)'> (0x00000000a9bda320) thrown at [./src/hotspot/share/interpreter/linkResolver.cpp, line 773]
Event: 9.495 Thread 0x0000017321718000 Exception <a 'java/lang/NoSuchMethodError'{0x00000000a9864e60}: 'java.lang.Object java.lang.invoke.DirectMethodHandle$Holder.invokeStatic(java.lang.Object, int, java.lang.Object, java.lang.Object)'> (0x00000000a9864e60) thrown at [./src/hotspot/share/interpreter/linkResolver.cpp, line 773]
Event: 9.616 Thread 0x0000017321718000 Implicit null exception at 0x0000017311b8f4ef to 0x0000017311b8f9b9
Event: 9.724 Thread 0x0000017321718000 Exception <a 'java/lang/NoSuchMethodError'{0x00000000af3428a8}: <clinit>> (0x00000000af3428a8) thrown at [./src/hotspot/share/prims/jni.cpp, line 1362]
Event: 9.820 Thread 0x0000017323122000 Exception <a 'java/lang/NoSuchMethodError'{0x00000000aed0a8b0}: <clinit>> (0x00000000aed0a8b0) thrown at [./src/hotspot/share/prims/jni.cpp, line 1362]
Event: 9.822 Thread 0x0000017323122000 Exception <a 'java/lang/NoSuchMethodError'{0x00000000aed249a8}: <clinit>> (0x00000000aed249a8) thrown at [./src/hotspot/share/prims/jni.cpp, line 1362]
Event: 9.824 Thread 0x0000017323122000 Exception <a 'java/lang/NoSuchMethodError'{0x00000000aedb26b0}: <clinit>> (0x00000000aedb26b0) thrown at [./src/hotspot/share/prims/jni.cpp, line 1362]
Event: 9.826 Thread 0x0000017321718000 Exception <a 'java/lang/NoSuchMethodError'{0x00000000aed43090}: 'java.lang.Object java.lang.invoke.Invokers$Holder.linkToTargetMethod(java.lang.Object, java.lang.Object, java.lang.Object, int, java.lang.Object, java.lang.Object)'> (0x00000000aed43090) thrown at [./src/hotspot/share/interpreter/linkResolver.cpp, line 773]
Event: 9.829 Thread 0x0000017321718000 Exception <a 'java/lang/NoSuchMethodError'{0x00000000aed82338}: 'int java.lang.invoke.DirectMethodHandle$Holder.invokeVirtual(java.lang.Object, java.lang.Object, java.lang.Object)'> (0x00000000aed82338) thrown at [./src/hotspot/share/interpreter/linkResolver.cpp, line 773]
Event: 9.829 Thread 0x0000017321718000 Exception <a 'java/lang/IncompatibleClassChangeError'{0x00000000aed8b778}: Found class java.lang.Object, but interface was expected> (0x00000000aed8b778) thrown at [./src/hotspot/share/interpreter/linkResolver.cpp, line 839]
Event: 11.622 Thread 0x0000017321444800 Implicit null exception at 0x0000017311613c74 to 0x0000017311614188
Event: 11.622 Thread 0x0000017321444800 Implicit null exception at 0x00000173119a0a14 to 0x00000173119a0fec
Event: 19.327 Thread 0x0000017323895000 Exception <a 'java/lang/NoSuchMethodError'{0x00000000ae8c6c68}: <clinit>> (0x00000000ae8c6c68) thrown at [./src/hotspot/share/prims/jni.cpp, line 1362]

Events (20 events):
Event: 11.624 loading class org/gradle/launcher/daemon/server/DaemonRegistryUnavailableExpirationStrategy$1 done
Event: 11.624 loading class com/google/common/collect/Lists$TransformingSequentialList$1
Event: 11.624 loading class com/google/common/collect/Lists$TransformingSequentialList$1 done
Event: 19.325 Thread 0x0000017323895000 Thread added: 0x0000017323895000
Event: 19.330 Thread 0x0000017323896800 Thread added: 0x0000017323896800
Event: 19.335 Thread 0x0000017323895800 Thread added: 0x0000017323895800
Event: 19.336 Thread 0x0000017323899000 Thread added: 0x0000017323899000
Event: 19.337 Thread 0x0000017323897800 Thread added: 0x0000017323897800
Event: 19.342 Thread 0x0000017323898000 Thread added: 0x0000017323898000
Event: 19.348 loading class org/gradle/internal/watch/vfs/impl/WatchingVirtualFileSystem
Event: 19.348 loading class org/gradle/internal/watch/vfs/impl/WatchingVirtualFileSystem done
Event: 19.348 Executing VM operation: RevokeBias
Event: 19.348 Executing VM operation: RevokeBias done
Event: 19.351 Thread 0x000001732320d800 Thread added: 0x000001732320d800
Event: 19.351 loading class org/gradle/tooling/internal/provider/runner/BuildModelActionRunner$BuildResultAdapter
Event: 19.351 loading class org/gradle/tooling/internal/provider/runner/BuildModelActionRunner$BuildResultAdapter done
Event: 19.356 Thread 0x0000017323893800 Thread added: 0x0000017323893800
Event: 19.363 Thread 0x000001732389a000 Thread added: 0x000001732389a000
Event: 19.366 Thread 0x0000017323894000 Thread added: 0x0000017323894000
Event: 19.372 Thread 0x000001732389c800 Thread added: 0x000001732389c800


Dynamic libraries:
0x00007ff690ce0000 - 0x00007ff690cea000 	D:\Programs\Android Studio\jre\bin\java.exe
0x00007ffbd4a50000 - 0x00007ffbd4c45000 	C:\WINDOWS\SYSTEM32\ntdll.dll
0x00007ffbd3b70000 - 0x00007ffbd3c2d000 	C:\WINDOWS\System32\KERNEL32.DLL
0x00007ffbd26d0000 - 0x00007ffbd2999000 	C:\WINDOWS\System32\KERNELBASE.dll
0x00007ffbd22e0000 - 0x00007ffbd23e0000 	C:\WINDOWS\System32\ucrtbase.dll
0x00007ffbcb440000 - 0x00007ffbcb459000 	D:\Programs\Android Studio\jre\bin\jli.dll
0x00007ffbcb3c0000 - 0x00007ffbcb3d7000 	D:\Programs\Android Studio\jre\bin\VCRUNTIME140.dll
0x00007ffbd2e10000 - 0x00007ffbd2fb0000 	C:\WINDOWS\System32\USER32.dll
0x00007ffbbcbf0000 - 0x00007ffbbce8a000 	C:\WINDOWS\WinSxS\amd64_microsoft.windows.common-controls_6595b64144ccf1df_6.0.19041.1110_none_60b5254171f9507e\COMCTL32.dll
0x00007ffbd2a80000 - 0x00007ffbd2aa2000 	C:\WINDOWS\System32\win32u.dll
0x00007ffbd3830000 - 0x00007ffbd38ce000 	C:\WINDOWS\System32\msvcrt.dll
0x00007ffbd4930000 - 0x00007ffbd495a000 	C:\WINDOWS\System32\GDI32.dll
0x00007ffbd25c0000 - 0x00007ffbd26cb000 	C:\WINDOWS\System32\gdi32full.dll
0x00007ffbd24c0000 - 0x00007ffbd255d000 	C:\WINDOWS\System32\msvcp_win.dll
0x00007ffbd47e0000 - 0x00007ffbd4810000 	C:\WINDOWS\System32\IMM32.DLL
0x00007ffbbfd30000 - 0x00007ffbbfdcd000 	D:\Programs\Android Studio\jre\bin\msvcp140.dll
0x00007ffb2cff0000 - 0x00007ffb2dabf000 	D:\Programs\Android Studio\jre\bin\server\jvm.dll
0x00007ffbd46d0000 - 0x00007ffbd477c000 	C:\WINDOWS\System32\ADVAPI32.dll
0x00007ffbd4960000 - 0x00007ffbd49fb000 	C:\WINDOWS\System32\sechost.dll
0x00007ffbd45a0000 - 0x00007ffbd46ca000 	C:\WINDOWS\System32\RPCRT4.dll
0x00007ffbd3e60000 - 0x00007ffbd3e68000 	C:\WINDOWS\System32\PSAPI.DLL
0x00007ffbca080000 - 0x00007ffbca089000 	C:\WINDOWS\SYSTEM32\WSOCK32.dll
0x00007ffbc0c20000 - 0x00007ffbc0c47000 	C:\WINDOWS\SYSTEM32\WINMM.dll
0x00007ffbc7c90000 - 0x00007ffbc7c9a000 	C:\WINDOWS\SYSTEM32\VERSION.dll
0x00007ffbd3e70000 - 0x00007ffbd3edb000 	C:\WINDOWS\System32\WS2_32.dll
0x00007ffbd0270000 - 0x00007ffbd0282000 	C:\WINDOWS\SYSTEM32\kernel.appcore.dll
0x00007ffbcb380000 - 0x00007ffbcb391000 	D:\Programs\Android Studio\jre\bin\verify.dll
0x00007ffbcfe10000 - 0x00007ffbcfff4000 	C:\WINDOWS\SYSTEM32\DBGHELP.DLL
0x00007ffbb9690000 - 0x00007ffbb96bc000 	C:\WINDOWS\SYSTEM32\dbgcore.DLL
0x00007ffbd2430000 - 0x00007ffbd24b3000 	C:\WINDOWS\System32\bcryptPrimitives.dll
0x00007ffbbfbf0000 - 0x00007ffbbfc19000 	D:\Programs\Android Studio\jre\bin\java.dll
0x00007ffbc00b0000 - 0x00007ffbc00bb000 	D:\Programs\Android Studio\jre\bin\jimage.dll
0x00007ffbbfbd0000 - 0x00007ffbbfbe8000 	D:\Programs\Android Studio\jre\bin\zip.dll
0x00007ffbd30f0000 - 0x00007ffbd382f000 	C:\WINDOWS\System32\SHELL32.dll
0x00007ffbd0290000 - 0x00007ffbd0a20000 	C:\WINDOWS\SYSTEM32\windows.storage.dll
0x00007ffbd2ab0000 - 0x00007ffbd2e05000 	C:\WINDOWS\System32\combase.dll
0x00007ffbd1be0000 - 0x00007ffbd1c0c000 	C:\WINDOWS\SYSTEM32\Wldp.dll
0x00007ffbd3d00000 - 0x00007ffbd3dae000 	C:\WINDOWS\System32\SHCORE.dll
0x00007ffbd4780000 - 0x00007ffbd47d5000 	C:\WINDOWS\System32\shlwapi.dll
0x00007ffbd20c0000 - 0x00007ffbd20df000 	C:\WINDOWS\SYSTEM32\profapi.dll
0x00007ffbbfbb0000 - 0x00007ffbbfbca000 	D:\Programs\Android Studio\jre\bin\net.dll
0x00007ffbc1940000 - 0x00007ffbc1a48000 	C:\WINDOWS\SYSTEM32\WINHTTP.dll
0x00007ffbd1940000 - 0x00007ffbd19aa000 	C:\WINDOWS\system32\mswsock.dll
0x00007ffbbfb90000 - 0x00007ffbbfba4000 	D:\Programs\Android Studio\jre\bin\nio.dll
0x00007ffbc9f50000 - 0x00007ffbc9f77000 	C:\Users\gorke\.gradle\native\8bec1ad78214c89d9ad589b4d07fe93259594b29d510b10fafb7a158f7737e5d\windows-amd64\native-platform.dll
0x00007ffbbf530000 - 0x00007ffbbf66d000 	C:\Users\gorke\.gradle\native\53dbd7edfb1c66fb8903c78663c9afc45aea4f116125fa6feffd364cf09443e8\windows-amd64\native-platform-file-events.dll
0x00007ffbbfb80000 - 0x00007ffbbfb8a000 	D:\Programs\Android Studio\jre\bin\management.dll
0x00007ffbbfb70000 - 0x00007ffbbfb7c000 	D:\Programs\Android Studio\jre\bin\management_ext.dll
0x00007ffbd1b30000 - 0x00007ffbd1b48000 	C:\WINDOWS\SYSTEM32\CRYPTSP.dll
0x00007ffbd1250000 - 0x00007ffbd1284000 	C:\WINDOWS\system32\rsaenh.dll
0x00007ffbd29a0000 - 0x00007ffbd29c7000 	C:\WINDOWS\System32\bcrypt.dll
0x00007ffbd2080000 - 0x00007ffbd20ae000 	C:\WINDOWS\SYSTEM32\USERENV.dll
0x00007ffbd1b50000 - 0x00007ffbd1b5c000 	C:\WINDOWS\SYSTEM32\CRYPTBASE.dll
0x00007ffbd15e0000 - 0x00007ffbd161b000 	C:\WINDOWS\SYSTEM32\IPHLPAPI.DLL
0x00007ffbd4a00000 - 0x00007ffbd4a08000 	C:\WINDOWS\System32\NSI.dll
0x00007ffbc9e60000 - 0x00007ffbc9e77000 	C:\WINDOWS\SYSTEM32\dhcpcsvc6.DLL
0x00007ffbca290000 - 0x00007ffbca2ad000 	C:\WINDOWS\SYSTEM32\dhcpcsvc.DLL
0x00007ffbd1620000 - 0x00007ffbd16ec000 	C:\WINDOWS\SYSTEM32\DNSAPI.dll

dbghelp: loaded successfully - version: 4.0.5 - missing functions: none
symbol engine: initialized successfully - sym options: 0x614 - pdb path: .;D:\Programs\Android Studio\jre\bin;C:\WINDOWS\SYSTEM32;C:\WINDOWS\WinSxS\amd64_microsoft.windows.common-controls_6595b64144ccf1df_6.0.19041.1110_none_60b5254171f9507e;D:\Programs\Android Studio\jre\bin\server;C:\Users\gorke\.gradle\native\8bec1ad78214c89d9ad589b4d07fe93259594b29d510b10fafb7a158f7737e5d\windows-amd64;C:\Users\gorke\.gradle\native\53dbd7edfb1c66fb8903c78663c9afc45aea4f116125fa6feffd364cf09443e8\windows-amd64

VM Arguments:
jvm_args: --add-opens=java.base/java.util=ALL-UNNAMED --add-opens=java.base/java.lang=ALL-UNNAMED --add-opens=java.base/java.lang.invoke=ALL-UNNAMED --add-opens=java.base/java.util=ALL-UNNAMED --add-opens=java.prefs/java.util.prefs=ALL-UNNAMED --add-opens=java.prefs/java.util.prefs=ALL-UNNAMED --add-opens=java.base/java.nio.charset=ALL-UNNAMED --add-opens=java.base/java.net=ALL-UNNAMED --add-opens=java.base/java.util.concurrent.atomic=ALL-UNNAMED -Xmx1536m -Dfile.encoding=windows-1252 -Duser.country=US -Duser.language=en -Duser.variant 
java_command: org.gradle.launcher.daemon.bootstrap.GradleDaemon 7.0.2
java_class_path (initial): C:\Users\gorke\.gradle\wrapper\dists\gradle-7.0.2-bin\857tjihv64xamwrf0h14cai3r\gradle-7.0.2\lib\gradle-launcher-7.0.2.jar
Launcher Type: SUN_STANDARD

[Global flags]
     intx CICompilerCount                          = 4                                         {product} {ergonomic}
     uint ConcGCThreads                            = 3                                         {product} {ergonomic}
     uint G1ConcRefinementThreads                  = 10                                        {product} {ergonomic}
   size_t G1HeapRegionSize                         = 1048576                                   {product} {ergonomic}
    uintx GCDrainStackTargetSize                   = 64                                        {product} {ergonomic}
   size_t InitialHeapSize                          = 266338304                                 {product} {ergonomic}
   size_t MarkStackSize                            = 4194304                                   {product} {ergonomic}
   size_t MaxHeapSize                              = 1610612736                                {product} {command line}
   size_t MaxNewSize                               = 965738496                                 {product} {ergonomic}
   size_t MinHeapDeltaBytes                        = 1048576                                   {product} {ergonomic}
    uintx NonNMethodCodeHeapSize                   = 5836300                                {pd product} {ergonomic}
    uintx NonProfiledCodeHeapSize                  = 122910970                              {pd product} {ergonomic}
    uintx ProfiledCodeHeapSize                     = 122910970                              {pd product} {ergonomic}
    uintx ReservedCodeCacheSize                    = 251658240                              {pd product} {ergonomic}
     bool SegmentedCodeCache                       = true                                      {product} {ergonomic}
     bool UseCompressedClassPointers               = true                                 {lp64_product} {ergonomic}
     bool UseCompressedOops                        = true                                 {lp64_product} {ergonomic}
     bool UseG1GC                                  = true                                      {product} {ergonomic}
     bool UseLargePagesIndividualAllocation        = false                                  {pd product} {ergonomic}

Logging:
Log output configuration:
 #0: stdout all=warning uptime,level,tags
 #1: stderr all=off uptime,level,tags

Environment Variables:
PATH=C:\Program Files\Microsoft MPI\Bin\;C:\Program Files (x86)\Common Files\Intel\Shared Libraries\redist\intel64_win\compiler;C:\ProgramData\Oracle\Java\javapath;C:\Program Files (x86)\Common Files\Oracle\Java\javapath;C:\Windows\system32;C:\Windows;C:\Windows\System32\Wbem;C:\Windows\System32\WindowsPowerShell\v1.0\;C:\Windows\System32\OpenSSH\;C:\Program Files\NVIDIA Corporation\NVIDIA NvDLISR;C:\Program Files (x86)\NVIDIA Corporation\PhysX\Common;C:\Program Files\dotnet\;C:\Program Files\Microsoft SQL Server\Client SDK\ODBC\170\Tools\Binn\;C:\Program Files\Microsoft SQL Server\Client SDK\ODBC\130\Tools\Binn\;C:\WINDOWS\system32;C:\WINDOWS;C:\WINDOWS\System32\Wbem;C:\WINDOWS\System32\WindowsPowerShell\v1.0\;C:\WINDOWS\System32\OpenSSH\;D:\Program Files\Git\Git\cmd;C:\Program Files\MySQL\MySQL Shell 8.0\bin\;C:\Users\gorke\AppData\Local\Microsoft\WindowsApps;C:\Users\gorke\AppData\Local\atom\bin;D:\Programs\Visual Code\Microsoft VS Code\bin;C:\xampp\php;;%USERPROFILE%\AppData\Local\Microsoft\WindowsApps
USERNAME=gorke
OS=Windows_NT
PROCESSOR_IDENTIFIER=Intel64 Family 6 Model 158 Stepping 10, GenuineIntel



---------------  S Y S T E M  ---------------

OS: Windows 10 , 64 bit Build 19041 (10.0.19041.1151)
OS uptime: 6 days 2:26 hours

CPU:total 12 (initial active 12) (6 cores per cpu, 2 threads per core) family 6 model 158 stepping 10 microcode 0xde, cmov, cx8, fxsr, mmx, sse, sse2, sse3, ssse3, sse4.1, sse4.2, popcnt, avx, avx2, aes, clmul, erms, 3dnowpref, lzcnt, ht, tsc, tscinvbit, bmi1, bmi2, adx, fma

Memory: 4k page, system-wide physical 16243M (3772M free)
TotalPageFile size 22387M (AvailPageFile size 3M)
current process WorkingSet (physical memory assigned to process): 469M, peak: 514M
current process commit charge ("private bytes"): 530M, peak: 574M

vm_info: OpenJDK 64-Bit Server VM (11.0.10+0-b96-7249189) for windows-amd64 JRE (11.0.10+0-b96-7249189), built on Mar 31 2021 21:44:00 by "builder" with MS VC++ 14.0 (VS2015)

END.
